[1.207s] Invoking command in '/home/sirapob/torto_ws/build/torto_hardware': DEBUGINFOD_URLS=https://debuginfod.ubuntu.com PYTHONPATH=/home/sirapob/torto_ws/build/torto_hardware/prefix_override:/usr/lib/python3/dist-packages/colcon_core/task/python/colcon_distutils_commands:/home/sirapob/torto_ws/install/torto_hardware/lib/python3.12/site-packages:${PYTHONPATH} /usr/bin/python3 -W ignore:setup.py install is deprecated -W ignore:easy_install command is deprecated setup.py develop --editable --build-directory /home/sirapob/torto_ws/build/torto_hardware/build --no-deps symlink_data --force
[1.656s] running develop
[1.921s] running egg_info
[1.946s] writing torto_hardware.egg-info/PKG-INFO
[1.946s] writing dependency_links to torto_hardware.egg-info/dependency_links.txt
[1.952s] writing entry points to torto_hardware.egg-info/entry_points.txt
[1.953s] writing requirements to torto_hardware.egg-info/requires.txt
[1.954s] writing top-level names to torto_hardware.egg-info/top_level.txt
[2.009s] reading manifest file 'torto_hardware.egg-info/SOURCES.txt'
[2.010s] writing manifest file 'torto_hardware.egg-info/SOURCES.txt'
[2.038s] running build_ext
[2.038s] Creating /home/sirapob/torto_ws/install/torto_hardware/lib/python3.12/site-packages/torto-hardware.egg-link (link to .)
[2.039s] Installing arduino_serial_node script to /home/sirapob/torto_ws/install/torto_hardware/lib/torto_hardware
[2.039s] Installing lidar_scan2cloud_node script to /home/sirapob/torto_ws/install/torto_hardware/lib/torto_hardware
[2.039s] 
[2.039s] Installed /home/sirapob/torto_ws/build/torto_hardware
[2.039s] running symlink_data
[2.040s] symbolically linking /home/sirapob/torto_ws/build/torto_hardware/resource/torto_hardware -> /home/sirapob/torto_ws/install/torto_hardware/share/ament_index/resource_index/packages
[2.040s] symbolically linking /home/sirapob/torto_ws/build/torto_hardware/package.xml -> /home/sirapob/torto_ws/install/torto_hardware/share/torto_hardware
[2.133s] Invoked command in '/home/sirapob/torto_ws/build/torto_hardware' returned '0': DEBUGINFOD_URLS=https://debuginfod.ubuntu.com PYTHONPATH=/home/sirapob/torto_ws/build/torto_hardware/prefix_override:/usr/lib/python3/dist-packages/colcon_core/task/python/colcon_distutils_commands:/home/sirapob/torto_ws/install/torto_hardware/lib/python3.12/site-packages:${PYTHONPATH} /usr/bin/python3 -W ignore:setup.py install is deprecated -W ignore:easy_install command is deprecated setup.py develop --editable --build-directory /home/sirapob/torto_ws/build/torto_hardware/build --no-deps symlink_data --force
