[0.038s] Invoking command in '/home/sirapob/torto_ws/build/ydlidar_ros2_driver': CMAKE_PREFIX_PATH=${CMAKE_PREFIX_PATH}:/home/sirapob/torto_ws/install/torto_odometry:/home/sirapob/torto_ws/install/torto_ctrl:/home/sirapob/torto_ws/install/torto_input_handle:/home/sirapob/torto_ws/install/torto_hardware:/opt/ros/jazzy DEBUGINFOD_URLS=https://debuginfod.ubuntu.com /usr/bin/cmake --build /home/sirapob/torto_ws/build/ydlidar_ros2_driver -- -j4 -l4
[0.378s] [ 50%] Built target ydlidar_ros2_driver_client
[0.411s] [100%] Built target ydlidar_ros2_driver_node
[0.454s] Invoked command in '/home/sirapob/torto_ws/build/ydlidar_ros2_driver' returned '0': CMAKE_PREFIX_PATH=${CMAKE_PREFIX_PATH}:/home/sirapob/torto_ws/install/torto_odometry:/home/sirapob/torto_ws/install/torto_ctrl:/home/sirapob/torto_ws/install/torto_input_handle:/home/sirapob/torto_ws/install/torto_hardware:/opt/ros/jazzy DEBUGINFOD_URLS=https://debuginfod.ubuntu.com /usr/bin/cmake --build /home/sirapob/torto_ws/build/ydlidar_ros2_driver -- -j4 -l4
[0.466s] Invoking command in '/home/sirapob/torto_ws/build/ydlidar_ros2_driver': CMAKE_PREFIX_PATH=${CMAKE_PREFIX_PATH}:/home/sirapob/torto_ws/install/torto_odometry:/home/sirapob/torto_ws/install/torto_ctrl:/home/sirapob/torto_ws/install/torto_input_handle:/home/sirapob/torto_ws/install/torto_hardware:/opt/ros/jazzy DEBUGINFOD_URLS=https://debuginfod.ubuntu.com /usr/bin/cmake --install /home/sirapob/torto_ws/build/ydlidar_ros2_driver
[0.534s] -- Install configuration: ""
[0.536s] -- Execute custom install script
[0.544s] -- Up-to-date symlink: /home/sirapob/torto_ws/install/ydlidar_ros2_driver/lib/ydlidar_ros2_driver/ydlidar_ros2_driver_node
[0.544s] -- Up-to-date symlink: /home/sirapob/torto_ws/install/ydlidar_ros2_driver/lib/ydlidar_ros2_driver/ydlidar_ros2_driver_client
[0.544s] -- Up-to-date symlink: /home/sirapob/torto_ws/install/ydlidar_ros2_driver/share/ydlidar_ros2_driver/launch/ydlidar.py
[0.554s] -- Up-to-date symlink: /home/sirapob/torto_ws/install/ydlidar_ros2_driver/share/ydlidar_ros2_driver/launch/ydlidar_launch.py
[0.554s] -- Up-to-date symlink: /home/sirapob/torto_ws/install/ydlidar_ros2_driver/share/ydlidar_ros2_driver/launch/ydlidar_launch_view.py
[0.554s] -- Up-to-date symlink: /home/sirapob/torto_ws/install/ydlidar_ros2_driver/share/ydlidar_ros2_driver/params/G1.yaml
[0.554s] -- Up-to-date symlink: /home/sirapob/torto_ws/install/ydlidar_ros2_driver/share/ydlidar_ros2_driver/params/G2.yaml
[0.554s] -- Up-to-date symlink: /home/sirapob/torto_ws/install/ydlidar_ros2_driver/share/ydlidar_ros2_driver/params/G6.yaml
[0.554s] -- Up-to-date symlink: /home/sirapob/torto_ws/install/ydlidar_ros2_driver/share/ydlidar_ros2_driver/params/GS2.yaml
[0.562s] -- Up-to-date symlink: /home/sirapob/torto_ws/install/ydlidar_ros2_driver/share/ydlidar_ros2_driver/params/TEA.yaml
[0.563s] -- Up-to-date symlink: /home/sirapob/torto_ws/install/ydlidar_ros2_driver/share/ydlidar_ros2_driver/params/TG.yaml
[0.563s] -- Up-to-date symlink: /home/sirapob/torto_ws/install/ydlidar_ros2_driver/share/ydlidar_ros2_driver/params/TminiPro.yaml
[0.563s] -- Up-to-date symlink: /home/sirapob/torto_ws/install/ydlidar_ros2_driver/share/ydlidar_ros2_driver/params/X2.yaml
[0.563s] -- Up-to-date symlink: /home/sirapob/torto_ws/install/ydlidar_ros2_driver/share/ydlidar_ros2_driver/params/X4-Pro.yaml
[0.563s] -- Up-to-date symlink: /home/sirapob/torto_ws/install/ydlidar_ros2_driver/share/ydlidar_ros2_driver/params/X4.yaml
[0.564s] -- Up-to-date symlink: /home/sirapob/torto_ws/install/ydlidar_ros2_driver/share/ydlidar_ros2_driver/params/ydlidar.yaml
[0.565s] -- Up-to-date symlink: /home/sirapob/torto_ws/install/ydlidar_ros2_driver/share/ydlidar_ros2_driver/startup/initenv.sh
[0.568s] -- Up-to-date symlink: /home/sirapob/torto_ws/install/ydlidar_ros2_driver/share/ydlidar_ros2_driver/config/ydlidar.rviz
[0.571s] -- Up-to-date symlink: /home/sirapob/torto_ws/install/ydlidar_ros2_driver/share/ament_index/resource_index/package_run_dependencies/ydlidar_ros2_driver
[0.572s] -- Up-to-date symlink: /home/sirapob/torto_ws/install/ydlidar_ros2_driver/share/ament_index/resource_index/parent_prefix_path/ydlidar_ros2_driver
[0.572s] -- Up-to-date symlink: /home/sirapob/torto_ws/install/ydlidar_ros2_driver/share/ydlidar_ros2_driver/environment/ament_prefix_path.sh
[0.573s] -- Up-to-date symlink: /home/sirapob/torto_ws/install/ydlidar_ros2_driver/share/ydlidar_ros2_driver/environment/ament_prefix_path.dsv
[0.574s] -- Up-to-date symlink: /home/sirapob/torto_ws/install/ydlidar_ros2_driver/share/ydlidar_ros2_driver/environment/path.sh
[0.575s] -- Up-to-date symlink: /home/sirapob/torto_ws/install/ydlidar_ros2_driver/share/ydlidar_ros2_driver/environment/path.dsv
[0.576s] -- Up-to-date symlink: /home/sirapob/torto_ws/install/ydlidar_ros2_driver/share/ydlidar_ros2_driver/local_setup.bash
[0.577s] -- Up-to-date symlink: /home/sirapob/torto_ws/install/ydlidar_ros2_driver/share/ydlidar_ros2_driver/local_setup.sh
[0.578s] -- Up-to-date symlink: /home/sirapob/torto_ws/install/ydlidar_ros2_driver/share/ydlidar_ros2_driver/local_setup.zsh
[0.578s] -- Up-to-date symlink: /home/sirapob/torto_ws/install/ydlidar_ros2_driver/share/ydlidar_ros2_driver/local_setup.dsv
[0.580s] -- Symlinking: /home/sirapob/torto_ws/install/ydlidar_ros2_driver/share/ydlidar_ros2_driver/package.dsv
[0.611s] -- Up-to-date symlink: /home/sirapob/torto_ws/install/ydlidar_ros2_driver/share/ament_index/resource_index/packages/ydlidar_ros2_driver
[0.611s] -- Up-to-date symlink: /home/sirapob/torto_ws/install/ydlidar_ros2_driver/share/ydlidar_ros2_driver/cmake/ydlidar_ros2_driverConfig.cmake
[0.612s] -- Up-to-date symlink: /home/sirapob/torto_ws/install/ydlidar_ros2_driver/share/ydlidar_ros2_driver/cmake/ydlidar_ros2_driverConfig-version.cmake
[0.617s] -- Up-to-date symlink: /home/sirapob/torto_ws/install/ydlidar_ros2_driver/share/ydlidar_ros2_driver/package.xml
[0.628s] Invoked command in '/home/sirapob/torto_ws/build/ydlidar_ros2_driver' returned '0': CMAKE_PREFIX_PATH=${CMAKE_PREFIX_PATH}:/home/sirapob/torto_ws/install/torto_odometry:/home/sirapob/torto_ws/install/torto_ctrl:/home/sirapob/torto_ws/install/torto_input_handle:/home/sirapob/torto_ws/install/torto_hardware:/opt/ros/jazzy DEBUGINFOD_URLS=https://debuginfod.ubuntu.com /usr/bin/cmake --install /home/sirapob/torto_ws/build/ydlidar_ros2_driver
