[2.101s] Invoking command in '/home/sirapob/torto_ws/build/torto_input_handle': DEBUGINFOD_URLS=https://debuginfod.ubuntu.com PYTHONPATH=/home/sirapob/torto_ws/build/torto_input_handle/prefix_override:/usr/lib/python3/dist-packages/colcon_core/task/python/colcon_distutils_commands:/home/sirapob/torto_ws/install/torto_input_handle/lib/python3.12/site-packages:${PYTHONPATH} /usr/bin/python3 -W ignore:setup.py install is deprecated -W ignore:easy_install command is deprecated setup.py develop --editable --build-directory /home/sirapob/torto_ws/build/torto_input_handle/build --no-deps symlink_data
[2.742s] running develop
[3.081s] running egg_info
[3.082s] creating torto_input_handle.egg-info
[3.116s] writing torto_input_handle.egg-info/PKG-INFO
[3.116s] writing dependency_links to torto_input_handle.egg-info/dependency_links.txt
[3.117s] writing entry points to torto_input_handle.egg-info/entry_points.txt
[3.117s] writing requirements to torto_input_handle.egg-info/requires.txt
[3.117s] writing top-level names to torto_input_handle.egg-info/top_level.txt
[3.117s] writing manifest file 'torto_input_handle.egg-info/SOURCES.txt'
[3.187s] reading manifest file 'torto_input_handle.egg-info/SOURCES.txt'
[3.188s] writing manifest file 'torto_input_handle.egg-info/SOURCES.txt'
[3.227s] running build_ext
[3.227s] Creating /home/sirapob/torto_ws/install/torto_input_handle/lib/python3.12/site-packages/torto-input-handle.egg-link (link to .)
[3.228s] Installing ps5_ctrl_params_node script to /home/sirapob/torto_ws/install/torto_input_handle/lib/torto_input_handle
[3.228s] 
[3.228s] Installed /home/sirapob/torto_ws/build/torto_input_handle
[3.229s] running symlink_data
[3.229s] creating /home/sirapob/torto_ws/install/torto_input_handle/share/ament_index
[3.229s] creating /home/sirapob/torto_ws/install/torto_input_handle/share/ament_index/resource_index
[3.229s] creating /home/sirapob/torto_ws/install/torto_input_handle/share/ament_index/resource_index/packages
[3.229s] symbolically linking /home/sirapob/torto_ws/build/torto_input_handle/resource/torto_input_handle -> /home/sirapob/torto_ws/install/torto_input_handle/share/ament_index/resource_index/packages
[3.230s] symbolically linking /home/sirapob/torto_ws/build/torto_input_handle/package.xml -> /home/sirapob/torto_ws/install/torto_input_handle/share/torto_input_handle
[3.393s] Invoked command in '/home/sirapob/torto_ws/build/torto_input_handle' returned '0': DEBUGINFOD_URLS=https://debuginfod.ubuntu.com PYTHONPATH=/home/sirapob/torto_ws/build/torto_input_handle/prefix_override:/usr/lib/python3/dist-packages/colcon_core/task/python/colcon_distutils_commands:/home/sirapob/torto_ws/install/torto_input_handle/lib/python3.12/site-packages:${PYTHONPATH} /usr/bin/python3 -W ignore:setup.py install is deprecated -W ignore:easy_install command is deprecated setup.py develop --editable --build-directory /home/sirapob/torto_ws/build/torto_input_handle/build --no-deps symlink_data
