[1.589s] Invoking command in '/home/sirapob/torto_ws/build/torto_hardware': DEBUGINFOD_URLS=https://debuginfod.ubuntu.com PYTHONPATH=/home/sirapob/torto_ws/build/torto_hardware/prefix_override:/usr/lib/python3/dist-packages/colcon_core/task/python/colcon_distutils_commands:/home/sirapob/torto_ws/install/torto_hardware/lib/python3.12/site-packages:${PYTHONPATH} /usr/bin/python3 -W ignore:setup.py install is deprecated -W ignore:easy_install command is deprecated setup.py develop --uninstall --editable --build-directory /home/sirapob/torto_ws/build/torto_hardware/build
[2.014s] running develop
[2.285s] Removing /home/sirapob/torto_ws/install/torto_hardware/lib/python3.12/site-packages/torto-hardware.egg-link (link to .)
[2.432s] Invoked command in '/home/sirapob/torto_ws/build/torto_hardware' returned '0': DEBUGINFOD_URLS=https://debuginfod.ubuntu.com PYTHONPATH=/home/sirapob/torto_ws/build/torto_hardware/prefix_override:/usr/lib/python3/dist-packages/colcon_core/task/python/colcon_distutils_commands:/home/sirapob/torto_ws/install/torto_hardware/lib/python3.12/site-packages:${PYTHONPATH} /usr/bin/python3 -W ignore:setup.py install is deprecated -W ignore:easy_install command is deprecated setup.py develop --uninstall --editable --build-directory /home/sirapob/torto_ws/build/torto_hardware/build
[2.432s] Invoking command in '/home/sirapob/torto_ws/src/torto_hardware': DEBUGINFOD_URLS=https://debuginfod.ubuntu.com PYTHONPATH=/home/sirapob/torto_ws/build/torto_hardware/prefix_override:/usr/lib/python3/dist-packages/colcon_core/task/python/colcon_distutils_commands:/home/sirapob/torto_ws/install/torto_hardware/lib/python3.12/site-packages:${PYTHONPATH} /usr/bin/python3 -W ignore:setup.py install is deprecated -W ignore:easy_install command is deprecated setup.py egg_info --egg-base ../../build/torto_hardware build --build-base /home/sirapob/torto_ws/build/torto_hardware/build install --record /home/sirapob/torto_ws/build/torto_hardware/install.log --single-version-externally-managed install_data --force
[2.782s] running egg_info
[2.807s] writing ../../build/torto_hardware/torto_hardware.egg-info/PKG-INFO
[2.807s] writing dependency_links to ../../build/torto_hardware/torto_hardware.egg-info/dependency_links.txt
[2.814s] writing entry points to ../../build/torto_hardware/torto_hardware.egg-info/entry_points.txt
[2.814s] writing requirements to ../../build/torto_hardware/torto_hardware.egg-info/requires.txt
[2.815s] writing top-level names to ../../build/torto_hardware/torto_hardware.egg-info/top_level.txt
[2.869s] reading manifest file '../../build/torto_hardware/torto_hardware.egg-info/SOURCES.txt'
[2.875s] writing manifest file '../../build/torto_hardware/torto_hardware.egg-info/SOURCES.txt'
[2.876s] running build
[2.876s] running build_py
[2.876s] creating /home/sirapob/torto_ws/build/torto_hardware/build
[2.876s] creating /home/sirapob/torto_ws/build/torto_hardware/build/lib
[2.876s] creating /home/sirapob/torto_ws/build/torto_hardware/build/lib/torto_hardware
[2.876s] copying torto_hardware/__init__.py -> /home/sirapob/torto_ws/build/torto_hardware/build/lib/torto_hardware
[2.877s] copying torto_hardware/inverse__kinematic.py -> /home/sirapob/torto_ws/build/torto_hardware/build/lib/torto_hardware
[2.877s] copying torto_hardware/arduino_serial_node.py -> /home/sirapob/torto_ws/build/torto_hardware/build/lib/torto_hardware
[2.877s] copying torto_hardware/servo_calibration.py -> /home/sirapob/torto_ws/build/torto_hardware/build/lib/torto_hardware
[2.877s] running install
[2.889s] running install_lib
[2.914s] creating /home/sirapob/torto_ws/install/torto_hardware/lib/python3.12/site-packages/torto_hardware
[2.916s] copying /home/sirapob/torto_ws/build/torto_hardware/build/lib/torto_hardware/__init__.py -> /home/sirapob/torto_ws/install/torto_hardware/lib/python3.12/site-packages/torto_hardware
[2.916s] copying /home/sirapob/torto_ws/build/torto_hardware/build/lib/torto_hardware/inverse__kinematic.py -> /home/sirapob/torto_ws/install/torto_hardware/lib/python3.12/site-packages/torto_hardware
[2.916s] copying /home/sirapob/torto_ws/build/torto_hardware/build/lib/torto_hardware/arduino_serial_node.py -> /home/sirapob/torto_ws/install/torto_hardware/lib/python3.12/site-packages/torto_hardware
[2.916s] copying /home/sirapob/torto_ws/build/torto_hardware/build/lib/torto_hardware/servo_calibration.py -> /home/sirapob/torto_ws/install/torto_hardware/lib/python3.12/site-packages/torto_hardware
[2.916s] byte-compiling /home/sirapob/torto_ws/install/torto_hardware/lib/python3.12/site-packages/torto_hardware/__init__.py to __init__.cpython-312.pyc
[2.918s] byte-compiling /home/sirapob/torto_ws/install/torto_hardware/lib/python3.12/site-packages/torto_hardware/inverse__kinematic.py to inverse__kinematic.cpython-312.pyc
[2.918s] byte-compiling /home/sirapob/torto_ws/install/torto_hardware/lib/python3.12/site-packages/torto_hardware/arduino_serial_node.py to arduino_serial_node.cpython-312.pyc
[2.918s] byte-compiling /home/sirapob/torto_ws/install/torto_hardware/lib/python3.12/site-packages/torto_hardware/servo_calibration.py to servo_calibration.cpython-312.pyc
[2.919s] running install_data
[2.919s] copying resource/torto_hardware -> /home/sirapob/torto_ws/install/torto_hardware/share/ament_index/resource_index/packages
[2.919s] copying package.xml -> /home/sirapob/torto_ws/install/torto_hardware/share/torto_hardware
[2.920s] running install_egg_info
[2.947s] Copying ../../build/torto_hardware/torto_hardware.egg-info to /home/sirapob/torto_ws/install/torto_hardware/lib/python3.12/site-packages/torto_hardware-0.0.0-py3.12.egg-info
[2.955s] running install_scripts
[3.131s] Installing arduino_serial_node script to /home/sirapob/torto_ws/install/torto_hardware/lib/torto_hardware
[3.131s] writing list of installed files to '/home/sirapob/torto_ws/build/torto_hardware/install.log'
[3.210s] Invoked command in '/home/sirapob/torto_ws/src/torto_hardware' returned '0': DEBUGINFOD_URLS=https://debuginfod.ubuntu.com PYTHONPATH=/home/sirapob/torto_ws/build/torto_hardware/prefix_override:/usr/lib/python3/dist-packages/colcon_core/task/python/colcon_distutils_commands:/home/sirapob/torto_ws/install/torto_hardware/lib/python3.12/site-packages:${PYTHONPATH} /usr/bin/python3 -W ignore:setup.py install is deprecated -W ignore:easy_install command is deprecated setup.py egg_info --egg-base ../../build/torto_hardware build --build-base /home/sirapob/torto_ws/build/torto_hardware/build install --record /home/sirapob/torto_ws/build/torto_hardware/install.log --single-version-externally-managed install_data --force
