[2.240s] Invoking command in '/home/sirapob/torto_ws/build/torto_ctrl': CMAKE_PREFIX_PATH=/home/sirapob/torto_ws/install/torto_interfaces:/home/sirapob/torto_ws/install/ydlidar_ros2_driver:/home/sirapob/torto_ws/install/lio_sam:/opt/ros/jazzy/opt/gz_math_vendor:/opt/ros/jazzy/opt/gz_utils_vendor:/opt/ros/jazzy/opt/gz_cmake_vendor DEBUGINFOD_URLS=https://debuginfod.ubuntu.com PYTHONPATH=/home/sirapob/torto_ws/build/torto_ctrl/prefix_override:/usr/lib/python3/dist-packages/colcon_core/task/python/colcon_distutils_commands:/home/sirapob/torto_ws/install/torto_ctrl/lib/python3.12/site-packages:/home/sirapob/torto_ws/install/torto_interfaces/lib/python3.12/site-packages:/home/sirapob/torto_ws/build/torto_odometry:/home/sirapob/torto_ws/install/torto_odometry/lib/python3.12/site-packages:/home/sirapob/torto_ws/build/torto_ctrl:/home/sirapob/torto_ws/install/torto_ctrl/lib/python3.12/site-packages:/home/sirapob/torto_ws/build/torto_input_handle:/home/sirapob/torto_ws/install/torto_input_handle/lib/python3.12/site-packages:/home/sirapob/torto_ws/build/torto_hardware:/home/sirapob/torto_ws/install/torto_hardware/lib/python3.12/site-packages:/home/sirapob/torto_ws/install/lio_sam/lib/python3.12/site-packages:/opt/ros/jazzy/lib/python3.12/site-packages /usr/bin/python3 -W ignore:setup.py install is deprecated -W ignore:easy_install command is deprecated setup.py develop --uninstall --editable --build-directory /home/sirapob/torto_ws/build/torto_ctrl/build
[2.846s] running develop
[3.230s] Removing /home/sirapob/torto_ws/install/torto_ctrl/lib/python3.12/site-packages/torto-ctrl.egg-link (link to .)
[3.378s] Invoked command in '/home/sirapob/torto_ws/build/torto_ctrl' returned '0': CMAKE_PREFIX_PATH=/home/sirapob/torto_ws/install/torto_interfaces:/home/sirapob/torto_ws/install/ydlidar_ros2_driver:/home/sirapob/torto_ws/install/lio_sam:/opt/ros/jazzy/opt/gz_math_vendor:/opt/ros/jazzy/opt/gz_utils_vendor:/opt/ros/jazzy/opt/gz_cmake_vendor DEBUGINFOD_URLS=https://debuginfod.ubuntu.com PYTHONPATH=/home/sirapob/torto_ws/build/torto_ctrl/prefix_override:/usr/lib/python3/dist-packages/colcon_core/task/python/colcon_distutils_commands:/home/sirapob/torto_ws/install/torto_ctrl/lib/python3.12/site-packages:/home/sirapob/torto_ws/install/torto_interfaces/lib/python3.12/site-packages:/home/sirapob/torto_ws/build/torto_odometry:/home/sirapob/torto_ws/install/torto_odometry/lib/python3.12/site-packages:/home/sirapob/torto_ws/build/torto_ctrl:/home/sirapob/torto_ws/install/torto_ctrl/lib/python3.12/site-packages:/home/sirapob/torto_ws/build/torto_input_handle:/home/sirapob/torto_ws/install/torto_input_handle/lib/python3.12/site-packages:/home/sirapob/torto_ws/build/torto_hardware:/home/sirapob/torto_ws/install/torto_hardware/lib/python3.12/site-packages:/home/sirapob/torto_ws/install/lio_sam/lib/python3.12/site-packages:/opt/ros/jazzy/lib/python3.12/site-packages /usr/bin/python3 -W ignore:setup.py install is deprecated -W ignore:easy_install command is deprecated setup.py develop --uninstall --editable --build-directory /home/sirapob/torto_ws/build/torto_ctrl/build
[3.379s] Invoking command in '/home/sirapob/torto_ws/src/torto_ctrl': CMAKE_PREFIX_PATH=/home/sirapob/torto_ws/install/torto_interfaces:/home/sirapob/torto_ws/install/ydlidar_ros2_driver:/home/sirapob/torto_ws/install/lio_sam:/opt/ros/jazzy/opt/gz_math_vendor:/opt/ros/jazzy/opt/gz_utils_vendor:/opt/ros/jazzy/opt/gz_cmake_vendor DEBUGINFOD_URLS=https://debuginfod.ubuntu.com PYTHONPATH=/home/sirapob/torto_ws/build/torto_ctrl/prefix_override:/usr/lib/python3/dist-packages/colcon_core/task/python/colcon_distutils_commands:/home/sirapob/torto_ws/install/torto_ctrl/lib/python3.12/site-packages:/home/sirapob/torto_ws/install/torto_interfaces/lib/python3.12/site-packages:/home/sirapob/torto_ws/build/torto_odometry:/home/sirapob/torto_ws/install/torto_odometry/lib/python3.12/site-packages:/home/sirapob/torto_ws/build/torto_ctrl:/home/sirapob/torto_ws/install/torto_ctrl/lib/python3.12/site-packages:/home/sirapob/torto_ws/build/torto_input_handle:/home/sirapob/torto_ws/install/torto_input_handle/lib/python3.12/site-packages:/home/sirapob/torto_ws/build/torto_hardware:/home/sirapob/torto_ws/install/torto_hardware/lib/python3.12/site-packages:/home/sirapob/torto_ws/install/lio_sam/lib/python3.12/site-packages:/opt/ros/jazzy/lib/python3.12/site-packages /usr/bin/python3 -W ignore:setup.py install is deprecated -W ignore:easy_install command is deprecated setup.py egg_info --egg-base ../../build/torto_ctrl build --build-base /home/sirapob/torto_ws/build/torto_ctrl/build install --record /home/sirapob/torto_ws/build/torto_ctrl/install.log --single-version-externally-managed install_data --force
[3.909s] running egg_info
[3.942s] writing ../../build/torto_ctrl/torto_ctrl.egg-info/PKG-INFO
[3.943s] writing dependency_links to ../../build/torto_ctrl/torto_ctrl.egg-info/dependency_links.txt
[3.950s] writing entry points to ../../build/torto_ctrl/torto_ctrl.egg-info/entry_points.txt
[3.950s] writing requirements to ../../build/torto_ctrl/torto_ctrl.egg-info/requires.txt
[3.951s] writing top-level names to ../../build/torto_ctrl/torto_ctrl.egg-info/top_level.txt
[4.025s] reading manifest file '../../build/torto_ctrl/torto_ctrl.egg-info/SOURCES.txt'
[4.032s] writing manifest file '../../build/torto_ctrl/torto_ctrl.egg-info/SOURCES.txt'
[4.034s] running build
[4.034s] running build_py
[4.035s] running install
[4.045s] running install_lib
[4.080s] creating /home/sirapob/torto_ws/install/torto_ctrl/lib/python3.12/site-packages/torto_ctrl
[4.080s] copying /home/sirapob/torto_ws/build/torto_ctrl/build/lib/torto_ctrl/__init__.py -> /home/sirapob/torto_ws/install/torto_ctrl/lib/python3.12/site-packages/torto_ctrl
[4.083s] copying /home/sirapob/torto_ws/build/torto_ctrl/build/lib/torto_ctrl/torto_controller_node.py -> /home/sirapob/torto_ws/install/torto_ctrl/lib/python3.12/site-packages/torto_ctrl
[4.083s] creating /home/sirapob/torto_ws/install/torto_ctrl/lib/python3.12/site-packages/torto_ctrl/adaptive_gait
[4.083s] copying /home/sirapob/torto_ws/build/torto_ctrl/build/lib/torto_ctrl/adaptive_gait/dynamic_gait.py -> /home/sirapob/torto_ws/install/torto_ctrl/lib/python3.12/site-packages/torto_ctrl/adaptive_gait
[4.083s] copying /home/sirapob/torto_ws/build/torto_ctrl/build/lib/torto_ctrl/adaptive_gait/__init__.py -> /home/sirapob/torto_ws/install/torto_ctrl/lib/python3.12/site-packages/torto_ctrl/adaptive_gait
[4.083s] creating /home/sirapob/torto_ws/install/torto_ctrl/lib/python3.12/site-packages/torto_ctrl/kinematic_model
[4.083s] copying /home/sirapob/torto_ws/build/torto_ctrl/build/lib/torto_ctrl/kinematic_model/__init__.py -> /home/sirapob/torto_ws/install/torto_ctrl/lib/python3.12/site-packages/torto_ctrl/kinematic_model
[4.083s] copying /home/sirapob/torto_ws/build/torto_ctrl/build/lib/torto_ctrl/kinematic_model/transformation_model.py -> /home/sirapob/torto_ws/install/torto_ctrl/lib/python3.12/site-packages/torto_ctrl/kinematic_model
[4.084s] copying /home/sirapob/torto_ws/build/torto_ctrl/build/lib/torto_ctrl/kinematic_model/adaptive_limb.py -> /home/sirapob/torto_ws/install/torto_ctrl/lib/python3.12/site-packages/torto_ctrl/kinematic_model
[4.084s] copying /home/sirapob/torto_ws/build/torto_ctrl/build/lib/torto_ctrl/kinematic_model/transform_RT.py -> /home/sirapob/torto_ws/install/torto_ctrl/lib/python3.12/site-packages/torto_ctrl/kinematic_model
[4.084s] copying /home/sirapob/torto_ws/build/torto_ctrl/build/lib/torto_ctrl/kinematic_model/inverse_kinematic.py -> /home/sirapob/torto_ws/install/torto_ctrl/lib/python3.12/site-packages/torto_ctrl/kinematic_model
[4.086s] byte-compiling /home/sirapob/torto_ws/install/torto_ctrl/lib/python3.12/site-packages/torto_ctrl/__init__.py to __init__.cpython-312.pyc
[4.087s] byte-compiling /home/sirapob/torto_ws/install/torto_ctrl/lib/python3.12/site-packages/torto_ctrl/torto_controller_node.py to torto_controller_node.cpython-312.pyc
[4.087s] byte-compiling /home/sirapob/torto_ws/install/torto_ctrl/lib/python3.12/site-packages/torto_ctrl/adaptive_gait/dynamic_gait.py to dynamic_gait.cpython-312.pyc
[4.090s] byte-compiling /home/sirapob/torto_ws/install/torto_ctrl/lib/python3.12/site-packages/torto_ctrl/adaptive_gait/__init__.py to __init__.cpython-312.pyc
[4.090s] byte-compiling /home/sirapob/torto_ws/install/torto_ctrl/lib/python3.12/site-packages/torto_ctrl/kinematic_model/__init__.py to __init__.cpython-312.pyc
[4.091s] byte-compiling /home/sirapob/torto_ws/install/torto_ctrl/lib/python3.12/site-packages/torto_ctrl/kinematic_model/transformation_model.py to transformation_model.cpython-312.pyc
[4.093s] byte-compiling /home/sirapob/torto_ws/install/torto_ctrl/lib/python3.12/site-packages/torto_ctrl/kinematic_model/adaptive_limb.py to adaptive_limb.cpython-312.pyc
[4.094s] byte-compiling /home/sirapob/torto_ws/install/torto_ctrl/lib/python3.12/site-packages/torto_ctrl/kinematic_model/transform_RT.py to transform_RT.cpython-312.pyc
[4.096s] byte-compiling /home/sirapob/torto_ws/install/torto_ctrl/lib/python3.12/site-packages/torto_ctrl/kinematic_model/inverse_kinematic.py to inverse_kinematic.cpython-312.pyc
[4.098s] running install_data
[4.098s] copying resource/torto_ctrl -> /home/sirapob/torto_ws/install/torto_ctrl/share/ament_index/resource_index/packages
[4.099s] copying package.xml -> /home/sirapob/torto_ws/install/torto_ctrl/share/torto_ctrl
[4.100s] running install_egg_info
[4.136s] Copying ../../build/torto_ctrl/torto_ctrl.egg-info to /home/sirapob/torto_ws/install/torto_ctrl/lib/python3.12/site-packages/torto_ctrl-0.0.0-py3.12.egg-info
[4.139s] running install_scripts
[4.459s] Installing torto_controller_node script to /home/sirapob/torto_ws/install/torto_ctrl/lib/torto_ctrl
[4.466s] writing list of installed files to '/home/sirapob/torto_ws/build/torto_ctrl/install.log'
[4.612s] Invoked command in '/home/sirapob/torto_ws/src/torto_ctrl' returned '0': CMAKE_PREFIX_PATH=/home/sirapob/torto_ws/install/torto_interfaces:/home/sirapob/torto_ws/install/ydlidar_ros2_driver:/home/sirapob/torto_ws/install/lio_sam:/opt/ros/jazzy/opt/gz_math_vendor:/opt/ros/jazzy/opt/gz_utils_vendor:/opt/ros/jazzy/opt/gz_cmake_vendor DEBUGINFOD_URLS=https://debuginfod.ubuntu.com PYTHONPATH=/home/sirapob/torto_ws/build/torto_ctrl/prefix_override:/usr/lib/python3/dist-packages/colcon_core/task/python/colcon_distutils_commands:/home/sirapob/torto_ws/install/torto_ctrl/lib/python3.12/site-packages:/home/sirapob/torto_ws/install/torto_interfaces/lib/python3.12/site-packages:/home/sirapob/torto_ws/build/torto_odometry:/home/sirapob/torto_ws/install/torto_odometry/lib/python3.12/site-packages:/home/sirapob/torto_ws/build/torto_ctrl:/home/sirapob/torto_ws/install/torto_ctrl/lib/python3.12/site-packages:/home/sirapob/torto_ws/build/torto_input_handle:/home/sirapob/torto_ws/install/torto_input_handle/lib/python3.12/site-packages:/home/sirapob/torto_ws/build/torto_hardware:/home/sirapob/torto_ws/install/torto_hardware/lib/python3.12/site-packages:/home/sirapob/torto_ws/install/lio_sam/lib/python3.12/site-packages:/opt/ros/jazzy/lib/python3.12/site-packages /usr/bin/python3 -W ignore:setup.py install is deprecated -W ignore:easy_install command is deprecated setup.py egg_info --egg-base ../../build/torto_ctrl build --build-base /home/sirapob/torto_ws/build/torto_ctrl/build install --record /home/sirapob/torto_ws/build/torto_ctrl/install.log --single-version-externally-managed install_data --force
