[1.633s] Invoking command in '/home/sirapob/torto_ws/build/torto_input_handle': DEBUGINFOD_URLS=https://debuginfod.ubuntu.com PYTHONPATH=/home/sirapob/torto_ws/build/torto_input_handle/prefix_override:/usr/lib/python3/dist-packages/colcon_core/task/python/colcon_distutils_commands:/home/sirapob/torto_ws/install/torto_input_handle/lib/python3.12/site-packages:${PYTHONPATH} /usr/bin/python3 -W ignore:setup.py install is deprecated -W ignore:easy_install command is deprecated setup.py develop --editable --build-directory /home/sirapob/torto_ws/build/torto_input_handle/build --no-deps symlink_data
[2.082s] running develop
[2.351s] running egg_info
[2.351s] creating torto_input_handle.egg-info
[2.375s] writing torto_input_handle.egg-info/PKG-INFO
[2.376s] writing dependency_links to torto_input_handle.egg-info/dependency_links.txt
[2.376s] writing requirements to torto_input_handle.egg-info/requires.txt
[2.376s] writing top-level names to torto_input_handle.egg-info/top_level.txt
[2.376s] writing manifest file 'torto_input_handle.egg-info/SOURCES.txt'
[2.427s] reading manifest file 'torto_input_handle.egg-info/SOURCES.txt'
[2.428s] writing manifest file 'torto_input_handle.egg-info/SOURCES.txt'
[2.454s] running build_ext
[2.461s] Creating /home/sirapob/torto_ws/install/torto_input_handle/lib/python3.12/site-packages/torto-input-handle.egg-link (link to .)
[2.461s] 
[2.462s] Installed /home/sirapob/torto_ws/build/torto_input_handle
[2.462s] running symlink_data
[2.462s] creating /home/sirapob/torto_ws/install/torto_input_handle/share/ament_index
[2.462s] creating /home/sirapob/torto_ws/install/torto_input_handle/share/ament_index/resource_index
[2.462s] creating /home/sirapob/torto_ws/install/torto_input_handle/share/ament_index/resource_index/packages
[2.462s] symbolically linking /home/sirapob/torto_ws/build/torto_input_handle/resource/torto_input_handle -> /home/sirapob/torto_ws/install/torto_input_handle/share/ament_index/resource_index/packages
[2.462s] symbolically linking /home/sirapob/torto_ws/build/torto_input_handle/package.xml -> /home/sirapob/torto_ws/install/torto_input_handle/share/torto_input_handle
[2.554s] Invoked command in '/home/sirapob/torto_ws/build/torto_input_handle' returned '0': DEBUGINFOD_URLS=https://debuginfod.ubuntu.com PYTHONPATH=/home/sirapob/torto_ws/build/torto_input_handle/prefix_override:/usr/lib/python3/dist-packages/colcon_core/task/python/colcon_distutils_commands:/home/sirapob/torto_ws/install/torto_input_handle/lib/python3.12/site-packages:${PYTHONPATH} /usr/bin/python3 -W ignore:setup.py install is deprecated -W ignore:easy_install command is deprecated setup.py develop --editable --build-directory /home/sirapob/torto_ws/build/torto_input_handle/build --no-deps symlink_data
