[0.013s] Invoking command in '/home/sirapob/torto_ws/build/torto_interfaces': CMAKE_PREFIX_PATH=${CMAKE_PREFIX_PATH}:/home/sirapob/torto_ws/install/torto_hardware:/home/sirapob/torto_ws/install/torto_ctrl:/opt/ros/jazzy DEBUGINFOD_URLS=https://debuginfod.ubuntu.com /usr/bin/cmake /home/sirapob/torto_ws/src/torto_interfaces -DCMAKE_INSTALL_PREFIX=/home/sirapob/torto_ws/install/torto_interfaces
[0.487s] -- The C compiler identification is GNU 13.3.0
[0.860s] -- The CXX compiler identification is GNU 13.3.0
[0.910s] -- Detecting C compiler ABI info
[1.115s] -- Detecting C compiler ABI info - done
[1.130s] -- Check for working C compiler: /usr/bin/cc - skipped
[1.136s] -- Detecting C compile features
[1.138s] -- Detecting C compile features - done
[1.161s] -- Detecting CXX compiler ABI info
[1.347s] -- Detecting CXX compiler ABI info - done
[1.363s] -- Check for working CXX compiler: /usr/bin/c++ - skipped
[1.363s] -- Detecting CXX compile features
[1.364s] -- Detecting CXX compile features - done
[1.376s] -- Found ament_cmake: 2.5.2 (/opt/ros/jazzy/share/ament_cmake/cmake)
[1.609s] -- Found Python3: /usr/bin/python3 (found version "3.12.3") found components: Interpreter 
[1.844s] -- Found rosidl_default_generators: 1.6.0 (/opt/ros/jazzy/share/rosidl_default_generators/cmake)
[1.858s] -- Using all available rosidl_typesupport_c: rosidl_typesupport_fastrtps_c;rosidl_typesupport_introspection_c
[1.966s] -- Using all available rosidl_typesupport_cpp: rosidl_typesupport_fastrtps_cpp;rosidl_typesupport_introspection_cpp
[2.057s] -- Found rosidl_adapter: 4.6.4 (/opt/ros/jazzy/share/rosidl_adapter/cmake)
[3.017s] -- Found ament_cmake_ros: 0.12.0 (/opt/ros/jazzy/share/ament_cmake_ros/cmake)
[3.689s] -- Using all available rosidl_typesupport_c: rosidl_typesupport_fastrtps_c;rosidl_typesupport_introspection_c
[4.585s] -- Using all available rosidl_typesupport_cpp: rosidl_typesupport_fastrtps_cpp;rosidl_typesupport_introspection_cpp
[4.597s] -- Found python_cmake_module: 0.11.1 (/opt/ros/jazzy/share/python_cmake_module/cmake)
[4.809s] -- Found PythonExtra: /usr/bin/python3  
[5.541s] -- Found Python3: /usr/bin/python3 (found version "3.12.3") found components: Interpreter Development NumPy Development.Module Development.Embed 
[5.623s] -- Configuring done (5.6s)
[5.669s] -- Generating done (0.0s)
[5.684s] -- Build files have been written to: /home/sirapob/torto_ws/build/torto_interfaces
[5.697s] Invoked command in '/home/sirapob/torto_ws/build/torto_interfaces' returned '0': CMAKE_PREFIX_PATH=${CMAKE_PREFIX_PATH}:/home/sirapob/torto_ws/install/torto_hardware:/home/sirapob/torto_ws/install/torto_ctrl:/opt/ros/jazzy DEBUGINFOD_URLS=https://debuginfod.ubuntu.com /usr/bin/cmake /home/sirapob/torto_ws/src/torto_interfaces -DCMAKE_INSTALL_PREFIX=/home/sirapob/torto_ws/install/torto_interfaces
[5.699s] Invoking command in '/home/sirapob/torto_ws/build/torto_interfaces': CMAKE_PREFIX_PATH=${CMAKE_PREFIX_PATH}:/home/sirapob/torto_ws/install/torto_hardware:/home/sirapob/torto_ws/install/torto_ctrl:/opt/ros/jazzy DEBUGINFOD_URLS=https://debuginfod.ubuntu.com /usr/bin/cmake --build /home/sirapob/torto_ws/build/torto_interfaces -- -j4 -l4
[5.788s] [  2%] [34m[1mGenerating type hashes for ROS interfaces[0m
[5.804s] [  2%] Built target ament_cmake_python_copy_torto_interfaces
[6.120s] running egg_info
[6.121s] creating torto_interfaces.egg-info
[6.148s] writing torto_interfaces.egg-info/PKG-INFO
[6.149s] writing dependency_links to torto_interfaces.egg-info/dependency_links.txt
[6.149s] writing top-level names to torto_interfaces.egg-info/top_level.txt
[6.149s] writing manifest file 'torto_interfaces.egg-info/SOURCES.txt'
[6.152s] [  2%] Built target torto_interfaces__rosidl_generator_type_description
[6.170s] [  5%] [34m[1mGenerating C code for ROS interfaces[0m
[6.192s] [  8%] [34m[1mGenerating C++ code for ROS interfaces[0m
[6.237s] reading manifest file 'torto_interfaces.egg-info/SOURCES.txt'
[6.238s] writing manifest file 'torto_interfaces.egg-info/SOURCES.txt'
[6.335s] [  8%] Built target ament_cmake_python_build_torto_interfaces_egg
[6.653s] [  8%] Built target torto_interfaces__cpp
[6.701s] [ 17%] [32mBuilding C object CMakeFiles/torto_interfaces__rosidl_generator_c.dir/rosidl_generator_c/torto_interfaces/msg/detail/torto_joint_angles__description.c.o[0m
[6.701s] [ 17%] [32mBuilding C object CMakeFiles/torto_interfaces__rosidl_generator_c.dir/rosidl_generator_c/torto_interfaces/msg/detail/torto_joint_angles__functions.c.o[0m
[6.701s] [ 17%] [32mBuilding C object CMakeFiles/torto_interfaces__rosidl_generator_c.dir/rosidl_generator_c/torto_interfaces/msg/detail/torto_joint_angles__type_support.c.o[0m
[6.868s] [ 20%] [32m[1mLinking C shared library libtorto_interfaces__rosidl_generator_c.so[0m
[6.948s] [ 20%] Built target torto_interfaces__rosidl_generator_c
[6.970s] [ 26%] [34m[1mGenerating C type support dispatch for ROS interfaces[0m
[6.972s] [ 26%] [34m[1mGenerating C type support for eProsima Fast-RTPS[0m
[6.972s] [ 29%] [34m[1mGenerating C introspection for ROS interfaces[0m
[6.972s] [ 32%] [34m[1mGenerating C++ type support for eProsima Fast-RTPS[0m
[7.495s] [ 35%] [32mBuilding CXX object CMakeFiles/torto_interfaces__rosidl_typesupport_c.dir/rosidl_typesupport_c/torto_interfaces/msg/torto_joint_angles__type_support.cpp.o[0m
[7.551s] [ 38%] [32mBuilding C object CMakeFiles/torto_interfaces__rosidl_typesupport_introspection_c.dir/rosidl_typesupport_introspection_c/torto_interfaces/msg/detail/torto_joint_angles__type_support.c.o[0m
[7.570s] [ 41%] [32mBuilding CXX object CMakeFiles/torto_interfaces__rosidl_typesupport_fastrtps_c.dir/rosidl_typesupport_fastrtps_c/torto_interfaces/msg/detail/torto_joint_angles__type_support_c.cpp.o[0m
[7.572s] [ 44%] [32mBuilding CXX object CMakeFiles/torto_interfaces__rosidl_typesupport_fastrtps_cpp.dir/rosidl_typesupport_fastrtps_cpp/torto_interfaces/msg/detail/dds_fastrtps/torto_joint_angles__type_support.cpp.o[0m
[7.639s] [ 47%] [32m[1mLinking C shared library libtorto_interfaces__rosidl_typesupport_introspection_c.so[0m
[7.653s] [ 50%] [32m[1mLinking CXX shared library libtorto_interfaces__rosidl_typesupport_c.so[0m
[7.708s] [ 50%] Built target torto_interfaces__rosidl_typesupport_introspection_c
[7.731s] [ 52%] [34m[1mGenerating C++ introspection for ROS interfaces[0m
[7.739s] [ 52%] Built target torto_interfaces__rosidl_typesupport_c
[7.762s] [ 55%] [34m[1mGenerating C++ type support dispatch for ROS interfaces[0m
[8.292s] [ 58%] [32mBuilding CXX object CMakeFiles/torto_interfaces__rosidl_typesupport_introspection_cpp.dir/rosidl_typesupport_introspection_cpp/torto_interfaces/msg/detail/torto_joint_angles__type_support.cpp.o[0m
[8.332s] [ 61%] [32mBuilding CXX object CMakeFiles/torto_interfaces__rosidl_typesupport_cpp.dir/rosidl_typesupport_cpp/torto_interfaces/msg/torto_joint_angles__type_support.cpp.o[0m
[8.668s] [ 64%] [32m[1mLinking CXX shared library libtorto_interfaces__rosidl_typesupport_fastrtps_c.so[0m
[8.683s] [ 67%] [32m[1mLinking CXX shared library libtorto_interfaces__rosidl_typesupport_fastrtps_cpp.so[0m
[8.814s] [ 67%] Built target torto_interfaces__rosidl_typesupport_fastrtps_c
[8.821s] [ 67%] Built target torto_interfaces__rosidl_typesupport_fastrtps_cpp
[8.964s] [ 70%] [32m[1mLinking CXX shared library libtorto_interfaces__rosidl_typesupport_introspection_cpp.so[0m
[8.992s] [ 73%] [32m[1mLinking CXX shared library libtorto_interfaces__rosidl_typesupport_cpp.so[0m
[9.047s] [ 73%] Built target torto_interfaces__rosidl_typesupport_introspection_cpp
[9.126s] [ 73%] Built target torto_interfaces__rosidl_typesupport_cpp
[9.170s] [ 73%] Built target torto_interfaces
[9.207s] [ 76%] [34m[1mGenerating Python code for ROS interfaces[0m
[9.699s] [ 76%] Built target torto_interfaces__py
[9.735s] [ 79%] [32mBuilding C object CMakeFiles/torto_interfaces__rosidl_generator_py.dir/rosidl_generator_py/torto_interfaces/msg/_torto_joint_angles_s.c.o[0m
[10.043s] [ 82%] [32m[1mLinking C shared library libtorto_interfaces__rosidl_generator_py.so[0m
[10.119s] [ 82%] Built target torto_interfaces__rosidl_generator_py
[10.158s] [ 91%] [32mBuilding C object CMakeFiles/torto_interfaces_s__rosidl_typesupport_introspection_c.dir/rosidl_generator_py/torto_interfaces/_torto_interfaces_s.ep.rosidl_typesupport_introspection_c.c.o[0m
[10.159s] [ 91%] [32mBuilding C object CMakeFiles/torto_interfaces_s__rosidl_typesupport_c.dir/rosidl_generator_py/torto_interfaces/_torto_interfaces_s.ep.rosidl_typesupport_c.c.o[0m
[10.159s] [ 91%] [32mBuilding C object CMakeFiles/torto_interfaces_s__rosidl_typesupport_fastrtps_c.dir/rosidl_generator_py/torto_interfaces/_torto_interfaces_s.ep.rosidl_typesupport_fastrtps_c.c.o[0m
[10.338s] [ 97%] [32m[1mLinking C shared module rosidl_generator_py/torto_interfaces/torto_interfaces_s__rosidl_typesupport_c.so[0m
[10.338s] [ 97%] [32m[1mLinking C shared module rosidl_generator_py/torto_interfaces/torto_interfaces_s__rosidl_typesupport_introspection_c.so[0m
[10.345s] [100%] [32m[1mLinking C shared module rosidl_generator_py/torto_interfaces/torto_interfaces_s__rosidl_typesupport_fastrtps_c.so[0m
[10.398s] [100%] Built target torto_interfaces_s__rosidl_typesupport_introspection_c
[10.405s] [100%] Built target torto_interfaces_s__rosidl_typesupport_c
[10.409s] [100%] Built target torto_interfaces_s__rosidl_typesupport_fastrtps_c
[10.430s] Invoked command in '/home/sirapob/torto_ws/build/torto_interfaces' returned '0': CMAKE_PREFIX_PATH=${CMAKE_PREFIX_PATH}:/home/sirapob/torto_ws/install/torto_hardware:/home/sirapob/torto_ws/install/torto_ctrl:/opt/ros/jazzy DEBUGINFOD_URLS=https://debuginfod.ubuntu.com /usr/bin/cmake --build /home/sirapob/torto_ws/build/torto_interfaces -- -j4 -l4
[10.449s] Invoking command in '/home/sirapob/torto_ws/build/torto_interfaces': CMAKE_PREFIX_PATH=${CMAKE_PREFIX_PATH}:/home/sirapob/torto_ws/install/torto_hardware:/home/sirapob/torto_ws/install/torto_ctrl:/opt/ros/jazzy DEBUGINFOD_URLS=https://debuginfod.ubuntu.com /usr/bin/cmake --install /home/sirapob/torto_ws/build/torto_interfaces
[10.463s] -- Install configuration: ""
[10.464s] -- Installing: /home/sirapob/torto_ws/install/torto_interfaces/share/ament_index/resource_index/rosidl_interfaces/torto_interfaces
[10.464s] -- Installing: /home/sirapob/torto_ws/install/torto_interfaces/share/torto_interfaces/msg/TortoJointAngles.json
[10.464s] -- Installing: /home/sirapob/torto_ws/install/torto_interfaces/include/torto_interfaces/torto_interfaces
[10.465s] -- Installing: /home/sirapob/torto_ws/install/torto_interfaces/include/torto_interfaces/torto_interfaces/msg
[10.465s] -- Installing: /home/sirapob/torto_ws/install/torto_interfaces/include/torto_interfaces/torto_interfaces/msg/torto_joint_angles.h
[10.465s] -- Installing: /home/sirapob/torto_ws/install/torto_interfaces/include/torto_interfaces/torto_interfaces/msg/detail
[10.465s] -- Installing: /home/sirapob/torto_ws/install/torto_interfaces/include/torto_interfaces/torto_interfaces/msg/detail/torto_joint_angles__type_support.h
[10.465s] -- Installing: /home/sirapob/torto_ws/install/torto_interfaces/include/torto_interfaces/torto_interfaces/msg/detail/torto_joint_angles__functions.h
[10.465s] -- Installing: /home/sirapob/torto_ws/install/torto_interfaces/include/torto_interfaces/torto_interfaces/msg/detail/torto_joint_angles__description.c
[10.465s] -- Installing: /home/sirapob/torto_ws/install/torto_interfaces/include/torto_interfaces/torto_interfaces/msg/detail/torto_joint_angles__struct.h
[10.465s] -- Installing: /home/sirapob/torto_ws/install/torto_interfaces/include/torto_interfaces/torto_interfaces/msg/detail/torto_joint_angles__functions.c
[10.466s] -- Installing: /home/sirapob/torto_ws/install/torto_interfaces/include/torto_interfaces/torto_interfaces/msg/detail/torto_joint_angles__type_support.c
[10.466s] -- Installing: /home/sirapob/torto_ws/install/torto_interfaces/include/torto_interfaces/torto_interfaces/msg/rosidl_generator_c__visibility_control.h
[10.466s] -- Installing: /home/sirapob/torto_ws/install/torto_interfaces/share/torto_interfaces/environment/library_path.sh
[10.466s] -- Installing: /home/sirapob/torto_ws/install/torto_interfaces/share/torto_interfaces/environment/library_path.dsv
[10.466s] -- Installing: /home/sirapob/torto_ws/install/torto_interfaces/lib/libtorto_interfaces__rosidl_generator_c.so
[10.467s] -- Set non-toolchain portion of runtime path of "/home/sirapob/torto_ws/install/torto_interfaces/lib/libtorto_interfaces__rosidl_generator_c.so" to ""
[10.467s] -- Up-to-date: /home/sirapob/torto_ws/install/torto_interfaces/include/torto_interfaces/torto_interfaces
[10.467s] -- Up-to-date: /home/sirapob/torto_ws/install/torto_interfaces/include/torto_interfaces/torto_interfaces/msg
[10.467s] -- Installing: /home/sirapob/torto_ws/install/torto_interfaces/include/torto_interfaces/torto_interfaces/msg/rosidl_typesupport_fastrtps_c__visibility_control.h
[10.467s] -- Up-to-date: /home/sirapob/torto_ws/install/torto_interfaces/include/torto_interfaces/torto_interfaces/msg/detail
[10.468s] -- Installing: /home/sirapob/torto_ws/install/torto_interfaces/include/torto_interfaces/torto_interfaces/msg/detail/torto_joint_angles__rosidl_typesupport_fastrtps_c.h
[10.468s] -- Installing: /home/sirapob/torto_ws/install/torto_interfaces/lib/libtorto_interfaces__rosidl_typesupport_fastrtps_c.so
[10.468s] -- Set non-toolchain portion of runtime path of "/home/sirapob/torto_ws/install/torto_interfaces/lib/libtorto_interfaces__rosidl_typesupport_fastrtps_c.so" to ""
[10.468s] -- Up-to-date: /home/sirapob/torto_ws/install/torto_interfaces/include/torto_interfaces/torto_interfaces
[10.468s] -- Up-to-date: /home/sirapob/torto_ws/install/torto_interfaces/include/torto_interfaces/torto_interfaces/msg
[10.469s] -- Installing: /home/sirapob/torto_ws/install/torto_interfaces/include/torto_interfaces/torto_interfaces/msg/rosidl_typesupport_introspection_c__visibility_control.h
[10.469s] -- Up-to-date: /home/sirapob/torto_ws/install/torto_interfaces/include/torto_interfaces/torto_interfaces/msg/detail
[10.469s] -- Installing: /home/sirapob/torto_ws/install/torto_interfaces/include/torto_interfaces/torto_interfaces/msg/detail/torto_joint_angles__rosidl_typesupport_introspection_c.h
[10.469s] -- Installing: /home/sirapob/torto_ws/install/torto_interfaces/include/torto_interfaces/torto_interfaces/msg/detail/torto_joint_angles__type_support.c
[10.469s] -- Installing: /home/sirapob/torto_ws/install/torto_interfaces/lib/libtorto_interfaces__rosidl_typesupport_introspection_c.so
[10.469s] -- Set non-toolchain portion of runtime path of "/home/sirapob/torto_ws/install/torto_interfaces/lib/libtorto_interfaces__rosidl_typesupport_introspection_c.so" to ""
[10.470s] -- Installing: /home/sirapob/torto_ws/install/torto_interfaces/lib/libtorto_interfaces__rosidl_typesupport_c.so
[10.470s] -- Set non-toolchain portion of runtime path of "/home/sirapob/torto_ws/install/torto_interfaces/lib/libtorto_interfaces__rosidl_typesupport_c.so" to ""
[10.470s] -- Up-to-date: /home/sirapob/torto_ws/install/torto_interfaces/include/torto_interfaces/torto_interfaces
[10.470s] -- Up-to-date: /home/sirapob/torto_ws/install/torto_interfaces/include/torto_interfaces/torto_interfaces/msg
[10.470s] -- Installing: /home/sirapob/torto_ws/install/torto_interfaces/include/torto_interfaces/torto_interfaces/msg/rosidl_generator_cpp__visibility_control.hpp
[10.471s] -- Up-to-date: /home/sirapob/torto_ws/install/torto_interfaces/include/torto_interfaces/torto_interfaces/msg/detail
[10.471s] -- Installing: /home/sirapob/torto_ws/install/torto_interfaces/include/torto_interfaces/torto_interfaces/msg/detail/torto_joint_angles__type_support.hpp
[10.471s] -- Installing: /home/sirapob/torto_ws/install/torto_interfaces/include/torto_interfaces/torto_interfaces/msg/detail/torto_joint_angles__builder.hpp
[10.471s] -- Installing: /home/sirapob/torto_ws/install/torto_interfaces/include/torto_interfaces/torto_interfaces/msg/detail/torto_joint_angles__struct.hpp
[10.471s] -- Installing: /home/sirapob/torto_ws/install/torto_interfaces/include/torto_interfaces/torto_interfaces/msg/detail/torto_joint_angles__traits.hpp
[10.471s] -- Installing: /home/sirapob/torto_ws/install/torto_interfaces/include/torto_interfaces/torto_interfaces/msg/torto_joint_angles.hpp
[10.471s] -- Up-to-date: /home/sirapob/torto_ws/install/torto_interfaces/include/torto_interfaces/torto_interfaces
[10.471s] -- Up-to-date: /home/sirapob/torto_ws/install/torto_interfaces/include/torto_interfaces/torto_interfaces/msg
[10.471s] -- Installing: /home/sirapob/torto_ws/install/torto_interfaces/include/torto_interfaces/torto_interfaces/msg/rosidl_typesupport_fastrtps_cpp__visibility_control.h
[10.472s] -- Up-to-date: /home/sirapob/torto_ws/install/torto_interfaces/include/torto_interfaces/torto_interfaces/msg/detail
[10.472s] -- Installing: /home/sirapob/torto_ws/install/torto_interfaces/include/torto_interfaces/torto_interfaces/msg/detail/dds_fastrtps
[10.472s] -- Installing: /home/sirapob/torto_ws/install/torto_interfaces/include/torto_interfaces/torto_interfaces/msg/detail/torto_joint_angles__rosidl_typesupport_fastrtps_cpp.hpp
[10.472s] -- Installing: /home/sirapob/torto_ws/install/torto_interfaces/lib/libtorto_interfaces__rosidl_typesupport_fastrtps_cpp.so
[10.472s] -- Set non-toolchain portion of runtime path of "/home/sirapob/torto_ws/install/torto_interfaces/lib/libtorto_interfaces__rosidl_typesupport_fastrtps_cpp.so" to ""
[10.473s] -- Up-to-date: /home/sirapob/torto_ws/install/torto_interfaces/include/torto_interfaces/torto_interfaces
[10.473s] -- Up-to-date: /home/sirapob/torto_ws/install/torto_interfaces/include/torto_interfaces/torto_interfaces/msg
[10.473s] -- Up-to-date: /home/sirapob/torto_ws/install/torto_interfaces/include/torto_interfaces/torto_interfaces/msg/detail
[10.473s] -- Installing: /home/sirapob/torto_ws/install/torto_interfaces/include/torto_interfaces/torto_interfaces/msg/detail/torto_joint_angles__rosidl_typesupport_introspection_cpp.hpp
[10.473s] -- Installing: /home/sirapob/torto_ws/install/torto_interfaces/include/torto_interfaces/torto_interfaces/msg/detail/torto_joint_angles__type_support.cpp
[10.473s] -- Installing: /home/sirapob/torto_ws/install/torto_interfaces/lib/libtorto_interfaces__rosidl_typesupport_introspection_cpp.so
[10.474s] -- Set non-toolchain portion of runtime path of "/home/sirapob/torto_ws/install/torto_interfaces/lib/libtorto_interfaces__rosidl_typesupport_introspection_cpp.so" to ""
[10.474s] -- Installing: /home/sirapob/torto_ws/install/torto_interfaces/lib/libtorto_interfaces__rosidl_typesupport_cpp.so
[10.474s] -- Set non-toolchain portion of runtime path of "/home/sirapob/torto_ws/install/torto_interfaces/lib/libtorto_interfaces__rosidl_typesupport_cpp.so" to ""
[10.474s] -- Installing: /home/sirapob/torto_ws/install/torto_interfaces/share/torto_interfaces/environment/pythonpath.sh
[10.474s] -- Installing: /home/sirapob/torto_ws/install/torto_interfaces/share/torto_interfaces/environment/pythonpath.dsv
[10.475s] -- Installing: /home/sirapob/torto_ws/install/torto_interfaces/lib/python3.12/site-packages/torto_interfaces-0.0.0-py3.12.egg-info
[10.475s] -- Installing: /home/sirapob/torto_ws/install/torto_interfaces/lib/python3.12/site-packages/torto_interfaces-0.0.0-py3.12.egg-info/SOURCES.txt
[10.475s] -- Installing: /home/sirapob/torto_ws/install/torto_interfaces/lib/python3.12/site-packages/torto_interfaces-0.0.0-py3.12.egg-info/top_level.txt
[10.475s] -- Installing: /home/sirapob/torto_ws/install/torto_interfaces/lib/python3.12/site-packages/torto_interfaces-0.0.0-py3.12.egg-info/PKG-INFO
[10.475s] -- Installing: /home/sirapob/torto_ws/install/torto_interfaces/lib/python3.12/site-packages/torto_interfaces-0.0.0-py3.12.egg-info/dependency_links.txt
[10.475s] -- Installing: /home/sirapob/torto_ws/install/torto_interfaces/lib/python3.12/site-packages/torto_interfaces
[10.475s] -- Installing: /home/sirapob/torto_ws/install/torto_interfaces/lib/python3.12/site-packages/torto_interfaces/torto_interfaces_s__rosidl_typesupport_introspection_c.so
[10.476s] -- Installing: /home/sirapob/torto_ws/install/torto_interfaces/lib/python3.12/site-packages/torto_interfaces/__init__.py
[10.476s] -- Installing: /home/sirapob/torto_ws/install/torto_interfaces/lib/python3.12/site-packages/torto_interfaces/_torto_interfaces_s.ep.rosidl_typesupport_fastrtps_c.c
[10.476s] -- Installing: /home/sirapob/torto_ws/install/torto_interfaces/lib/python3.12/site-packages/torto_interfaces/msg
[10.476s] -- Installing: /home/sirapob/torto_ws/install/torto_interfaces/lib/python3.12/site-packages/torto_interfaces/msg/__init__.py
[10.476s] -- Installing: /home/sirapob/torto_ws/install/torto_interfaces/lib/python3.12/site-packages/torto_interfaces/msg/_torto_joint_angles.py
[10.476s] -- Installing: /home/sirapob/torto_ws/install/torto_interfaces/lib/python3.12/site-packages/torto_interfaces/msg/_torto_joint_angles_s.c
[10.476s] -- Installing: /home/sirapob/torto_ws/install/torto_interfaces/lib/python3.12/site-packages/torto_interfaces/_torto_interfaces_s.ep.rosidl_typesupport_c.c
[10.477s] -- Installing: /home/sirapob/torto_ws/install/torto_interfaces/lib/python3.12/site-packages/torto_interfaces/torto_interfaces_s__rosidl_typesupport_fastrtps_c.so
[10.477s] -- Installing: /home/sirapob/torto_ws/install/torto_interfaces/lib/python3.12/site-packages/torto_interfaces/torto_interfaces_s__rosidl_typesupport_c.so
[10.477s] -- Installing: /home/sirapob/torto_ws/install/torto_interfaces/lib/python3.12/site-packages/torto_interfaces/_torto_interfaces_s.ep.rosidl_typesupport_introspection_c.c
[10.543s] Listing '/home/sirapob/torto_ws/install/torto_interfaces/lib/python3.12/site-packages/torto_interfaces'...
[10.543s] Compiling '/home/sirapob/torto_ws/install/torto_interfaces/lib/python3.12/site-packages/torto_interfaces/__init__.py'...
[10.544s] Listing '/home/sirapob/torto_ws/install/torto_interfaces/lib/python3.12/site-packages/torto_interfaces/msg'...
[10.544s] Compiling '/home/sirapob/torto_ws/install/torto_interfaces/lib/python3.12/site-packages/torto_interfaces/msg/__init__.py'...
[10.544s] Compiling '/home/sirapob/torto_ws/install/torto_interfaces/lib/python3.12/site-packages/torto_interfaces/msg/_torto_joint_angles.py'...
[10.557s] -- Installing: /home/sirapob/torto_ws/install/torto_interfaces/lib/python3.12/site-packages/torto_interfaces/torto_interfaces_s__rosidl_typesupport_fastrtps_c.so
[10.557s] -- Set non-toolchain portion of runtime path of "/home/sirapob/torto_ws/install/torto_interfaces/lib/python3.12/site-packages/torto_interfaces/torto_interfaces_s__rosidl_typesupport_fastrtps_c.so" to ""
[10.558s] -- Installing: /home/sirapob/torto_ws/install/torto_interfaces/lib/python3.12/site-packages/torto_interfaces/torto_interfaces_s__rosidl_typesupport_introspection_c.so
[10.558s] -- Set non-toolchain portion of runtime path of "/home/sirapob/torto_ws/install/torto_interfaces/lib/python3.12/site-packages/torto_interfaces/torto_interfaces_s__rosidl_typesupport_introspection_c.so" to ""
[10.558s] -- Installing: /home/sirapob/torto_ws/install/torto_interfaces/lib/python3.12/site-packages/torto_interfaces/torto_interfaces_s__rosidl_typesupport_c.so
[10.559s] -- Set non-toolchain portion of runtime path of "/home/sirapob/torto_ws/install/torto_interfaces/lib/python3.12/site-packages/torto_interfaces/torto_interfaces_s__rosidl_typesupport_c.so" to ""
[10.559s] -- Installing: /home/sirapob/torto_ws/install/torto_interfaces/lib/libtorto_interfaces__rosidl_generator_py.so
[10.560s] -- Set non-toolchain portion of runtime path of "/home/sirapob/torto_ws/install/torto_interfaces/lib/libtorto_interfaces__rosidl_generator_py.so" to ""
[10.560s] -- Installing: /home/sirapob/torto_ws/install/torto_interfaces/share/torto_interfaces/msg/TortoJointAngles.idl
[10.560s] -- Installing: /home/sirapob/torto_ws/install/torto_interfaces/share/torto_interfaces/msg/TortoJointAngles.msg
[10.560s] -- Installing: /home/sirapob/torto_ws/install/torto_interfaces/share/ament_index/resource_index/package_run_dependencies/torto_interfaces
[10.560s] -- Installing: /home/sirapob/torto_ws/install/torto_interfaces/share/ament_index/resource_index/parent_prefix_path/torto_interfaces
[10.560s] -- Installing: /home/sirapob/torto_ws/install/torto_interfaces/share/torto_interfaces/environment/ament_prefix_path.sh
[10.561s] -- Installing: /home/sirapob/torto_ws/install/torto_interfaces/share/torto_interfaces/environment/ament_prefix_path.dsv
[10.561s] -- Installing: /home/sirapob/torto_ws/install/torto_interfaces/share/torto_interfaces/environment/path.sh
[10.561s] -- Installing: /home/sirapob/torto_ws/install/torto_interfaces/share/torto_interfaces/environment/path.dsv
[10.561s] -- Installing: /home/sirapob/torto_ws/install/torto_interfaces/share/torto_interfaces/local_setup.bash
[10.561s] -- Installing: /home/sirapob/torto_ws/install/torto_interfaces/share/torto_interfaces/local_setup.sh
[10.561s] -- Installing: /home/sirapob/torto_ws/install/torto_interfaces/share/torto_interfaces/local_setup.zsh
[10.562s] -- Installing: /home/sirapob/torto_ws/install/torto_interfaces/share/torto_interfaces/local_setup.dsv
[10.562s] -- Installing: /home/sirapob/torto_ws/install/torto_interfaces/share/torto_interfaces/package.dsv
[10.562s] -- Installing: /home/sirapob/torto_ws/install/torto_interfaces/share/ament_index/resource_index/packages/torto_interfaces
[10.562s] -- Installing: /home/sirapob/torto_ws/install/torto_interfaces/share/torto_interfaces/cmake/export_torto_interfaces__rosidl_generator_cExport.cmake
[10.562s] -- Installing: /home/sirapob/torto_ws/install/torto_interfaces/share/torto_interfaces/cmake/export_torto_interfaces__rosidl_generator_cExport-noconfig.cmake
[10.563s] -- Installing: /home/sirapob/torto_ws/install/torto_interfaces/share/torto_interfaces/cmake/export_torto_interfaces__rosidl_typesupport_fastrtps_cExport.cmake
[10.563s] -- Installing: /home/sirapob/torto_ws/install/torto_interfaces/share/torto_interfaces/cmake/export_torto_interfaces__rosidl_typesupport_fastrtps_cExport-noconfig.cmake
[10.563s] -- Installing: /home/sirapob/torto_ws/install/torto_interfaces/share/torto_interfaces/cmake/torto_interfaces__rosidl_typesupport_introspection_cExport.cmake
[10.563s] -- Installing: /home/sirapob/torto_ws/install/torto_interfaces/share/torto_interfaces/cmake/torto_interfaces__rosidl_typesupport_introspection_cExport-noconfig.cmake
[10.563s] -- Installing: /home/sirapob/torto_ws/install/torto_interfaces/share/torto_interfaces/cmake/torto_interfaces__rosidl_typesupport_cExport.cmake
[10.564s] -- Installing: /home/sirapob/torto_ws/install/torto_interfaces/share/torto_interfaces/cmake/torto_interfaces__rosidl_typesupport_cExport-noconfig.cmake
[10.564s] -- Installing: /home/sirapob/torto_ws/install/torto_interfaces/share/torto_interfaces/cmake/export_torto_interfaces__rosidl_generator_cppExport.cmake
[10.564s] -- Installing: /home/sirapob/torto_ws/install/torto_interfaces/share/torto_interfaces/cmake/export_torto_interfaces__rosidl_typesupport_fastrtps_cppExport.cmake
[10.564s] -- Installing: /home/sirapob/torto_ws/install/torto_interfaces/share/torto_interfaces/cmake/export_torto_interfaces__rosidl_typesupport_fastrtps_cppExport-noconfig.cmake
[10.564s] -- Installing: /home/sirapob/torto_ws/install/torto_interfaces/share/torto_interfaces/cmake/torto_interfaces__rosidl_typesupport_introspection_cppExport.cmake
[10.565s] -- Installing: /home/sirapob/torto_ws/install/torto_interfaces/share/torto_interfaces/cmake/torto_interfaces__rosidl_typesupport_introspection_cppExport-noconfig.cmake
[10.565s] -- Installing: /home/sirapob/torto_ws/install/torto_interfaces/share/torto_interfaces/cmake/torto_interfaces__rosidl_typesupport_cppExport.cmake
[10.565s] -- Installing: /home/sirapob/torto_ws/install/torto_interfaces/share/torto_interfaces/cmake/torto_interfaces__rosidl_typesupport_cppExport-noconfig.cmake
[10.565s] -- Installing: /home/sirapob/torto_ws/install/torto_interfaces/share/torto_interfaces/cmake/export_torto_interfaces__rosidl_generator_pyExport.cmake
[10.565s] -- Installing: /home/sirapob/torto_ws/install/torto_interfaces/share/torto_interfaces/cmake/export_torto_interfaces__rosidl_generator_pyExport-noconfig.cmake
[10.566s] -- Installing: /home/sirapob/torto_ws/install/torto_interfaces/share/torto_interfaces/cmake/rosidl_cmake-extras.cmake
[10.566s] -- Installing: /home/sirapob/torto_ws/install/torto_interfaces/share/torto_interfaces/cmake/ament_cmake_export_include_directories-extras.cmake
[10.566s] -- Installing: /home/sirapob/torto_ws/install/torto_interfaces/share/torto_interfaces/cmake/ament_cmake_export_libraries-extras.cmake
[10.566s] -- Installing: /home/sirapob/torto_ws/install/torto_interfaces/share/torto_interfaces/cmake/ament_cmake_export_targets-extras.cmake
[10.566s] -- Installing: /home/sirapob/torto_ws/install/torto_interfaces/share/torto_interfaces/cmake/rosidl_cmake_export_typesupport_targets-extras.cmake
[10.566s] -- Installing: /home/sirapob/torto_ws/install/torto_interfaces/share/torto_interfaces/cmake/ament_cmake_export_dependencies-extras.cmake
[10.567s] -- Installing: /home/sirapob/torto_ws/install/torto_interfaces/share/torto_interfaces/cmake/rosidl_cmake_export_typesupport_libraries-extras.cmake
[10.567s] -- Installing: /home/sirapob/torto_ws/install/torto_interfaces/share/torto_interfaces/cmake/torto_interfacesConfig.cmake
[10.567s] -- Installing: /home/sirapob/torto_ws/install/torto_interfaces/share/torto_interfaces/cmake/torto_interfacesConfig-version.cmake
[10.567s] -- Installing: /home/sirapob/torto_ws/install/torto_interfaces/share/torto_interfaces/package.xml
[10.571s] Invoked command in '/home/sirapob/torto_ws/build/torto_interfaces' returned '0': CMAKE_PREFIX_PATH=${CMAKE_PREFIX_PATH}:/home/sirapob/torto_ws/install/torto_hardware:/home/sirapob/torto_ws/install/torto_ctrl:/opt/ros/jazzy DEBUGINFOD_URLS=https://debuginfod.ubuntu.com /usr/bin/cmake --install /home/sirapob/torto_ws/build/torto_interfaces
