[1.534s] Invoking command in '/home/sirapob/torto_ws/build/torto_ctrl': CMAKE_PREFIX_PATH=/home/sirapob/torto_ws/install/torto_interfaces:/home/sirapob/torto_ws/install/ydlidar_ros2_driver:/opt/ros/jazzy/opt/gz_math_vendor:/opt/ros/jazzy/opt/gz_utils_vendor:/opt/ros/jazzy/opt/gz_cmake_vendor DEBUGINFOD_URLS=https://debuginfod.ubuntu.com PYTHONPATH=/home/sirapob/torto_ws/build/torto_ctrl/prefix_override:/usr/lib/python3/dist-packages/colcon_core/task/python/colcon_distutils_commands:/home/sirapob/torto_ws/install/torto_ctrl/lib/python3.12/site-packages:/home/sirapob/torto_ws/install/torto_interfaces/lib/python3.12/site-packages:/home/sirapob/torto_ws/build/torto_ydlidar:/home/sirapob/torto_ws/install/torto_ydlidar/lib/python3.12/site-packages:/home/sirapob/torto_ws/build/torto_ctrl:/home/sirapob/torto_ws/install/torto_ctrl/lib/python3.12/site-packages:/home/sirapob/torto_ws/build/torto_input_handle:/home/sirapob/torto_ws/install/torto_input_handle/lib/python3.12/site-packages:/home/sirapob/torto_ws/build/torto_hardware:/home/sirapob/torto_ws/install/torto_hardware/lib/python3.12/site-packages:/opt/ros/jazzy/lib/python3.12/site-packages /usr/bin/python3 -W ignore:setup.py install is deprecated -W ignore:easy_install command is deprecated setup.py develop --editable --build-directory /home/sirapob/torto_ws/build/torto_ctrl/build --no-deps symlink_data
[2.044s] running develop
[2.410s] running egg_info
[2.411s] creating torto_ctrl.egg-info
[2.471s] writing torto_ctrl.egg-info/PKG-INFO
[2.472s] writing dependency_links to torto_ctrl.egg-info/dependency_links.txt
[2.472s] writing entry points to torto_ctrl.egg-info/entry_points.txt
[2.472s] writing requirements to torto_ctrl.egg-info/requires.txt
[2.472s] writing top-level names to torto_ctrl.egg-info/top_level.txt
[2.473s] writing manifest file 'torto_ctrl.egg-info/SOURCES.txt'
[2.537s] reading manifest file 'torto_ctrl.egg-info/SOURCES.txt'
[2.537s] writing manifest file 'torto_ctrl.egg-info/SOURCES.txt'
[2.568s] running build_ext
[2.568s] Creating /home/sirapob/torto_ws/install/torto_ctrl/lib/python3.12/site-packages/torto-ctrl.egg-link (link to .)
[2.569s] Installing torto_controller_node script to /home/sirapob/torto_ws/install/torto_ctrl/lib/torto_ctrl
[2.569s] 
[2.569s] Installed /home/sirapob/torto_ws/build/torto_ctrl
[2.569s] running symlink_data
[2.570s] creating /home/sirapob/torto_ws/install/torto_ctrl/share/ament_index
[2.570s] creating /home/sirapob/torto_ws/install/torto_ctrl/share/ament_index/resource_index
[2.570s] creating /home/sirapob/torto_ws/install/torto_ctrl/share/ament_index/resource_index/packages
[2.570s] symbolically linking /home/sirapob/torto_ws/build/torto_ctrl/resource/torto_ctrl -> /home/sirapob/torto_ws/install/torto_ctrl/share/ament_index/resource_index/packages
[2.570s] symbolically linking /home/sirapob/torto_ws/build/torto_ctrl/package.xml -> /home/sirapob/torto_ws/install/torto_ctrl/share/torto_ctrl
[2.694s] Invoked command in '/home/sirapob/torto_ws/build/torto_ctrl' returned '0': CMAKE_PREFIX_PATH=/home/sirapob/torto_ws/install/torto_interfaces:/home/sirapob/torto_ws/install/ydlidar_ros2_driver:/opt/ros/jazzy/opt/gz_math_vendor:/opt/ros/jazzy/opt/gz_utils_vendor:/opt/ros/jazzy/opt/gz_cmake_vendor DEBUGINFOD_URLS=https://debuginfod.ubuntu.com PYTHONPATH=/home/sirapob/torto_ws/build/torto_ctrl/prefix_override:/usr/lib/python3/dist-packages/colcon_core/task/python/colcon_distutils_commands:/home/sirapob/torto_ws/install/torto_ctrl/lib/python3.12/site-packages:/home/sirapob/torto_ws/install/torto_interfaces/lib/python3.12/site-packages:/home/sirapob/torto_ws/build/torto_ydlidar:/home/sirapob/torto_ws/install/torto_ydlidar/lib/python3.12/site-packages:/home/sirapob/torto_ws/build/torto_ctrl:/home/sirapob/torto_ws/install/torto_ctrl/lib/python3.12/site-packages:/home/sirapob/torto_ws/build/torto_input_handle:/home/sirapob/torto_ws/install/torto_input_handle/lib/python3.12/site-packages:/home/sirapob/torto_ws/build/torto_hardware:/home/sirapob/torto_ws/install/torto_hardware/lib/python3.12/site-packages:/opt/ros/jazzy/lib/python3.12/site-packages /usr/bin/python3 -W ignore:setup.py install is deprecated -W ignore:easy_install command is deprecated setup.py develop --editable --build-directory /home/sirapob/torto_ws/build/torto_ctrl/build --no-deps symlink_data
