[2.757s] Invoking command in '/home/sirapob/torto_ws/build/torto_odometry': DEBUGINFOD_URLS=https://debuginfod.ubuntu.com PYTHONPATH=/home/sirapob/torto_ws/build/torto_odometry/prefix_override:/usr/lib/python3/dist-packages/colcon_core/task/python/colcon_distutils_commands:/home/sirapob/torto_ws/install/torto_odometry/lib/python3.12/site-packages:${PYTHONPATH} /usr/bin/python3 -W ignore:setup.py install is deprecated -W ignore:easy_install command is deprecated setup.py develop --editable --build-directory /home/sirapob/torto_ws/build/torto_odometry/build --no-deps symlink_data --force
[3.497s] running develop
[3.955s] running egg_info
[3.987s] writing torto_odometry.egg-info/PKG-INFO
[3.988s] writing dependency_links to torto_odometry.egg-info/dependency_links.txt
[3.998s] writing entry points to torto_odometry.egg-info/entry_points.txt
[3.999s] writing requirements to torto_odometry.egg-info/requires.txt
[4.002s] writing top-level names to torto_odometry.egg-info/top_level.txt
[4.135s] reading manifest file 'torto_odometry.egg-info/SOURCES.txt'
[4.139s] writing manifest file 'torto_odometry.egg-info/SOURCES.txt'
[4.247s] running build_ext
[4.249s] Creating /home/sirapob/torto_ws/install/torto_odometry/lib/python3.12/site-packages/torto-odometry.egg-link (link to .)
[4.251s] Installing odom_depen_on_imu_node script to /home/sirapob/torto_ws/install/torto_odometry/lib/torto_odometry
[4.257s] 
[4.258s] Installed /home/sirapob/torto_ws/build/torto_odometry
[4.258s] running symlink_data
[4.258s] symbolically linking /home/sirapob/torto_ws/build/torto_odometry/resource/torto_odometry -> /home/sirapob/torto_ws/install/torto_odometry/share/ament_index/resource_index/packages
[4.258s] symbolically linking /home/sirapob/torto_ws/build/torto_odometry/package.xml -> /home/sirapob/torto_ws/install/torto_odometry/share/torto_odometry
[4.259s] symbolically linking /home/sirapob/torto_ws/build/torto_odometry/launch/torto_main_tf.launch.py -> /home/sirapob/torto_ws/install/torto_odometry/share/torto_odometry/launch
[5.323s] Invoked command in '/home/sirapob/torto_ws/build/torto_odometry' returned '0': DEBUGINFOD_URLS=https://debuginfod.ubuntu.com PYTHONPATH=/home/sirapob/torto_ws/build/torto_odometry/prefix_override:/usr/lib/python3/dist-packages/colcon_core/task/python/colcon_distutils_commands:/home/sirapob/torto_ws/install/torto_odometry/lib/python3.12/site-packages:${PYTHONPATH} /usr/bin/python3 -W ignore:setup.py install is deprecated -W ignore:easy_install command is deprecated setup.py develop --editable --build-directory /home/sirapob/torto_ws/build/torto_odometry/build --no-deps symlink_data --force
