[0.259s] DEBUG:colcon:Command line arguments: ['/usr/bin/colcon', 'build']
[0.260s] DEBUG:colcon:Parsed command line arguments: Namespace(log_base=None, log_level=None, verb_name='build', build_base='build', install_base='install', merge_install=False, symlink_install=False, test_result_base=None, continue_on_error=False, executor='parallel', parallel_workers=4, event_handlers=None, ignore_user_meta=False, metas=['./colcon.meta'], base_paths=['.'], packages_ignore=None, packages_ignore_regex=None, paths=None, packages_up_to=None, packages_up_to_regex=None, packages_above=None, packages_above_and_dependencies=None, packages_above_depth=None, packages_select_by_dep=None, packages_skip_by_dep=None, packages_skip_up_to=None, packages_select_build_failed=False, packages_skip_build_finished=False, packages_select_test_failures=False, packages_skip_test_passed=False, packages_select=None, packages_skip=None, packages_select_regex=None, packages_skip_regex=None, packages_start=None, packages_end=None, allow_overriding=[], cmake_args=None, cmake_target=None, cmake_target_skip_unavailable=False, cmake_clean_cache=False, cmake_clean_first=False, cmake_force_configure=False, ament_cmake_args=None, catkin_cmake_args=None, catkin_skip_building_tests=False, mixin_files=None, mixin=None, verb_parser=<colcon_mixin.mixin.mixin_argument.MixinArgumentDecorator object at 0xffffb8ea5430>, verb_extension=<colcon_core.verb.build.BuildVerb object at 0xffffb8ea5130>, main=<bound method BuildVerb.main of <colcon_core.verb.build.BuildVerb object at 0xffffb8ea5130>>, mixin_verb=('build',))
[0.388s] Level 1:colcon.colcon_core.package_discovery:discover_packages(colcon_meta) check parameters
[0.389s] Level 1:colcon.colcon_core.package_discovery:discover_packages(recursive) check parameters
[0.389s] Level 1:colcon.colcon_core.package_discovery:discover_packages(ignore) check parameters
[0.389s] Level 1:colcon.colcon_core.package_discovery:discover_packages(path) check parameters
[0.389s] Level 1:colcon.colcon_core.package_discovery:discover_packages(colcon_meta) discover
[0.389s] Level 1:colcon.colcon_core.package_discovery:discover_packages(recursive) discover
[0.389s] INFO:colcon.colcon_core.package_discovery:Crawling recursively for packages in '/home/sirapob/torto_ws'
[0.389s] Level 1:colcon.colcon_core.package_identification:_identify(.) by extensions ['ignore', 'ignore_ament_install']
[0.389s] Level 1:colcon.colcon_core.package_identification:_identify(.) by extension 'ignore'
[0.389s] Level 1:colcon.colcon_core.package_identification:_identify(.) by extension 'ignore_ament_install'
[0.390s] Level 1:colcon.colcon_core.package_identification:_identify(.) by extensions ['colcon_pkg']
[0.390s] Level 1:colcon.colcon_core.package_identification:_identify(.) by extension 'colcon_pkg'
[0.390s] Level 1:colcon.colcon_core.package_identification:_identify(.) by extensions ['colcon_meta']
[0.390s] Level 1:colcon.colcon_core.package_identification:_identify(.) by extension 'colcon_meta'
[0.390s] Level 1:colcon.colcon_core.package_identification:_identify(.) by extensions ['ros']
[0.390s] Level 1:colcon.colcon_core.package_identification:_identify(.) by extension 'ros'
[0.446s] Level 1:colcon.colcon_core.package_identification:_identify(.) by extensions ['cmake', 'python']
[0.446s] Level 1:colcon.colcon_core.package_identification:_identify(.) by extension 'cmake'
[0.446s] Level 1:colcon.colcon_core.package_identification:_identify(.) by extension 'python'
[0.446s] Level 1:colcon.colcon_core.package_identification:_identify(.) by extensions ['python_setup_py']
[0.446s] Level 1:colcon.colcon_core.package_identification:_identify(.) by extension 'python_setup_py'
[0.446s] Level 1:colcon.colcon_core.package_identification:_identify(build) by extensions ['ignore', 'ignore_ament_install']
[0.447s] Level 1:colcon.colcon_core.package_identification:_identify(build) by extension 'ignore'
[0.447s] Level 1:colcon.colcon_core.package_identification:_identify(build) ignored
[0.447s] Level 1:colcon.colcon_core.package_identification:_identify(install) by extensions ['ignore', 'ignore_ament_install']
[0.447s] Level 1:colcon.colcon_core.package_identification:_identify(install) by extension 'ignore'
[0.447s] Level 1:colcon.colcon_core.package_identification:_identify(install) ignored
[0.447s] Level 1:colcon.colcon_core.package_identification:_identify(log) by extensions ['ignore', 'ignore_ament_install']
[0.447s] Level 1:colcon.colcon_core.package_identification:_identify(log) by extension 'ignore'
[0.447s] Level 1:colcon.colcon_core.package_identification:_identify(log) ignored
[0.448s] Level 1:colcon.colcon_core.package_identification:_identify(src) by extensions ['ignore', 'ignore_ament_install']
[0.448s] Level 1:colcon.colcon_core.package_identification:_identify(src) by extension 'ignore'
[0.448s] Level 1:colcon.colcon_core.package_identification:_identify(src) by extension 'ignore_ament_install'
[0.448s] Level 1:colcon.colcon_core.package_identification:_identify(src) by extensions ['colcon_pkg']
[0.448s] Level 1:colcon.colcon_core.package_identification:_identify(src) by extension 'colcon_pkg'
[0.448s] Level 1:colcon.colcon_core.package_identification:_identify(src) by extensions ['colcon_meta']
[0.448s] Level 1:colcon.colcon_core.package_identification:_identify(src) by extension 'colcon_meta'
[0.448s] Level 1:colcon.colcon_core.package_identification:_identify(src) by extensions ['ros']
[0.448s] Level 1:colcon.colcon_core.package_identification:_identify(src) by extension 'ros'
[0.448s] Level 1:colcon.colcon_core.package_identification:_identify(src) by extensions ['cmake', 'python']
[0.448s] Level 1:colcon.colcon_core.package_identification:_identify(src) by extension 'cmake'
[0.448s] Level 1:colcon.colcon_core.package_identification:_identify(src) by extension 'python'
[0.448s] Level 1:colcon.colcon_core.package_identification:_identify(src) by extensions ['python_setup_py']
[0.448s] Level 1:colcon.colcon_core.package_identification:_identify(src) by extension 'python_setup_py'
[0.449s] Level 1:colcon.colcon_core.package_identification:_identify(src/build) by extensions ['ignore', 'ignore_ament_install']
[0.449s] Level 1:colcon.colcon_core.package_identification:_identify(src/build) by extension 'ignore'
[0.449s] Level 1:colcon.colcon_core.package_identification:_identify(src/build) ignored
[0.449s] Level 1:colcon.colcon_core.package_identification:_identify(src/install) by extensions ['ignore', 'ignore_ament_install']
[0.449s] Level 1:colcon.colcon_core.package_identification:_identify(src/install) by extension 'ignore'
[0.449s] Level 1:colcon.colcon_core.package_identification:_identify(src/install) ignored
[0.449s] Level 1:colcon.colcon_core.package_identification:_identify(src/log) by extensions ['ignore', 'ignore_ament_install']
[0.449s] Level 1:colcon.colcon_core.package_identification:_identify(src/log) by extension 'ignore'
[0.449s] Level 1:colcon.colcon_core.package_identification:_identify(src/log) ignored
[0.449s] Level 1:colcon.colcon_core.package_identification:_identify(src/torto_ctrl) by extensions ['ignore', 'ignore_ament_install']
[0.450s] Level 1:colcon.colcon_core.package_identification:_identify(src/torto_ctrl) by extension 'ignore'
[0.450s] Level 1:colcon.colcon_core.package_identification:_identify(src/torto_ctrl) by extension 'ignore_ament_install'
[0.450s] Level 1:colcon.colcon_core.package_identification:_identify(src/torto_ctrl) by extensions ['colcon_pkg']
[0.450s] Level 1:colcon.colcon_core.package_identification:_identify(src/torto_ctrl) by extension 'colcon_pkg'
[0.450s] Level 1:colcon.colcon_core.package_identification:_identify(src/torto_ctrl) by extensions ['colcon_meta']
[0.450s] Level 1:colcon.colcon_core.package_identification:_identify(src/torto_ctrl) by extension 'colcon_meta'
[0.450s] Level 1:colcon.colcon_core.package_identification:_identify(src/torto_ctrl) by extensions ['ros']
[0.450s] Level 1:colcon.colcon_core.package_identification:_identify(src/torto_ctrl) by extension 'ros'
[0.461s] DEBUG:colcon.colcon_core.package_identification:Package 'src/torto_ctrl' with type 'ros.ament_python' and name 'torto_ctrl'
[0.461s] Level 1:colcon.colcon_core.package_identification:_identify(src/torto_hardware) by extensions ['ignore', 'ignore_ament_install']
[0.461s] Level 1:colcon.colcon_core.package_identification:_identify(src/torto_hardware) by extension 'ignore'
[0.462s] Level 1:colcon.colcon_core.package_identification:_identify(src/torto_hardware) by extension 'ignore_ament_install'
[0.462s] Level 1:colcon.colcon_core.package_identification:_identify(src/torto_hardware) by extensions ['colcon_pkg']
[0.462s] Level 1:colcon.colcon_core.package_identification:_identify(src/torto_hardware) by extension 'colcon_pkg'
[0.462s] Level 1:colcon.colcon_core.package_identification:_identify(src/torto_hardware) by extensions ['colcon_meta']
[0.462s] Level 1:colcon.colcon_core.package_identification:_identify(src/torto_hardware) by extension 'colcon_meta'
[0.462s] Level 1:colcon.colcon_core.package_identification:_identify(src/torto_hardware) by extensions ['ros']
[0.462s] Level 1:colcon.colcon_core.package_identification:_identify(src/torto_hardware) by extension 'ros'
[0.463s] DEBUG:colcon.colcon_core.package_identification:Package 'src/torto_hardware' with type 'ros.ament_python' and name 'torto_hardware'
[0.464s] Level 1:colcon.colcon_core.package_identification:_identify(src/torto_input_handle) by extensions ['ignore', 'ignore_ament_install']
[0.464s] Level 1:colcon.colcon_core.package_identification:_identify(src/torto_input_handle) by extension 'ignore'
[0.464s] Level 1:colcon.colcon_core.package_identification:_identify(src/torto_input_handle) by extension 'ignore_ament_install'
[0.464s] Level 1:colcon.colcon_core.package_identification:_identify(src/torto_input_handle) by extensions ['colcon_pkg']
[0.464s] Level 1:colcon.colcon_core.package_identification:_identify(src/torto_input_handle) by extension 'colcon_pkg'
[0.464s] Level 1:colcon.colcon_core.package_identification:_identify(src/torto_input_handle) by extensions ['colcon_meta']
[0.464s] Level 1:colcon.colcon_core.package_identification:_identify(src/torto_input_handle) by extension 'colcon_meta'
[0.464s] Level 1:colcon.colcon_core.package_identification:_identify(src/torto_input_handle) by extensions ['ros']
[0.464s] Level 1:colcon.colcon_core.package_identification:_identify(src/torto_input_handle) by extension 'ros'
[0.467s] DEBUG:colcon.colcon_core.package_identification:Package 'src/torto_input_handle' with type 'ros.ament_python' and name 'torto_input_handle'
[0.467s] Level 1:colcon.colcon_core.package_identification:_identify(src/torto_interfaces) by extensions ['ignore', 'ignore_ament_install']
[0.467s] Level 1:colcon.colcon_core.package_identification:_identify(src/torto_interfaces) by extension 'ignore'
[0.468s] Level 1:colcon.colcon_core.package_identification:_identify(src/torto_interfaces) by extension 'ignore_ament_install'
[0.468s] Level 1:colcon.colcon_core.package_identification:_identify(src/torto_interfaces) by extensions ['colcon_pkg']
[0.468s] Level 1:colcon.colcon_core.package_identification:_identify(src/torto_interfaces) by extension 'colcon_pkg'
[0.468s] Level 1:colcon.colcon_core.package_identification:_identify(src/torto_interfaces) by extensions ['colcon_meta']
[0.468s] Level 1:colcon.colcon_core.package_identification:_identify(src/torto_interfaces) by extension 'colcon_meta'
[0.468s] Level 1:colcon.colcon_core.package_identification:_identify(src/torto_interfaces) by extensions ['ros']
[0.468s] Level 1:colcon.colcon_core.package_identification:_identify(src/torto_interfaces) by extension 'ros'
[0.469s] DEBUG:colcon.colcon_core.package_identification:Package 'src/torto_interfaces' with type 'ros.ament_cmake' and name 'torto_interfaces'
[0.469s] Level 1:colcon.colcon_core.package_identification:_identify(src/torto_odometry) by extensions ['ignore', 'ignore_ament_install']
[0.469s] Level 1:colcon.colcon_core.package_identification:_identify(src/torto_odometry) by extension 'ignore'
[0.470s] Level 1:colcon.colcon_core.package_identification:_identify(src/torto_odometry) by extension 'ignore_ament_install'
[0.470s] Level 1:colcon.colcon_core.package_identification:_identify(src/torto_odometry) by extensions ['colcon_pkg']
[0.470s] Level 1:colcon.colcon_core.package_identification:_identify(src/torto_odometry) by extension 'colcon_pkg'
[0.470s] Level 1:colcon.colcon_core.package_identification:_identify(src/torto_odometry) by extensions ['colcon_meta']
[0.470s] Level 1:colcon.colcon_core.package_identification:_identify(src/torto_odometry) by extension 'colcon_meta'
[0.470s] Level 1:colcon.colcon_core.package_identification:_identify(src/torto_odometry) by extensions ['ros']
[0.470s] Level 1:colcon.colcon_core.package_identification:_identify(src/torto_odometry) by extension 'ros'
[0.472s] DEBUG:colcon.colcon_core.package_identification:Package 'src/torto_odometry' with type 'ros.ament_python' and name 'torto_odometry'
[0.472s] Level 1:colcon.colcon_core.package_identification:_identify(src/ydlidar_ros2_driver) by extensions ['ignore', 'ignore_ament_install']
[0.472s] Level 1:colcon.colcon_core.package_identification:_identify(src/ydlidar_ros2_driver) by extension 'ignore'
[0.472s] Level 1:colcon.colcon_core.package_identification:_identify(src/ydlidar_ros2_driver) by extension 'ignore_ament_install'
[0.472s] Level 1:colcon.colcon_core.package_identification:_identify(src/ydlidar_ros2_driver) by extensions ['colcon_pkg']
[0.473s] Level 1:colcon.colcon_core.package_identification:_identify(src/ydlidar_ros2_driver) by extension 'colcon_pkg'
[0.473s] Level 1:colcon.colcon_core.package_identification:_identify(src/ydlidar_ros2_driver) by extensions ['colcon_meta']
[0.473s] Level 1:colcon.colcon_core.package_identification:_identify(src/ydlidar_ros2_driver) by extension 'colcon_meta'
[0.473s] Level 1:colcon.colcon_core.package_identification:_identify(src/ydlidar_ros2_driver) by extensions ['ros']
[0.473s] Level 1:colcon.colcon_core.package_identification:_identify(src/ydlidar_ros2_driver) by extension 'ros'
[0.474s] DEBUG:colcon.colcon_core.package_identification:Package 'src/ydlidar_ros2_driver' with type 'ros.ament_cmake' and name 'ydlidar_ros2_driver'
[0.474s] Level 1:colcon.colcon_core.package_discovery:discover_packages(recursive) using defaults
[0.474s] Level 1:colcon.colcon_core.package_discovery:discover_packages(ignore) discover
[0.474s] Level 1:colcon.colcon_core.package_discovery:discover_packages(ignore) using defaults
[0.474s] Level 1:colcon.colcon_core.package_discovery:discover_packages(path) discover
[0.474s] Level 1:colcon.colcon_core.package_discovery:discover_packages(path) using defaults
[0.541s] Level 1:colcon.colcon_core.package_discovery:discover_packages(prefix_path) check parameters
[0.541s] Level 1:colcon.colcon_core.package_discovery:discover_packages(prefix_path) discover
[0.549s] DEBUG:colcon.colcon_installed_package_information.package_discovery:Found 7 installed packages in /home/sirapob/torto_ws/install
[0.551s] DEBUG:colcon.colcon_installed_package_information.package_discovery:Found 296 installed packages in /opt/ros/jazzy
[0.554s] Level 1:colcon.colcon_core.package_discovery:discover_packages(prefix_path) using defaults
[0.625s] Level 5:colcon.colcon_core.verb:set package 'torto_hardware' build argument 'cmake_args' from command line to 'None'
[0.625s] Level 5:colcon.colcon_core.verb:set package 'torto_hardware' build argument 'cmake_target' from command line to 'None'
[0.625s] Level 5:colcon.colcon_core.verb:set package 'torto_hardware' build argument 'cmake_target_skip_unavailable' from command line to 'False'
[0.625s] Level 5:colcon.colcon_core.verb:set package 'torto_hardware' build argument 'cmake_clean_cache' from command line to 'False'
[0.625s] Level 5:colcon.colcon_core.verb:set package 'torto_hardware' build argument 'cmake_clean_first' from command line to 'False'
[0.625s] Level 5:colcon.colcon_core.verb:set package 'torto_hardware' build argument 'cmake_force_configure' from command line to 'False'
[0.625s] Level 5:colcon.colcon_core.verb:set package 'torto_hardware' build argument 'ament_cmake_args' from command line to 'None'
[0.625s] Level 5:colcon.colcon_core.verb:set package 'torto_hardware' build argument 'catkin_cmake_args' from command line to 'None'
[0.625s] Level 5:colcon.colcon_core.verb:set package 'torto_hardware' build argument 'catkin_skip_building_tests' from command line to 'False'
[0.625s] DEBUG:colcon.colcon_core.verb:Building package 'torto_hardware' with the following arguments: {'ament_cmake_args': None, 'build_base': '/home/sirapob/torto_ws/build/torto_hardware', 'catkin_cmake_args': None, 'catkin_skip_building_tests': False, 'cmake_args': None, 'cmake_clean_cache': False, 'cmake_clean_first': False, 'cmake_force_configure': False, 'cmake_target': None, 'cmake_target_skip_unavailable': False, 'install_base': '/home/sirapob/torto_ws/install/torto_hardware', 'merge_install': False, 'path': '/home/sirapob/torto_ws/src/torto_hardware', 'symlink_install': False, 'test_result_base': None}
[0.626s] Level 5:colcon.colcon_core.verb:set package 'torto_input_handle' build argument 'cmake_args' from command line to 'None'
[0.626s] Level 5:colcon.colcon_core.verb:set package 'torto_input_handle' build argument 'cmake_target' from command line to 'None'
[0.626s] Level 5:colcon.colcon_core.verb:set package 'torto_input_handle' build argument 'cmake_target_skip_unavailable' from command line to 'False'
[0.626s] Level 5:colcon.colcon_core.verb:set package 'torto_input_handle' build argument 'cmake_clean_cache' from command line to 'False'
[0.626s] Level 5:colcon.colcon_core.verb:set package 'torto_input_handle' build argument 'cmake_clean_first' from command line to 'False'
[0.626s] Level 5:colcon.colcon_core.verb:set package 'torto_input_handle' build argument 'cmake_force_configure' from command line to 'False'
[0.626s] Level 5:colcon.colcon_core.verb:set package 'torto_input_handle' build argument 'ament_cmake_args' from command line to 'None'
[0.626s] Level 5:colcon.colcon_core.verb:set package 'torto_input_handle' build argument 'catkin_cmake_args' from command line to 'None'
[0.626s] Level 5:colcon.colcon_core.verb:set package 'torto_input_handle' build argument 'catkin_skip_building_tests' from command line to 'False'
[0.626s] DEBUG:colcon.colcon_core.verb:Building package 'torto_input_handle' with the following arguments: {'ament_cmake_args': None, 'build_base': '/home/sirapob/torto_ws/build/torto_input_handle', 'catkin_cmake_args': None, 'catkin_skip_building_tests': False, 'cmake_args': None, 'cmake_clean_cache': False, 'cmake_clean_first': False, 'cmake_force_configure': False, 'cmake_target': None, 'cmake_target_skip_unavailable': False, 'install_base': '/home/sirapob/torto_ws/install/torto_input_handle', 'merge_install': False, 'path': '/home/sirapob/torto_ws/src/torto_input_handle', 'symlink_install': False, 'test_result_base': None}
[0.627s] Level 5:colcon.colcon_core.verb:set package 'torto_interfaces' build argument 'cmake_args' from command line to 'None'
[0.627s] Level 5:colcon.colcon_core.verb:set package 'torto_interfaces' build argument 'cmake_target' from command line to 'None'
[0.627s] Level 5:colcon.colcon_core.verb:set package 'torto_interfaces' build argument 'cmake_target_skip_unavailable' from command line to 'False'
[0.627s] Level 5:colcon.colcon_core.verb:set package 'torto_interfaces' build argument 'cmake_clean_cache' from command line to 'False'
[0.627s] Level 5:colcon.colcon_core.verb:set package 'torto_interfaces' build argument 'cmake_clean_first' from command line to 'False'
[0.627s] Level 5:colcon.colcon_core.verb:set package 'torto_interfaces' build argument 'cmake_force_configure' from command line to 'False'
[0.627s] Level 5:colcon.colcon_core.verb:set package 'torto_interfaces' build argument 'ament_cmake_args' from command line to 'None'
[0.627s] Level 5:colcon.colcon_core.verb:set package 'torto_interfaces' build argument 'catkin_cmake_args' from command line to 'None'
[0.627s] Level 5:colcon.colcon_core.verb:set package 'torto_interfaces' build argument 'catkin_skip_building_tests' from command line to 'False'
[0.627s] DEBUG:colcon.colcon_core.verb:Building package 'torto_interfaces' with the following arguments: {'ament_cmake_args': None, 'build_base': '/home/sirapob/torto_ws/build/torto_interfaces', 'catkin_cmake_args': None, 'catkin_skip_building_tests': False, 'cmake_args': None, 'cmake_clean_cache': False, 'cmake_clean_first': False, 'cmake_force_configure': False, 'cmake_target': None, 'cmake_target_skip_unavailable': False, 'install_base': '/home/sirapob/torto_ws/install/torto_interfaces', 'merge_install': False, 'path': '/home/sirapob/torto_ws/src/torto_interfaces', 'symlink_install': False, 'test_result_base': None}
[0.627s] Level 5:colcon.colcon_core.verb:set package 'torto_odometry' build argument 'cmake_args' from command line to 'None'
[0.627s] Level 5:colcon.colcon_core.verb:set package 'torto_odometry' build argument 'cmake_target' from command line to 'None'
[0.627s] Level 5:colcon.colcon_core.verb:set package 'torto_odometry' build argument 'cmake_target_skip_unavailable' from command line to 'False'
[0.627s] Level 5:colcon.colcon_core.verb:set package 'torto_odometry' build argument 'cmake_clean_cache' from command line to 'False'
[0.627s] Level 5:colcon.colcon_core.verb:set package 'torto_odometry' build argument 'cmake_clean_first' from command line to 'False'
[0.627s] Level 5:colcon.colcon_core.verb:set package 'torto_odometry' build argument 'cmake_force_configure' from command line to 'False'
[0.627s] Level 5:colcon.colcon_core.verb:set package 'torto_odometry' build argument 'ament_cmake_args' from command line to 'None'
[0.627s] Level 5:colcon.colcon_core.verb:set package 'torto_odometry' build argument 'catkin_cmake_args' from command line to 'None'
[0.627s] Level 5:colcon.colcon_core.verb:set package 'torto_odometry' build argument 'catkin_skip_building_tests' from command line to 'False'
[0.627s] DEBUG:colcon.colcon_core.verb:Building package 'torto_odometry' with the following arguments: {'ament_cmake_args': None, 'build_base': '/home/sirapob/torto_ws/build/torto_odometry', 'catkin_cmake_args': None, 'catkin_skip_building_tests': False, 'cmake_args': None, 'cmake_clean_cache': False, 'cmake_clean_first': False, 'cmake_force_configure': False, 'cmake_target': None, 'cmake_target_skip_unavailable': False, 'install_base': '/home/sirapob/torto_ws/install/torto_odometry', 'merge_install': False, 'path': '/home/sirapob/torto_ws/src/torto_odometry', 'symlink_install': False, 'test_result_base': None}
[0.628s] Level 5:colcon.colcon_core.verb:set package 'ydlidar_ros2_driver' build argument 'cmake_args' from command line to 'None'
[0.628s] Level 5:colcon.colcon_core.verb:set package 'ydlidar_ros2_driver' build argument 'cmake_target' from command line to 'None'
[0.628s] Level 5:colcon.colcon_core.verb:set package 'ydlidar_ros2_driver' build argument 'cmake_target_skip_unavailable' from command line to 'False'
[0.628s] Level 5:colcon.colcon_core.verb:set package 'ydlidar_ros2_driver' build argument 'cmake_clean_cache' from command line to 'False'
[0.628s] Level 5:colcon.colcon_core.verb:set package 'ydlidar_ros2_driver' build argument 'cmake_clean_first' from command line to 'False'
[0.628s] Level 5:colcon.colcon_core.verb:set package 'ydlidar_ros2_driver' build argument 'cmake_force_configure' from command line to 'False'
[0.628s] Level 5:colcon.colcon_core.verb:set package 'ydlidar_ros2_driver' build argument 'ament_cmake_args' from command line to 'None'
[0.628s] Level 5:colcon.colcon_core.verb:set package 'ydlidar_ros2_driver' build argument 'catkin_cmake_args' from command line to 'None'
[0.628s] Level 5:colcon.colcon_core.verb:set package 'ydlidar_ros2_driver' build argument 'catkin_skip_building_tests' from command line to 'False'
[0.628s] DEBUG:colcon.colcon_core.verb:Building package 'ydlidar_ros2_driver' with the following arguments: {'ament_cmake_args': None, 'build_base': '/home/sirapob/torto_ws/build/ydlidar_ros2_driver', 'catkin_cmake_args': None, 'catkin_skip_building_tests': False, 'cmake_args': None, 'cmake_clean_cache': False, 'cmake_clean_first': False, 'cmake_force_configure': False, 'cmake_target': None, 'cmake_target_skip_unavailable': False, 'install_base': '/home/sirapob/torto_ws/install/ydlidar_ros2_driver', 'merge_install': False, 'path': '/home/sirapob/torto_ws/src/ydlidar_ros2_driver', 'symlink_install': False, 'test_result_base': None}
[0.628s] Level 5:colcon.colcon_core.verb:set package 'torto_ctrl' build argument 'cmake_args' from command line to 'None'
[0.628s] Level 5:colcon.colcon_core.verb:set package 'torto_ctrl' build argument 'cmake_target' from command line to 'None'
[0.628s] Level 5:colcon.colcon_core.verb:set package 'torto_ctrl' build argument 'cmake_target_skip_unavailable' from command line to 'False'
[0.628s] Level 5:colcon.colcon_core.verb:set package 'torto_ctrl' build argument 'cmake_clean_cache' from command line to 'False'
[0.628s] Level 5:colcon.colcon_core.verb:set package 'torto_ctrl' build argument 'cmake_clean_first' from command line to 'False'
[0.628s] Level 5:colcon.colcon_core.verb:set package 'torto_ctrl' build argument 'cmake_force_configure' from command line to 'False'
[0.628s] Level 5:colcon.colcon_core.verb:set package 'torto_ctrl' build argument 'ament_cmake_args' from command line to 'None'
[0.629s] Level 5:colcon.colcon_core.verb:set package 'torto_ctrl' build argument 'catkin_cmake_args' from command line to 'None'
[0.629s] Level 5:colcon.colcon_core.verb:set package 'torto_ctrl' build argument 'catkin_skip_building_tests' from command line to 'False'
[0.629s] DEBUG:colcon.colcon_core.verb:Building package 'torto_ctrl' with the following arguments: {'ament_cmake_args': None, 'build_base': '/home/sirapob/torto_ws/build/torto_ctrl', 'catkin_cmake_args': None, 'catkin_skip_building_tests': False, 'cmake_args': None, 'cmake_clean_cache': False, 'cmake_clean_first': False, 'cmake_force_configure': False, 'cmake_target': None, 'cmake_target_skip_unavailable': False, 'install_base': '/home/sirapob/torto_ws/install/torto_ctrl', 'merge_install': False, 'path': '/home/sirapob/torto_ws/src/torto_ctrl', 'symlink_install': False, 'test_result_base': None}
[0.629s] INFO:colcon.colcon_core.executor:Executing jobs using 'parallel' executor
[0.630s] DEBUG:colcon.colcon_parallel_executor.executor.parallel:run_until_complete
[0.630s] INFO:colcon.colcon_ros.task.ament_cmake.build:Building ROS package in '/home/sirapob/torto_ws/src/torto_interfaces' with build type 'ament_cmake'
[0.630s] INFO:colcon.colcon_cmake.task.cmake.build:Building CMake package in '/home/sirapob/torto_ws/src/torto_interfaces'
[0.642s] INFO:colcon.colcon_core.plugin_system:Skipping extension 'colcon_core.shell.bat': Not used on non-Windows systems
[0.643s] INFO:colcon.colcon_core.shell:Skip shell extension 'powershell' for command environment: Not usable outside of PowerShell
[0.643s] DEBUG:colcon.colcon_core.shell:Skip shell extension 'dsv' for command environment
[0.650s] INFO:colcon.colcon_ros.task.ament_python.build:Building ROS package in '/home/sirapob/torto_ws/src/torto_hardware' with build type 'ament_python'
[0.650s] Level 1:colcon.colcon_core.shell:create_environment_hook('torto_hardware', 'ament_prefix_path')
[0.650s] INFO:colcon.colcon_core.shell:Creating environment hook '/home/sirapob/torto_ws/install/torto_hardware/share/torto_hardware/hook/ament_prefix_path.ps1'
[0.652s] INFO:colcon.colcon_core.shell:Creating environment descriptor '/home/sirapob/torto_ws/install/torto_hardware/share/torto_hardware/hook/ament_prefix_path.dsv'
[0.654s] INFO:colcon.colcon_core.shell:Creating environment hook '/home/sirapob/torto_ws/install/torto_hardware/share/torto_hardware/hook/ament_prefix_path.sh'
[0.656s] INFO:colcon.colcon_core.shell:Skip shell extension 'powershell' for command environment: Not usable outside of PowerShell
[0.656s] DEBUG:colcon.colcon_core.shell:Skip shell extension 'dsv' for command environment
[0.661s] INFO:colcon.colcon_ros.task.ament_python.build:Building ROS package in '/home/sirapob/torto_ws/src/torto_input_handle' with build type 'ament_python'
[0.661s] Level 1:colcon.colcon_core.shell:create_environment_hook('torto_input_handle', 'ament_prefix_path')
[0.662s] INFO:colcon.colcon_core.shell:Creating environment hook '/home/sirapob/torto_ws/install/torto_input_handle/share/torto_input_handle/hook/ament_prefix_path.ps1'
[0.663s] INFO:colcon.colcon_core.shell:Creating environment descriptor '/home/sirapob/torto_ws/install/torto_input_handle/share/torto_input_handle/hook/ament_prefix_path.dsv'
[0.663s] INFO:colcon.colcon_core.shell:Creating environment hook '/home/sirapob/torto_ws/install/torto_input_handle/share/torto_input_handle/hook/ament_prefix_path.sh'
[0.664s] INFO:colcon.colcon_core.shell:Skip shell extension 'powershell' for command environment: Not usable outside of PowerShell
[0.664s] DEBUG:colcon.colcon_core.shell:Skip shell extension 'dsv' for command environment
[0.670s] INFO:colcon.colcon_ros.task.ament_python.build:Building ROS package in '/home/sirapob/torto_ws/src/torto_odometry' with build type 'ament_python'
[0.670s] Level 1:colcon.colcon_core.shell:create_environment_hook('torto_odometry', 'ament_prefix_path')
[0.671s] INFO:colcon.colcon_core.shell:Creating environment hook '/home/sirapob/torto_ws/install/torto_odometry/share/torto_odometry/hook/ament_prefix_path.ps1'
[0.672s] INFO:colcon.colcon_core.shell:Creating environment descriptor '/home/sirapob/torto_ws/install/torto_odometry/share/torto_odometry/hook/ament_prefix_path.dsv'
[0.673s] INFO:colcon.colcon_core.shell:Creating environment hook '/home/sirapob/torto_ws/install/torto_odometry/share/torto_odometry/hook/ament_prefix_path.sh'
[0.674s] INFO:colcon.colcon_core.shell:Skip shell extension 'powershell' for command environment: Not usable outside of PowerShell
[0.675s] DEBUG:colcon.colcon_core.shell:Skip shell extension 'dsv' for command environment
[0.686s] DEBUG:colcon.colcon_core.event_handler.log_command:Invoking command in '/home/sirapob/torto_ws/build/torto_interfaces': CMAKE_PREFIX_PATH=${CMAKE_PREFIX_PATH}:/home/sirapob/torto_ws/install/torto_odometry:/home/sirapob/torto_ws/install/torto_ctrl:/home/sirapob/torto_ws/install/torto_input_handle:/home/sirapob/torto_ws/install/torto_hardware:/opt/ros/jazzy DEBUGINFOD_URLS=https://debuginfod.ubuntu.com /usr/bin/cmake /home/sirapob/torto_ws/src/torto_interfaces -DCMAKE_INSTALL_PREFIX=/home/sirapob/torto_ws/install/torto_interfaces
[1.101s] INFO:colcon.colcon_core.task.python.build:Building Python package in '/home/sirapob/torto_ws/src/torto_hardware'
[1.101s] INFO:colcon.colcon_core.shell:Skip shell extension 'powershell' for command environment: Not usable outside of PowerShell
[1.102s] DEBUG:colcon.colcon_core.shell:Skip shell extension 'dsv' for command environment
[1.479s] INFO:colcon.colcon_core.task.python.build:Building Python package in '/home/sirapob/torto_ws/src/torto_input_handle'
[1.479s] INFO:colcon.colcon_core.shell:Skip shell extension 'powershell' for command environment: Not usable outside of PowerShell
[1.479s] DEBUG:colcon.colcon_core.shell:Skip shell extension 'dsv' for command environment
[1.867s] INFO:colcon.colcon_core.task.python.build:Building Python package in '/home/sirapob/torto_ws/src/torto_odometry'
[1.868s] INFO:colcon.colcon_core.shell:Skip shell extension 'powershell' for command environment: Not usable outside of PowerShell
[1.868s] DEBUG:colcon.colcon_core.shell:Skip shell extension 'dsv' for command environment
[2.987s] DEBUG:colcon.colcon_core.event_handler.log_command:Invoked command in '/home/sirapob/torto_ws/build/torto_interfaces' returned '0': CMAKE_PREFIX_PATH=${CMAKE_PREFIX_PATH}:/home/sirapob/torto_ws/install/torto_odometry:/home/sirapob/torto_ws/install/torto_ctrl:/home/sirapob/torto_ws/install/torto_input_handle:/home/sirapob/torto_ws/install/torto_hardware:/opt/ros/jazzy DEBUGINFOD_URLS=https://debuginfod.ubuntu.com /usr/bin/cmake /home/sirapob/torto_ws/src/torto_interfaces -DCMAKE_INSTALL_PREFIX=/home/sirapob/torto_ws/install/torto_interfaces
[2.988s] DEBUG:colcon.colcon_core.event_handler.log_command:Invoking command in '/home/sirapob/torto_ws/build/torto_interfaces': CMAKE_PREFIX_PATH=${CMAKE_PREFIX_PATH}:/home/sirapob/torto_ws/install/torto_odometry:/home/sirapob/torto_ws/install/torto_ctrl:/home/sirapob/torto_ws/install/torto_input_handle:/home/sirapob/torto_ws/install/torto_hardware:/opt/ros/jazzy DEBUGINFOD_URLS=https://debuginfod.ubuntu.com /usr/bin/cmake --build /home/sirapob/torto_ws/build/torto_interfaces -- -j4 -l4
[4.114s] DEBUG:colcon.colcon_core.event_handler.log_command:Invoking command in '/home/sirapob/torto_ws/build/torto_odometry': DEBUGINFOD_URLS=https://debuginfod.ubuntu.com PYTHONPATH=/home/sirapob/torto_ws/build/torto_odometry/prefix_override:/usr/lib/python3/dist-packages/colcon_core/task/python/colcon_distutils_commands:/home/sirapob/torto_ws/install/torto_odometry/lib/python3.12/site-packages:${PYTHONPATH} /usr/bin/python3 -W ignore:setup.py install is deprecated -W ignore:easy_install command is deprecated setup.py develop --uninstall --editable --build-directory /home/sirapob/torto_ws/build/torto_odometry/build
[4.120s] DEBUG:colcon.colcon_core.event_handler.log_command:Invoking command in '/home/sirapob/torto_ws/build/torto_hardware': DEBUGINFOD_URLS=https://debuginfod.ubuntu.com PYTHONPATH=/home/sirapob/torto_ws/build/torto_hardware/prefix_override:/usr/lib/python3/dist-packages/colcon_core/task/python/colcon_distutils_commands:/home/sirapob/torto_ws/install/torto_hardware/lib/python3.12/site-packages:${PYTHONPATH} /usr/bin/python3 -W ignore:setup.py install is deprecated -W ignore:easy_install command is deprecated setup.py develop --uninstall --editable --build-directory /home/sirapob/torto_ws/build/torto_hardware/build
[4.277s] DEBUG:colcon.colcon_core.event_handler.log_command:Invoked command in '/home/sirapob/torto_ws/build/torto_interfaces' returned '0': CMAKE_PREFIX_PATH=${CMAKE_PREFIX_PATH}:/home/sirapob/torto_ws/install/torto_odometry:/home/sirapob/torto_ws/install/torto_ctrl:/home/sirapob/torto_ws/install/torto_input_handle:/home/sirapob/torto_ws/install/torto_hardware:/opt/ros/jazzy DEBUGINFOD_URLS=https://debuginfod.ubuntu.com /usr/bin/cmake --build /home/sirapob/torto_ws/build/torto_interfaces -- -j4 -l4
[4.305s] DEBUG:colcon.colcon_core.event_handler.log_command:Invoking command in '/home/sirapob/torto_ws/build/torto_interfaces': CMAKE_PREFIX_PATH=${CMAKE_PREFIX_PATH}:/home/sirapob/torto_ws/install/torto_odometry:/home/sirapob/torto_ws/install/torto_ctrl:/home/sirapob/torto_ws/install/torto_input_handle:/home/sirapob/torto_ws/install/torto_hardware:/opt/ros/jazzy DEBUGINFOD_URLS=https://debuginfod.ubuntu.com /usr/bin/cmake --install /home/sirapob/torto_ws/build/torto_interfaces
[4.314s] DEBUG:colcon.colcon_core.event_handler.log_command:Invoking command in '/home/sirapob/torto_ws/build/torto_input_handle': DEBUGINFOD_URLS=https://debuginfod.ubuntu.com PYTHONPATH=/home/sirapob/torto_ws/build/torto_input_handle/prefix_override:/usr/lib/python3/dist-packages/colcon_core/task/python/colcon_distutils_commands:/home/sirapob/torto_ws/install/torto_input_handle/lib/python3.12/site-packages:${PYTHONPATH} /usr/bin/python3 -W ignore:setup.py install is deprecated -W ignore:easy_install command is deprecated setup.py develop --uninstall --editable --build-directory /home/sirapob/torto_ws/build/torto_input_handle/build
[4.599s] Level 1:colcon.colcon_core.environment:create_environment_scripts_only(torto_interfaces)
[4.601s] DEBUG:colcon.colcon_core.event_handler.log_command:Invoked command in '/home/sirapob/torto_ws/build/torto_interfaces' returned '0': CMAKE_PREFIX_PATH=${CMAKE_PREFIX_PATH}:/home/sirapob/torto_ws/install/torto_odometry:/home/sirapob/torto_ws/install/torto_ctrl:/home/sirapob/torto_ws/install/torto_input_handle:/home/sirapob/torto_ws/install/torto_hardware:/opt/ros/jazzy DEBUGINFOD_URLS=https://debuginfod.ubuntu.com /usr/bin/cmake --install /home/sirapob/torto_ws/build/torto_interfaces
[4.614s] Level 1:colcon.colcon_core.environment:checking '/home/sirapob/torto_ws/install/torto_interfaces' for CMake module files
[4.616s] Level 1:colcon.colcon_core.environment:checking '/home/sirapob/torto_ws/install/torto_interfaces' for CMake config files
[4.617s] Level 1:colcon.colcon_core.shell:create_environment_hook('torto_interfaces', 'cmake_prefix_path')
[4.622s] INFO:colcon.colcon_core.shell:Creating environment hook '/home/sirapob/torto_ws/install/torto_interfaces/share/torto_interfaces/hook/cmake_prefix_path.ps1'
[4.623s] INFO:colcon.colcon_core.shell:Creating environment descriptor '/home/sirapob/torto_ws/install/torto_interfaces/share/torto_interfaces/hook/cmake_prefix_path.dsv'
[4.625s] INFO:colcon.colcon_core.shell:Creating environment hook '/home/sirapob/torto_ws/install/torto_interfaces/share/torto_interfaces/hook/cmake_prefix_path.sh'
[4.628s] Level 1:colcon.colcon_core.environment:checking '/home/sirapob/torto_ws/install/torto_interfaces/lib'
[4.632s] Level 1:colcon.colcon_core.shell:create_environment_hook('torto_interfaces', 'ld_library_path_lib')
[4.633s] INFO:colcon.colcon_core.shell:Creating environment hook '/home/sirapob/torto_ws/install/torto_interfaces/share/torto_interfaces/hook/ld_library_path_lib.ps1'
[4.634s] INFO:colcon.colcon_core.shell:Creating environment descriptor '/home/sirapob/torto_ws/install/torto_interfaces/share/torto_interfaces/hook/ld_library_path_lib.dsv'
[4.635s] INFO:colcon.colcon_core.shell:Creating environment hook '/home/sirapob/torto_ws/install/torto_interfaces/share/torto_interfaces/hook/ld_library_path_lib.sh'
[4.639s] Level 1:colcon.colcon_core.environment:checking '/home/sirapob/torto_ws/install/torto_interfaces/bin'
[4.639s] Level 1:colcon.colcon_core.environment:checking '/home/sirapob/torto_ws/install/torto_interfaces/lib/pkgconfig/torto_interfaces.pc'
[4.640s] Level 1:colcon.colcon_core.environment:checking '/home/sirapob/torto_ws/install/torto_interfaces/lib/python3.12/site-packages'
[4.640s] Level 1:colcon.colcon_core.shell:create_environment_hook('torto_interfaces', 'pythonpath')
[4.640s] INFO:colcon.colcon_core.shell:Creating environment hook '/home/sirapob/torto_ws/install/torto_interfaces/share/torto_interfaces/hook/pythonpath.ps1'
[4.642s] INFO:colcon.colcon_core.shell:Creating environment descriptor '/home/sirapob/torto_ws/install/torto_interfaces/share/torto_interfaces/hook/pythonpath.dsv'
[4.646s] INFO:colcon.colcon_core.shell:Creating environment hook '/home/sirapob/torto_ws/install/torto_interfaces/share/torto_interfaces/hook/pythonpath.sh'
[4.648s] Level 1:colcon.colcon_core.environment:checking '/home/sirapob/torto_ws/install/torto_interfaces/bin'
[4.648s] INFO:colcon.colcon_core.shell:Creating package script '/home/sirapob/torto_ws/install/torto_interfaces/share/torto_interfaces/package.ps1'
[4.653s] INFO:colcon.colcon_core.shell:Creating package descriptor '/home/sirapob/torto_ws/install/torto_interfaces/share/torto_interfaces/package.dsv'
[4.658s] INFO:colcon.colcon_core.shell:Creating package script '/home/sirapob/torto_ws/install/torto_interfaces/share/torto_interfaces/package.sh'
[4.663s] INFO:colcon.colcon_core.shell:Creating package script '/home/sirapob/torto_ws/install/torto_interfaces/share/torto_interfaces/package.bash'
[4.668s] INFO:colcon.colcon_core.shell:Creating package script '/home/sirapob/torto_ws/install/torto_interfaces/share/torto_interfaces/package.zsh'
[4.671s] Level 1:colcon.colcon_core.environment:create_file_with_runtime_dependencies(/home/sirapob/torto_ws/install/torto_interfaces/share/colcon-core/packages/torto_interfaces)
[4.676s] Level 1:colcon.colcon_core.environment:create_environment_scripts_only(torto_interfaces)
[4.676s] Level 1:colcon.colcon_core.environment:checking '/home/sirapob/torto_ws/install/torto_interfaces' for CMake module files
[4.681s] Level 1:colcon.colcon_core.environment:checking '/home/sirapob/torto_ws/install/torto_interfaces' for CMake config files
[4.682s] Level 1:colcon.colcon_core.shell:create_environment_hook('torto_interfaces', 'cmake_prefix_path')
[4.683s] INFO:colcon.colcon_core.shell:Creating environment hook '/home/sirapob/torto_ws/install/torto_interfaces/share/torto_interfaces/hook/cmake_prefix_path.ps1'
[4.687s] INFO:colcon.colcon_core.shell:Creating environment descriptor '/home/sirapob/torto_ws/install/torto_interfaces/share/torto_interfaces/hook/cmake_prefix_path.dsv'
[4.694s] INFO:colcon.colcon_core.shell:Creating environment hook '/home/sirapob/torto_ws/install/torto_interfaces/share/torto_interfaces/hook/cmake_prefix_path.sh'
[4.695s] Level 1:colcon.colcon_core.environment:checking '/home/sirapob/torto_ws/install/torto_interfaces/lib'
[4.696s] Level 1:colcon.colcon_core.shell:create_environment_hook('torto_interfaces', 'ld_library_path_lib')
[4.696s] INFO:colcon.colcon_core.shell:Creating environment hook '/home/sirapob/torto_ws/install/torto_interfaces/share/torto_interfaces/hook/ld_library_path_lib.ps1'
[4.700s] INFO:colcon.colcon_core.shell:Creating environment descriptor '/home/sirapob/torto_ws/install/torto_interfaces/share/torto_interfaces/hook/ld_library_path_lib.dsv'
[4.704s] INFO:colcon.colcon_core.shell:Creating environment hook '/home/sirapob/torto_ws/install/torto_interfaces/share/torto_interfaces/hook/ld_library_path_lib.sh'
[4.704s] Level 1:colcon.colcon_core.environment:checking '/home/sirapob/torto_ws/install/torto_interfaces/bin'
[4.705s] Level 1:colcon.colcon_core.environment:checking '/home/sirapob/torto_ws/install/torto_interfaces/lib/pkgconfig/torto_interfaces.pc'
[4.706s] Level 1:colcon.colcon_core.environment:checking '/home/sirapob/torto_ws/install/torto_interfaces/lib/python3.12/site-packages'
[4.709s] Level 1:colcon.colcon_core.shell:create_environment_hook('torto_interfaces', 'pythonpath')
[4.709s] INFO:colcon.colcon_core.shell:Creating environment hook '/home/sirapob/torto_ws/install/torto_interfaces/share/torto_interfaces/hook/pythonpath.ps1'
[4.710s] INFO:colcon.colcon_core.shell:Creating environment descriptor '/home/sirapob/torto_ws/install/torto_interfaces/share/torto_interfaces/hook/pythonpath.dsv'
[4.714s] INFO:colcon.colcon_core.shell:Creating environment hook '/home/sirapob/torto_ws/install/torto_interfaces/share/torto_interfaces/hook/pythonpath.sh'
[4.716s] Level 1:colcon.colcon_core.environment:checking '/home/sirapob/torto_ws/install/torto_interfaces/bin'
[4.719s] INFO:colcon.colcon_core.shell:Creating package script '/home/sirapob/torto_ws/install/torto_interfaces/share/torto_interfaces/package.ps1'
[4.721s] INFO:colcon.colcon_core.shell:Creating package descriptor '/home/sirapob/torto_ws/install/torto_interfaces/share/torto_interfaces/package.dsv'
[4.722s] INFO:colcon.colcon_core.shell:Creating package script '/home/sirapob/torto_ws/install/torto_interfaces/share/torto_interfaces/package.sh'
[4.726s] INFO:colcon.colcon_core.shell:Creating package script '/home/sirapob/torto_ws/install/torto_interfaces/share/torto_interfaces/package.bash'
[4.730s] INFO:colcon.colcon_core.shell:Creating package script '/home/sirapob/torto_ws/install/torto_interfaces/share/torto_interfaces/package.zsh'
[4.731s] Level 1:colcon.colcon_core.environment:create_file_with_runtime_dependencies(/home/sirapob/torto_ws/install/torto_interfaces/share/colcon-core/packages/torto_interfaces)
[4.735s] INFO:colcon.colcon_ros.task.ament_cmake.build:Building ROS package in '/home/sirapob/torto_ws/src/ydlidar_ros2_driver' with build type 'ament_cmake'
[4.736s] INFO:colcon.colcon_cmake.task.cmake.build:Building CMake package in '/home/sirapob/torto_ws/src/ydlidar_ros2_driver'
[4.736s] INFO:colcon.colcon_core.shell:Skip shell extension 'powershell' for command environment: Not usable outside of PowerShell
[4.737s] DEBUG:colcon.colcon_core.shell:Skip shell extension 'dsv' for command environment
[4.756s] DEBUG:colcon.colcon_core.event_handler.log_command:Invoking command in '/home/sirapob/torto_ws/build/ydlidar_ros2_driver': CMAKE_PREFIX_PATH=${CMAKE_PREFIX_PATH}:/home/sirapob/torto_ws/install/torto_odometry:/home/sirapob/torto_ws/install/torto_ctrl:/home/sirapob/torto_ws/install/torto_input_handle:/home/sirapob/torto_ws/install/torto_hardware:/opt/ros/jazzy DEBUGINFOD_URLS=https://debuginfod.ubuntu.com /usr/bin/cmake /home/sirapob/torto_ws/src/ydlidar_ros2_driver -DCMAKE_INSTALL_PREFIX=/home/sirapob/torto_ws/install/ydlidar_ros2_driver
[5.641s] DEBUG:colcon.colcon_core.event_handler.log_command:Invoked command in '/home/sirapob/torto_ws/build/torto_odometry' returned '0': DEBUGINFOD_URLS=https://debuginfod.ubuntu.com PYTHONPATH=/home/sirapob/torto_ws/build/torto_odometry/prefix_override:/usr/lib/python3/dist-packages/colcon_core/task/python/colcon_distutils_commands:/home/sirapob/torto_ws/install/torto_odometry/lib/python3.12/site-packages:${PYTHONPATH} /usr/bin/python3 -W ignore:setup.py install is deprecated -W ignore:easy_install command is deprecated setup.py develop --uninstall --editable --build-directory /home/sirapob/torto_ws/build/torto_odometry/build
[5.644s] DEBUG:colcon.colcon_core.event_handler.log_command:Invoking command in '/home/sirapob/torto_ws/src/torto_odometry': DEBUGINFOD_URLS=https://debuginfod.ubuntu.com PYTHONPATH=/home/sirapob/torto_ws/build/torto_odometry/prefix_override:/usr/lib/python3/dist-packages/colcon_core/task/python/colcon_distutils_commands:/home/sirapob/torto_ws/install/torto_odometry/lib/python3.12/site-packages:${PYTHONPATH} /usr/bin/python3 -W ignore:setup.py install is deprecated -W ignore:easy_install command is deprecated setup.py egg_info --egg-base ../../build/torto_odometry build --build-base /home/sirapob/torto_ws/build/torto_odometry/build install --record /home/sirapob/torto_ws/build/torto_odometry/install.log --single-version-externally-managed install_data --force
[5.806s] DEBUG:colcon.colcon_core.event_handler.log_command:Invoked command in '/home/sirapob/torto_ws/build/torto_hardware' returned '0': DEBUGINFOD_URLS=https://debuginfod.ubuntu.com PYTHONPATH=/home/sirapob/torto_ws/build/torto_hardware/prefix_override:/usr/lib/python3/dist-packages/colcon_core/task/python/colcon_distutils_commands:/home/sirapob/torto_ws/install/torto_hardware/lib/python3.12/site-packages:${PYTHONPATH} /usr/bin/python3 -W ignore:setup.py install is deprecated -W ignore:easy_install command is deprecated setup.py develop --uninstall --editable --build-directory /home/sirapob/torto_ws/build/torto_hardware/build
[5.806s] DEBUG:colcon.colcon_core.event_handler.log_command:Invoking command in '/home/sirapob/torto_ws/src/torto_hardware': DEBUGINFOD_URLS=https://debuginfod.ubuntu.com PYTHONPATH=/home/sirapob/torto_ws/build/torto_hardware/prefix_override:/usr/lib/python3/dist-packages/colcon_core/task/python/colcon_distutils_commands:/home/sirapob/torto_ws/install/torto_hardware/lib/python3.12/site-packages:${PYTHONPATH} /usr/bin/python3 -W ignore:setup.py install is deprecated -W ignore:easy_install command is deprecated setup.py egg_info --egg-base ../../build/torto_hardware build --build-base /home/sirapob/torto_ws/build/torto_hardware/build install --record /home/sirapob/torto_ws/build/torto_hardware/install.log --single-version-externally-managed install_data --force
[6.081s] DEBUG:colcon.colcon_core.event_handler.log_command:Invoked command in '/home/sirapob/torto_ws/build/torto_input_handle' returned '0': DEBUGINFOD_URLS=https://debuginfod.ubuntu.com PYTHONPATH=/home/sirapob/torto_ws/build/torto_input_handle/prefix_override:/usr/lib/python3/dist-packages/colcon_core/task/python/colcon_distutils_commands:/home/sirapob/torto_ws/install/torto_input_handle/lib/python3.12/site-packages:${PYTHONPATH} /usr/bin/python3 -W ignore:setup.py install is deprecated -W ignore:easy_install command is deprecated setup.py develop --uninstall --editable --build-directory /home/sirapob/torto_ws/build/torto_input_handle/build
[6.088s] DEBUG:colcon.colcon_core.event_handler.log_command:Invoking command in '/home/sirapob/torto_ws/src/torto_input_handle': DEBUGINFOD_URLS=https://debuginfod.ubuntu.com PYTHONPATH=/home/sirapob/torto_ws/build/torto_input_handle/prefix_override:/usr/lib/python3/dist-packages/colcon_core/task/python/colcon_distutils_commands:/home/sirapob/torto_ws/install/torto_input_handle/lib/python3.12/site-packages:${PYTHONPATH} /usr/bin/python3 -W ignore:setup.py install is deprecated -W ignore:easy_install command is deprecated setup.py egg_info --egg-base ../../build/torto_input_handle build --build-base /home/sirapob/torto_ws/build/torto_input_handle/build install --record /home/sirapob/torto_ws/build/torto_input_handle/install.log --single-version-externally-managed install_data --force
[7.404s] Level 1:colcon.colcon_core.environment:checking '/home/sirapob/torto_ws/install/torto_odometry' for CMake module files
[7.406s] DEBUG:colcon.colcon_core.event_handler.log_command:Invoked command in '/home/sirapob/torto_ws/src/torto_odometry' returned '0': DEBUGINFOD_URLS=https://debuginfod.ubuntu.com PYTHONPATH=/home/sirapob/torto_ws/build/torto_odometry/prefix_override:/usr/lib/python3/dist-packages/colcon_core/task/python/colcon_distutils_commands:/home/sirapob/torto_ws/install/torto_odometry/lib/python3.12/site-packages:${PYTHONPATH} /usr/bin/python3 -W ignore:setup.py install is deprecated -W ignore:easy_install command is deprecated setup.py egg_info --egg-base ../../build/torto_odometry build --build-base /home/sirapob/torto_ws/build/torto_odometry/build install --record /home/sirapob/torto_ws/build/torto_odometry/install.log --single-version-externally-managed install_data --force
[7.406s] Level 1:colcon.colcon_core.environment:checking '/home/sirapob/torto_ws/install/torto_odometry' for CMake config files
[7.408s] Level 1:colcon.colcon_core.environment:checking '/home/sirapob/torto_ws/install/torto_odometry/lib'
[7.408s] Level 1:colcon.colcon_core.environment:checking '/home/sirapob/torto_ws/install/torto_odometry/bin'
[7.409s] Level 1:colcon.colcon_core.environment:checking '/home/sirapob/torto_ws/install/torto_odometry/lib/pkgconfig/torto_odometry.pc'
[7.411s] Level 1:colcon.colcon_core.environment:checking '/home/sirapob/torto_ws/install/torto_odometry/lib/python3.12/site-packages'
[7.413s] Level 1:colcon.colcon_core.shell:create_environment_hook('torto_odometry', 'pythonpath')
[7.414s] INFO:colcon.colcon_core.shell:Creating environment hook '/home/sirapob/torto_ws/install/torto_odometry/share/torto_odometry/hook/pythonpath.ps1'
[7.415s] INFO:colcon.colcon_core.shell:Creating environment descriptor '/home/sirapob/torto_ws/install/torto_odometry/share/torto_odometry/hook/pythonpath.dsv'
[7.419s] INFO:colcon.colcon_core.shell:Creating environment hook '/home/sirapob/torto_ws/install/torto_odometry/share/torto_odometry/hook/pythonpath.sh'
[7.421s] Level 1:colcon.colcon_core.environment:checking '/home/sirapob/torto_ws/install/torto_odometry/bin'
[7.422s] Level 1:colcon.colcon_core.environment:create_environment_scripts_only(torto_odometry)
[7.423s] INFO:colcon.colcon_core.shell:Creating package script '/home/sirapob/torto_ws/install/torto_odometry/share/torto_odometry/package.ps1'
[7.426s] INFO:colcon.colcon_core.shell:Creating package descriptor '/home/sirapob/torto_ws/install/torto_odometry/share/torto_odometry/package.dsv'
[7.429s] INFO:colcon.colcon_core.shell:Creating package script '/home/sirapob/torto_ws/install/torto_odometry/share/torto_odometry/package.sh'
[7.430s] INFO:colcon.colcon_core.shell:Creating package script '/home/sirapob/torto_ws/install/torto_odometry/share/torto_odometry/package.bash'
[7.431s] INFO:colcon.colcon_core.shell:Creating package script '/home/sirapob/torto_ws/install/torto_odometry/share/torto_odometry/package.zsh'
[7.433s] Level 1:colcon.colcon_core.environment:create_file_with_runtime_dependencies(/home/sirapob/torto_ws/install/torto_odometry/share/colcon-core/packages/torto_odometry)
[7.435s] INFO:colcon.colcon_ros.task.ament_python.build:Building ROS package in '/home/sirapob/torto_ws/src/torto_ctrl' with build type 'ament_python'
[7.435s] Level 1:colcon.colcon_core.shell:create_environment_hook('torto_ctrl', 'ament_prefix_path')
[7.438s] INFO:colcon.colcon_core.shell:Creating environment hook '/home/sirapob/torto_ws/install/torto_ctrl/share/torto_ctrl/hook/ament_prefix_path.ps1'
[7.443s] INFO:colcon.colcon_core.shell:Creating environment descriptor '/home/sirapob/torto_ws/install/torto_ctrl/share/torto_ctrl/hook/ament_prefix_path.dsv'
[7.447s] INFO:colcon.colcon_core.shell:Creating environment hook '/home/sirapob/torto_ws/install/torto_ctrl/share/torto_ctrl/hook/ament_prefix_path.sh'
[7.449s] INFO:colcon.colcon_core.shell:Skip shell extension 'powershell' for command environment: Not usable outside of PowerShell
[7.449s] DEBUG:colcon.colcon_core.shell:Skip shell extension 'dsv' for command environment
[8.114s] INFO:colcon.colcon_core.task.python.build:Building Python package in '/home/sirapob/torto_ws/src/torto_ctrl'
[8.114s] INFO:colcon.colcon_core.shell:Skip shell extension 'powershell' for command environment: Not usable outside of PowerShell
[8.115s] DEBUG:colcon.colcon_core.shell:Skip shell extension 'dsv' for command environment
[8.123s] Level 1:colcon.colcon_core.environment:checking '/home/sirapob/torto_ws/install/torto_input_handle' for CMake module files
[8.124s] DEBUG:colcon.colcon_core.event_handler.log_command:Invoked command in '/home/sirapob/torto_ws/src/torto_input_handle' returned '0': DEBUGINFOD_URLS=https://debuginfod.ubuntu.com PYTHONPATH=/home/sirapob/torto_ws/build/torto_input_handle/prefix_override:/usr/lib/python3/dist-packages/colcon_core/task/python/colcon_distutils_commands:/home/sirapob/torto_ws/install/torto_input_handle/lib/python3.12/site-packages:${PYTHONPATH} /usr/bin/python3 -W ignore:setup.py install is deprecated -W ignore:easy_install command is deprecated setup.py egg_info --egg-base ../../build/torto_input_handle build --build-base /home/sirapob/torto_ws/build/torto_input_handle/build install --record /home/sirapob/torto_ws/build/torto_input_handle/install.log --single-version-externally-managed install_data --force
[8.127s] Level 1:colcon.colcon_core.environment:checking '/home/sirapob/torto_ws/install/torto_input_handle' for CMake config files
[8.136s] Level 1:colcon.colcon_core.environment:checking '/home/sirapob/torto_ws/install/torto_input_handle/lib'
[8.136s] Level 1:colcon.colcon_core.environment:checking '/home/sirapob/torto_ws/install/torto_input_handle/bin'
[8.137s] Level 1:colcon.colcon_core.environment:checking '/home/sirapob/torto_ws/install/torto_input_handle/lib/pkgconfig/torto_input_handle.pc'
[8.137s] Level 1:colcon.colcon_core.environment:checking '/home/sirapob/torto_ws/install/torto_input_handle/lib/python3.12/site-packages'
[8.138s] Level 1:colcon.colcon_core.shell:create_environment_hook('torto_input_handle', 'pythonpath')
[8.138s] INFO:colcon.colcon_core.shell:Creating environment hook '/home/sirapob/torto_ws/install/torto_input_handle/share/torto_input_handle/hook/pythonpath.ps1'
[8.140s] INFO:colcon.colcon_core.shell:Creating environment descriptor '/home/sirapob/torto_ws/install/torto_input_handle/share/torto_input_handle/hook/pythonpath.dsv'
[8.142s] INFO:colcon.colcon_core.shell:Creating environment hook '/home/sirapob/torto_ws/install/torto_input_handle/share/torto_input_handle/hook/pythonpath.sh'
[8.146s] Level 1:colcon.colcon_core.environment:checking '/home/sirapob/torto_ws/install/torto_input_handle/bin'
[8.148s] Level 1:colcon.colcon_core.environment:create_environment_scripts_only(torto_input_handle)
[8.148s] INFO:colcon.colcon_core.shell:Creating package script '/home/sirapob/torto_ws/install/torto_input_handle/share/torto_input_handle/package.ps1'
[8.150s] INFO:colcon.colcon_core.shell:Creating package descriptor '/home/sirapob/torto_ws/install/torto_input_handle/share/torto_input_handle/package.dsv'
[8.155s] INFO:colcon.colcon_core.shell:Creating package script '/home/sirapob/torto_ws/install/torto_input_handle/share/torto_input_handle/package.sh'
[8.156s] INFO:colcon.colcon_core.shell:Creating package script '/home/sirapob/torto_ws/install/torto_input_handle/share/torto_input_handle/package.bash'
[8.158s] INFO:colcon.colcon_core.shell:Creating package script '/home/sirapob/torto_ws/install/torto_input_handle/share/torto_input_handle/package.zsh'
[8.160s] Level 1:colcon.colcon_core.environment:create_file_with_runtime_dependencies(/home/sirapob/torto_ws/install/torto_input_handle/share/colcon-core/packages/torto_input_handle)
[8.161s] Level 1:colcon.colcon_core.environment:checking '/home/sirapob/torto_ws/install/torto_hardware' for CMake module files
[8.164s] Level 1:colcon.colcon_core.environment:checking '/home/sirapob/torto_ws/install/torto_hardware' for CMake config files
[8.165s] DEBUG:colcon.colcon_core.event_handler.log_command:Invoked command in '/home/sirapob/torto_ws/src/torto_hardware' returned '0': DEBUGINFOD_URLS=https://debuginfod.ubuntu.com PYTHONPATH=/home/sirapob/torto_ws/build/torto_hardware/prefix_override:/usr/lib/python3/dist-packages/colcon_core/task/python/colcon_distutils_commands:/home/sirapob/torto_ws/install/torto_hardware/lib/python3.12/site-packages:${PYTHONPATH} /usr/bin/python3 -W ignore:setup.py install is deprecated -W ignore:easy_install command is deprecated setup.py egg_info --egg-base ../../build/torto_hardware build --build-base /home/sirapob/torto_ws/build/torto_hardware/build install --record /home/sirapob/torto_ws/build/torto_hardware/install.log --single-version-externally-managed install_data --force
[8.166s] Level 1:colcon.colcon_core.environment:checking '/home/sirapob/torto_ws/install/torto_hardware/lib'
[8.167s] Level 1:colcon.colcon_core.environment:checking '/home/sirapob/torto_ws/install/torto_hardware/bin'
[8.167s] Level 1:colcon.colcon_core.environment:checking '/home/sirapob/torto_ws/install/torto_hardware/lib/pkgconfig/torto_hardware.pc'
[8.168s] Level 1:colcon.colcon_core.environment:checking '/home/sirapob/torto_ws/install/torto_hardware/lib/python3.12/site-packages'
[8.169s] Level 1:colcon.colcon_core.shell:create_environment_hook('torto_hardware', 'pythonpath')
[8.169s] INFO:colcon.colcon_core.shell:Creating environment hook '/home/sirapob/torto_ws/install/torto_hardware/share/torto_hardware/hook/pythonpath.ps1'
[8.171s] INFO:colcon.colcon_core.shell:Creating environment descriptor '/home/sirapob/torto_ws/install/torto_hardware/share/torto_hardware/hook/pythonpath.dsv'
[8.174s] INFO:colcon.colcon_core.shell:Creating environment hook '/home/sirapob/torto_ws/install/torto_hardware/share/torto_hardware/hook/pythonpath.sh'
[8.175s] Level 1:colcon.colcon_core.environment:checking '/home/sirapob/torto_ws/install/torto_hardware/bin'
[8.176s] Level 1:colcon.colcon_core.environment:create_environment_scripts_only(torto_hardware)
[8.176s] INFO:colcon.colcon_core.shell:Creating package script '/home/sirapob/torto_ws/install/torto_hardware/share/torto_hardware/package.ps1'
[8.178s] INFO:colcon.colcon_core.shell:Creating package descriptor '/home/sirapob/torto_ws/install/torto_hardware/share/torto_hardware/package.dsv'
[8.180s] INFO:colcon.colcon_core.shell:Creating package script '/home/sirapob/torto_ws/install/torto_hardware/share/torto_hardware/package.sh'
[8.182s] INFO:colcon.colcon_core.shell:Creating package script '/home/sirapob/torto_ws/install/torto_hardware/share/torto_hardware/package.bash'
[8.183s] INFO:colcon.colcon_core.shell:Creating package script '/home/sirapob/torto_ws/install/torto_hardware/share/torto_hardware/package.zsh'
[8.184s] Level 1:colcon.colcon_core.environment:create_file_with_runtime_dependencies(/home/sirapob/torto_ws/install/torto_hardware/share/colcon-core/packages/torto_hardware)
[8.621s] DEBUG:colcon.colcon_core.event_handler.log_command:Invoked command in '/home/sirapob/torto_ws/build/ydlidar_ros2_driver' returned '0': CMAKE_PREFIX_PATH=${CMAKE_PREFIX_PATH}:/home/sirapob/torto_ws/install/torto_odometry:/home/sirapob/torto_ws/install/torto_ctrl:/home/sirapob/torto_ws/install/torto_input_handle:/home/sirapob/torto_ws/install/torto_hardware:/opt/ros/jazzy DEBUGINFOD_URLS=https://debuginfod.ubuntu.com /usr/bin/cmake /home/sirapob/torto_ws/src/ydlidar_ros2_driver -DCMAKE_INSTALL_PREFIX=/home/sirapob/torto_ws/install/ydlidar_ros2_driver
[8.622s] DEBUG:colcon.colcon_core.event_handler.log_command:Invoking command in '/home/sirapob/torto_ws/build/ydlidar_ros2_driver': CMAKE_PREFIX_PATH=${CMAKE_PREFIX_PATH}:/home/sirapob/torto_ws/install/torto_odometry:/home/sirapob/torto_ws/install/torto_ctrl:/home/sirapob/torto_ws/install/torto_input_handle:/home/sirapob/torto_ws/install/torto_hardware:/opt/ros/jazzy DEBUGINFOD_URLS=https://debuginfod.ubuntu.com /usr/bin/cmake --build /home/sirapob/torto_ws/build/ydlidar_ros2_driver -- -j4 -l4
[8.958s] DEBUG:colcon.colcon_core.event_handler.log_command:Invoked command in '/home/sirapob/torto_ws/build/ydlidar_ros2_driver' returned '0': CMAKE_PREFIX_PATH=${CMAKE_PREFIX_PATH}:/home/sirapob/torto_ws/install/torto_odometry:/home/sirapob/torto_ws/install/torto_ctrl:/home/sirapob/torto_ws/install/torto_input_handle:/home/sirapob/torto_ws/install/torto_hardware:/opt/ros/jazzy DEBUGINFOD_URLS=https://debuginfod.ubuntu.com /usr/bin/cmake --build /home/sirapob/torto_ws/build/ydlidar_ros2_driver -- -j4 -l4
[8.972s] DEBUG:colcon.colcon_core.event_handler.log_command:Invoking command in '/home/sirapob/torto_ws/build/ydlidar_ros2_driver': CMAKE_PREFIX_PATH=${CMAKE_PREFIX_PATH}:/home/sirapob/torto_ws/install/torto_odometry:/home/sirapob/torto_ws/install/torto_ctrl:/home/sirapob/torto_ws/install/torto_input_handle:/home/sirapob/torto_ws/install/torto_hardware:/opt/ros/jazzy DEBUGINFOD_URLS=https://debuginfod.ubuntu.com /usr/bin/cmake --install /home/sirapob/torto_ws/build/ydlidar_ros2_driver
[9.053s] Level 1:colcon.colcon_core.environment:create_environment_scripts_only(ydlidar_ros2_driver)
[9.055s] Level 1:colcon.colcon_core.environment:checking '/home/sirapob/torto_ws/install/ydlidar_ros2_driver' for CMake module files
[9.056s] Level 1:colcon.colcon_core.environment:checking '/home/sirapob/torto_ws/install/ydlidar_ros2_driver' for CMake config files
[9.054s] DEBUG:colcon.colcon_core.event_handler.log_command:Invoked command in '/home/sirapob/torto_ws/build/ydlidar_ros2_driver' returned '0': CMAKE_PREFIX_PATH=${CMAKE_PREFIX_PATH}:/home/sirapob/torto_ws/install/torto_odometry:/home/sirapob/torto_ws/install/torto_ctrl:/home/sirapob/torto_ws/install/torto_input_handle:/home/sirapob/torto_ws/install/torto_hardware:/opt/ros/jazzy DEBUGINFOD_URLS=https://debuginfod.ubuntu.com /usr/bin/cmake --install /home/sirapob/torto_ws/build/ydlidar_ros2_driver
[9.057s] Level 1:colcon.colcon_core.shell:create_environment_hook('ydlidar_ros2_driver', 'cmake_prefix_path')
[9.058s] INFO:colcon.colcon_core.shell:Creating environment hook '/home/sirapob/torto_ws/install/ydlidar_ros2_driver/share/ydlidar_ros2_driver/hook/cmake_prefix_path.ps1'
[9.060s] INFO:colcon.colcon_core.shell:Creating environment descriptor '/home/sirapob/torto_ws/install/ydlidar_ros2_driver/share/ydlidar_ros2_driver/hook/cmake_prefix_path.dsv'
[9.066s] INFO:colcon.colcon_core.shell:Creating environment hook '/home/sirapob/torto_ws/install/ydlidar_ros2_driver/share/ydlidar_ros2_driver/hook/cmake_prefix_path.sh'
[9.069s] Level 1:colcon.colcon_core.environment:checking '/home/sirapob/torto_ws/install/ydlidar_ros2_driver/lib'
[9.070s] Level 1:colcon.colcon_core.environment:checking '/home/sirapob/torto_ws/install/ydlidar_ros2_driver/bin'
[9.070s] Level 1:colcon.colcon_core.environment:checking '/home/sirapob/torto_ws/install/ydlidar_ros2_driver/lib/pkgconfig/ydlidar_ros2_driver.pc'
[9.071s] Level 1:colcon.colcon_core.environment:checking '/home/sirapob/torto_ws/install/ydlidar_ros2_driver/lib/python3.12/site-packages'
[9.073s] Level 1:colcon.colcon_core.environment:checking '/home/sirapob/torto_ws/install/ydlidar_ros2_driver/bin'
[9.074s] INFO:colcon.colcon_core.shell:Creating package script '/home/sirapob/torto_ws/install/ydlidar_ros2_driver/share/ydlidar_ros2_driver/package.ps1'
[9.076s] INFO:colcon.colcon_core.shell:Creating package descriptor '/home/sirapob/torto_ws/install/ydlidar_ros2_driver/share/ydlidar_ros2_driver/package.dsv'
[9.079s] INFO:colcon.colcon_core.shell:Creating package script '/home/sirapob/torto_ws/install/ydlidar_ros2_driver/share/ydlidar_ros2_driver/package.sh'
[9.080s] INFO:colcon.colcon_core.shell:Creating package script '/home/sirapob/torto_ws/install/ydlidar_ros2_driver/share/ydlidar_ros2_driver/package.bash'
[9.082s] INFO:colcon.colcon_core.shell:Creating package script '/home/sirapob/torto_ws/install/ydlidar_ros2_driver/share/ydlidar_ros2_driver/package.zsh'
[9.083s] Level 1:colcon.colcon_core.environment:create_file_with_runtime_dependencies(/home/sirapob/torto_ws/install/ydlidar_ros2_driver/share/colcon-core/packages/ydlidar_ros2_driver)
[9.085s] Level 1:colcon.colcon_core.environment:create_environment_scripts_only(ydlidar_ros2_driver)
[9.086s] Level 1:colcon.colcon_core.environment:checking '/home/sirapob/torto_ws/install/ydlidar_ros2_driver' for CMake module files
[9.088s] Level 1:colcon.colcon_core.environment:checking '/home/sirapob/torto_ws/install/ydlidar_ros2_driver' for CMake config files
[9.088s] Level 1:colcon.colcon_core.shell:create_environment_hook('ydlidar_ros2_driver', 'cmake_prefix_path')
[9.089s] INFO:colcon.colcon_core.shell:Creating environment hook '/home/sirapob/torto_ws/install/ydlidar_ros2_driver/share/ydlidar_ros2_driver/hook/cmake_prefix_path.ps1'
[9.091s] INFO:colcon.colcon_core.shell:Creating environment descriptor '/home/sirapob/torto_ws/install/ydlidar_ros2_driver/share/ydlidar_ros2_driver/hook/cmake_prefix_path.dsv'
[9.092s] INFO:colcon.colcon_core.shell:Creating environment hook '/home/sirapob/torto_ws/install/ydlidar_ros2_driver/share/ydlidar_ros2_driver/hook/cmake_prefix_path.sh'
[9.094s] Level 1:colcon.colcon_core.environment:checking '/home/sirapob/torto_ws/install/ydlidar_ros2_driver/lib'
[9.094s] Level 1:colcon.colcon_core.environment:checking '/home/sirapob/torto_ws/install/ydlidar_ros2_driver/bin'
[9.095s] Level 1:colcon.colcon_core.environment:checking '/home/sirapob/torto_ws/install/ydlidar_ros2_driver/lib/pkgconfig/ydlidar_ros2_driver.pc'
[9.096s] Level 1:colcon.colcon_core.environment:checking '/home/sirapob/torto_ws/install/ydlidar_ros2_driver/lib/python3.12/site-packages'
[9.096s] Level 1:colcon.colcon_core.environment:checking '/home/sirapob/torto_ws/install/ydlidar_ros2_driver/bin'
[9.097s] INFO:colcon.colcon_core.shell:Creating package script '/home/sirapob/torto_ws/install/ydlidar_ros2_driver/share/ydlidar_ros2_driver/package.ps1'
[9.099s] INFO:colcon.colcon_core.shell:Creating package descriptor '/home/sirapob/torto_ws/install/ydlidar_ros2_driver/share/ydlidar_ros2_driver/package.dsv'
[9.101s] INFO:colcon.colcon_core.shell:Creating package script '/home/sirapob/torto_ws/install/ydlidar_ros2_driver/share/ydlidar_ros2_driver/package.sh'
[9.103s] INFO:colcon.colcon_core.shell:Creating package script '/home/sirapob/torto_ws/install/ydlidar_ros2_driver/share/ydlidar_ros2_driver/package.bash'
[9.105s] INFO:colcon.colcon_core.shell:Creating package script '/home/sirapob/torto_ws/install/ydlidar_ros2_driver/share/ydlidar_ros2_driver/package.zsh'
[9.106s] Level 1:colcon.colcon_core.environment:create_file_with_runtime_dependencies(/home/sirapob/torto_ws/install/ydlidar_ros2_driver/share/colcon-core/packages/ydlidar_ros2_driver)
[9.682s] DEBUG:colcon.colcon_core.event_handler.log_command:Invoking command in '/home/sirapob/torto_ws/build/torto_ctrl': CMAKE_PREFIX_PATH=/home/sirapob/torto_ws/install/torto_interfaces:/home/sirapob/torto_ws/install/ydlidar_ros2_driver:/home/sirapob/torto_ws/install/lio_sam:/opt/ros/jazzy/opt/gz_math_vendor:/opt/ros/jazzy/opt/gz_utils_vendor:/opt/ros/jazzy/opt/gz_cmake_vendor DEBUGINFOD_URLS=https://debuginfod.ubuntu.com PYTHONPATH=/home/sirapob/torto_ws/build/torto_ctrl/prefix_override:/usr/lib/python3/dist-packages/colcon_core/task/python/colcon_distutils_commands:/home/sirapob/torto_ws/install/torto_ctrl/lib/python3.12/site-packages:/home/sirapob/torto_ws/install/torto_interfaces/lib/python3.12/site-packages:/home/sirapob/torto_ws/build/torto_odometry:/home/sirapob/torto_ws/install/torto_odometry/lib/python3.12/site-packages:/home/sirapob/torto_ws/build/torto_ctrl:/home/sirapob/torto_ws/install/torto_ctrl/lib/python3.12/site-packages:/home/sirapob/torto_ws/build/torto_input_handle:/home/sirapob/torto_ws/install/torto_input_handle/lib/python3.12/site-packages:/home/sirapob/torto_ws/build/torto_hardware:/home/sirapob/torto_ws/install/torto_hardware/lib/python3.12/site-packages:/home/sirapob/torto_ws/install/lio_sam/lib/python3.12/site-packages:/opt/ros/jazzy/lib/python3.12/site-packages /usr/bin/python3 -W ignore:setup.py install is deprecated -W ignore:easy_install command is deprecated setup.py develop --uninstall --editable --build-directory /home/sirapob/torto_ws/build/torto_ctrl/build
[10.821s] DEBUG:colcon.colcon_core.event_handler.log_command:Invoked command in '/home/sirapob/torto_ws/build/torto_ctrl' returned '0': CMAKE_PREFIX_PATH=/home/sirapob/torto_ws/install/torto_interfaces:/home/sirapob/torto_ws/install/ydlidar_ros2_driver:/home/sirapob/torto_ws/install/lio_sam:/opt/ros/jazzy/opt/gz_math_vendor:/opt/ros/jazzy/opt/gz_utils_vendor:/opt/ros/jazzy/opt/gz_cmake_vendor DEBUGINFOD_URLS=https://debuginfod.ubuntu.com PYTHONPATH=/home/sirapob/torto_ws/build/torto_ctrl/prefix_override:/usr/lib/python3/dist-packages/colcon_core/task/python/colcon_distutils_commands:/home/sirapob/torto_ws/install/torto_ctrl/lib/python3.12/site-packages:/home/sirapob/torto_ws/install/torto_interfaces/lib/python3.12/site-packages:/home/sirapob/torto_ws/build/torto_odometry:/home/sirapob/torto_ws/install/torto_odometry/lib/python3.12/site-packages:/home/sirapob/torto_ws/build/torto_ctrl:/home/sirapob/torto_ws/install/torto_ctrl/lib/python3.12/site-packages:/home/sirapob/torto_ws/build/torto_input_handle:/home/sirapob/torto_ws/install/torto_input_handle/lib/python3.12/site-packages:/home/sirapob/torto_ws/build/torto_hardware:/home/sirapob/torto_ws/install/torto_hardware/lib/python3.12/site-packages:/home/sirapob/torto_ws/install/lio_sam/lib/python3.12/site-packages:/opt/ros/jazzy/lib/python3.12/site-packages /usr/bin/python3 -W ignore:setup.py install is deprecated -W ignore:easy_install command is deprecated setup.py develop --uninstall --editable --build-directory /home/sirapob/torto_ws/build/torto_ctrl/build
[10.822s] DEBUG:colcon.colcon_core.event_handler.log_command:Invoking command in '/home/sirapob/torto_ws/src/torto_ctrl': CMAKE_PREFIX_PATH=/home/sirapob/torto_ws/install/torto_interfaces:/home/sirapob/torto_ws/install/ydlidar_ros2_driver:/home/sirapob/torto_ws/install/lio_sam:/opt/ros/jazzy/opt/gz_math_vendor:/opt/ros/jazzy/opt/gz_utils_vendor:/opt/ros/jazzy/opt/gz_cmake_vendor DEBUGINFOD_URLS=https://debuginfod.ubuntu.com PYTHONPATH=/home/sirapob/torto_ws/build/torto_ctrl/prefix_override:/usr/lib/python3/dist-packages/colcon_core/task/python/colcon_distutils_commands:/home/sirapob/torto_ws/install/torto_ctrl/lib/python3.12/site-packages:/home/sirapob/torto_ws/install/torto_interfaces/lib/python3.12/site-packages:/home/sirapob/torto_ws/build/torto_odometry:/home/sirapob/torto_ws/install/torto_odometry/lib/python3.12/site-packages:/home/sirapob/torto_ws/build/torto_ctrl:/home/sirapob/torto_ws/install/torto_ctrl/lib/python3.12/site-packages:/home/sirapob/torto_ws/build/torto_input_handle:/home/sirapob/torto_ws/install/torto_input_handle/lib/python3.12/site-packages:/home/sirapob/torto_ws/build/torto_hardware:/home/sirapob/torto_ws/install/torto_hardware/lib/python3.12/site-packages:/home/sirapob/torto_ws/install/lio_sam/lib/python3.12/site-packages:/opt/ros/jazzy/lib/python3.12/site-packages /usr/bin/python3 -W ignore:setup.py install is deprecated -W ignore:easy_install command is deprecated setup.py egg_info --egg-base ../../build/torto_ctrl build --build-base /home/sirapob/torto_ws/build/torto_ctrl/build install --record /home/sirapob/torto_ws/build/torto_ctrl/install.log --single-version-externally-managed install_data --force
[12.054s] Level 1:colcon.colcon_core.environment:checking '/home/sirapob/torto_ws/install/torto_ctrl' for CMake module files
[12.058s] Level 1:colcon.colcon_core.environment:checking '/home/sirapob/torto_ws/install/torto_ctrl' for CMake config files
[12.055s] DEBUG:colcon.colcon_core.event_handler.log_command:Invoked command in '/home/sirapob/torto_ws/src/torto_ctrl' returned '0': CMAKE_PREFIX_PATH=/home/sirapob/torto_ws/install/torto_interfaces:/home/sirapob/torto_ws/install/ydlidar_ros2_driver:/home/sirapob/torto_ws/install/lio_sam:/opt/ros/jazzy/opt/gz_math_vendor:/opt/ros/jazzy/opt/gz_utils_vendor:/opt/ros/jazzy/opt/gz_cmake_vendor DEBUGINFOD_URLS=https://debuginfod.ubuntu.com PYTHONPATH=/home/sirapob/torto_ws/build/torto_ctrl/prefix_override:/usr/lib/python3/dist-packages/colcon_core/task/python/colcon_distutils_commands:/home/sirapob/torto_ws/install/torto_ctrl/lib/python3.12/site-packages:/home/sirapob/torto_ws/install/torto_interfaces/lib/python3.12/site-packages:/home/sirapob/torto_ws/build/torto_odometry:/home/sirapob/torto_ws/install/torto_odometry/lib/python3.12/site-packages:/home/sirapob/torto_ws/build/torto_ctrl:/home/sirapob/torto_ws/install/torto_ctrl/lib/python3.12/site-packages:/home/sirapob/torto_ws/build/torto_input_handle:/home/sirapob/torto_ws/install/torto_input_handle/lib/python3.12/site-packages:/home/sirapob/torto_ws/build/torto_hardware:/home/sirapob/torto_ws/install/torto_hardware/lib/python3.12/site-packages:/home/sirapob/torto_ws/install/lio_sam/lib/python3.12/site-packages:/opt/ros/jazzy/lib/python3.12/site-packages /usr/bin/python3 -W ignore:setup.py install is deprecated -W ignore:easy_install command is deprecated setup.py egg_info --egg-base ../../build/torto_ctrl build --build-base /home/sirapob/torto_ws/build/torto_ctrl/build install --record /home/sirapob/torto_ws/build/torto_ctrl/install.log --single-version-externally-managed install_data --force
[12.061s] Level 1:colcon.colcon_core.environment:checking '/home/sirapob/torto_ws/install/torto_ctrl/lib'
[12.061s] Level 1:colcon.colcon_core.environment:checking '/home/sirapob/torto_ws/install/torto_ctrl/bin'
[12.062s] Level 1:colcon.colcon_core.environment:checking '/home/sirapob/torto_ws/install/torto_ctrl/lib/pkgconfig/torto_ctrl.pc'
[12.062s] Level 1:colcon.colcon_core.environment:checking '/home/sirapob/torto_ws/install/torto_ctrl/lib/python3.12/site-packages'
[12.063s] Level 1:colcon.colcon_core.shell:create_environment_hook('torto_ctrl', 'pythonpath')
[12.064s] INFO:colcon.colcon_core.shell:Creating environment hook '/home/sirapob/torto_ws/install/torto_ctrl/share/torto_ctrl/hook/pythonpath.ps1'
[12.065s] INFO:colcon.colcon_core.shell:Creating environment descriptor '/home/sirapob/torto_ws/install/torto_ctrl/share/torto_ctrl/hook/pythonpath.dsv'
[12.072s] INFO:colcon.colcon_core.shell:Creating environment hook '/home/sirapob/torto_ws/install/torto_ctrl/share/torto_ctrl/hook/pythonpath.sh'
[12.074s] Level 1:colcon.colcon_core.environment:checking '/home/sirapob/torto_ws/install/torto_ctrl/bin'
[12.074s] Level 1:colcon.colcon_core.environment:create_environment_scripts_only(torto_ctrl)
[12.075s] INFO:colcon.colcon_core.shell:Creating package script '/home/sirapob/torto_ws/install/torto_ctrl/share/torto_ctrl/package.ps1'
[12.076s] INFO:colcon.colcon_core.shell:Creating package descriptor '/home/sirapob/torto_ws/install/torto_ctrl/share/torto_ctrl/package.dsv'
[12.077s] INFO:colcon.colcon_core.shell:Creating package script '/home/sirapob/torto_ws/install/torto_ctrl/share/torto_ctrl/package.sh'
[12.078s] INFO:colcon.colcon_core.shell:Creating package script '/home/sirapob/torto_ws/install/torto_ctrl/share/torto_ctrl/package.bash'
[12.079s] INFO:colcon.colcon_core.shell:Creating package script '/home/sirapob/torto_ws/install/torto_ctrl/share/torto_ctrl/package.zsh'
[12.080s] Level 1:colcon.colcon_core.environment:create_file_with_runtime_dependencies(/home/sirapob/torto_ws/install/torto_ctrl/share/colcon-core/packages/torto_ctrl)
[12.081s] DEBUG:colcon.colcon_parallel_executor.executor.parallel:closing loop
[12.082s] DEBUG:colcon.colcon_parallel_executor.executor.parallel:loop closed
[12.085s] DEBUG:colcon.colcon_parallel_executor.executor.parallel:run_until_complete finished with '0'
[12.085s] DEBUG:colcon.colcon_core.event_reactor:joining thread
[12.104s] INFO:colcon.colcon_core.plugin_system:Skipping extension 'colcon_notification.desktop_notification.terminal_notifier': Not used on non-Darwin systems
[12.104s] INFO:colcon.colcon_core.plugin_system:Skipping extension 'colcon_notification.desktop_notification.win32': Not used on non-Windows systems
[12.104s] INFO:colcon.colcon_notification.desktop_notification:Sending desktop notification using 'notify2'
[12.111s] DEBUG:colcon.colcon_notification.desktop_notification.notify2:Failed to initialize notify2: org.freedesktop.DBus.Error.ServiceUnknown: The name org.freedesktop.Notifications was not provided by any .service files
[12.111s] DEBUG:colcon.colcon_core.event_reactor:joined thread
[12.112s] INFO:colcon.colcon_core.shell:Creating prefix script '/home/sirapob/torto_ws/install/local_setup.ps1'
[12.120s] INFO:colcon.colcon_core.shell:Creating prefix util module '/home/sirapob/torto_ws/install/_local_setup_util_ps1.py'
[12.123s] INFO:colcon.colcon_core.shell:Creating prefix chain script '/home/sirapob/torto_ws/install/setup.ps1'
[12.126s] INFO:colcon.colcon_core.shell:Creating prefix script '/home/sirapob/torto_ws/install/local_setup.sh'
[12.129s] INFO:colcon.colcon_core.shell:Creating prefix util module '/home/sirapob/torto_ws/install/_local_setup_util_sh.py'
[12.130s] INFO:colcon.colcon_core.shell:Creating prefix chain script '/home/sirapob/torto_ws/install/setup.sh'
[12.133s] INFO:colcon.colcon_core.shell:Creating prefix script '/home/sirapob/torto_ws/install/local_setup.bash'
[12.135s] INFO:colcon.colcon_core.shell:Creating prefix chain script '/home/sirapob/torto_ws/install/setup.bash'
[12.138s] INFO:colcon.colcon_core.shell:Creating prefix script '/home/sirapob/torto_ws/install/local_setup.zsh'
[12.141s] INFO:colcon.colcon_core.shell:Creating prefix chain script '/home/sirapob/torto_ws/install/setup.zsh'
