[0.039s] Invoking command in '/home/sirapob/torto_ws/src/build/lio_sam': CMAKE_PREFIX_PATH=${CMAKE_PREFIX_PATH}:/home/sirapob/torto_ws/install/torto_ctrl:/home/sirapob/torto_ws/install/torto_input_handle:/home/sirapob/torto_ws/install/torto_hardware:/opt/ros/jazzy DEBUGINFOD_URLS=https://debuginfod.ubuntu.com /usr/bin/cmake /home/sirapob/torto_ws/src/lio_sam_ros2 -DAMENT_CMAKE_SYMLINK_INSTALL=1 -DCMAKE_INSTALL_PREFIX=/home/sirapob/torto_ws/src/install/lio_sam
[0.635s] -- The C compiler identification is GNU 13.3.0
[1.310s] -- The CXX compiler identification is GNU 13.3.0
[1.362s] -- Detecting C compiler ABI info
[1.587s] -- Detecting C compiler ABI info - done
[1.603s] -- Check for working C compiler: /usr/bin/cc - skipped
[1.646s] -- Detecting C compile features
[1.647s] -- Detecting C compile features - done
[1.677s] -- Detecting CXX compiler ABI info
[1.936s] -- Detecting CXX compiler ABI info - done
[1.953s] -- Check for working CXX compiler: /usr/bin/c++ - skipped
[1.953s] -- Detecting CXX compile features
[1.954s] -- Detecting CXX compile features - done
[1.963s] -- Found ament_cmake: 2.5.3 (/opt/ros/jazzy/share/ament_cmake/cmake)
[2.303s] -- Found Python3: /usr/bin/python3 (found version "3.12.3") found components: Interpreter 
[2.504s] -- Override CMake install command with custom implementation using symlinks instead of copying resources
[2.632s] -- Found rosidl_default_generators: 1.6.0 (/opt/ros/jazzy/share/rosidl_default_generators/cmake)
[2.656s] -- Using all available rosidl_typesupport_c: rosidl_typesupport_fastrtps_c;rosidl_typesupport_introspection_c
[2.818s] -- Using all available rosidl_typesupport_cpp: rosidl_typesupport_fastrtps_cpp;rosidl_typesupport_introspection_cpp
[2.934s] -- Found rosidl_adapter: 4.6.5 (/opt/ros/jazzy/share/rosidl_adapter/cmake)
[2.945s] -- Found rclcpp: 28.1.6 (/opt/ros/jazzy/share/rclcpp/cmake)
[3.204s] -- Found rmw_implementation_cmake: 7.3.1 (/opt/ros/jazzy/share/rmw_implementation_cmake/cmake)
[3.212s] -- Found rmw_fastrtps_cpp: 8.4.1 (/opt/ros/jazzy/share/rmw_fastrtps_cpp/cmake)
[3.483s] -- Found OpenSSL: /usr/lib/aarch64-linux-gnu/libcrypto.so (found version "3.0.13")  
[3.554s] -- Found FastRTPS: /opt/ros/jazzy/include (Required is at least version "2.13") 
[3.606s] -- Using RMW implementation 'rmw_fastrtps_cpp' as default
[4.023s] -- Found rclpy: 7.1.3 (/opt/ros/jazzy/share/rclpy/cmake)
[4.028s] -- Found cv_bridge: 4.1.0 (/opt/ros/jazzy/share/cv_bridge/cmake)
[4.442s] -- Found nav_msgs: 5.3.5 (/opt/ros/jazzy/share/nav_msgs/cmake)
[4.547s] -- Found visualization_msgs: 5.3.5 (/opt/ros/jazzy/share/visualization_msgs/cmake)
[4.677s] -- Found pcl_conversions: 2.6.2 (/opt/ros/jazzy/share/pcl_conversions/cmake)
[5.180s] [33mCMake Warning (dev) at /usr/lib/aarch64-linux-gnu/cmake/pcl/Modules/FindFLANN.cmake:45 (find_package):
[5.181s]   Policy CMP0144 is not set: find_package uses upper-case <PACKAGENAME>_ROOT
[5.181s]   variables.  Run "cmake --help-policy CMP0144" for policy details.  Use the
[5.181s]   cmake_policy command to set the policy and suppress this warning.
[5.181s] 
[5.181s]   CMake variable FLANN_ROOT is set to:
[5.181s] 
[5.181s]     /usr
[5.182s] 
[5.182s]   For compatibility, find_package is ignoring the variable, but code in a
[5.182s]   .cmake module might still use it.
[5.182s] Call Stack (most recent call first):
[5.182s]   /usr/lib/aarch64-linux-gnu/cmake/pcl/PCLConfig.cmake:261 (find_package)
[5.182s]   /usr/lib/aarch64-linux-gnu/cmake/pcl/PCLConfig.cmake:306 (find_flann)
[5.182s]   /usr/lib/aarch64-linux-gnu/cmake/pcl/PCLConfig.cmake:570 (find_external_library)
[5.182s]   /opt/ros/jazzy/share/pcl_conversions/cmake/ament_cmake_export_dependencies-extras.cmake:21 (find_package)
[5.183s]   /opt/ros/jazzy/share/pcl_conversions/cmake/pcl_conversionsConfig.cmake:41 (include)
[5.185s]   CMakeLists.txt:20 (find_package)
[5.186s] This warning is for project developers.  Use -Wno-dev to suppress it.
[5.186s] [0m
[5.197s] -- Found flann version 1.9.2
[6.545s] -- Found OpenMP_CXX: -fopenmp (found version "4.5") 
[6.551s] -- Found OpenMP: TRUE (found version "4.5") found components: CXX 
[11.107s] -- Checking for module 'libusb-1.0'
[11.197s] --   Found libusb-1.0, version 1.0.27
[11.404s] -- Found libusb: /usr/lib/aarch64-linux-gnu/libusb-1.0.so  
[11.416s] -- OpenNI found (version: 1.5.4.0, include: /usr/include/ni, lib: /usr/lib/libOpenNI.so;libusb::libusb)
[11.707s] -- OpenNI2 found (version: 2.2.0.33, include: /usr/include/openni2, lib: /usr/lib/aarch64-linux-gnu/libOpenNI2.so;libusb::libusb)
[11.741s] -- Could NOT find Pcap (missing: PCAP_LIBRARIES PCAP_INCLUDE_DIRS) 
[11.806s] -- Found ZLIB: /usr/lib/aarch64-linux-gnu/libz.so (found version "1.3")  
[11.866s] -- Found PNG: /usr/lib/aarch64-linux-gnu/libpng.so (found version "1.6.43") 
[13.718s] -- OpenNI found (version: 1.5.4.0, include: /usr/include/ni, lib: /usr/lib/libOpenNI.so;libusb::libusb)
[13.753s] -- OpenNI2 found (version: 2.2.0.33, include: /usr/include/openni2, lib: /usr/lib/aarch64-linux-gnu/libOpenNI2.so;libusb::libusb)
[15.750s] -- Found Qhull version 8.0.2
[17.545s] -- OpenNI found (version: 1.5.4.0, include: /usr/include/ni, lib: /usr/lib/libOpenNI.so;libusb::libusb)
[19.394s] -- Found PCL_COMMON: /usr/lib/aarch64-linux-gnu/libpcl_common.so  
[19.404s] -- Found PCL_KDTREE: /usr/lib/aarch64-linux-gnu/libpcl_kdtree.so  
[19.405s] -- Found PCL_OCTREE: /usr/lib/aarch64-linux-gnu/libpcl_octree.so  
[19.420s] -- Found PCL_SEARCH: /usr/lib/aarch64-linux-gnu/libpcl_search.so  
[19.421s] -- Found PCL_SAMPLE_CONSENSUS: /usr/lib/aarch64-linux-gnu/libpcl_sample_consensus.so  
[19.430s] -- Found PCL_FILTERS: /usr/lib/aarch64-linux-gnu/libpcl_filters.so  
[19.435s] -- Found PCL_2D: /usr/include/pcl-1.14  
[19.449s] -- Found PCL_GEOMETRY: /usr/include/pcl-1.14  
[19.458s] -- Found PCL_IO: /usr/lib/aarch64-linux-gnu/libpcl_io.so  
[19.466s] -- Found PCL_FEATURES: /usr/lib/aarch64-linux-gnu/libpcl_features.so  
[19.478s] -- Found PCL_ML: /usr/lib/aarch64-linux-gnu/libpcl_ml.so  
[19.485s] -- Found PCL_SEGMENTATION: /usr/lib/aarch64-linux-gnu/libpcl_segmentation.so  
[19.496s] -- Found PCL_VISUALIZATION: /usr/lib/aarch64-linux-gnu/libpcl_visualization.so  
[19.508s] -- Found PCL_SURFACE: /usr/lib/aarch64-linux-gnu/libpcl_surface.so  
[19.511s] -- Found PCL_REGISTRATION: /usr/lib/aarch64-linux-gnu/libpcl_registration.so  
[19.523s] -- Found PCL_KEYPOINTS: /usr/lib/aarch64-linux-gnu/libpcl_keypoints.so  
[19.540s] -- Found PCL_TRACKING: /usr/lib/aarch64-linux-gnu/libpcl_tracking.so  
[19.552s] -- Found PCL_RECOGNITION: /usr/lib/aarch64-linux-gnu/libpcl_recognition.so  
[19.565s] -- Found PCL_STEREO: /usr/lib/aarch64-linux-gnu/libpcl_stereo.so  
[19.571s] -- Found PCL_APPS: /usr/lib/aarch64-linux-gnu/libpcl_apps.so  
[19.576s] -- Found PCL_IN_HAND_SCANNER: /usr/include/pcl-1.14  
[19.577s] -- Found PCL_MODELER: /usr/include/pcl-1.14  
[19.584s] -- Found PCL_POINT_CLOUD_EDITOR: /usr/include/pcl-1.14  
[19.591s] -- Found PCL_OUTOFCORE: /usr/lib/aarch64-linux-gnu/libpcl_outofcore.so  
[19.596s] -- Found PCL_PEOPLE: /usr/lib/aarch64-linux-gnu/libpcl_people.so  
[19.627s] -- Found tf2: 0.36.8 (/opt/ros/jazzy/share/tf2/cmake)
[19.691s] -- Found tf2_geometry_msgs: 0.36.8 (/opt/ros/jazzy/share/tf2_geometry_msgs/cmake)
[19.797s] -- Found eigen3_cmake_module: 0.3.0 (/opt/ros/jazzy/share/eigen3_cmake_module/cmake)
[19.802s] -- Found Eigen3: TRUE (found version "3.4.0") 
[19.802s] -- Ensuring Eigen3 include directory is part of orocos-kdl CMake target
[20.857s] -- Found tf2_sensor_msgs: 0.36.8 (/opt/ros/jazzy/share/tf2_sensor_msgs/cmake)
[20.917s] -- Found tf2_eigen: 0.36.8 (/opt/ros/jazzy/share/tf2_eigen/cmake)
[20.961s] -- Found OpenCV: /usr (found version "4.6.0") 
[20.961s] [33mCMake Warning (dev) at CMakeLists.txt:29 (find_package):
[20.962s]   Policy CMP0074 is not set: find_package uses <PackageName>_ROOT variables.
[20.962s]   Run "cmake --help-policy CMP0074" for policy details.  Use the cmake_policy
[20.962s]   command to set the policy and suppress this warning.
[20.962s] 
[20.962s]   CMake variable PCL_ROOT is set to:
[20.962s] 
[20.962s]     /usr
[20.963s] 
[20.963s]   For compatibility, CMake is ignoring the variable.
[20.963s] This warning is for project developers.  Use -Wno-dev to suppress it.
[20.963s] [0m
[21.024s] [31mCMake Error at CMakeLists.txt:30 (find_package):
[21.024s]   By not providing "FindGTSAM.cmake" in CMAKE_MODULE_PATH this project has
[21.024s]   asked CMake to find a package configuration file provided by "GTSAM", but
[21.025s]   CMake did not find one.
[21.025s] 
[21.026s]   Could not find a package configuration file provided by "GTSAM" with any of
[21.027s]   the following names:
[21.028s] 
[21.028s]     GTSAMConfig.cmake
[21.028s]     gtsam-config.cmake
[21.029s] 
[21.029s]   Add the installation prefix of "GTSAM" to CMAKE_PREFIX_PATH or set
[21.029s]   "GTSAM_DIR" to a directory containing one of the above files.  If "GTSAM"
[21.029s]   provides a separate development package or SDK, be sure it has been
[21.029s]   installed.
[21.029s] 
[21.029s] [0m
[21.029s] -- Configuring incomplete, errors occurred!
[21.142s] Invoked command in '/home/sirapob/torto_ws/src/build/lio_sam' returned '1': CMAKE_PREFIX_PATH=${CMAKE_PREFIX_PATH}:/home/sirapob/torto_ws/install/torto_ctrl:/home/sirapob/torto_ws/install/torto_input_handle:/home/sirapob/torto_ws/install/torto_hardware:/opt/ros/jazzy DEBUGINFOD_URLS=https://debuginfod.ubuntu.com /usr/bin/cmake /home/sirapob/torto_ws/src/lio_sam_ros2 -DAMENT_CMAKE_SYMLINK_INSTALL=1 -DCMAKE_INSTALL_PREFIX=/home/sirapob/torto_ws/src/install/lio_sam
