[2.094s] Invoking command in '/home/sirapob/torto_ws/build/torto_hardware': DEBUGINFOD_URLS=https://debuginfod.ubuntu.com PYTHONPATH=/home/sirapob/torto_ws/build/torto_hardware/prefix_override:/usr/lib/python3/dist-packages/colcon_core/task/python/colcon_distutils_commands:/home/sirapob/torto_ws/install/torto_hardware/lib/python3.12/site-packages:${PYTHONPATH} /usr/bin/python3 -W ignore:setup.py install is deprecated -W ignore:easy_install command is deprecated setup.py develop --editable --build-directory /home/sirapob/torto_ws/build/torto_hardware/build --no-deps symlink_data
[2.746s] running develop
[3.103s] running egg_info
[3.106s] creating torto_hardware.egg-info
[3.141s] writing torto_hardware.egg-info/PKG-INFO
[3.142s] writing dependency_links to torto_hardware.egg-info/dependency_links.txt
[3.142s] writing entry points to torto_hardware.egg-info/entry_points.txt
[3.144s] writing requirements to torto_hardware.egg-info/requires.txt
[3.144s] writing top-level names to torto_hardware.egg-info/top_level.txt
[3.144s] writing manifest file 'torto_hardware.egg-info/SOURCES.txt'
[3.214s] reading manifest file 'torto_hardware.egg-info/SOURCES.txt'
[3.215s] writing manifest file 'torto_hardware.egg-info/SOURCES.txt'
[3.265s] running build_ext
[3.266s] Creating /home/sirapob/torto_ws/install/torto_hardware/lib/python3.12/site-packages/torto-hardware.egg-link (link to .)
[3.269s] Installing arduino_serial_node script to /home/sirapob/torto_ws/install/torto_hardware/lib/torto_hardware
[3.271s] 
[3.272s] Installed /home/sirapob/torto_ws/build/torto_hardware
[3.272s] running symlink_data
[3.273s] creating /home/sirapob/torto_ws/install/torto_hardware/share/ament_index
[3.274s] creating /home/sirapob/torto_ws/install/torto_hardware/share/ament_index/resource_index
[3.275s] creating /home/sirapob/torto_ws/install/torto_hardware/share/ament_index/resource_index/packages
[3.276s] symbolically linking /home/sirapob/torto_ws/build/torto_hardware/resource/torto_hardware -> /home/sirapob/torto_ws/install/torto_hardware/share/ament_index/resource_index/packages
[3.276s] symbolically linking /home/sirapob/torto_ws/build/torto_hardware/package.xml -> /home/sirapob/torto_ws/install/torto_hardware/share/torto_hardware
[3.446s] Invoked command in '/home/sirapob/torto_ws/build/torto_hardware' returned '0': DEBUGINFOD_URLS=https://debuginfod.ubuntu.com PYTHONPATH=/home/sirapob/torto_ws/build/torto_hardware/prefix_override:/usr/lib/python3/dist-packages/colcon_core/task/python/colcon_distutils_commands:/home/sirapob/torto_ws/install/torto_hardware/lib/python3.12/site-packages:${PYTHONPATH} /usr/bin/python3 -W ignore:setup.py install is deprecated -W ignore:easy_install command is deprecated setup.py develop --editable --build-directory /home/sirapob/torto_ws/build/torto_hardware/build --no-deps symlink_data
