[0.041s] Invoking command in '/home/sirapob/torto_ws/build/lio_sam': CMAKE_PREFIX_PATH=${CMAKE_PREFIX_PATH}:/home/sirapob/torto_ws/install/torto_odometry:/home/sirapob/torto_ws/install/torto_ctrl:/home/sirapob/torto_ws/install/torto_input_handle:/home/sirapob/torto_ws/install/torto_hardware:/opt/ros/jazzy DEBUGINFOD_URLS=https://debuginfod.ubuntu.com /usr/bin/cmake --build /home/sirapob/torto_ws/build/lio_sam -- -j4 -l4
[0.806s] [  1%] Built target lio_sam__rosidl_generator_type_description
[0.806s] [  1%] Built target ament_cmake_python_symlink_lio_sam
[0.806s] [  3%] Built target lio_sam__cpp
[0.807s] [ 19%] Built target lio_sam__rosidl_generator_c
[0.807s] [ 26%] Built target lio_sam__rosidl_typesupport_introspection_c
[0.807s] [ 34%] Built target lio_sam__rosidl_typesupport_cpp
[0.807s] [ 42%] Built target lio_sam__rosidl_typesupport_fastrtps_c
[0.807s] [ 50%] Built target lio_sam__rosidl_typesupport_c
[0.817s] [ 57%] Built target lio_sam__rosidl_typesupport_fastrtps_cpp
[0.829s] [ 65%] Built target lio_sam__rosidl_typesupport_introspection_cpp
[1.225s] running egg_info
[1.256s] writing lio_sam.egg-info/PKG-INFO
[1.256s] writing dependency_links to lio_sam.egg-info/dependency_links.txt
[1.257s] writing top-level names to lio_sam.egg-info/top_level.txt
[1.344s] reading manifest file 'lio_sam.egg-info/SOURCES.txt'
[1.350s] writing manifest file 'lio_sam.egg-info/SOURCES.txt'
[1.473s] [ 65%] Built target ament_cmake_python_build_lio_sam_egg
[1.597s] [ 69%] Built target lio_sam_imuPreintegration
[1.628s] [ 73%] Built target lio_sam_featureExtraction
[1.640s] [ 76%] Built target lio_sam_imageProjection
[1.717s] [ 78%] Built target lio_sam
[1.718s] [ 80%] Built target lio_sam_mapOptimization
[1.840s] [ 82%] Built target lio_sam__py
[1.930s] [ 88%] Built target lio_sam__rosidl_generator_py
[2.064s] [ 92%] Built target lio_sam_s__rosidl_typesupport_introspection_c
[2.069s] [ 96%] Built target lio_sam_s__rosidl_typesupport_fastrtps_c
[2.074s] [100%] Built target lio_sam_s__rosidl_typesupport_c
[2.494s] Invoked command in '/home/sirapob/torto_ws/build/lio_sam' returned '0': CMAKE_PREFIX_PATH=${CMAKE_PREFIX_PATH}:/home/sirapob/torto_ws/install/torto_odometry:/home/sirapob/torto_ws/install/torto_ctrl:/home/sirapob/torto_ws/install/torto_input_handle:/home/sirapob/torto_ws/install/torto_hardware:/opt/ros/jazzy DEBUGINFOD_URLS=https://debuginfod.ubuntu.com /usr/bin/cmake --build /home/sirapob/torto_ws/build/lio_sam -- -j4 -l4
[2.502s] Invoking command in '/home/sirapob/torto_ws/build/lio_sam': CMAKE_PREFIX_PATH=${CMAKE_PREFIX_PATH}:/home/sirapob/torto_ws/install/torto_odometry:/home/sirapob/torto_ws/install/torto_ctrl:/home/sirapob/torto_ws/install/torto_input_handle:/home/sirapob/torto_ws/install/torto_hardware:/opt/ros/jazzy DEBUGINFOD_URLS=https://debuginfod.ubuntu.com /usr/bin/cmake --install /home/sirapob/torto_ws/build/lio_sam
[2.528s] -- Install configuration: "Release"
[2.533s] -- Execute custom install script
[2.533s] -- Up-to-date symlink: /home/sirapob/torto_ws/install/lio_sam/share/ament_index/resource_index/rosidl_interfaces/lio_sam
[2.534s] -- Up-to-date symlink: /home/sirapob/torto_ws/install/lio_sam/share/lio_sam/msg/CloudInfo.json
[2.537s] -- Up-to-date symlink: /home/sirapob/torto_ws/install/lio_sam/share/lio_sam/srv/SaveMap.json
[2.540s] -- Up-to-date symlink: /home/sirapob/torto_ws/install/lio_sam/include/lio_sam/lio_sam/msg/cloud_info.h
[2.540s] -- Up-to-date symlink: /home/sirapob/torto_ws/install/lio_sam/include/lio_sam/lio_sam/msg/detail/cloud_info__functions.h
[2.541s] -- Up-to-date symlink: /home/sirapob/torto_ws/install/lio_sam/include/lio_sam/lio_sam/msg/detail/cloud_info__struct.h
[2.551s] -- Up-to-date symlink: /home/sirapob/torto_ws/install/lio_sam/include/lio_sam/lio_sam/msg/detail/cloud_info__type_support.h
[2.551s] -- Up-to-date symlink: /home/sirapob/torto_ws/install/lio_sam/include/lio_sam/lio_sam/msg/rosidl_generator_c__visibility_control.h
[2.551s] -- Up-to-date symlink: /home/sirapob/torto_ws/install/lio_sam/include/lio_sam/lio_sam/srv/detail/save_map__functions.h
[2.551s] -- Up-to-date symlink: /home/sirapob/torto_ws/install/lio_sam/include/lio_sam/lio_sam/srv/detail/save_map__struct.h
[2.551s] -- Up-to-date symlink: /home/sirapob/torto_ws/install/lio_sam/include/lio_sam/lio_sam/srv/detail/save_map__type_support.h
[2.551s] -- Up-to-date symlink: /home/sirapob/torto_ws/install/lio_sam/include/lio_sam/lio_sam/srv/save_map.h
[2.551s] -- Up-to-date symlink: /home/sirapob/torto_ws/install/lio_sam/share/lio_sam/environment/library_path.sh
[2.552s] -- Up-to-date symlink: /home/sirapob/torto_ws/install/lio_sam/share/lio_sam/environment/library_path.dsv
[2.555s] -- Up-to-date symlink: /home/sirapob/torto_ws/install/lio_sam/include/lio_sam/lio_sam/msg/detail/cloud_info__rosidl_typesupport_fastrtps_c.h
[2.556s] -- Up-to-date symlink: /home/sirapob/torto_ws/install/lio_sam/include/lio_sam/lio_sam/msg/rosidl_typesupport_fastrtps_c__visibility_control.h
[2.557s] -- Up-to-date symlink: /home/sirapob/torto_ws/install/lio_sam/include/lio_sam/lio_sam/srv/detail/save_map__rosidl_typesupport_fastrtps_c.h
[2.559s] -- Up-to-date symlink: /home/sirapob/torto_ws/install/lio_sam/include/lio_sam/lio_sam/msg/detail/cloud_info__rosidl_typesupport_introspection_c.h
[2.560s] -- Up-to-date symlink: /home/sirapob/torto_ws/install/lio_sam/include/lio_sam/lio_sam/msg/rosidl_typesupport_introspection_c__visibility_control.h
[2.566s] -- Up-to-date symlink: /home/sirapob/torto_ws/install/lio_sam/include/lio_sam/lio_sam/srv/detail/save_map__rosidl_typesupport_introspection_c.h
[2.567s] -- Up-to-date symlink: /home/sirapob/torto_ws/install/lio_sam/include/lio_sam/lio_sam/msg/cloud_info.hpp
[2.567s] -- Up-to-date symlink: /home/sirapob/torto_ws/install/lio_sam/include/lio_sam/lio_sam/msg/detail/cloud_info__builder.hpp
[2.567s] -- Up-to-date symlink: /home/sirapob/torto_ws/install/lio_sam/include/lio_sam/lio_sam/msg/detail/cloud_info__struct.hpp
[2.568s] -- Up-to-date symlink: /home/sirapob/torto_ws/install/lio_sam/include/lio_sam/lio_sam/msg/detail/cloud_info__traits.hpp
[2.577s] -- Up-to-date symlink: /home/sirapob/torto_ws/install/lio_sam/include/lio_sam/lio_sam/msg/detail/cloud_info__type_support.hpp
[2.577s] -- Up-to-date symlink: /home/sirapob/torto_ws/install/lio_sam/include/lio_sam/lio_sam/msg/rosidl_generator_cpp__visibility_control.hpp
[2.577s] -- Up-to-date symlink: /home/sirapob/torto_ws/install/lio_sam/include/lio_sam/lio_sam/srv/detail/save_map__builder.hpp
[2.577s] -- Up-to-date symlink: /home/sirapob/torto_ws/install/lio_sam/include/lio_sam/lio_sam/srv/detail/save_map__struct.hpp
[2.581s] -- Up-to-date symlink: /home/sirapob/torto_ws/install/lio_sam/include/lio_sam/lio_sam/srv/detail/save_map__traits.hpp
[2.583s] -- Up-to-date symlink: /home/sirapob/torto_ws/install/lio_sam/include/lio_sam/lio_sam/srv/detail/save_map__type_support.hpp
[2.583s] -- Up-to-date symlink: /home/sirapob/torto_ws/install/lio_sam/include/lio_sam/lio_sam/srv/save_map.hpp
[2.583s] -- Up-to-date symlink: /home/sirapob/torto_ws/install/lio_sam/include/lio_sam/lio_sam/msg/detail/cloud_info__rosidl_typesupport_fastrtps_cpp.hpp
[2.592s] -- Up-to-date symlink: /home/sirapob/torto_ws/install/lio_sam/include/lio_sam/lio_sam/msg/rosidl_typesupport_fastrtps_cpp__visibility_control.h
[2.592s] -- Up-to-date symlink: /home/sirapob/torto_ws/install/lio_sam/include/lio_sam/lio_sam/srv/detail/save_map__rosidl_typesupport_fastrtps_cpp.hpp
[2.592s] -- Up-to-date symlink: /home/sirapob/torto_ws/install/lio_sam/include/lio_sam/lio_sam/msg/detail/cloud_info__rosidl_typesupport_introspection_cpp.hpp
[2.593s] -- Up-to-date symlink: /home/sirapob/torto_ws/install/lio_sam/include/lio_sam/lio_sam/srv/detail/save_map__rosidl_typesupport_introspection_cpp.hpp
[2.595s] -- Up-to-date symlink: /home/sirapob/torto_ws/install/lio_sam/share/lio_sam/environment/pythonpath.sh
[2.596s] -- Up-to-date symlink: /home/sirapob/torto_ws/install/lio_sam/share/lio_sam/environment/pythonpath.dsv
[2.597s] -- Up-to-date symlink: /home/sirapob/torto_ws/install/lio_sam/lib/python3.12/site-packages/lio_sam-1.0.0-py3.12.egg-info/PKG-INFO
[2.602s] -- Up-to-date symlink: /home/sirapob/torto_ws/install/lio_sam/lib/python3.12/site-packages/lio_sam-1.0.0-py3.12.egg-info/SOURCES.txt
[2.602s] -- Up-to-date symlink: /home/sirapob/torto_ws/install/lio_sam/lib/python3.12/site-packages/lio_sam-1.0.0-py3.12.egg-info/dependency_links.txt
[2.602s] -- Up-to-date symlink: /home/sirapob/torto_ws/install/lio_sam/lib/python3.12/site-packages/lio_sam-1.0.0-py3.12.egg-info/top_level.txt
[2.604s] -- Up-to-date symlink: /home/sirapob/torto_ws/install/lio_sam/lib/python3.12/site-packages/lio_sam/__init__.py
[2.611s] -- Up-to-date symlink: /home/sirapob/torto_ws/install/lio_sam/lib/python3.12/site-packages/lio_sam/_lio_sam_s.ep.rosidl_typesupport_c.c
[2.612s] -- Up-to-date symlink: /home/sirapob/torto_ws/install/lio_sam/lib/python3.12/site-packages/lio_sam/_lio_sam_s.ep.rosidl_typesupport_fastrtps_c.c
[2.613s] -- Up-to-date symlink: /home/sirapob/torto_ws/install/lio_sam/lib/python3.12/site-packages/lio_sam/_lio_sam_s.ep.rosidl_typesupport_introspection_c.c
[2.614s] -- Up-to-date symlink: /home/sirapob/torto_ws/install/lio_sam/lib/python3.12/site-packages/lio_sam/lio_sam_s__rosidl_typesupport_c.so
[2.616s] -- Up-to-date symlink: /home/sirapob/torto_ws/install/lio_sam/lib/python3.12/site-packages/lio_sam/lio_sam_s__rosidl_typesupport_fastrtps_c.so
[2.617s] -- Up-to-date symlink: /home/sirapob/torto_ws/install/lio_sam/lib/python3.12/site-packages/lio_sam/lio_sam_s__rosidl_typesupport_introspection_c.so
[2.619s] -- Up-to-date symlink: /home/sirapob/torto_ws/install/lio_sam/lib/python3.12/site-packages/lio_sam/msg/__init__.py
[2.626s] -- Up-to-date symlink: /home/sirapob/torto_ws/install/lio_sam/lib/python3.12/site-packages/lio_sam/msg/_cloud_info.py
[2.627s] -- Up-to-date symlink: /home/sirapob/torto_ws/install/lio_sam/lib/python3.12/site-packages/lio_sam/msg/_cloud_info_s.c
[2.627s] -- Up-to-date symlink: /home/sirapob/torto_ws/install/lio_sam/lib/python3.12/site-packages/lio_sam/srv/__init__.py
[2.627s] -- Up-to-date symlink: /home/sirapob/torto_ws/install/lio_sam/lib/python3.12/site-packages/lio_sam/srv/_save_map.py
[2.627s] -- Up-to-date symlink: /home/sirapob/torto_ws/install/lio_sam/lib/python3.12/site-packages/lio_sam/srv/_save_map_s.c
[2.636s] -- Up-to-date symlink: /home/sirapob/torto_ws/install/lio_sam/lib/python3.12/site-packages/lio_sam/lio_sam_s__rosidl_typesupport_fastrtps_c.so
[2.636s] -- Up-to-date symlink: /home/sirapob/torto_ws/install/lio_sam/lib/python3.12/site-packages/lio_sam/lio_sam_s__rosidl_typesupport_introspection_c.so
[2.639s] -- Up-to-date symlink: /home/sirapob/torto_ws/install/lio_sam/lib/python3.12/site-packages/lio_sam/lio_sam_s__rosidl_typesupport_c.so
[2.639s] -- Up-to-date symlink: /home/sirapob/torto_ws/install/lio_sam/share/lio_sam/msg/CloudInfo.idl
[2.644s] -- Up-to-date symlink: /home/sirapob/torto_ws/install/lio_sam/share/lio_sam/srv/SaveMap.idl
[2.645s] -- Up-to-date symlink: /home/sirapob/torto_ws/install/lio_sam/share/lio_sam/msg/CloudInfo.msg
[2.648s] -- Up-to-date symlink: /home/sirapob/torto_ws/install/lio_sam/share/lio_sam/srv/SaveMap.srv
[2.648s] -- Up-to-date symlink: /home/sirapob/torto_ws/install/lio_sam/share/lio_sam//launch/run.launch.py
[2.648s] -- Up-to-date symlink: /home/sirapob/torto_ws/install/lio_sam/share/lio_sam//config/doc/demo.gif
[2.649s] -- Up-to-date symlink: /home/sirapob/torto_ws/install/lio_sam/share/lio_sam//config/doc/device-boat.png
[2.652s] -- Up-to-date symlink: /home/sirapob/torto_ws/install/lio_sam/share/lio_sam//config/doc/device-hand-2.png
[2.652s] -- Up-to-date symlink: /home/sirapob/torto_ws/install/lio_sam/share/lio_sam//config/doc/device-hand.png
[2.652s] -- Up-to-date symlink: /home/sirapob/torto_ws/install/lio_sam/share/lio_sam//config/doc/device-jackal.png
[2.653s] -- Up-to-date symlink: /home/sirapob/torto_ws/install/lio_sam/share/lio_sam//config/doc/gps-demo.gif
[2.656s] -- Up-to-date symlink: /home/sirapob/torto_ws/install/lio_sam/share/lio_sam//config/doc/imu-debug.gif
[2.656s] -- Up-to-date symlink: /home/sirapob/torto_ws/install/lio_sam/share/lio_sam//config/doc/imu-transform.png
[2.656s] -- Up-to-date symlink: /home/sirapob/torto_ws/install/lio_sam/share/lio_sam//config/doc/kitti-demo.gif
[2.656s] -- Up-to-date symlink: /home/sirapob/torto_ws/install/lio_sam/share/lio_sam//config/doc/kitti-map.png
[2.656s] -- Up-to-date symlink: /home/sirapob/torto_ws/install/lio_sam/share/lio_sam//config/doc/kitti2bag/README.md
[2.658s] -- Up-to-date symlink: /home/sirapob/torto_ws/install/lio_sam/share/lio_sam//config/doc/kitti2bag/kitti2bag.py
[2.658s] -- Up-to-date symlink: /home/sirapob/torto_ws/install/lio_sam/share/lio_sam//config/doc/loop-closure-2.gif
[2.658s] -- Up-to-date symlink: /home/sirapob/torto_ws/install/lio_sam/share/lio_sam//config/doc/loop-closure.gif
[2.662s] -- Up-to-date symlink: /home/sirapob/torto_ws/install/lio_sam/share/lio_sam//config/doc/ouster-demo.gif
[2.665s] -- Up-to-date symlink: /home/sirapob/torto_ws/install/lio_sam/share/lio_sam//config/doc/ouster-device.jpg
[2.666s] -- Up-to-date symlink: /home/sirapob/torto_ws/install/lio_sam/share/lio_sam//config/doc/paper.pdf
[2.666s] -- Up-to-date symlink: /home/sirapob/torto_ws/install/lio_sam/share/lio_sam//config/doc/system.png
[2.666s] -- Up-to-date symlink: /home/sirapob/torto_ws/install/lio_sam/share/lio_sam//config/params.yaml
[2.666s] -- Up-to-date symlink: /home/sirapob/torto_ws/install/lio_sam/share/lio_sam//config/robot.urdf.xacro
[2.666s] -- Up-to-date symlink: /home/sirapob/torto_ws/install/lio_sam/share/lio_sam//config/rviz2.rviz
[2.673s] -- Up-to-date symlink: /home/sirapob/torto_ws/install/lio_sam/lib/lio_sam/lio_sam_imageProjection
[2.674s] -- Up-to-date symlink: /home/sirapob/torto_ws/install/lio_sam/lib/lio_sam/lio_sam_imuPreintegration
[2.678s] -- Up-to-date symlink: /home/sirapob/torto_ws/install/lio_sam/lib/lio_sam/lio_sam_featureExtraction
[2.680s] -- Up-to-date symlink: /home/sirapob/torto_ws/install/lio_sam/lib/lio_sam/lio_sam_mapOptimization
[2.680s] -- Up-to-date symlink: /home/sirapob/torto_ws/install/lio_sam/include/lio_sam/utility.hpp
[2.684s] -- Up-to-date symlink: /home/sirapob/torto_ws/install/lio_sam/share/ament_index/resource_index/package_run_dependencies/lio_sam
[2.684s] -- Up-to-date symlink: /home/sirapob/torto_ws/install/lio_sam/share/ament_index/resource_index/parent_prefix_path/lio_sam
[2.684s] -- Up-to-date symlink: /home/sirapob/torto_ws/install/lio_sam/share/lio_sam/environment/ament_prefix_path.sh
[2.685s] -- Up-to-date symlink: /home/sirapob/torto_ws/install/lio_sam/share/lio_sam/environment/ament_prefix_path.dsv
[2.688s] -- Up-to-date symlink: /home/sirapob/torto_ws/install/lio_sam/share/lio_sam/environment/path.sh
[2.688s] -- Up-to-date symlink: /home/sirapob/torto_ws/install/lio_sam/share/lio_sam/environment/path.dsv
[2.694s] -- Up-to-date symlink: /home/sirapob/torto_ws/install/lio_sam/share/lio_sam/local_setup.bash
[2.694s] -- Up-to-date symlink: /home/sirapob/torto_ws/install/lio_sam/share/lio_sam/local_setup.sh
[2.696s] -- Up-to-date symlink: /home/sirapob/torto_ws/install/lio_sam/share/lio_sam/local_setup.zsh
[2.696s] -- Up-to-date symlink: /home/sirapob/torto_ws/install/lio_sam/share/lio_sam/local_setup.dsv
[2.697s] -- Symlinking: /home/sirapob/torto_ws/install/lio_sam/share/lio_sam/package.dsv
[2.746s] -- Up-to-date symlink: /home/sirapob/torto_ws/install/lio_sam/share/ament_index/resource_index/packages/lio_sam
[2.748s] -- Up-to-date symlink: /home/sirapob/torto_ws/install/lio_sam/share/lio_sam/cmake/rosidl_cmake-extras.cmake
[2.752s] -- Up-to-date symlink: /home/sirapob/torto_ws/install/lio_sam/share/lio_sam/cmake/ament_cmake_export_dependencies-extras.cmake
[2.754s] -- Up-to-date symlink: /home/sirapob/torto_ws/install/lio_sam/share/lio_sam/cmake/ament_cmake_export_include_directories-extras.cmake
[2.754s] -- Up-to-date symlink: /home/sirapob/torto_ws/install/lio_sam/share/lio_sam/cmake/ament_cmake_export_libraries-extras.cmake
[2.756s] -- Up-to-date symlink: /home/sirapob/torto_ws/install/lio_sam/share/lio_sam/cmake/ament_cmake_export_targets-extras.cmake
[2.757s] -- Up-to-date symlink: /home/sirapob/torto_ws/install/lio_sam/share/lio_sam/cmake/rosidl_cmake_export_typesupport_targets-extras.cmake
[2.762s] -- Up-to-date symlink: /home/sirapob/torto_ws/install/lio_sam/share/lio_sam/cmake/rosidl_cmake_export_typesupport_libraries-extras.cmake
[2.762s] -- Up-to-date symlink: /home/sirapob/torto_ws/install/lio_sam/share/lio_sam/cmake/lio_samConfig.cmake
[2.763s] -- Up-to-date symlink: /home/sirapob/torto_ws/install/lio_sam/share/lio_sam/cmake/lio_samConfig-version.cmake
[2.763s] -- Up-to-date symlink: /home/sirapob/torto_ws/install/lio_sam/share/lio_sam/package.xml
[2.775s] -- Up-to-date: /home/sirapob/torto_ws/install/lio_sam/lib/liblio_sam__rosidl_generator_c.so
[2.777s] -- Up-to-date: /home/sirapob/torto_ws/install/lio_sam/lib/liblio_sam__rosidl_typesupport_fastrtps_c.so
[2.787s] -- Up-to-date: /home/sirapob/torto_ws/install/lio_sam/lib/liblio_sam__rosidl_typesupport_introspection_c.so
[2.791s] -- Up-to-date: /home/sirapob/torto_ws/install/lio_sam/lib/liblio_sam__rosidl_typesupport_c.so
[2.796s] -- Up-to-date: /home/sirapob/torto_ws/install/lio_sam/lib/liblio_sam__rosidl_typesupport_fastrtps_cpp.so
[2.803s] -- Up-to-date: /home/sirapob/torto_ws/install/lio_sam/lib/liblio_sam__rosidl_typesupport_introspection_cpp.so
[2.806s] -- Up-to-date: /home/sirapob/torto_ws/install/lio_sam/lib/liblio_sam__rosidl_typesupport_cpp.so
[2.963s] Listing '/home/sirapob/torto_ws/install/lio_sam/lib/python3.12/site-packages/lio_sam'...
[2.963s] Listing '/home/sirapob/torto_ws/install/lio_sam/lib/python3.12/site-packages/lio_sam/msg'...
[2.963s] Listing '/home/sirapob/torto_ws/install/lio_sam/lib/python3.12/site-packages/lio_sam/srv'...
[2.990s] -- Up-to-date: /home/sirapob/torto_ws/install/lio_sam/lib/liblio_sam__rosidl_generator_py.so
[2.995s] -- Up-to-date: /home/sirapob/torto_ws/install/lio_sam/share/lio_sam/cmake/export_lio_sam__rosidl_generator_cExport.cmake
[2.995s] -- Up-to-date: /home/sirapob/torto_ws/install/lio_sam/share/lio_sam/cmake/export_lio_sam__rosidl_generator_cExport-release.cmake
[2.998s] -- Up-to-date: /home/sirapob/torto_ws/install/lio_sam/share/lio_sam/cmake/export_lio_sam__rosidl_typesupport_fastrtps_cExport.cmake
[2.998s] -- Up-to-date: /home/sirapob/torto_ws/install/lio_sam/share/lio_sam/cmake/export_lio_sam__rosidl_typesupport_fastrtps_cExport-release.cmake
[3.005s] -- Up-to-date: /home/sirapob/torto_ws/install/lio_sam/share/lio_sam/cmake/lio_sam__rosidl_typesupport_introspection_cExport.cmake
[3.005s] -- Up-to-date: /home/sirapob/torto_ws/install/lio_sam/share/lio_sam/cmake/lio_sam__rosidl_typesupport_introspection_cExport-release.cmake
[3.005s] -- Up-to-date: /home/sirapob/torto_ws/install/lio_sam/share/lio_sam/cmake/lio_sam__rosidl_typesupport_cExport.cmake
[3.005s] -- Up-to-date: /home/sirapob/torto_ws/install/lio_sam/share/lio_sam/cmake/lio_sam__rosidl_typesupport_cExport-release.cmake
[3.005s] -- Up-to-date: /home/sirapob/torto_ws/install/lio_sam/share/lio_sam/cmake/export_lio_sam__rosidl_generator_cppExport.cmake
[3.014s] -- Up-to-date: /home/sirapob/torto_ws/install/lio_sam/share/lio_sam/cmake/export_lio_sam__rosidl_typesupport_fastrtps_cppExport.cmake
[3.014s] -- Up-to-date: /home/sirapob/torto_ws/install/lio_sam/share/lio_sam/cmake/export_lio_sam__rosidl_typesupport_fastrtps_cppExport-release.cmake
[3.014s] -- Up-to-date: /home/sirapob/torto_ws/install/lio_sam/share/lio_sam/cmake/lio_sam__rosidl_typesupport_introspection_cppExport.cmake
[3.014s] -- Up-to-date: /home/sirapob/torto_ws/install/lio_sam/share/lio_sam/cmake/lio_sam__rosidl_typesupport_introspection_cppExport-release.cmake
[3.015s] -- Up-to-date: /home/sirapob/torto_ws/install/lio_sam/share/lio_sam/cmake/lio_sam__rosidl_typesupport_cppExport.cmake
[3.015s] -- Up-to-date: /home/sirapob/torto_ws/install/lio_sam/share/lio_sam/cmake/lio_sam__rosidl_typesupport_cppExport-release.cmake
[3.018s] -- Up-to-date: /home/sirapob/torto_ws/install/lio_sam/share/lio_sam/cmake/export_lio_sam__rosidl_generator_pyExport.cmake
[3.019s] -- Up-to-date: /home/sirapob/torto_ws/install/lio_sam/share/lio_sam/cmake/export_lio_sam__rosidl_generator_pyExport-release.cmake
[3.040s] Invoked command in '/home/sirapob/torto_ws/build/lio_sam' returned '0': CMAKE_PREFIX_PATH=${CMAKE_PREFIX_PATH}:/home/sirapob/torto_ws/install/torto_odometry:/home/sirapob/torto_ws/install/torto_ctrl:/home/sirapob/torto_ws/install/torto_input_handle:/home/sirapob/torto_ws/install/torto_hardware:/opt/ros/jazzy DEBUGINFOD_URLS=https://debuginfod.ubuntu.com /usr/bin/cmake --install /home/sirapob/torto_ws/build/lio_sam
