[0.017s] Invoking command in '/home/sirapob/torto_ws/build/torto_interfaces': CMAKE_PREFIX_PATH=${CMAKE_PREFIX_PATH}:/home/sirapob/torto_ws/install/torto_ctrl:/home/sirapob/torto_ws/install/torto_input_handle:/home/sirapob/torto_ws/install/torto_hardware:/opt/ros/jazzy DEBUGINFOD_URLS=https://debuginfod.ubuntu.com /usr/bin/cmake /home/sirapob/torto_ws/src/torto_interfaces -DCMAKE_INSTALL_PREFIX=/home/sirapob/torto_ws/install/torto_interfaces
[0.039s] -- Found ament_cmake: 2.5.2 (/opt/ros/jazzy/share/ament_cmake/cmake)
[0.081s] -- Found Python3: /usr/bin/python3 (found version "3.12.3") found components: Interpreter 
[0.205s] -- Override CMake install command with custom implementation using symlinks instead of copying resources
[0.215s] -- Found rosidl_default_generators: 1.6.0 (/opt/ros/jazzy/share/rosidl_default_generators/cmake)
[0.219s] -- Using all available rosidl_typesupport_c: rosidl_typesupport_fastrtps_c;rosidl_typesupport_introspection_c
[0.266s] -- Using all available rosidl_typesupport_cpp: rosidl_typesupport_fastrtps_cpp;rosidl_typesupport_introspection_cpp
[0.307s] -- Found rosidl_adapter: 4.6.4 (/opt/ros/jazzy/share/rosidl_adapter/cmake)
[0.726s] -- Found ament_cmake_ros: 0.12.0 (/opt/ros/jazzy/share/ament_cmake_ros/cmake)
[0.868s] -- Using all available rosidl_typesupport_c: rosidl_typesupport_fastrtps_c;rosidl_typesupport_introspection_c
[1.055s] -- Using all available rosidl_typesupport_cpp: rosidl_typesupport_fastrtps_cpp;rosidl_typesupport_introspection_cpp
[1.057s] -- Found python_cmake_module: 0.11.1 (/opt/ros/jazzy/share/python_cmake_module/cmake)
[1.509s] -- Found Python3: /usr/bin/python3 (found version "3.12.3") found components: Interpreter Development NumPy Development.Module Development.Embed 
[1.539s] -- Configuring done (1.5s)
[1.627s] -- Generating done (0.1s)
[1.670s] -- Build files have been written to: /home/sirapob/torto_ws/build/torto_interfaces
[1.681s] Invoked command in '/home/sirapob/torto_ws/build/torto_interfaces' returned '0': CMAKE_PREFIX_PATH=${CMAKE_PREFIX_PATH}:/home/sirapob/torto_ws/install/torto_ctrl:/home/sirapob/torto_ws/install/torto_input_handle:/home/sirapob/torto_ws/install/torto_hardware:/opt/ros/jazzy DEBUGINFOD_URLS=https://debuginfod.ubuntu.com /usr/bin/cmake /home/sirapob/torto_ws/src/torto_interfaces -DCMAKE_INSTALL_PREFIX=/home/sirapob/torto_ws/install/torto_interfaces
[1.683s] Invoking command in '/home/sirapob/torto_ws/build/torto_interfaces': CMAKE_PREFIX_PATH=${CMAKE_PREFIX_PATH}:/home/sirapob/torto_ws/install/torto_ctrl:/home/sirapob/torto_ws/install/torto_input_handle:/home/sirapob/torto_ws/install/torto_hardware:/opt/ros/jazzy DEBUGINFOD_URLS=https://debuginfod.ubuntu.com /usr/bin/cmake --build /home/sirapob/torto_ws/build/torto_interfaces -- -j4 -l4
[1.771s] [  2%] Built target torto_interfaces__rosidl_generator_type_description
[1.771s] failed to create symbolic link '/home/sirapob/torto_ws/build/torto_interfaces/ament_cmake_python/torto_interfaces/torto_interfaces' because existing path cannot be removed: Is a directory
[1.773s] gmake[2]: *** [CMakeFiles/ament_cmake_python_symlink_torto_interfaces.dir/build.make:70: CMakeFiles/ament_cmake_python_symlink_torto_interfaces] Error 1
[1.774s] gmake[1]: *** [CMakeFiles/Makefile2:452: CMakeFiles/ament_cmake_python_symlink_torto_interfaces.dir/all] Error 2
[1.774s] gmake[1]: *** Waiting for unfinished jobs....
[1.790s] [  4%] [34m[1mGenerating C code for ROS interfaces[0m
[1.815s] [  6%] [34m[1mGenerating C++ code for ROS interfaces[0m
[2.419s] [  6%] Built target torto_interfaces__cpp
[2.523s] [ 13%] [32mBuilding C object CMakeFiles/torto_interfaces__rosidl_generator_c.dir/rosidl_generator_c/torto_interfaces/msg/detail/torto_joint_angles__description.c.o[0m
[2.523s] [ 13%] [32mBuilding C object CMakeFiles/torto_interfaces__rosidl_generator_c.dir/rosidl_generator_c/torto_interfaces/msg/detail/torto_ctrl_params__description.c.o[0m
[2.523s] [ 13%] [32mBuilding C object CMakeFiles/torto_interfaces__rosidl_generator_c.dir/rosidl_generator_c/torto_interfaces/msg/detail/torto_joint_angles__type_support.c.o[0m
[2.524s] [ 15%] [32mBuilding C object CMakeFiles/torto_interfaces__rosidl_generator_c.dir/rosidl_generator_c/torto_interfaces/msg/detail/torto_joint_angles__functions.c.o[0m
[2.873s] [ 18%] [32mBuilding C object CMakeFiles/torto_interfaces__rosidl_generator_c.dir/rosidl_generator_c/torto_interfaces/msg/detail/torto_ctrl_params__functions.c.o[0m
[2.940s] [ 20%] [32mBuilding C object CMakeFiles/torto_interfaces__rosidl_generator_c.dir/rosidl_generator_c/torto_interfaces/msg/detail/torto_ctrl_params__type_support.c.o[0m
[3.000s] [ 22%] [32m[1mLinking C shared library libtorto_interfaces__rosidl_generator_c.so[0m
[3.135s] [ 22%] Built target torto_interfaces__rosidl_generator_c
[3.138s] gmake: *** [Makefile:146: all] Error 2
[3.143s] Invoked command in '/home/sirapob/torto_ws/build/torto_interfaces' returned '2': CMAKE_PREFIX_PATH=${CMAKE_PREFIX_PATH}:/home/sirapob/torto_ws/install/torto_ctrl:/home/sirapob/torto_ws/install/torto_input_handle:/home/sirapob/torto_ws/install/torto_hardware:/opt/ros/jazzy DEBUGINFOD_URLS=https://debuginfod.ubuntu.com /usr/bin/cmake --build /home/sirapob/torto_ws/build/torto_interfaces -- -j4 -l4
