[0.054s] Invoking command in '/home/sirapob/torto_ws/build/torto_interfaces': CMAKE_PREFIX_PATH=${CMAKE_PREFIX_PATH}:/home/sirapob/torto_ws/install/torto_odometry:/home/sirapob/torto_ws/install/torto_ctrl:/home/sirapob/torto_ws/install/torto_input_handle:/home/sirapob/torto_ws/install/torto_hardware:/opt/ros/jazzy DEBUGINFOD_URLS=https://debuginfod.ubuntu.com /usr/bin/cmake /home/sirapob/torto_ws/src/torto_interfaces -DCMAKE_INSTALL_PREFIX=/home/sirapob/torto_ws/install/torto_interfaces
[0.856s] -- Found ament_cmake: 2.5.3 (/opt/ros/jazzy/share/ament_cmake/cmake)
[0.857s] -- Found Python3: /usr/bin/python3 (found version "3.12.3") found components: Interpreter 
[0.857s] -- Override CMake install command with custom implementation using symlinks instead of copying resources
[0.857s] -- Found rosidl_default_generators: 1.6.0 (/opt/ros/jazzy/share/rosidl_default_generators/cmake)
[0.857s] -- Using all available rosidl_typesupport_c: rosidl_typesupport_fastrtps_c;rosidl_typesupport_introspection_c
[0.857s] -- Using all available rosidl_typesupport_cpp: rosidl_typesupport_fastrtps_cpp;rosidl_typesupport_introspection_cpp
[0.857s] -- Found rosidl_adapter: 4.6.5 (/opt/ros/jazzy/share/rosidl_adapter/cmake)
[1.119s] -- Found ament_cmake_ros: 0.12.0 (/opt/ros/jazzy/share/ament_cmake_ros/cmake)
[1.338s] -- Using all available rosidl_typesupport_c: rosidl_typesupport_fastrtps_c;rosidl_typesupport_introspection_c
[1.630s] -- Using all available rosidl_typesupport_cpp: rosidl_typesupport_fastrtps_cpp;rosidl_typesupport_introspection_cpp
[1.638s] -- Found python_cmake_module: 0.11.1 (/opt/ros/jazzy/share/python_cmake_module/cmake)
[2.173s] -- Found Python3: /usr/bin/python3 (found version "3.12.3") found components: Interpreter Development NumPy Development.Module Development.Embed 
[2.225s] -- Configuring done (2.1s)
[2.324s] -- Generating done (0.1s)
[2.342s] -- Build files have been written to: /home/sirapob/torto_ws/build/torto_interfaces
[2.355s] Invoked command in '/home/sirapob/torto_ws/build/torto_interfaces' returned '0': CMAKE_PREFIX_PATH=${CMAKE_PREFIX_PATH}:/home/sirapob/torto_ws/install/torto_odometry:/home/sirapob/torto_ws/install/torto_ctrl:/home/sirapob/torto_ws/install/torto_input_handle:/home/sirapob/torto_ws/install/torto_hardware:/opt/ros/jazzy DEBUGINFOD_URLS=https://debuginfod.ubuntu.com /usr/bin/cmake /home/sirapob/torto_ws/src/torto_interfaces -DCMAKE_INSTALL_PREFIX=/home/sirapob/torto_ws/install/torto_interfaces
[2.356s] Invoking command in '/home/sirapob/torto_ws/build/torto_interfaces': CMAKE_PREFIX_PATH=${CMAKE_PREFIX_PATH}:/home/sirapob/torto_ws/install/torto_odometry:/home/sirapob/torto_ws/install/torto_ctrl:/home/sirapob/torto_ws/install/torto_input_handle:/home/sirapob/torto_ws/install/torto_hardware:/opt/ros/jazzy DEBUGINFOD_URLS=https://debuginfod.ubuntu.com /usr/bin/cmake --build /home/sirapob/torto_ws/build/torto_interfaces -- -j4 -l4
[2.495s] [  2%] Built target torto_interfaces__rosidl_generator_type_description
[2.529s] [  2%] Built target ament_cmake_python_symlink_torto_interfaces
[2.551s] [  4%] Built target torto_interfaces__cpp
[2.603s] [ 22%] Built target torto_interfaces__rosidl_generator_c
[2.705s] [ 31%] Built target torto_interfaces__rosidl_typesupport_c
[2.705s] [ 40%] Built target torto_interfaces__rosidl_typesupport_introspection_c
[2.721s] [ 50%] Built target torto_interfaces__rosidl_typesupport_introspection_cpp
[2.799s] [ 59%] Built target torto_interfaces__rosidl_typesupport_fastrtps_c
[2.814s] [ 68%] Built target torto_interfaces__rosidl_typesupport_fastrtps_cpp
[2.821s] [ 77%] Built target torto_interfaces__rosidl_typesupport_cpp
[2.896s] [ 77%] Built target torto_interfaces
[2.935s] [ 79%] Built target torto_interfaces__py
[3.033s] [ 86%] Built target torto_interfaces__rosidl_generator_py
[3.121s] [ 90%] Built target torto_interfaces_s__rosidl_typesupport_fastrtps_c
[3.139s] [ 95%] Built target torto_interfaces_s__rosidl_typesupport_introspection_c
[3.148s] running egg_info
[3.174s] [100%] Built target torto_interfaces_s__rosidl_typesupport_c
[3.199s] writing torto_interfaces.egg-info/PKG-INFO
[3.199s] writing dependency_links to torto_interfaces.egg-info/dependency_links.txt
[3.201s] writing top-level names to torto_interfaces.egg-info/top_level.txt
[3.357s] reading manifest file 'torto_interfaces.egg-info/SOURCES.txt'
[3.368s] writing manifest file 'torto_interfaces.egg-info/SOURCES.txt'
[3.560s] [100%] Built target ament_cmake_python_build_torto_interfaces_egg
[3.646s] Invoked command in '/home/sirapob/torto_ws/build/torto_interfaces' returned '0': CMAKE_PREFIX_PATH=${CMAKE_PREFIX_PATH}:/home/sirapob/torto_ws/install/torto_odometry:/home/sirapob/torto_ws/install/torto_ctrl:/home/sirapob/torto_ws/install/torto_input_handle:/home/sirapob/torto_ws/install/torto_hardware:/opt/ros/jazzy DEBUGINFOD_URLS=https://debuginfod.ubuntu.com /usr/bin/cmake --build /home/sirapob/torto_ws/build/torto_interfaces -- -j4 -l4
[3.673s] Invoking command in '/home/sirapob/torto_ws/build/torto_interfaces': CMAKE_PREFIX_PATH=${CMAKE_PREFIX_PATH}:/home/sirapob/torto_ws/install/torto_odometry:/home/sirapob/torto_ws/install/torto_ctrl:/home/sirapob/torto_ws/install/torto_input_handle:/home/sirapob/torto_ws/install/torto_hardware:/opt/ros/jazzy DEBUGINFOD_URLS=https://debuginfod.ubuntu.com /usr/bin/cmake --install /home/sirapob/torto_ws/build/torto_interfaces
[3.701s] -- Install configuration: ""
[3.702s] -- Execute custom install script
[3.702s] -- Up-to-date symlink: /home/sirapob/torto_ws/install/torto_interfaces/share/ament_index/resource_index/rosidl_interfaces/torto_interfaces
[3.702s] -- Up-to-date symlink: /home/sirapob/torto_ws/install/torto_interfaces/share/torto_interfaces/msg/TortoJointAngles.json
[3.702s] -- Up-to-date symlink: /home/sirapob/torto_ws/install/torto_interfaces/share/torto_interfaces/msg/TortoCtrlParams.json
[3.704s] -- Up-to-date symlink: /home/sirapob/torto_ws/install/torto_interfaces/include/torto_interfaces/torto_interfaces/msg/detail/torto_ctrl_params__functions.h
[3.705s] -- Up-to-date symlink: /home/sirapob/torto_ws/install/torto_interfaces/include/torto_interfaces/torto_interfaces/msg/detail/torto_ctrl_params__struct.h
[3.706s] -- Up-to-date symlink: /home/sirapob/torto_ws/install/torto_interfaces/include/torto_interfaces/torto_interfaces/msg/detail/torto_ctrl_params__type_support.h
[3.706s] -- Up-to-date symlink: /home/sirapob/torto_ws/install/torto_interfaces/include/torto_interfaces/torto_interfaces/msg/detail/torto_joint_angles__functions.h
[3.707s] -- Up-to-date symlink: /home/sirapob/torto_ws/install/torto_interfaces/include/torto_interfaces/torto_interfaces/msg/detail/torto_joint_angles__struct.h
[3.707s] -- Up-to-date symlink: /home/sirapob/torto_ws/install/torto_interfaces/include/torto_interfaces/torto_interfaces/msg/detail/torto_joint_angles__type_support.h
[3.709s] -- Up-to-date symlink: /home/sirapob/torto_ws/install/torto_interfaces/include/torto_interfaces/torto_interfaces/msg/rosidl_generator_c__visibility_control.h
[3.711s] -- Up-to-date symlink: /home/sirapob/torto_ws/install/torto_interfaces/include/torto_interfaces/torto_interfaces/msg/torto_ctrl_params.h
[3.711s] -- Up-to-date symlink: /home/sirapob/torto_ws/install/torto_interfaces/include/torto_interfaces/torto_interfaces/msg/torto_joint_angles.h
[3.711s] -- Up-to-date symlink: /home/sirapob/torto_ws/install/torto_interfaces/share/torto_interfaces/environment/library_path.sh
[3.711s] -- Up-to-date symlink: /home/sirapob/torto_ws/install/torto_interfaces/share/torto_interfaces/environment/library_path.dsv
[3.715s] -- Up-to-date symlink: /home/sirapob/torto_ws/install/torto_interfaces/include/torto_interfaces/torto_interfaces/msg/detail/torto_ctrl_params__rosidl_typesupport_fastrtps_c.h
[3.715s] -- Up-to-date symlink: /home/sirapob/torto_ws/install/torto_interfaces/include/torto_interfaces/torto_interfaces/msg/detail/torto_joint_angles__rosidl_typesupport_fastrtps_c.h
[3.715s] -- Up-to-date symlink: /home/sirapob/torto_ws/install/torto_interfaces/include/torto_interfaces/torto_interfaces/msg/rosidl_typesupport_fastrtps_c__visibility_control.h
[3.715s] -- Up-to-date symlink: /home/sirapob/torto_ws/install/torto_interfaces/include/torto_interfaces/torto_interfaces/msg/detail/torto_ctrl_params__rosidl_typesupport_introspection_c.h
[3.716s] -- Up-to-date symlink: /home/sirapob/torto_ws/install/torto_interfaces/include/torto_interfaces/torto_interfaces/msg/detail/torto_joint_angles__rosidl_typesupport_introspection_c.h
[3.716s] -- Up-to-date symlink: /home/sirapob/torto_ws/install/torto_interfaces/include/torto_interfaces/torto_interfaces/msg/rosidl_typesupport_introspection_c__visibility_control.h
[3.716s] -- Up-to-date symlink: /home/sirapob/torto_ws/install/torto_interfaces/include/torto_interfaces/torto_interfaces/msg/detail/torto_ctrl_params__builder.hpp
[3.717s] -- Up-to-date symlink: /home/sirapob/torto_ws/install/torto_interfaces/include/torto_interfaces/torto_interfaces/msg/detail/torto_ctrl_params__struct.hpp
[3.718s] -- Up-to-date symlink: /home/sirapob/torto_ws/install/torto_interfaces/include/torto_interfaces/torto_interfaces/msg/detail/torto_ctrl_params__traits.hpp
[3.719s] -- Up-to-date symlink: /home/sirapob/torto_ws/install/torto_interfaces/include/torto_interfaces/torto_interfaces/msg/detail/torto_ctrl_params__type_support.hpp
[3.721s] -- Up-to-date symlink: /home/sirapob/torto_ws/install/torto_interfaces/include/torto_interfaces/torto_interfaces/msg/detail/torto_joint_angles__builder.hpp
[3.722s] -- Up-to-date symlink: /home/sirapob/torto_ws/install/torto_interfaces/include/torto_interfaces/torto_interfaces/msg/detail/torto_joint_angles__struct.hpp
[3.722s] -- Up-to-date symlink: /home/sirapob/torto_ws/install/torto_interfaces/include/torto_interfaces/torto_interfaces/msg/detail/torto_joint_angles__traits.hpp
[3.723s] -- Up-to-date symlink: /home/sirapob/torto_ws/install/torto_interfaces/include/torto_interfaces/torto_interfaces/msg/detail/torto_joint_angles__type_support.hpp
[3.723s] -- Up-to-date symlink: /home/sirapob/torto_ws/install/torto_interfaces/include/torto_interfaces/torto_interfaces/msg/rosidl_generator_cpp__visibility_control.hpp
[3.723s] -- Up-to-date symlink: /home/sirapob/torto_ws/install/torto_interfaces/include/torto_interfaces/torto_interfaces/msg/torto_ctrl_params.hpp
[3.723s] -- Up-to-date symlink: /home/sirapob/torto_ws/install/torto_interfaces/include/torto_interfaces/torto_interfaces/msg/torto_joint_angles.hpp
[3.723s] -- Up-to-date symlink: /home/sirapob/torto_ws/install/torto_interfaces/include/torto_interfaces/torto_interfaces/msg/detail/torto_ctrl_params__rosidl_typesupport_fastrtps_cpp.hpp
[3.723s] -- Up-to-date symlink: /home/sirapob/torto_ws/install/torto_interfaces/include/torto_interfaces/torto_interfaces/msg/detail/torto_joint_angles__rosidl_typesupport_fastrtps_cpp.hpp
[3.723s] -- Up-to-date symlink: /home/sirapob/torto_ws/install/torto_interfaces/include/torto_interfaces/torto_interfaces/msg/rosidl_typesupport_fastrtps_cpp__visibility_control.h
[3.723s] -- Up-to-date symlink: /home/sirapob/torto_ws/install/torto_interfaces/include/torto_interfaces/torto_interfaces/msg/detail/torto_ctrl_params__rosidl_typesupport_introspection_cpp.hpp
[3.723s] -- Up-to-date symlink: /home/sirapob/torto_ws/install/torto_interfaces/include/torto_interfaces/torto_interfaces/msg/detail/torto_joint_angles__rosidl_typesupport_introspection_cpp.hpp
[3.723s] -- Up-to-date symlink: /home/sirapob/torto_ws/install/torto_interfaces/share/torto_interfaces/environment/pythonpath.sh
[3.724s] -- Up-to-date symlink: /home/sirapob/torto_ws/install/torto_interfaces/share/torto_interfaces/environment/pythonpath.dsv
[3.724s] -- Up-to-date symlink: /home/sirapob/torto_ws/install/torto_interfaces/lib/python3.12/site-packages/torto_interfaces-0.0.0-py3.12.egg-info/PKG-INFO
[3.724s] -- Up-to-date symlink: /home/sirapob/torto_ws/install/torto_interfaces/lib/python3.12/site-packages/torto_interfaces-0.0.0-py3.12.egg-info/SOURCES.txt
[3.724s] -- Up-to-date symlink: /home/sirapob/torto_ws/install/torto_interfaces/lib/python3.12/site-packages/torto_interfaces-0.0.0-py3.12.egg-info/dependency_links.txt
[3.724s] -- Up-to-date symlink: /home/sirapob/torto_ws/install/torto_interfaces/lib/python3.12/site-packages/torto_interfaces-0.0.0-py3.12.egg-info/top_level.txt
[3.724s] -- Up-to-date symlink: /home/sirapob/torto_ws/install/torto_interfaces/lib/python3.12/site-packages/torto_interfaces/__init__.py
[3.724s] -- Up-to-date symlink: /home/sirapob/torto_ws/install/torto_interfaces/lib/python3.12/site-packages/torto_interfaces/_torto_interfaces_s.ep.rosidl_typesupport_c.c
[3.724s] -- Up-to-date symlink: /home/sirapob/torto_ws/install/torto_interfaces/lib/python3.12/site-packages/torto_interfaces/_torto_interfaces_s.ep.rosidl_typesupport_fastrtps_c.c
[3.724s] -- Up-to-date symlink: /home/sirapob/torto_ws/install/torto_interfaces/lib/python3.12/site-packages/torto_interfaces/_torto_interfaces_s.ep.rosidl_typesupport_introspection_c.c
[3.724s] -- Up-to-date symlink: /home/sirapob/torto_ws/install/torto_interfaces/lib/python3.12/site-packages/torto_interfaces/msg/__init__.py
[3.725s] -- Up-to-date symlink: /home/sirapob/torto_ws/install/torto_interfaces/lib/python3.12/site-packages/torto_interfaces/msg/_torto_ctrl_params.py
[3.732s] -- Up-to-date symlink: /home/sirapob/torto_ws/install/torto_interfaces/lib/python3.12/site-packages/torto_interfaces/msg/_torto_ctrl_params_s.c
[3.732s] -- Up-to-date symlink: /home/sirapob/torto_ws/install/torto_interfaces/lib/python3.12/site-packages/torto_interfaces/msg/_torto_joint_angles.py
[3.732s] -- Up-to-date symlink: /home/sirapob/torto_ws/install/torto_interfaces/lib/python3.12/site-packages/torto_interfaces/msg/_torto_joint_angles_s.c
[3.732s] -- Up-to-date symlink: /home/sirapob/torto_ws/install/torto_interfaces/lib/python3.12/site-packages/torto_interfaces/torto_interfaces_s__rosidl_typesupport_c.so
[3.733s] -- Up-to-date symlink: /home/sirapob/torto_ws/install/torto_interfaces/lib/python3.12/site-packages/torto_interfaces/torto_interfaces_s__rosidl_typesupport_fastrtps_c.so
[3.733s] -- Up-to-date symlink: /home/sirapob/torto_ws/install/torto_interfaces/lib/python3.12/site-packages/torto_interfaces/torto_interfaces_s__rosidl_typesupport_introspection_c.so
[3.733s] -- Up-to-date symlink: /home/sirapob/torto_ws/install/torto_interfaces/lib/python3.12/site-packages/torto_interfaces/torto_interfaces_s__rosidl_typesupport_fastrtps_c.so
[3.733s] -- Up-to-date symlink: /home/sirapob/torto_ws/install/torto_interfaces/lib/python3.12/site-packages/torto_interfaces/torto_interfaces_s__rosidl_typesupport_introspection_c.so
[3.733s] -- Up-to-date symlink: /home/sirapob/torto_ws/install/torto_interfaces/lib/python3.12/site-packages/torto_interfaces/torto_interfaces_s__rosidl_typesupport_c.so
[3.733s] -- Up-to-date symlink: /home/sirapob/torto_ws/install/torto_interfaces/share/torto_interfaces/msg/TortoJointAngles.idl
[3.733s] -- Up-to-date symlink: /home/sirapob/torto_ws/install/torto_interfaces/share/torto_interfaces/msg/TortoCtrlParams.idl
[3.733s] -- Up-to-date symlink: /home/sirapob/torto_ws/install/torto_interfaces/share/torto_interfaces/msg/TortoJointAngles.msg
[3.733s] -- Up-to-date symlink: /home/sirapob/torto_ws/install/torto_interfaces/share/torto_interfaces/msg/TortoCtrlParams.msg
[3.734s] -- Up-to-date symlink: /home/sirapob/torto_ws/install/torto_interfaces/share/ament_index/resource_index/package_run_dependencies/torto_interfaces
[3.734s] -- Up-to-date symlink: /home/sirapob/torto_ws/install/torto_interfaces/share/ament_index/resource_index/parent_prefix_path/torto_interfaces
[3.734s] -- Up-to-date symlink: /home/sirapob/torto_ws/install/torto_interfaces/share/torto_interfaces/environment/ament_prefix_path.sh
[3.734s] -- Up-to-date symlink: /home/sirapob/torto_ws/install/torto_interfaces/share/torto_interfaces/environment/ament_prefix_path.dsv
[3.734s] -- Up-to-date symlink: /home/sirapob/torto_ws/install/torto_interfaces/share/torto_interfaces/environment/path.sh
[3.734s] -- Up-to-date symlink: /home/sirapob/torto_ws/install/torto_interfaces/share/torto_interfaces/environment/path.dsv
[3.734s] -- Up-to-date symlink: /home/sirapob/torto_ws/install/torto_interfaces/share/torto_interfaces/local_setup.bash
[3.734s] -- Up-to-date symlink: /home/sirapob/torto_ws/install/torto_interfaces/share/torto_interfaces/local_setup.sh
[3.734s] -- Up-to-date symlink: /home/sirapob/torto_ws/install/torto_interfaces/share/torto_interfaces/local_setup.zsh
[3.734s] -- Up-to-date symlink: /home/sirapob/torto_ws/install/torto_interfaces/share/torto_interfaces/local_setup.dsv
[3.741s] -- Symlinking: /home/sirapob/torto_ws/install/torto_interfaces/share/torto_interfaces/package.dsv
[3.743s] -- Up-to-date symlink: /home/sirapob/torto_ws/install/torto_interfaces/share/ament_index/resource_index/packages/torto_interfaces
[3.744s] -- Up-to-date symlink: /home/sirapob/torto_ws/install/torto_interfaces/share/torto_interfaces/cmake/rosidl_cmake-extras.cmake
[3.744s] -- Up-to-date symlink: /home/sirapob/torto_ws/install/torto_interfaces/share/torto_interfaces/cmake/ament_cmake_export_include_directories-extras.cmake
[3.745s] -- Up-to-date symlink: /home/sirapob/torto_ws/install/torto_interfaces/share/torto_interfaces/cmake/ament_cmake_export_libraries-extras.cmake
[3.745s] -- Up-to-date symlink: /home/sirapob/torto_ws/install/torto_interfaces/share/torto_interfaces/cmake/ament_cmake_export_targets-extras.cmake
[3.746s] -- Up-to-date symlink: /home/sirapob/torto_ws/install/torto_interfaces/share/torto_interfaces/cmake/rosidl_cmake_export_typesupport_targets-extras.cmake
[3.746s] -- Up-to-date symlink: /home/sirapob/torto_ws/install/torto_interfaces/share/torto_interfaces/cmake/ament_cmake_export_dependencies-extras.cmake
[3.746s] -- Up-to-date symlink: /home/sirapob/torto_ws/install/torto_interfaces/share/torto_interfaces/cmake/rosidl_cmake_export_typesupport_libraries-extras.cmake
[3.747s] -- Up-to-date symlink: /home/sirapob/torto_ws/install/torto_interfaces/share/torto_interfaces/cmake/torto_interfacesConfig.cmake
[3.747s] -- Up-to-date symlink: /home/sirapob/torto_ws/install/torto_interfaces/share/torto_interfaces/cmake/torto_interfacesConfig-version.cmake
[3.748s] -- Up-to-date symlink: /home/sirapob/torto_ws/install/torto_interfaces/share/torto_interfaces/package.xml
[3.748s] -- Up-to-date: /home/sirapob/torto_ws/install/torto_interfaces/lib/libtorto_interfaces__rosidl_generator_c.so
[3.748s] -- Up-to-date: /home/sirapob/torto_ws/install/torto_interfaces/lib/libtorto_interfaces__rosidl_typesupport_fastrtps_c.so
[3.750s] -- Up-to-date: /home/sirapob/torto_ws/install/torto_interfaces/lib/libtorto_interfaces__rosidl_typesupport_introspection_c.so
[3.750s] -- Up-to-date: /home/sirapob/torto_ws/install/torto_interfaces/lib/libtorto_interfaces__rosidl_typesupport_c.so
[3.750s] -- Up-to-date: /home/sirapob/torto_ws/install/torto_interfaces/lib/libtorto_interfaces__rosidl_typesupport_fastrtps_cpp.so
[3.756s] -- Up-to-date: /home/sirapob/torto_ws/install/torto_interfaces/lib/libtorto_interfaces__rosidl_typesupport_introspection_cpp.so
[3.757s] -- Up-to-date: /home/sirapob/torto_ws/install/torto_interfaces/lib/libtorto_interfaces__rosidl_typesupport_cpp.so
[3.905s] Listing '/home/sirapob/torto_ws/install/torto_interfaces/lib/python3.12/site-packages/torto_interfaces'...
[3.905s] Compiling '/home/sirapob/torto_ws/install/torto_interfaces/lib/python3.12/site-packages/torto_interfaces/__init__.py'...
[3.905s] Listing '/home/sirapob/torto_ws/install/torto_interfaces/lib/python3.12/site-packages/torto_interfaces/msg'...
[3.958s] -- Up-to-date: /home/sirapob/torto_ws/install/torto_interfaces/lib/libtorto_interfaces__rosidl_generator_py.so
[3.960s] -- Up-to-date: /home/sirapob/torto_ws/install/torto_interfaces/share/torto_interfaces/cmake/export_torto_interfaces__rosidl_generator_cExport.cmake
[3.960s] -- Up-to-date: /home/sirapob/torto_ws/install/torto_interfaces/share/torto_interfaces/cmake/export_torto_interfaces__rosidl_generator_cExport-noconfig.cmake
[3.960s] -- Up-to-date: /home/sirapob/torto_ws/install/torto_interfaces/share/torto_interfaces/cmake/export_torto_interfaces__rosidl_typesupport_fastrtps_cExport.cmake
[3.960s] -- Up-to-date: /home/sirapob/torto_ws/install/torto_interfaces/share/torto_interfaces/cmake/export_torto_interfaces__rosidl_typesupport_fastrtps_cExport-noconfig.cmake
[3.960s] -- Up-to-date: /home/sirapob/torto_ws/install/torto_interfaces/share/torto_interfaces/cmake/torto_interfaces__rosidl_typesupport_introspection_cExport.cmake
[3.960s] -- Up-to-date: /home/sirapob/torto_ws/install/torto_interfaces/share/torto_interfaces/cmake/torto_interfaces__rosidl_typesupport_introspection_cExport-noconfig.cmake
[3.960s] -- Up-to-date: /home/sirapob/torto_ws/install/torto_interfaces/share/torto_interfaces/cmake/torto_interfaces__rosidl_typesupport_cExport.cmake
[3.960s] -- Up-to-date: /home/sirapob/torto_ws/install/torto_interfaces/share/torto_interfaces/cmake/torto_interfaces__rosidl_typesupport_cExport-noconfig.cmake
[3.960s] -- Up-to-date: /home/sirapob/torto_ws/install/torto_interfaces/share/torto_interfaces/cmake/export_torto_interfaces__rosidl_generator_cppExport.cmake
[3.961s] -- Up-to-date: /home/sirapob/torto_ws/install/torto_interfaces/share/torto_interfaces/cmake/export_torto_interfaces__rosidl_typesupport_fastrtps_cppExport.cmake
[3.961s] -- Up-to-date: /home/sirapob/torto_ws/install/torto_interfaces/share/torto_interfaces/cmake/export_torto_interfaces__rosidl_typesupport_fastrtps_cppExport-noconfig.cmake
[3.964s] -- Up-to-date: /home/sirapob/torto_ws/install/torto_interfaces/share/torto_interfaces/cmake/torto_interfaces__rosidl_typesupport_introspection_cppExport.cmake
[3.964s] -- Up-to-date: /home/sirapob/torto_ws/install/torto_interfaces/share/torto_interfaces/cmake/torto_interfaces__rosidl_typesupport_introspection_cppExport-noconfig.cmake
[3.965s] -- Up-to-date: /home/sirapob/torto_ws/install/torto_interfaces/share/torto_interfaces/cmake/torto_interfaces__rosidl_typesupport_cppExport.cmake
[3.965s] -- Up-to-date: /home/sirapob/torto_ws/install/torto_interfaces/share/torto_interfaces/cmake/torto_interfaces__rosidl_typesupport_cppExport-noconfig.cmake
[3.966s] -- Up-to-date: /home/sirapob/torto_ws/install/torto_interfaces/share/torto_interfaces/cmake/export_torto_interfaces__rosidl_generator_pyExport.cmake
[3.966s] -- Up-to-date: /home/sirapob/torto_ws/install/torto_interfaces/share/torto_interfaces/cmake/export_torto_interfaces__rosidl_generator_pyExport-noconfig.cmake
[3.969s] Invoked command in '/home/sirapob/torto_ws/build/torto_interfaces' returned '0': CMAKE_PREFIX_PATH=${CMAKE_PREFIX_PATH}:/home/sirapob/torto_ws/install/torto_odometry:/home/sirapob/torto_ws/install/torto_ctrl:/home/sirapob/torto_ws/install/torto_input_handle:/home/sirapob/torto_ws/install/torto_hardware:/opt/ros/jazzy DEBUGINFOD_URLS=https://debuginfod.ubuntu.com /usr/bin/cmake --install /home/sirapob/torto_ws/build/torto_interfaces
