[0.042s] Invoking command in '/home/sirapob/torto_ws/build/torto_interfaces': CMAKE_PREFIX_PATH=${CMAKE_PREFIX_PATH}:/home/sirapob/torto_ws/install/torto_ydlidar:/home/sirapob/torto_ws/install/torto_ctrl:/home/sirapob/torto_ws/install/torto_input_handle:/home/sirapob/torto_ws/install/torto_hardware:/opt/ros/jazzy DEBUGINFOD_URLS=https://debuginfod.ubuntu.com /usr/bin/cmake --build /home/sirapob/torto_ws/build/torto_interfaces -- -j4 -l4
[0.972s] [  2%] Built target torto_interfaces__rosidl_generator_type_description
[0.973s] [  2%] Built target ament_cmake_python_symlink_torto_interfaces
[0.974s] [  4%] Built target torto_interfaces__cpp
[0.975s] [ 22%] Built target torto_interfaces__rosidl_generator_c
[0.976s] [ 31%] Built target torto_interfaces__rosidl_typesupport_cpp
[0.976s] [ 40%] Built target torto_interfaces__rosidl_typesupport_c
[0.976s] [ 50%] Built target torto_interfaces__rosidl_typesupport_introspection_c
[0.976s] [ 59%] Built target torto_interfaces__rosidl_typesupport_fastrtps_cpp
[0.976s] [ 68%] Built target torto_interfaces__rosidl_typesupport_introspection_cpp
[0.976s] [ 77%] Built target torto_interfaces__rosidl_typesupport_fastrtps_c
[0.976s] [ 77%] Built target torto_interfaces
[0.977s] [ 79%] Built target torto_interfaces__py
[0.977s] [ 86%] Built target torto_interfaces__rosidl_generator_py
[0.977s] running egg_info
[0.977s] [ 90%] Built target torto_interfaces_s__rosidl_typesupport_introspection_c
[0.977s] [ 95%] Built target torto_interfaces_s__rosidl_typesupport_fastrtps_c
[0.977s] [100%] Built target torto_interfaces_s__rosidl_typesupport_c
[0.977s] writing torto_interfaces.egg-info/PKG-INFO
[0.977s] writing dependency_links to torto_interfaces.egg-info/dependency_links.txt
[0.977s] writing top-level names to torto_interfaces.egg-info/top_level.txt
[0.978s] reading manifest file 'torto_interfaces.egg-info/SOURCES.txt'
[0.978s] writing manifest file 'torto_interfaces.egg-info/SOURCES.txt'
[0.978s] [100%] Built target ament_cmake_python_build_torto_interfaces_egg
[0.978s] Invoked command in '/home/sirapob/torto_ws/build/torto_interfaces' returned '0': CMAKE_PREFIX_PATH=${CMAKE_PREFIX_PATH}:/home/sirapob/torto_ws/install/torto_ydlidar:/home/sirapob/torto_ws/install/torto_ctrl:/home/sirapob/torto_ws/install/torto_input_handle:/home/sirapob/torto_ws/install/torto_hardware:/opt/ros/jazzy DEBUGINFOD_URLS=https://debuginfod.ubuntu.com /usr/bin/cmake --build /home/sirapob/torto_ws/build/torto_interfaces -- -j4 -l4
[0.995s] Invoking command in '/home/sirapob/torto_ws/build/torto_interfaces': CMAKE_PREFIX_PATH=${CMAKE_PREFIX_PATH}:/home/sirapob/torto_ws/install/torto_ydlidar:/home/sirapob/torto_ws/install/torto_ctrl:/home/sirapob/torto_ws/install/torto_input_handle:/home/sirapob/torto_ws/install/torto_hardware:/opt/ros/jazzy DEBUGINFOD_URLS=https://debuginfod.ubuntu.com /usr/bin/cmake --install /home/sirapob/torto_ws/build/torto_interfaces
[1.013s] -- Install configuration: ""
[1.017s] -- Execute custom install script
[1.017s] -- Up-to-date symlink: /home/sirapob/torto_ws/install/torto_interfaces/share/ament_index/resource_index/rosidl_interfaces/torto_interfaces
[1.018s] -- Up-to-date symlink: /home/sirapob/torto_ws/install/torto_interfaces/share/torto_interfaces/msg/TortoJointAngles.json
[1.020s] -- Up-to-date symlink: /home/sirapob/torto_ws/install/torto_interfaces/share/torto_interfaces/msg/TortoCtrlParams.json
[1.024s] -- Up-to-date symlink: /home/sirapob/torto_ws/install/torto_interfaces/include/torto_interfaces/torto_interfaces/msg/detail/torto_ctrl_params__functions.h
[1.024s] -- Up-to-date symlink: /home/sirapob/torto_ws/install/torto_interfaces/include/torto_interfaces/torto_interfaces/msg/detail/torto_ctrl_params__struct.h
[1.030s] -- Up-to-date symlink: /home/sirapob/torto_ws/install/torto_interfaces/include/torto_interfaces/torto_interfaces/msg/detail/torto_ctrl_params__type_support.h
[1.030s] -- Up-to-date symlink: /home/sirapob/torto_ws/install/torto_interfaces/include/torto_interfaces/torto_interfaces/msg/detail/torto_joint_angles__functions.h
[1.030s] -- Up-to-date symlink: /home/sirapob/torto_ws/install/torto_interfaces/include/torto_interfaces/torto_interfaces/msg/detail/torto_joint_angles__struct.h
[1.031s] -- Up-to-date symlink: /home/sirapob/torto_ws/install/torto_interfaces/include/torto_interfaces/torto_interfaces/msg/detail/torto_joint_angles__type_support.h
[1.031s] -- Up-to-date symlink: /home/sirapob/torto_ws/install/torto_interfaces/include/torto_interfaces/torto_interfaces/msg/rosidl_generator_c__visibility_control.h
[1.031s] -- Up-to-date symlink: /home/sirapob/torto_ws/install/torto_interfaces/include/torto_interfaces/torto_interfaces/msg/torto_ctrl_params.h
[1.031s] -- Up-to-date symlink: /home/sirapob/torto_ws/install/torto_interfaces/include/torto_interfaces/torto_interfaces/msg/torto_joint_angles.h
[1.033s] -- Up-to-date symlink: /home/sirapob/torto_ws/install/torto_interfaces/share/torto_interfaces/environment/library_path.sh
[1.036s] -- Up-to-date symlink: /home/sirapob/torto_ws/install/torto_interfaces/share/torto_interfaces/environment/library_path.dsv
[1.037s] -- Up-to-date symlink: /home/sirapob/torto_ws/install/torto_interfaces/include/torto_interfaces/torto_interfaces/msg/detail/torto_ctrl_params__rosidl_typesupport_fastrtps_c.h
[1.037s] -- Up-to-date symlink: /home/sirapob/torto_ws/install/torto_interfaces/include/torto_interfaces/torto_interfaces/msg/detail/torto_joint_angles__rosidl_typesupport_fastrtps_c.h
[1.037s] -- Up-to-date symlink: /home/sirapob/torto_ws/install/torto_interfaces/include/torto_interfaces/torto_interfaces/msg/rosidl_typesupport_fastrtps_c__visibility_control.h
[1.040s] -- Up-to-date symlink: /home/sirapob/torto_ws/install/torto_interfaces/include/torto_interfaces/torto_interfaces/msg/detail/torto_ctrl_params__rosidl_typesupport_introspection_c.h
[1.041s] -- Up-to-date symlink: /home/sirapob/torto_ws/install/torto_interfaces/include/torto_interfaces/torto_interfaces/msg/detail/torto_joint_angles__rosidl_typesupport_introspection_c.h
[1.043s] -- Up-to-date symlink: /home/sirapob/torto_ws/install/torto_interfaces/include/torto_interfaces/torto_interfaces/msg/rosidl_typesupport_introspection_c__visibility_control.h
[1.044s] -- Up-to-date symlink: /home/sirapob/torto_ws/install/torto_interfaces/include/torto_interfaces/torto_interfaces/msg/detail/torto_ctrl_params__builder.hpp
[1.044s] -- Up-to-date symlink: /home/sirapob/torto_ws/install/torto_interfaces/include/torto_interfaces/torto_interfaces/msg/detail/torto_ctrl_params__struct.hpp
[1.044s] -- Up-to-date symlink: /home/sirapob/torto_ws/install/torto_interfaces/include/torto_interfaces/torto_interfaces/msg/detail/torto_ctrl_params__traits.hpp
[1.044s] -- Up-to-date symlink: /home/sirapob/torto_ws/install/torto_interfaces/include/torto_interfaces/torto_interfaces/msg/detail/torto_ctrl_params__type_support.hpp
[1.045s] -- Up-to-date symlink: /home/sirapob/torto_ws/install/torto_interfaces/include/torto_interfaces/torto_interfaces/msg/detail/torto_joint_angles__builder.hpp
[1.045s] -- Up-to-date symlink: /home/sirapob/torto_ws/install/torto_interfaces/include/torto_interfaces/torto_interfaces/msg/detail/torto_joint_angles__struct.hpp
[1.046s] -- Up-to-date symlink: /home/sirapob/torto_ws/install/torto_interfaces/include/torto_interfaces/torto_interfaces/msg/detail/torto_joint_angles__traits.hpp
[1.047s] -- Up-to-date symlink: /home/sirapob/torto_ws/install/torto_interfaces/include/torto_interfaces/torto_interfaces/msg/detail/torto_joint_angles__type_support.hpp
[1.047s] -- Up-to-date symlink: /home/sirapob/torto_ws/install/torto_interfaces/include/torto_interfaces/torto_interfaces/msg/rosidl_generator_cpp__visibility_control.hpp
[1.048s] -- Up-to-date symlink: /home/sirapob/torto_ws/install/torto_interfaces/include/torto_interfaces/torto_interfaces/msg/torto_ctrl_params.hpp
[1.048s] -- Up-to-date symlink: /home/sirapob/torto_ws/install/torto_interfaces/include/torto_interfaces/torto_interfaces/msg/torto_joint_angles.hpp
[1.049s] -- Up-to-date symlink: /home/sirapob/torto_ws/install/torto_interfaces/include/torto_interfaces/torto_interfaces/msg/detail/torto_ctrl_params__rosidl_typesupport_fastrtps_cpp.hpp
[1.049s] -- Up-to-date symlink: /home/sirapob/torto_ws/install/torto_interfaces/include/torto_interfaces/torto_interfaces/msg/detail/torto_joint_angles__rosidl_typesupport_fastrtps_cpp.hpp
[1.049s] -- Up-to-date symlink: /home/sirapob/torto_ws/install/torto_interfaces/include/torto_interfaces/torto_interfaces/msg/rosidl_typesupport_fastrtps_cpp__visibility_control.h
[1.049s] -- Up-to-date symlink: /home/sirapob/torto_ws/install/torto_interfaces/include/torto_interfaces/torto_interfaces/msg/detail/torto_ctrl_params__rosidl_typesupport_introspection_cpp.hpp
[1.049s] -- Up-to-date symlink: /home/sirapob/torto_ws/install/torto_interfaces/include/torto_interfaces/torto_interfaces/msg/detail/torto_joint_angles__rosidl_typesupport_introspection_cpp.hpp
[1.049s] -- Up-to-date symlink: /home/sirapob/torto_ws/install/torto_interfaces/share/torto_interfaces/environment/pythonpath.sh
[1.049s] -- Up-to-date symlink: /home/sirapob/torto_ws/install/torto_interfaces/share/torto_interfaces/environment/pythonpath.dsv
[1.049s] -- Up-to-date symlink: /home/sirapob/torto_ws/install/torto_interfaces/lib/python3.12/site-packages/torto_interfaces-0.0.0-py3.12.egg-info/PKG-INFO
[1.049s] -- Up-to-date symlink: /home/sirapob/torto_ws/install/torto_interfaces/lib/python3.12/site-packages/torto_interfaces-0.0.0-py3.12.egg-info/SOURCES.txt
[1.052s] -- Up-to-date symlink: /home/sirapob/torto_ws/install/torto_interfaces/lib/python3.12/site-packages/torto_interfaces-0.0.0-py3.12.egg-info/dependency_links.txt
[1.052s] -- Up-to-date symlink: /home/sirapob/torto_ws/install/torto_interfaces/lib/python3.12/site-packages/torto_interfaces-0.0.0-py3.12.egg-info/top_level.txt
[1.052s] -- Up-to-date symlink: /home/sirapob/torto_ws/install/torto_interfaces/lib/python3.12/site-packages/torto_interfaces/__init__.py
[1.052s] -- Up-to-date symlink: /home/sirapob/torto_ws/install/torto_interfaces/lib/python3.12/site-packages/torto_interfaces/_torto_interfaces_s.ep.rosidl_typesupport_c.c
[1.052s] -- Up-to-date symlink: /home/sirapob/torto_ws/install/torto_interfaces/lib/python3.12/site-packages/torto_interfaces/_torto_interfaces_s.ep.rosidl_typesupport_fastrtps_c.c
[1.052s] -- Up-to-date symlink: /home/sirapob/torto_ws/install/torto_interfaces/lib/python3.12/site-packages/torto_interfaces/_torto_interfaces_s.ep.rosidl_typesupport_introspection_c.c
[1.052s] -- Up-to-date symlink: /home/sirapob/torto_ws/install/torto_interfaces/lib/python3.12/site-packages/torto_interfaces/msg/__init__.py
[1.053s] -- Up-to-date symlink: /home/sirapob/torto_ws/install/torto_interfaces/lib/python3.12/site-packages/torto_interfaces/msg/_torto_ctrl_params.py
[1.053s] -- Up-to-date symlink: /home/sirapob/torto_ws/install/torto_interfaces/lib/python3.12/site-packages/torto_interfaces/msg/_torto_ctrl_params_s.c
[1.053s] -- Up-to-date symlink: /home/sirapob/torto_ws/install/torto_interfaces/lib/python3.12/site-packages/torto_interfaces/msg/_torto_joint_angles.py
[1.053s] -- Up-to-date symlink: /home/sirapob/torto_ws/install/torto_interfaces/lib/python3.12/site-packages/torto_interfaces/msg/_torto_joint_angles_s.c
[1.053s] -- Up-to-date symlink: /home/sirapob/torto_ws/install/torto_interfaces/lib/python3.12/site-packages/torto_interfaces/torto_interfaces_s__rosidl_typesupport_c.so
[1.053s] -- Up-to-date symlink: /home/sirapob/torto_ws/install/torto_interfaces/lib/python3.12/site-packages/torto_interfaces/torto_interfaces_s__rosidl_typesupport_fastrtps_c.so
[1.053s] -- Up-to-date symlink: /home/sirapob/torto_ws/install/torto_interfaces/lib/python3.12/site-packages/torto_interfaces/torto_interfaces_s__rosidl_typesupport_introspection_c.so
[1.053s] -- Up-to-date symlink: /home/sirapob/torto_ws/install/torto_interfaces/lib/python3.12/site-packages/torto_interfaces/torto_interfaces_s__rosidl_typesupport_fastrtps_c.so
[1.053s] -- Up-to-date symlink: /home/sirapob/torto_ws/install/torto_interfaces/lib/python3.12/site-packages/torto_interfaces/torto_interfaces_s__rosidl_typesupport_introspection_c.so
[1.053s] -- Up-to-date symlink: /home/sirapob/torto_ws/install/torto_interfaces/lib/python3.12/site-packages/torto_interfaces/torto_interfaces_s__rosidl_typesupport_c.so
[1.054s] -- Up-to-date symlink: /home/sirapob/torto_ws/install/torto_interfaces/share/torto_interfaces/msg/TortoJointAngles.idl
[1.054s] -- Up-to-date symlink: /home/sirapob/torto_ws/install/torto_interfaces/share/torto_interfaces/msg/TortoCtrlParams.idl
[1.054s] -- Up-to-date symlink: /home/sirapob/torto_ws/install/torto_interfaces/share/torto_interfaces/msg/TortoJointAngles.msg
[1.054s] -- Up-to-date symlink: /home/sirapob/torto_ws/install/torto_interfaces/share/torto_interfaces/msg/TortoCtrlParams.msg
[1.054s] -- Up-to-date symlink: /home/sirapob/torto_ws/install/torto_interfaces/share/ament_index/resource_index/package_run_dependencies/torto_interfaces
[1.054s] -- Up-to-date symlink: /home/sirapob/torto_ws/install/torto_interfaces/share/ament_index/resource_index/parent_prefix_path/torto_interfaces
[1.054s] -- Up-to-date symlink: /home/sirapob/torto_ws/install/torto_interfaces/share/torto_interfaces/environment/ament_prefix_path.sh
[1.058s] -- Up-to-date symlink: /home/sirapob/torto_ws/install/torto_interfaces/share/torto_interfaces/environment/ament_prefix_path.dsv
[1.058s] -- Up-to-date symlink: /home/sirapob/torto_ws/install/torto_interfaces/share/torto_interfaces/environment/path.sh
[1.058s] -- Up-to-date symlink: /home/sirapob/torto_ws/install/torto_interfaces/share/torto_interfaces/environment/path.dsv
[1.058s] -- Up-to-date symlink: /home/sirapob/torto_ws/install/torto_interfaces/share/torto_interfaces/local_setup.bash
[1.058s] -- Up-to-date symlink: /home/sirapob/torto_ws/install/torto_interfaces/share/torto_interfaces/local_setup.sh
[1.058s] -- Up-to-date symlink: /home/sirapob/torto_ws/install/torto_interfaces/share/torto_interfaces/local_setup.zsh
[1.058s] -- Up-to-date symlink: /home/sirapob/torto_ws/install/torto_interfaces/share/torto_interfaces/local_setup.dsv
[1.062s] -- Symlinking: /home/sirapob/torto_ws/install/torto_interfaces/share/torto_interfaces/package.dsv
[1.078s] -- Up-to-date symlink: /home/sirapob/torto_ws/install/torto_interfaces/share/ament_index/resource_index/packages/torto_interfaces
[1.081s] -- Up-to-date symlink: /home/sirapob/torto_ws/install/torto_interfaces/share/torto_interfaces/cmake/rosidl_cmake-extras.cmake
[1.081s] -- Up-to-date symlink: /home/sirapob/torto_ws/install/torto_interfaces/share/torto_interfaces/cmake/ament_cmake_export_include_directories-extras.cmake
[1.081s] -- Up-to-date symlink: /home/sirapob/torto_ws/install/torto_interfaces/share/torto_interfaces/cmake/ament_cmake_export_libraries-extras.cmake
[1.081s] -- Up-to-date symlink: /home/sirapob/torto_ws/install/torto_interfaces/share/torto_interfaces/cmake/ament_cmake_export_targets-extras.cmake
[1.082s] -- Up-to-date symlink: /home/sirapob/torto_ws/install/torto_interfaces/share/torto_interfaces/cmake/rosidl_cmake_export_typesupport_targets-extras.cmake
[1.082s] -- Up-to-date symlink: /home/sirapob/torto_ws/install/torto_interfaces/share/torto_interfaces/cmake/ament_cmake_export_dependencies-extras.cmake
[1.082s] -- Up-to-date symlink: /home/sirapob/torto_ws/install/torto_interfaces/share/torto_interfaces/cmake/rosidl_cmake_export_typesupport_libraries-extras.cmake
[1.082s] -- Up-to-date symlink: /home/sirapob/torto_ws/install/torto_interfaces/share/torto_interfaces/cmake/torto_interfacesConfig.cmake
[1.082s] -- Up-to-date symlink: /home/sirapob/torto_ws/install/torto_interfaces/share/torto_interfaces/cmake/torto_interfacesConfig-version.cmake
[1.082s] -- Up-to-date symlink: /home/sirapob/torto_ws/install/torto_interfaces/share/torto_interfaces/package.xml
[1.082s] -- Up-to-date: /home/sirapob/torto_ws/install/torto_interfaces/lib/libtorto_interfaces__rosidl_generator_c.so
[1.085s] -- Up-to-date: /home/sirapob/torto_ws/install/torto_interfaces/lib/libtorto_interfaces__rosidl_typesupport_fastrtps_c.so
[1.085s] -- Up-to-date: /home/sirapob/torto_ws/install/torto_interfaces/lib/libtorto_interfaces__rosidl_typesupport_introspection_c.so
[1.085s] -- Up-to-date: /home/sirapob/torto_ws/install/torto_interfaces/lib/libtorto_interfaces__rosidl_typesupport_c.so
[1.085s] -- Up-to-date: /home/sirapob/torto_ws/install/torto_interfaces/lib/libtorto_interfaces__rosidl_typesupport_fastrtps_cpp.so
[1.085s] -- Up-to-date: /home/sirapob/torto_ws/install/torto_interfaces/lib/libtorto_interfaces__rosidl_typesupport_introspection_cpp.so
[1.086s] -- Up-to-date: /home/sirapob/torto_ws/install/torto_interfaces/lib/libtorto_interfaces__rosidl_typesupport_cpp.so
[1.200s] Listing '/home/sirapob/torto_ws/install/torto_interfaces/lib/python3.12/site-packages/torto_interfaces'...
[1.201s] Listing '/home/sirapob/torto_ws/install/torto_interfaces/lib/python3.12/site-packages/torto_interfaces/msg'...
[1.231s] -- Up-to-date: /home/sirapob/torto_ws/install/torto_interfaces/lib/libtorto_interfaces__rosidl_generator_py.so
[1.231s] -- Up-to-date: /home/sirapob/torto_ws/install/torto_interfaces/share/torto_interfaces/cmake/export_torto_interfaces__rosidl_generator_cExport.cmake
[1.231s] -- Up-to-date: /home/sirapob/torto_ws/install/torto_interfaces/share/torto_interfaces/cmake/export_torto_interfaces__rosidl_generator_cExport-noconfig.cmake
[1.231s] -- Up-to-date: /home/sirapob/torto_ws/install/torto_interfaces/share/torto_interfaces/cmake/export_torto_interfaces__rosidl_typesupport_fastrtps_cExport.cmake
[1.232s] -- Up-to-date: /home/sirapob/torto_ws/install/torto_interfaces/share/torto_interfaces/cmake/export_torto_interfaces__rosidl_typesupport_fastrtps_cExport-noconfig.cmake
[1.232s] -- Up-to-date: /home/sirapob/torto_ws/install/torto_interfaces/share/torto_interfaces/cmake/torto_interfaces__rosidl_typesupport_introspection_cExport.cmake
[1.232s] -- Up-to-date: /home/sirapob/torto_ws/install/torto_interfaces/share/torto_interfaces/cmake/torto_interfaces__rosidl_typesupport_introspection_cExport-noconfig.cmake
[1.232s] -- Up-to-date: /home/sirapob/torto_ws/install/torto_interfaces/share/torto_interfaces/cmake/torto_interfaces__rosidl_typesupport_cExport.cmake
[1.232s] -- Up-to-date: /home/sirapob/torto_ws/install/torto_interfaces/share/torto_interfaces/cmake/torto_interfaces__rosidl_typesupport_cExport-noconfig.cmake
[1.232s] -- Up-to-date: /home/sirapob/torto_ws/install/torto_interfaces/share/torto_interfaces/cmake/export_torto_interfaces__rosidl_generator_cppExport.cmake
[1.232s] -- Up-to-date: /home/sirapob/torto_ws/install/torto_interfaces/share/torto_interfaces/cmake/export_torto_interfaces__rosidl_typesupport_fastrtps_cppExport.cmake
[1.232s] -- Up-to-date: /home/sirapob/torto_ws/install/torto_interfaces/share/torto_interfaces/cmake/export_torto_interfaces__rosidl_typesupport_fastrtps_cppExport-noconfig.cmake
[1.232s] -- Up-to-date: /home/sirapob/torto_ws/install/torto_interfaces/share/torto_interfaces/cmake/torto_interfaces__rosidl_typesupport_introspection_cppExport.cmake
[1.239s] -- Up-to-date: /home/sirapob/torto_ws/install/torto_interfaces/share/torto_interfaces/cmake/torto_interfaces__rosidl_typesupport_introspection_cppExport-noconfig.cmake
[1.240s] -- Up-to-date: /home/sirapob/torto_ws/install/torto_interfaces/share/torto_interfaces/cmake/torto_interfaces__rosidl_typesupport_cppExport.cmake
[1.240s] -- Up-to-date: /home/sirapob/torto_ws/install/torto_interfaces/share/torto_interfaces/cmake/torto_interfaces__rosidl_typesupport_cppExport-noconfig.cmake
[1.240s] -- Up-to-date: /home/sirapob/torto_ws/install/torto_interfaces/share/torto_interfaces/cmake/export_torto_interfaces__rosidl_generator_pyExport.cmake
[1.240s] -- Up-to-date: /home/sirapob/torto_ws/install/torto_interfaces/share/torto_interfaces/cmake/export_torto_interfaces__rosidl_generator_pyExport-noconfig.cmake
[1.246s] Invoked command in '/home/sirapob/torto_ws/build/torto_interfaces' returned '0': CMAKE_PREFIX_PATH=${CMAKE_PREFIX_PATH}:/home/sirapob/torto_ws/install/torto_ydlidar:/home/sirapob/torto_ws/install/torto_ctrl:/home/sirapob/torto_ws/install/torto_input_handle:/home/sirapob/torto_ws/install/torto_hardware:/opt/ros/jazzy DEBUGINFOD_URLS=https://debuginfod.ubuntu.com /usr/bin/cmake --install /home/sirapob/torto_ws/build/torto_interfaces
