[2.639s] Invoking command in '/home/sirapob/torto_ws/build/torto_hardware': DEBUGINFOD_URLS=https://debuginfod.ubuntu.com PYTHONPATH=/home/sirapob/torto_ws/build/torto_hardware/prefix_override:/usr/lib/python3/dist-packages/colcon_core/task/python/colcon_distutils_commands:/home/sirapob/torto_ws/install/torto_hardware/lib/python3.12/site-packages:${PYTHONPATH} /usr/bin/python3 -W ignore:setup.py install is deprecated -W ignore:easy_install command is deprecated setup.py develop --editable --build-directory /home/sirapob/torto_ws/build/torto_hardware/build --no-deps symlink_data --force
[3.615s] running develop
[4.011s] running egg_info
[4.064s] writing torto_hardware.egg-info/PKG-INFO
[4.076s] writing dependency_links to torto_hardware.egg-info/dependency_links.txt
[4.077s] writing entry points to torto_hardware.egg-info/entry_points.txt
[4.077s] writing requirements to torto_hardware.egg-info/requires.txt
[4.077s] writing top-level names to torto_hardware.egg-info/top_level.txt
[4.173s] reading manifest file 'torto_hardware.egg-info/SOURCES.txt'
[4.175s] writing manifest file 'torto_hardware.egg-info/SOURCES.txt'
[4.221s] running build_ext
[4.221s] Creating /home/sirapob/torto_ws/install/torto_hardware/lib/python3.12/site-packages/torto-hardware.egg-link (link to .)
[4.228s] Installing arduino_serial_node script to /home/sirapob/torto_ws/install/torto_hardware/lib/torto_hardware
[4.229s] Installing lidar_scan2cloud_node script to /home/sirapob/torto_ws/install/torto_hardware/lib/torto_hardware
[4.229s] 
[4.229s] Installed /home/sirapob/torto_ws/build/torto_hardware
[4.229s] running symlink_data
[4.229s] symbolically linking /home/sirapob/torto_ws/build/torto_hardware/resource/torto_hardware -> /home/sirapob/torto_ws/install/torto_hardware/share/ament_index/resource_index/packages
[4.230s] symbolically linking /home/sirapob/torto_ws/build/torto_hardware/package.xml -> /home/sirapob/torto_ws/install/torto_hardware/share/torto_hardware
[4.397s] Invoked command in '/home/sirapob/torto_ws/build/torto_hardware' returned '0': DEBUGINFOD_URLS=https://debuginfod.ubuntu.com PYTHONPATH=/home/sirapob/torto_ws/build/torto_hardware/prefix_override:/usr/lib/python3/dist-packages/colcon_core/task/python/colcon_distutils_commands:/home/sirapob/torto_ws/install/torto_hardware/lib/python3.12/site-packages:${PYTHONPATH} /usr/bin/python3 -W ignore:setup.py install is deprecated -W ignore:easy_install command is deprecated setup.py develop --editable --build-directory /home/sirapob/torto_ws/build/torto_hardware/build --no-deps symlink_data --force
