[0.039s] Invoking command in '/home/sirapob/torto_ws/build/torto_interfaces': CMAKE_PREFIX_PATH=${CMAKE_PREFIX_PATH}:/home/sirapob/torto_ws/install/torto_ctrl:/home/sirapob/torto_ws/install/torto_input_handle:/home/sirapob/torto_ws/install/torto_hardware:/opt/ros/jazzy DEBUGINFOD_URLS=https://debuginfod.ubuntu.com /usr/bin/cmake /home/sirapob/torto_ws/src/torto_interfaces -DAMENT_CMAKE_SYMLINK_INSTALL=1 -DCMAKE_INSTALL_PREFIX=/home/sirapob/torto_ws/install/torto_interfaces
[0.499s] -- Found ament_cmake: 2.5.3 (/opt/ros/jazzy/share/ament_cmake/cmake)
[0.500s] -- Found Python3: /usr/bin/python3 (found version "3.12.3") found components: Interpreter 
[0.501s] -- Override CMake install command with custom implementation using symlinks instead of copying resources
[0.501s] -- Found rosidl_default_generators: 1.6.0 (/opt/ros/jazzy/share/rosidl_default_generators/cmake)
[0.502s] -- Using all available rosidl_typesupport_c: rosidl_typesupport_fastrtps_c;rosidl_typesupport_introspection_c
[0.502s] -- Using all available rosidl_typesupport_cpp: rosidl_typesupport_fastrtps_cpp;rosidl_typesupport_introspection_cpp
[0.502s] -- Found rosidl_adapter: 4.6.5 (/opt/ros/jazzy/share/rosidl_adapter/cmake)
[1.105s] -- Found ament_cmake_ros: 0.12.0 (/opt/ros/jazzy/share/ament_cmake_ros/cmake)
[1.322s] -- Using all available rosidl_typesupport_c: rosidl_typesupport_fastrtps_c;rosidl_typesupport_introspection_c
[1.585s] -- Using all available rosidl_typesupport_cpp: rosidl_typesupport_fastrtps_cpp;rosidl_typesupport_introspection_cpp
[1.590s] -- Found python_cmake_module: 0.11.1 (/opt/ros/jazzy/share/python_cmake_module/cmake)
[2.344s] -- Found Python3: /usr/bin/python3 (found version "3.12.3") found components: Interpreter Development NumPy Development.Module Development.Embed 
[2.390s] -- Configuring done (2.3s)
[2.534s] -- Generating done (0.1s)
[2.591s] -- Build files have been written to: /home/sirapob/torto_ws/build/torto_interfaces
[2.604s] Invoked command in '/home/sirapob/torto_ws/build/torto_interfaces' returned '0': CMAKE_PREFIX_PATH=${CMAKE_PREFIX_PATH}:/home/sirapob/torto_ws/install/torto_ctrl:/home/sirapob/torto_ws/install/torto_input_handle:/home/sirapob/torto_ws/install/torto_hardware:/opt/ros/jazzy DEBUGINFOD_URLS=https://debuginfod.ubuntu.com /usr/bin/cmake /home/sirapob/torto_ws/src/torto_interfaces -DAMENT_CMAKE_SYMLINK_INSTALL=1 -DCMAKE_INSTALL_PREFIX=/home/sirapob/torto_ws/install/torto_interfaces
[2.607s] Invoking command in '/home/sirapob/torto_ws/build/torto_interfaces': CMAKE_PREFIX_PATH=${CMAKE_PREFIX_PATH}:/home/sirapob/torto_ws/install/torto_ctrl:/home/sirapob/torto_ws/install/torto_input_handle:/home/sirapob/torto_ws/install/torto_hardware:/opt/ros/jazzy DEBUGINFOD_URLS=https://debuginfod.ubuntu.com /usr/bin/cmake --build /home/sirapob/torto_ws/build/torto_interfaces -- -j4 -l4
[2.727s] [  2%] Built target torto_interfaces__rosidl_generator_type_description
[2.769s] [  2%] Built target ament_cmake_python_symlink_torto_interfaces
[2.812s] [ 20%] Built target torto_interfaces__rosidl_generator_c
[2.817s] [ 22%] Built target torto_interfaces__cpp
[2.900s] [ 31%] Built target torto_interfaces__rosidl_typesupport_introspection_c
[2.917s] [ 40%] Built target torto_interfaces__rosidl_typesupport_c
[2.950s] [ 50%] Built target torto_interfaces__rosidl_typesupport_introspection_cpp
[3.007s] [ 59%] Built target torto_interfaces__rosidl_typesupport_fastrtps_c
[3.024s] [ 68%] Built target torto_interfaces__rosidl_typesupport_cpp
[3.054s] [ 77%] Built target torto_interfaces__rosidl_typesupport_fastrtps_cpp
[3.141s] [ 77%] Built target torto_interfaces
[3.221s] [ 79%] Built target torto_interfaces__py
[3.341s] [ 86%] Built target torto_interfaces__rosidl_generator_py
[3.483s] [ 90%] Built target torto_interfaces_s__rosidl_typesupport_introspection_c
[3.496s] [ 95%] Built target torto_interfaces_s__rosidl_typesupport_fastrtps_c
[3.496s] [100%] Built target torto_interfaces_s__rosidl_typesupport_c
[3.506s] running egg_info
[3.568s] writing torto_interfaces.egg-info/PKG-INFO
[3.570s] writing dependency_links to torto_interfaces.egg-info/dependency_links.txt
[3.572s] writing top-level names to torto_interfaces.egg-info/top_level.txt
[3.740s] reading manifest file 'torto_interfaces.egg-info/SOURCES.txt'
[3.744s] writing manifest file 'torto_interfaces.egg-info/SOURCES.txt'
[3.875s] [100%] Built target ament_cmake_python_build_torto_interfaces_egg
[3.921s] Invoked command in '/home/sirapob/torto_ws/build/torto_interfaces' returned '0': CMAKE_PREFIX_PATH=${CMAKE_PREFIX_PATH}:/home/sirapob/torto_ws/install/torto_ctrl:/home/sirapob/torto_ws/install/torto_input_handle:/home/sirapob/torto_ws/install/torto_hardware:/opt/ros/jazzy DEBUGINFOD_URLS=https://debuginfod.ubuntu.com /usr/bin/cmake --build /home/sirapob/torto_ws/build/torto_interfaces -- -j4 -l4
[3.962s] Invoking command in '/home/sirapob/torto_ws/build/torto_interfaces': CMAKE_PREFIX_PATH=${CMAKE_PREFIX_PATH}:/home/sirapob/torto_ws/install/torto_ctrl:/home/sirapob/torto_ws/install/torto_input_handle:/home/sirapob/torto_ws/install/torto_hardware:/opt/ros/jazzy DEBUGINFOD_URLS=https://debuginfod.ubuntu.com /usr/bin/cmake --install /home/sirapob/torto_ws/build/torto_interfaces
[4.002s] -- Install configuration: ""
[4.002s] -- Execute custom install script
[4.002s] -- Up-to-date symlink: /home/sirapob/torto_ws/install/torto_interfaces/share/ament_index/resource_index/rosidl_interfaces/torto_interfaces
[4.003s] -- Up-to-date symlink: /home/sirapob/torto_ws/install/torto_interfaces/share/torto_interfaces/msg/TortoJointAngles.json
[4.004s] -- Up-to-date symlink: /home/sirapob/torto_ws/install/torto_interfaces/share/torto_interfaces/msg/TortoCtrlParams.json
[4.014s] -- Up-to-date symlink: /home/sirapob/torto_ws/install/torto_interfaces/include/torto_interfaces/torto_interfaces/msg/detail/torto_ctrl_params__functions.h
[4.014s] -- Up-to-date symlink: /home/sirapob/torto_ws/install/torto_interfaces/include/torto_interfaces/torto_interfaces/msg/detail/torto_ctrl_params__struct.h
[4.015s] -- Up-to-date symlink: /home/sirapob/torto_ws/install/torto_interfaces/include/torto_interfaces/torto_interfaces/msg/detail/torto_ctrl_params__type_support.h
[4.016s] -- Up-to-date symlink: /home/sirapob/torto_ws/install/torto_interfaces/include/torto_interfaces/torto_interfaces/msg/detail/torto_joint_angles__functions.h
[4.016s] -- Up-to-date symlink: /home/sirapob/torto_ws/install/torto_interfaces/include/torto_interfaces/torto_interfaces/msg/detail/torto_joint_angles__struct.h
[4.016s] -- Up-to-date symlink: /home/sirapob/torto_ws/install/torto_interfaces/include/torto_interfaces/torto_interfaces/msg/detail/torto_joint_angles__type_support.h
[4.041s] -- Up-to-date symlink: /home/sirapob/torto_ws/install/torto_interfaces/include/torto_interfaces/torto_interfaces/msg/rosidl_generator_c__visibility_control.h
[4.041s] -- Up-to-date symlink: /home/sirapob/torto_ws/install/torto_interfaces/include/torto_interfaces/torto_interfaces/msg/torto_ctrl_params.h
[4.041s] -- Up-to-date symlink: /home/sirapob/torto_ws/install/torto_interfaces/include/torto_interfaces/torto_interfaces/msg/torto_joint_angles.h
[4.041s] -- Up-to-date symlink: /home/sirapob/torto_ws/install/torto_interfaces/share/torto_interfaces/environment/library_path.sh
[4.042s] -- Up-to-date symlink: /home/sirapob/torto_ws/install/torto_interfaces/share/torto_interfaces/environment/library_path.dsv
[4.042s] -- Up-to-date symlink: /home/sirapob/torto_ws/install/torto_interfaces/include/torto_interfaces/torto_interfaces/msg/detail/torto_ctrl_params__rosidl_typesupport_fastrtps_c.h
[4.042s] -- Up-to-date symlink: /home/sirapob/torto_ws/install/torto_interfaces/include/torto_interfaces/torto_interfaces/msg/detail/torto_joint_angles__rosidl_typesupport_fastrtps_c.h
[4.042s] -- Up-to-date symlink: /home/sirapob/torto_ws/install/torto_interfaces/include/torto_interfaces/torto_interfaces/msg/rosidl_typesupport_fastrtps_c__visibility_control.h
[4.042s] -- Up-to-date symlink: /home/sirapob/torto_ws/install/torto_interfaces/include/torto_interfaces/torto_interfaces/msg/detail/torto_ctrl_params__rosidl_typesupport_introspection_c.h
[4.042s] -- Up-to-date symlink: /home/sirapob/torto_ws/install/torto_interfaces/include/torto_interfaces/torto_interfaces/msg/detail/torto_joint_angles__rosidl_typesupport_introspection_c.h
[4.042s] -- Up-to-date symlink: /home/sirapob/torto_ws/install/torto_interfaces/include/torto_interfaces/torto_interfaces/msg/rosidl_typesupport_introspection_c__visibility_control.h
[4.042s] -- Up-to-date symlink: /home/sirapob/torto_ws/install/torto_interfaces/include/torto_interfaces/torto_interfaces/msg/detail/torto_ctrl_params__builder.hpp
[4.042s] -- Up-to-date symlink: /home/sirapob/torto_ws/install/torto_interfaces/include/torto_interfaces/torto_interfaces/msg/detail/torto_ctrl_params__struct.hpp
[4.043s] -- Up-to-date symlink: /home/sirapob/torto_ws/install/torto_interfaces/include/torto_interfaces/torto_interfaces/msg/detail/torto_ctrl_params__traits.hpp
[4.043s] -- Up-to-date symlink: /home/sirapob/torto_ws/install/torto_interfaces/include/torto_interfaces/torto_interfaces/msg/detail/torto_ctrl_params__type_support.hpp
[4.043s] -- Up-to-date symlink: /home/sirapob/torto_ws/install/torto_interfaces/include/torto_interfaces/torto_interfaces/msg/detail/torto_joint_angles__builder.hpp
[4.043s] -- Up-to-date symlink: /home/sirapob/torto_ws/install/torto_interfaces/include/torto_interfaces/torto_interfaces/msg/detail/torto_joint_angles__struct.hpp
[4.043s] -- Up-to-date symlink: /home/sirapob/torto_ws/install/torto_interfaces/include/torto_interfaces/torto_interfaces/msg/detail/torto_joint_angles__traits.hpp
[4.043s] -- Up-to-date symlink: /home/sirapob/torto_ws/install/torto_interfaces/include/torto_interfaces/torto_interfaces/msg/detail/torto_joint_angles__type_support.hpp
[4.043s] -- Up-to-date symlink: /home/sirapob/torto_ws/install/torto_interfaces/include/torto_interfaces/torto_interfaces/msg/rosidl_generator_cpp__visibility_control.hpp
[4.051s] -- Up-to-date symlink: /home/sirapob/torto_ws/install/torto_interfaces/include/torto_interfaces/torto_interfaces/msg/torto_ctrl_params.hpp
[4.052s] -- Up-to-date symlink: /home/sirapob/torto_ws/install/torto_interfaces/include/torto_interfaces/torto_interfaces/msg/torto_joint_angles.hpp
[4.052s] -- Up-to-date symlink: /home/sirapob/torto_ws/install/torto_interfaces/include/torto_interfaces/torto_interfaces/msg/detail/torto_ctrl_params__rosidl_typesupport_fastrtps_cpp.hpp
[4.052s] -- Up-to-date symlink: /home/sirapob/torto_ws/install/torto_interfaces/include/torto_interfaces/torto_interfaces/msg/detail/torto_joint_angles__rosidl_typesupport_fastrtps_cpp.hpp
[4.052s] -- Up-to-date symlink: /home/sirapob/torto_ws/install/torto_interfaces/include/torto_interfaces/torto_interfaces/msg/rosidl_typesupport_fastrtps_cpp__visibility_control.h
[4.053s] -- Up-to-date symlink: /home/sirapob/torto_ws/install/torto_interfaces/include/torto_interfaces/torto_interfaces/msg/detail/torto_ctrl_params__rosidl_typesupport_introspection_cpp.hpp
[4.053s] -- Up-to-date symlink: /home/sirapob/torto_ws/install/torto_interfaces/include/torto_interfaces/torto_interfaces/msg/detail/torto_joint_angles__rosidl_typesupport_introspection_cpp.hpp
[4.053s] -- Up-to-date symlink: /home/sirapob/torto_ws/install/torto_interfaces/share/torto_interfaces/environment/pythonpath.sh
[4.053s] -- Up-to-date symlink: /home/sirapob/torto_ws/install/torto_interfaces/share/torto_interfaces/environment/pythonpath.dsv
[4.053s] -- Up-to-date symlink: /home/sirapob/torto_ws/install/torto_interfaces/lib/python3.12/site-packages/torto_interfaces-0.0.0-py3.12.egg-info/PKG-INFO
[4.053s] -- Up-to-date symlink: /home/sirapob/torto_ws/install/torto_interfaces/lib/python3.12/site-packages/torto_interfaces-0.0.0-py3.12.egg-info/SOURCES.txt
[4.059s] -- Up-to-date symlink: /home/sirapob/torto_ws/install/torto_interfaces/lib/python3.12/site-packages/torto_interfaces-0.0.0-py3.12.egg-info/dependency_links.txt
[4.059s] -- Up-to-date symlink: /home/sirapob/torto_ws/install/torto_interfaces/lib/python3.12/site-packages/torto_interfaces-0.0.0-py3.12.egg-info/top_level.txt
[4.059s] -- Up-to-date symlink: /home/sirapob/torto_ws/install/torto_interfaces/lib/python3.12/site-packages/torto_interfaces/__init__.py
[4.060s] -- Up-to-date symlink: /home/sirapob/torto_ws/install/torto_interfaces/lib/python3.12/site-packages/torto_interfaces/_torto_interfaces_s.ep.rosidl_typesupport_c.c
[4.060s] -- Up-to-date symlink: /home/sirapob/torto_ws/install/torto_interfaces/lib/python3.12/site-packages/torto_interfaces/_torto_interfaces_s.ep.rosidl_typesupport_fastrtps_c.c
[4.060s] -- Up-to-date symlink: /home/sirapob/torto_ws/install/torto_interfaces/lib/python3.12/site-packages/torto_interfaces/_torto_interfaces_s.ep.rosidl_typesupport_introspection_c.c
[4.060s] -- Up-to-date symlink: /home/sirapob/torto_ws/install/torto_interfaces/lib/python3.12/site-packages/torto_interfaces/msg/__init__.py
[4.060s] -- Up-to-date symlink: /home/sirapob/torto_ws/install/torto_interfaces/lib/python3.12/site-packages/torto_interfaces/msg/_torto_ctrl_params.py
[4.060s] -- Up-to-date symlink: /home/sirapob/torto_ws/install/torto_interfaces/lib/python3.12/site-packages/torto_interfaces/msg/_torto_ctrl_params_s.c
[4.060s] -- Up-to-date symlink: /home/sirapob/torto_ws/install/torto_interfaces/lib/python3.12/site-packages/torto_interfaces/msg/_torto_joint_angles.py
[4.061s] -- Up-to-date symlink: /home/sirapob/torto_ws/install/torto_interfaces/lib/python3.12/site-packages/torto_interfaces/msg/_torto_joint_angles_s.c
[4.061s] -- Up-to-date symlink: /home/sirapob/torto_ws/install/torto_interfaces/lib/python3.12/site-packages/torto_interfaces/torto_interfaces_s__rosidl_typesupport_c.so
[4.061s] -- Up-to-date symlink: /home/sirapob/torto_ws/install/torto_interfaces/lib/python3.12/site-packages/torto_interfaces/torto_interfaces_s__rosidl_typesupport_fastrtps_c.so
[4.061s] -- Up-to-date symlink: /home/sirapob/torto_ws/install/torto_interfaces/lib/python3.12/site-packages/torto_interfaces/torto_interfaces_s__rosidl_typesupport_introspection_c.so
[4.061s] -- Up-to-date symlink: /home/sirapob/torto_ws/install/torto_interfaces/lib/python3.12/site-packages/torto_interfaces/torto_interfaces_s__rosidl_typesupport_fastrtps_c.so
[4.063s] -- Up-to-date symlink: /home/sirapob/torto_ws/install/torto_interfaces/lib/python3.12/site-packages/torto_interfaces/torto_interfaces_s__rosidl_typesupport_introspection_c.so
[4.078s] -- Up-to-date symlink: /home/sirapob/torto_ws/install/torto_interfaces/lib/python3.12/site-packages/torto_interfaces/torto_interfaces_s__rosidl_typesupport_c.so
[4.078s] -- Up-to-date symlink: /home/sirapob/torto_ws/install/torto_interfaces/share/torto_interfaces/msg/TortoJointAngles.idl
[4.078s] -- Up-to-date symlink: /home/sirapob/torto_ws/install/torto_interfaces/share/torto_interfaces/msg/TortoCtrlParams.idl
[4.078s] -- Up-to-date symlink: /home/sirapob/torto_ws/install/torto_interfaces/share/torto_interfaces/msg/TortoJointAngles.msg
[4.078s] -- Up-to-date symlink: /home/sirapob/torto_ws/install/torto_interfaces/share/torto_interfaces/msg/TortoCtrlParams.msg
[4.078s] -- Up-to-date symlink: /home/sirapob/torto_ws/install/torto_interfaces/share/ament_index/resource_index/package_run_dependencies/torto_interfaces
[4.078s] -- Up-to-date symlink: /home/sirapob/torto_ws/install/torto_interfaces/share/ament_index/resource_index/parent_prefix_path/torto_interfaces
[4.079s] -- Up-to-date symlink: /home/sirapob/torto_ws/install/torto_interfaces/share/torto_interfaces/environment/ament_prefix_path.sh
[4.079s] -- Up-to-date symlink: /home/sirapob/torto_ws/install/torto_interfaces/share/torto_interfaces/environment/ament_prefix_path.dsv
[4.079s] -- Up-to-date symlink: /home/sirapob/torto_ws/install/torto_interfaces/share/torto_interfaces/environment/path.sh
[4.079s] -- Up-to-date symlink: /home/sirapob/torto_ws/install/torto_interfaces/share/torto_interfaces/environment/path.dsv
[4.079s] -- Up-to-date symlink: /home/sirapob/torto_ws/install/torto_interfaces/share/torto_interfaces/local_setup.bash
[4.079s] -- Up-to-date symlink: /home/sirapob/torto_ws/install/torto_interfaces/share/torto_interfaces/local_setup.sh
[4.079s] -- Up-to-date symlink: /home/sirapob/torto_ws/install/torto_interfaces/share/torto_interfaces/local_setup.zsh
[4.083s] -- Up-to-date symlink: /home/sirapob/torto_ws/install/torto_interfaces/share/torto_interfaces/local_setup.dsv
[4.083s] -- Symlinking: /home/sirapob/torto_ws/install/torto_interfaces/share/torto_interfaces/package.dsv
[4.106s] -- Up-to-date symlink: /home/sirapob/torto_ws/install/torto_interfaces/share/ament_index/resource_index/packages/torto_interfaces
[4.106s] -- Up-to-date symlink: /home/sirapob/torto_ws/install/torto_interfaces/share/torto_interfaces/cmake/rosidl_cmake-extras.cmake
[4.106s] -- Up-to-date symlink: /home/sirapob/torto_ws/install/torto_interfaces/share/torto_interfaces/cmake/ament_cmake_export_include_directories-extras.cmake
[4.107s] -- Up-to-date symlink: /home/sirapob/torto_ws/install/torto_interfaces/share/torto_interfaces/cmake/ament_cmake_export_libraries-extras.cmake
[4.107s] -- Up-to-date symlink: /home/sirapob/torto_ws/install/torto_interfaces/share/torto_interfaces/cmake/ament_cmake_export_targets-extras.cmake
[4.108s] -- Up-to-date symlink: /home/sirapob/torto_ws/install/torto_interfaces/share/torto_interfaces/cmake/rosidl_cmake_export_typesupport_targets-extras.cmake
[4.115s] -- Up-to-date symlink: /home/sirapob/torto_ws/install/torto_interfaces/share/torto_interfaces/cmake/ament_cmake_export_dependencies-extras.cmake
[4.115s] -- Up-to-date symlink: /home/sirapob/torto_ws/install/torto_interfaces/share/torto_interfaces/cmake/rosidl_cmake_export_typesupport_libraries-extras.cmake
[4.139s] -- Up-to-date symlink: /home/sirapob/torto_ws/install/torto_interfaces/share/torto_interfaces/cmake/torto_interfacesConfig.cmake
[4.139s] -- Up-to-date symlink: /home/sirapob/torto_ws/install/torto_interfaces/share/torto_interfaces/cmake/torto_interfacesConfig-version.cmake
[4.139s] -- Up-to-date symlink: /home/sirapob/torto_ws/install/torto_interfaces/share/torto_interfaces/package.xml
[4.139s] -- Up-to-date: /home/sirapob/torto_ws/install/torto_interfaces/lib/libtorto_interfaces__rosidl_generator_c.so
[4.140s] -- Up-to-date: /home/sirapob/torto_ws/install/torto_interfaces/lib/libtorto_interfaces__rosidl_typesupport_fastrtps_c.so
[4.140s] -- Up-to-date: /home/sirapob/torto_ws/install/torto_interfaces/lib/libtorto_interfaces__rosidl_typesupport_introspection_c.so
[4.140s] -- Up-to-date: /home/sirapob/torto_ws/install/torto_interfaces/lib/libtorto_interfaces__rosidl_typesupport_c.so
[4.140s] -- Up-to-date: /home/sirapob/torto_ws/install/torto_interfaces/lib/libtorto_interfaces__rosidl_typesupport_fastrtps_cpp.so
[4.140s] -- Up-to-date: /home/sirapob/torto_ws/install/torto_interfaces/lib/libtorto_interfaces__rosidl_typesupport_introspection_cpp.so
[4.140s] -- Up-to-date: /home/sirapob/torto_ws/install/torto_interfaces/lib/libtorto_interfaces__rosidl_typesupport_cpp.so
[4.258s] Listing '/home/sirapob/torto_ws/install/torto_interfaces/lib/python3.12/site-packages/torto_interfaces'...
[4.258s] Compiling '/home/sirapob/torto_ws/install/torto_interfaces/lib/python3.12/site-packages/torto_interfaces/__init__.py'...
[4.258s] Listing '/home/sirapob/torto_ws/install/torto_interfaces/lib/python3.12/site-packages/torto_interfaces/msg'...
[4.287s] -- Up-to-date: /home/sirapob/torto_ws/install/torto_interfaces/lib/libtorto_interfaces__rosidl_generator_py.so
[4.288s] -- Up-to-date: /home/sirapob/torto_ws/install/torto_interfaces/share/torto_interfaces/cmake/export_torto_interfaces__rosidl_generator_cExport.cmake
[4.288s] -- Up-to-date: /home/sirapob/torto_ws/install/torto_interfaces/share/torto_interfaces/cmake/export_torto_interfaces__rosidl_generator_cExport-noconfig.cmake
[4.288s] -- Up-to-date: /home/sirapob/torto_ws/install/torto_interfaces/share/torto_interfaces/cmake/export_torto_interfaces__rosidl_typesupport_fastrtps_cExport.cmake
[4.288s] -- Up-to-date: /home/sirapob/torto_ws/install/torto_interfaces/share/torto_interfaces/cmake/export_torto_interfaces__rosidl_typesupport_fastrtps_cExport-noconfig.cmake
[4.292s] -- Up-to-date: /home/sirapob/torto_ws/install/torto_interfaces/share/torto_interfaces/cmake/torto_interfaces__rosidl_typesupport_introspection_cExport.cmake
[4.292s] -- Up-to-date: /home/sirapob/torto_ws/install/torto_interfaces/share/torto_interfaces/cmake/torto_interfaces__rosidl_typesupport_introspection_cExport-noconfig.cmake
[4.292s] -- Up-to-date: /home/sirapob/torto_ws/install/torto_interfaces/share/torto_interfaces/cmake/torto_interfaces__rosidl_typesupport_cExport.cmake
[4.293s] -- Up-to-date: /home/sirapob/torto_ws/install/torto_interfaces/share/torto_interfaces/cmake/torto_interfaces__rosidl_typesupport_cExport-noconfig.cmake
[4.294s] -- Up-to-date: /home/sirapob/torto_ws/install/torto_interfaces/share/torto_interfaces/cmake/export_torto_interfaces__rosidl_generator_cppExport.cmake
[4.294s] -- Up-to-date: /home/sirapob/torto_ws/install/torto_interfaces/share/torto_interfaces/cmake/export_torto_interfaces__rosidl_typesupport_fastrtps_cppExport.cmake
[4.294s] -- Up-to-date: /home/sirapob/torto_ws/install/torto_interfaces/share/torto_interfaces/cmake/export_torto_interfaces__rosidl_typesupport_fastrtps_cppExport-noconfig.cmake
[4.294s] -- Up-to-date: /home/sirapob/torto_ws/install/torto_interfaces/share/torto_interfaces/cmake/torto_interfaces__rosidl_typesupport_introspection_cppExport.cmake
[4.294s] -- Up-to-date: /home/sirapob/torto_ws/install/torto_interfaces/share/torto_interfaces/cmake/torto_interfaces__rosidl_typesupport_introspection_cppExport-noconfig.cmake
[4.294s] -- Up-to-date: /home/sirapob/torto_ws/install/torto_interfaces/share/torto_interfaces/cmake/torto_interfaces__rosidl_typesupport_cppExport.cmake
[4.294s] -- Up-to-date: /home/sirapob/torto_ws/install/torto_interfaces/share/torto_interfaces/cmake/torto_interfaces__rosidl_typesupport_cppExport-noconfig.cmake
[4.294s] -- Up-to-date: /home/sirapob/torto_ws/install/torto_interfaces/share/torto_interfaces/cmake/export_torto_interfaces__rosidl_generator_pyExport.cmake
[4.295s] -- Up-to-date: /home/sirapob/torto_ws/install/torto_interfaces/share/torto_interfaces/cmake/export_torto_interfaces__rosidl_generator_pyExport-noconfig.cmake
[4.295s] Invoked command in '/home/sirapob/torto_ws/build/torto_interfaces' returned '0': CMAKE_PREFIX_PATH=${CMAKE_PREFIX_PATH}:/home/sirapob/torto_ws/install/torto_ctrl:/home/sirapob/torto_ws/install/torto_input_handle:/home/sirapob/torto_ws/install/torto_hardware:/opt/ros/jazzy DEBUGINFOD_URLS=https://debuginfod.ubuntu.com /usr/bin/cmake --install /home/sirapob/torto_ws/build/torto_interfaces
