[0.045s] Invoking command in '/home/sirapob/torto_ws/build/torto_interfaces': CMAKE_PREFIX_PATH=${CMAKE_PREFIX_PATH}:/home/sirapob/torto_ws/install/torto_ctrl:/home/sirapob/torto_ws/install/torto_hardware:/opt/ros/jazzy DEBUGINFOD_URLS=https://debuginfod.ubuntu.com /usr/bin/cmake --build /home/sirapob/torto_ws/build/torto_interfaces -- -j4 -l4
[0.205s] [  2%] Built target torto_interfaces__rosidl_generator_type_description
[0.244s] [  2%] Built target ament_cmake_python_copy_torto_interfaces
[0.260s] [  5%] Built target torto_interfaces__cpp
[0.289s] [ 20%] Built target torto_interfaces__rosidl_generator_c
[0.400s] [ 29%] Built target torto_interfaces__rosidl_typesupport_introspection_cpp
[0.409s] [ 38%] Built target torto_interfaces__rosidl_typesupport_fastrtps_cpp
[0.411s] [ 47%] Built target torto_interfaces__rosidl_typesupport_fastrtps_c
[0.512s] [ 55%] Built target torto_interfaces__rosidl_typesupport_introspection_c
[0.519s] [ 64%] Built target torto_interfaces__rosidl_typesupport_c
[0.521s] [ 73%] Built target torto_interfaces__rosidl_typesupport_cpp
[0.580s] [ 73%] Built target torto_interfaces
[0.634s] [ 76%] Built target torto_interfaces__py
[0.704s] running egg_info
[0.706s] [ 82%] Built target torto_interfaces__rosidl_generator_py
[0.743s] writing torto_interfaces.egg-info/PKG-INFO
[0.744s] writing dependency_links to torto_interfaces.egg-info/dependency_links.txt
[0.745s] writing top-level names to torto_interfaces.egg-info/top_level.txt
[0.785s] [ 88%] Built target torto_interfaces_s__rosidl_typesupport_fastrtps_c
[0.801s] [ 97%] Built target torto_interfaces_s__rosidl_typesupport_introspection_c
[0.801s] [100%] Built target torto_interfaces_s__rosidl_typesupport_c
[0.839s] reading manifest file 'torto_interfaces.egg-info/SOURCES.txt'
[0.846s] writing manifest file 'torto_interfaces.egg-info/SOURCES.txt'
[0.918s] [100%] Built target ament_cmake_python_build_torto_interfaces_egg
[0.940s] Invoked command in '/home/sirapob/torto_ws/build/torto_interfaces' returned '0': CMAKE_PREFIX_PATH=${CMAKE_PREFIX_PATH}:/home/sirapob/torto_ws/install/torto_ctrl:/home/sirapob/torto_ws/install/torto_hardware:/opt/ros/jazzy DEBUGINFOD_URLS=https://debuginfod.ubuntu.com /usr/bin/cmake --build /home/sirapob/torto_ws/build/torto_interfaces -- -j4 -l4
[0.959s] Invoking command in '/home/sirapob/torto_ws/build/torto_interfaces': CMAKE_PREFIX_PATH=${CMAKE_PREFIX_PATH}:/home/sirapob/torto_ws/install/torto_ctrl:/home/sirapob/torto_ws/install/torto_hardware:/opt/ros/jazzy DEBUGINFOD_URLS=https://debuginfod.ubuntu.com /usr/bin/cmake --install /home/sirapob/torto_ws/build/torto_interfaces
[0.975s] -- Install configuration: ""
[0.975s] -- Up-to-date: /home/sirapob/torto_ws/install/torto_interfaces/share/ament_index/resource_index/rosidl_interfaces/torto_interfaces
[0.975s] -- Up-to-date: /home/sirapob/torto_ws/install/torto_interfaces/share/torto_interfaces/msg/TortoJointAngles.json
[0.976s] -- Up-to-date: /home/sirapob/torto_ws/install/torto_interfaces/include/torto_interfaces/torto_interfaces
[0.976s] -- Up-to-date: /home/sirapob/torto_ws/install/torto_interfaces/include/torto_interfaces/torto_interfaces/msg
[0.976s] -- Up-to-date: /home/sirapob/torto_ws/install/torto_interfaces/include/torto_interfaces/torto_interfaces/msg/torto_joint_angles.h
[0.976s] -- Up-to-date: /home/sirapob/torto_ws/install/torto_interfaces/include/torto_interfaces/torto_interfaces/msg/detail
[0.976s] -- Up-to-date: /home/sirapob/torto_ws/install/torto_interfaces/include/torto_interfaces/torto_interfaces/msg/detail/torto_joint_angles__type_support.h
[0.976s] -- Up-to-date: /home/sirapob/torto_ws/install/torto_interfaces/include/torto_interfaces/torto_interfaces/msg/detail/torto_joint_angles__functions.h
[0.976s] -- Up-to-date: /home/sirapob/torto_ws/install/torto_interfaces/include/torto_interfaces/torto_interfaces/msg/detail/torto_joint_angles__description.c
[0.976s] -- Up-to-date: /home/sirapob/torto_ws/install/torto_interfaces/include/torto_interfaces/torto_interfaces/msg/detail/torto_joint_angles__struct.h
[0.977s] -- Up-to-date: /home/sirapob/torto_ws/install/torto_interfaces/include/torto_interfaces/torto_interfaces/msg/detail/torto_joint_angles__functions.c
[0.977s] -- Up-to-date: /home/sirapob/torto_ws/install/torto_interfaces/include/torto_interfaces/torto_interfaces/msg/detail/torto_joint_angles__type_support.c
[0.977s] -- Up-to-date: /home/sirapob/torto_ws/install/torto_interfaces/include/torto_interfaces/torto_interfaces/msg/rosidl_generator_c__visibility_control.h
[0.977s] -- Up-to-date: /home/sirapob/torto_ws/install/torto_interfaces/share/torto_interfaces/environment/library_path.sh
[0.977s] -- Up-to-date: /home/sirapob/torto_ws/install/torto_interfaces/share/torto_interfaces/environment/library_path.dsv
[0.978s] -- Up-to-date: /home/sirapob/torto_ws/install/torto_interfaces/lib/libtorto_interfaces__rosidl_generator_c.so
[0.978s] -- Up-to-date: /home/sirapob/torto_ws/install/torto_interfaces/include/torto_interfaces/torto_interfaces
[0.978s] -- Up-to-date: /home/sirapob/torto_ws/install/torto_interfaces/include/torto_interfaces/torto_interfaces/msg
[0.978s] -- Up-to-date: /home/sirapob/torto_ws/install/torto_interfaces/include/torto_interfaces/torto_interfaces/msg/rosidl_typesupport_fastrtps_c__visibility_control.h
[0.978s] -- Up-to-date: /home/sirapob/torto_ws/install/torto_interfaces/include/torto_interfaces/torto_interfaces/msg/detail
[0.979s] -- Up-to-date: /home/sirapob/torto_ws/install/torto_interfaces/include/torto_interfaces/torto_interfaces/msg/detail/torto_joint_angles__rosidl_typesupport_fastrtps_c.h
[0.979s] -- Up-to-date: /home/sirapob/torto_ws/install/torto_interfaces/lib/libtorto_interfaces__rosidl_typesupport_fastrtps_c.so
[0.979s] -- Up-to-date: /home/sirapob/torto_ws/install/torto_interfaces/include/torto_interfaces/torto_interfaces
[0.979s] -- Up-to-date: /home/sirapob/torto_ws/install/torto_interfaces/include/torto_interfaces/torto_interfaces/msg
[0.979s] -- Up-to-date: /home/sirapob/torto_ws/install/torto_interfaces/include/torto_interfaces/torto_interfaces/msg/rosidl_typesupport_introspection_c__visibility_control.h
[0.979s] -- Up-to-date: /home/sirapob/torto_ws/install/torto_interfaces/include/torto_interfaces/torto_interfaces/msg/detail
[0.979s] -- Up-to-date: /home/sirapob/torto_ws/install/torto_interfaces/include/torto_interfaces/torto_interfaces/msg/detail/torto_joint_angles__rosidl_typesupport_introspection_c.h
[0.979s] -- Up-to-date: /home/sirapob/torto_ws/install/torto_interfaces/include/torto_interfaces/torto_interfaces/msg/detail/torto_joint_angles__type_support.c
[0.979s] -- Up-to-date: /home/sirapob/torto_ws/install/torto_interfaces/lib/libtorto_interfaces__rosidl_typesupport_introspection_c.so
[0.980s] -- Up-to-date: /home/sirapob/torto_ws/install/torto_interfaces/lib/libtorto_interfaces__rosidl_typesupport_c.so
[0.980s] -- Up-to-date: /home/sirapob/torto_ws/install/torto_interfaces/include/torto_interfaces/torto_interfaces
[0.980s] -- Up-to-date: /home/sirapob/torto_ws/install/torto_interfaces/include/torto_interfaces/torto_interfaces/msg
[0.980s] -- Up-to-date: /home/sirapob/torto_ws/install/torto_interfaces/include/torto_interfaces/torto_interfaces/msg/rosidl_generator_cpp__visibility_control.hpp
[0.980s] -- Up-to-date: /home/sirapob/torto_ws/install/torto_interfaces/include/torto_interfaces/torto_interfaces/msg/detail
[0.980s] -- Up-to-date: /home/sirapob/torto_ws/install/torto_interfaces/include/torto_interfaces/torto_interfaces/msg/detail/torto_joint_angles__type_support.hpp
[0.980s] -- Up-to-date: /home/sirapob/torto_ws/install/torto_interfaces/include/torto_interfaces/torto_interfaces/msg/detail/torto_joint_angles__builder.hpp
[0.980s] -- Up-to-date: /home/sirapob/torto_ws/install/torto_interfaces/include/torto_interfaces/torto_interfaces/msg/detail/torto_joint_angles__struct.hpp
[0.980s] -- Up-to-date: /home/sirapob/torto_ws/install/torto_interfaces/include/torto_interfaces/torto_interfaces/msg/detail/torto_joint_angles__traits.hpp
[0.980s] -- Up-to-date: /home/sirapob/torto_ws/install/torto_interfaces/include/torto_interfaces/torto_interfaces/msg/torto_joint_angles.hpp
[0.980s] -- Up-to-date: /home/sirapob/torto_ws/install/torto_interfaces/include/torto_interfaces/torto_interfaces
[0.981s] -- Up-to-date: /home/sirapob/torto_ws/install/torto_interfaces/include/torto_interfaces/torto_interfaces/msg
[0.981s] -- Up-to-date: /home/sirapob/torto_ws/install/torto_interfaces/include/torto_interfaces/torto_interfaces/msg/rosidl_typesupport_fastrtps_cpp__visibility_control.h
[0.981s] -- Up-to-date: /home/sirapob/torto_ws/install/torto_interfaces/include/torto_interfaces/torto_interfaces/msg/detail
[0.981s] -- Up-to-date: /home/sirapob/torto_ws/install/torto_interfaces/include/torto_interfaces/torto_interfaces/msg/detail/dds_fastrtps
[0.981s] -- Up-to-date: /home/sirapob/torto_ws/install/torto_interfaces/include/torto_interfaces/torto_interfaces/msg/detail/torto_joint_angles__rosidl_typesupport_fastrtps_cpp.hpp
[0.982s] -- Up-to-date: /home/sirapob/torto_ws/install/torto_interfaces/lib/libtorto_interfaces__rosidl_typesupport_fastrtps_cpp.so
[0.982s] -- Up-to-date: /home/sirapob/torto_ws/install/torto_interfaces/include/torto_interfaces/torto_interfaces
[0.982s] -- Up-to-date: /home/sirapob/torto_ws/install/torto_interfaces/include/torto_interfaces/torto_interfaces/msg
[0.982s] -- Up-to-date: /home/sirapob/torto_ws/install/torto_interfaces/include/torto_interfaces/torto_interfaces/msg/detail
[0.982s] -- Up-to-date: /home/sirapob/torto_ws/install/torto_interfaces/include/torto_interfaces/torto_interfaces/msg/detail/torto_joint_angles__rosidl_typesupport_introspection_cpp.hpp
[0.982s] -- Up-to-date: /home/sirapob/torto_ws/install/torto_interfaces/include/torto_interfaces/torto_interfaces/msg/detail/torto_joint_angles__type_support.cpp
[0.984s] -- Up-to-date: /home/sirapob/torto_ws/install/torto_interfaces/lib/libtorto_interfaces__rosidl_typesupport_introspection_cpp.so
[0.986s] -- Up-to-date: /home/sirapob/torto_ws/install/torto_interfaces/lib/libtorto_interfaces__rosidl_typesupport_cpp.so
[0.987s] -- Up-to-date: /home/sirapob/torto_ws/install/torto_interfaces/share/torto_interfaces/environment/pythonpath.sh
[0.987s] -- Up-to-date: /home/sirapob/torto_ws/install/torto_interfaces/share/torto_interfaces/environment/pythonpath.dsv
[0.987s] -- Up-to-date: /home/sirapob/torto_ws/install/torto_interfaces/lib/python3.12/site-packages/torto_interfaces-0.0.0-py3.12.egg-info
[0.988s] -- Installing: /home/sirapob/torto_ws/install/torto_interfaces/lib/python3.12/site-packages/torto_interfaces-0.0.0-py3.12.egg-info/SOURCES.txt
[0.988s] -- Installing: /home/sirapob/torto_ws/install/torto_interfaces/lib/python3.12/site-packages/torto_interfaces-0.0.0-py3.12.egg-info/top_level.txt
[0.988s] -- Installing: /home/sirapob/torto_ws/install/torto_interfaces/lib/python3.12/site-packages/torto_interfaces-0.0.0-py3.12.egg-info/PKG-INFO
[0.988s] -- Installing: /home/sirapob/torto_ws/install/torto_interfaces/lib/python3.12/site-packages/torto_interfaces-0.0.0-py3.12.egg-info/dependency_links.txt
[0.988s] -- Up-to-date: /home/sirapob/torto_ws/install/torto_interfaces/lib/python3.12/site-packages/torto_interfaces
[0.988s] -- Up-to-date: /home/sirapob/torto_ws/install/torto_interfaces/lib/python3.12/site-packages/torto_interfaces/torto_interfaces_s__rosidl_typesupport_introspection_c.so
[0.989s] -- Up-to-date: /home/sirapob/torto_ws/install/torto_interfaces/lib/python3.12/site-packages/torto_interfaces/__init__.py
[0.989s] -- Up-to-date: /home/sirapob/torto_ws/install/torto_interfaces/lib/python3.12/site-packages/torto_interfaces/_torto_interfaces_s.ep.rosidl_typesupport_fastrtps_c.c
[0.989s] -- Up-to-date: /home/sirapob/torto_ws/install/torto_interfaces/lib/python3.12/site-packages/torto_interfaces/msg
[0.989s] -- Up-to-date: /home/sirapob/torto_ws/install/torto_interfaces/lib/python3.12/site-packages/torto_interfaces/msg/__init__.py
[0.989s] -- Up-to-date: /home/sirapob/torto_ws/install/torto_interfaces/lib/python3.12/site-packages/torto_interfaces/msg/_torto_joint_angles.py
[0.989s] -- Up-to-date: /home/sirapob/torto_ws/install/torto_interfaces/lib/python3.12/site-packages/torto_interfaces/msg/_torto_joint_angles_s.c
[0.989s] -- Up-to-date: /home/sirapob/torto_ws/install/torto_interfaces/lib/python3.12/site-packages/torto_interfaces/_torto_interfaces_s.ep.rosidl_typesupport_c.c
[0.989s] -- Up-to-date: /home/sirapob/torto_ws/install/torto_interfaces/lib/python3.12/site-packages/torto_interfaces/torto_interfaces_s__rosidl_typesupport_fastrtps_c.so
[0.989s] -- Up-to-date: /home/sirapob/torto_ws/install/torto_interfaces/lib/python3.12/site-packages/torto_interfaces/torto_interfaces_s__rosidl_typesupport_c.so
[0.990s] -- Up-to-date: /home/sirapob/torto_ws/install/torto_interfaces/lib/python3.12/site-packages/torto_interfaces/_torto_interfaces_s.ep.rosidl_typesupport_introspection_c.c
[1.045s] Listing '/home/sirapob/torto_ws/install/torto_interfaces/lib/python3.12/site-packages/torto_interfaces'...
[1.045s] Listing '/home/sirapob/torto_ws/install/torto_interfaces/lib/python3.12/site-packages/torto_interfaces/msg'...
[1.059s] -- Up-to-date: /home/sirapob/torto_ws/install/torto_interfaces/lib/python3.12/site-packages/torto_interfaces/torto_interfaces_s__rosidl_typesupport_fastrtps_c.so
[1.061s] -- Up-to-date: /home/sirapob/torto_ws/install/torto_interfaces/lib/python3.12/site-packages/torto_interfaces/torto_interfaces_s__rosidl_typesupport_introspection_c.so
[1.062s] -- Up-to-date: /home/sirapob/torto_ws/install/torto_interfaces/lib/python3.12/site-packages/torto_interfaces/torto_interfaces_s__rosidl_typesupport_c.so
[1.062s] -- Up-to-date: /home/sirapob/torto_ws/install/torto_interfaces/lib/libtorto_interfaces__rosidl_generator_py.so
[1.062s] -- Up-to-date: /home/sirapob/torto_ws/install/torto_interfaces/share/torto_interfaces/msg/TortoJointAngles.idl
[1.062s] -- Up-to-date: /home/sirapob/torto_ws/install/torto_interfaces/share/torto_interfaces/msg/TortoJointAngles.msg
[1.063s] -- Up-to-date: /home/sirapob/torto_ws/install/torto_interfaces/share/ament_index/resource_index/package_run_dependencies/torto_interfaces
[1.063s] -- Up-to-date: /home/sirapob/torto_ws/install/torto_interfaces/share/ament_index/resource_index/parent_prefix_path/torto_interfaces
[1.063s] -- Up-to-date: /home/sirapob/torto_ws/install/torto_interfaces/share/torto_interfaces/environment/ament_prefix_path.sh
[1.063s] -- Up-to-date: /home/sirapob/torto_ws/install/torto_interfaces/share/torto_interfaces/environment/ament_prefix_path.dsv
[1.063s] -- Up-to-date: /home/sirapob/torto_ws/install/torto_interfaces/share/torto_interfaces/environment/path.sh
[1.063s] -- Up-to-date: /home/sirapob/torto_ws/install/torto_interfaces/share/torto_interfaces/environment/path.dsv
[1.063s] -- Up-to-date: /home/sirapob/torto_ws/install/torto_interfaces/share/torto_interfaces/local_setup.bash
[1.063s] -- Up-to-date: /home/sirapob/torto_ws/install/torto_interfaces/share/torto_interfaces/local_setup.sh
[1.063s] -- Up-to-date: /home/sirapob/torto_ws/install/torto_interfaces/share/torto_interfaces/local_setup.zsh
[1.064s] -- Up-to-date: /home/sirapob/torto_ws/install/torto_interfaces/share/torto_interfaces/local_setup.dsv
[1.064s] -- Installing: /home/sirapob/torto_ws/install/torto_interfaces/share/torto_interfaces/package.dsv
[1.064s] -- Up-to-date: /home/sirapob/torto_ws/install/torto_interfaces/share/ament_index/resource_index/packages/torto_interfaces
[1.065s] -- Up-to-date: /home/sirapob/torto_ws/install/torto_interfaces/share/torto_interfaces/cmake/export_torto_interfaces__rosidl_generator_cExport.cmake
[1.065s] -- Up-to-date: /home/sirapob/torto_ws/install/torto_interfaces/share/torto_interfaces/cmake/export_torto_interfaces__rosidl_generator_cExport-noconfig.cmake
[1.066s] -- Up-to-date: /home/sirapob/torto_ws/install/torto_interfaces/share/torto_interfaces/cmake/export_torto_interfaces__rosidl_typesupport_fastrtps_cExport.cmake
[1.067s] -- Up-to-date: /home/sirapob/torto_ws/install/torto_interfaces/share/torto_interfaces/cmake/export_torto_interfaces__rosidl_typesupport_fastrtps_cExport-noconfig.cmake
[1.068s] -- Up-to-date: /home/sirapob/torto_ws/install/torto_interfaces/share/torto_interfaces/cmake/torto_interfaces__rosidl_typesupport_introspection_cExport.cmake
[1.068s] -- Up-to-date: /home/sirapob/torto_ws/install/torto_interfaces/share/torto_interfaces/cmake/torto_interfaces__rosidl_typesupport_introspection_cExport-noconfig.cmake
[1.069s] -- Up-to-date: /home/sirapob/torto_ws/install/torto_interfaces/share/torto_interfaces/cmake/torto_interfaces__rosidl_typesupport_cExport.cmake
[1.069s] -- Up-to-date: /home/sirapob/torto_ws/install/torto_interfaces/share/torto_interfaces/cmake/torto_interfaces__rosidl_typesupport_cExport-noconfig.cmake
[1.070s] -- Up-to-date: /home/sirapob/torto_ws/install/torto_interfaces/share/torto_interfaces/cmake/export_torto_interfaces__rosidl_generator_cppExport.cmake
[1.072s] -- Up-to-date: /home/sirapob/torto_ws/install/torto_interfaces/share/torto_interfaces/cmake/export_torto_interfaces__rosidl_typesupport_fastrtps_cppExport.cmake
[1.072s] -- Up-to-date: /home/sirapob/torto_ws/install/torto_interfaces/share/torto_interfaces/cmake/export_torto_interfaces__rosidl_typesupport_fastrtps_cppExport-noconfig.cmake
[1.073s] -- Up-to-date: /home/sirapob/torto_ws/install/torto_interfaces/share/torto_interfaces/cmake/torto_interfaces__rosidl_typesupport_introspection_cppExport.cmake
[1.073s] -- Up-to-date: /home/sirapob/torto_ws/install/torto_interfaces/share/torto_interfaces/cmake/torto_interfaces__rosidl_typesupport_introspection_cppExport-noconfig.cmake
[1.074s] -- Up-to-date: /home/sirapob/torto_ws/install/torto_interfaces/share/torto_interfaces/cmake/torto_interfaces__rosidl_typesupport_cppExport.cmake
[1.075s] -- Up-to-date: /home/sirapob/torto_ws/install/torto_interfaces/share/torto_interfaces/cmake/torto_interfaces__rosidl_typesupport_cppExport-noconfig.cmake
[1.076s] -- Up-to-date: /home/sirapob/torto_ws/install/torto_interfaces/share/torto_interfaces/cmake/export_torto_interfaces__rosidl_generator_pyExport.cmake
[1.076s] -- Up-to-date: /home/sirapob/torto_ws/install/torto_interfaces/share/torto_interfaces/cmake/export_torto_interfaces__rosidl_generator_pyExport-noconfig.cmake
[1.076s] -- Up-to-date: /home/sirapob/torto_ws/install/torto_interfaces/share/torto_interfaces/cmake/rosidl_cmake-extras.cmake
[1.076s] -- Up-to-date: /home/sirapob/torto_ws/install/torto_interfaces/share/torto_interfaces/cmake/ament_cmake_export_include_directories-extras.cmake
[1.076s] -- Up-to-date: /home/sirapob/torto_ws/install/torto_interfaces/share/torto_interfaces/cmake/ament_cmake_export_libraries-extras.cmake
[1.076s] -- Up-to-date: /home/sirapob/torto_ws/install/torto_interfaces/share/torto_interfaces/cmake/ament_cmake_export_targets-extras.cmake
[1.077s] -- Up-to-date: /home/sirapob/torto_ws/install/torto_interfaces/share/torto_interfaces/cmake/rosidl_cmake_export_typesupport_targets-extras.cmake
[1.077s] -- Up-to-date: /home/sirapob/torto_ws/install/torto_interfaces/share/torto_interfaces/cmake/ament_cmake_export_dependencies-extras.cmake
[1.077s] -- Up-to-date: /home/sirapob/torto_ws/install/torto_interfaces/share/torto_interfaces/cmake/rosidl_cmake_export_typesupport_libraries-extras.cmake
[1.077s] -- Up-to-date: /home/sirapob/torto_ws/install/torto_interfaces/share/torto_interfaces/cmake/torto_interfacesConfig.cmake
[1.077s] -- Up-to-date: /home/sirapob/torto_ws/install/torto_interfaces/share/torto_interfaces/cmake/torto_interfacesConfig-version.cmake
[1.077s] -- Up-to-date: /home/sirapob/torto_ws/install/torto_interfaces/share/torto_interfaces/package.xml
[1.081s] Invoked command in '/home/sirapob/torto_ws/build/torto_interfaces' returned '0': CMAKE_PREFIX_PATH=${CMAKE_PREFIX_PATH}:/home/sirapob/torto_ws/install/torto_ctrl:/home/sirapob/torto_ws/install/torto_hardware:/opt/ros/jazzy DEBUGINFOD_URLS=https://debuginfod.ubuntu.com /usr/bin/cmake --install /home/sirapob/torto_ws/build/torto_interfaces
