[0.045s] Invoking command in '/home/sirapob/torto_ws/build/ydlidar_ros2_driver': CMAKE_PREFIX_PATH=${CMAKE_PREFIX_PATH}:/home/sirapob/torto_ws/install/torto_ctrl:/home/sirapob/torto_ws/install/torto_input_handle:/home/sirapob/torto_ws/install/torto_hardware:/opt/ros/jazzy DEBUGINFOD_URLS=https://debuginfod.ubuntu.com /usr/bin/cmake /home/sirapob/torto_ws/src/ydlidar_ros2_driver -DAMENT_CMAKE_SYMLINK_INSTALL=1 -DCMAKE_INSTALL_PREFIX=/home/sirapob/torto_ws/install/ydlidar_ros2_driver
[0.100s] -- Found ament_cmake: 2.5.3 (/opt/ros/jazzy/share/ament_cmake/cmake)
[0.795s] -- Override CMake install command with custom implementation using symlinks instead of copying resources
[0.843s] -- Found rclcpp: 28.1.6 (/opt/ros/jazzy/share/rclcpp/cmake)
[0.905s] -- Found rosidl_generator_c: 4.6.5 (/opt/ros/jazzy/share/rosidl_generator_c/cmake)
[0.929s] -- Found rosidl_generator_cpp: 4.6.5 (/opt/ros/jazzy/share/rosidl_generator_cpp/cmake)
[0.973s] -- Using all available rosidl_typesupport_c: rosidl_typesupport_fastrtps_c;rosidl_typesupport_introspection_c
[1.006s] -- Using all available rosidl_typesupport_cpp: rosidl_typesupport_fastrtps_cpp;rosidl_typesupport_introspection_cpp
[1.138s] -- Found rmw_implementation_cmake: 7.3.1 (/opt/ros/jazzy/share/rmw_implementation_cmake/cmake)
[1.144s] -- Found rmw_fastrtps_cpp: 8.4.1 (/opt/ros/jazzy/share/rmw_fastrtps_cpp/cmake)
[1.284s] -- Using RMW implementation 'rmw_fastrtps_cpp' as default
[1.438s] -- Found sensor_msgs: 5.3.5 (/opt/ros/jazzy/share/sensor_msgs/cmake)
[1.558s] -- Found visualization_msgs: 5.3.5 (/opt/ros/jazzy/share/visualization_msgs/cmake)
[1.637s] -- Found std_srvs: 5.3.5 (/opt/ros/jazzy/share/std_srvs/cmake)
[1.721s] -- Found ament_lint_auto: 0.17.1 (/opt/ros/jazzy/share/ament_lint_auto/cmake)
[2.043s] -- Added test 'copyright' to check source files copyright and LICENSE
[2.050s] -- Added test 'cppcheck' to perform static code analysis on C / C++ code
[2.053s] -- Configured cppcheck include dirs: /home/sirapob/torto_ws/src/ydlidar_ros2_driver/src
[2.053s] -- Configured cppcheck exclude dirs and/or files: 
[2.059s] -- Added test 'cpplint' to check C / C++ code against the Google style
[2.063s] -- Configured cpplint exclude dirs and/or files: 
[2.063s] -- Added test 'flake8' to check Python code syntax and style conventions
[2.063s] -- Configured 'flake8' exclude dirs and/or files: 
[2.066s] -- Added test 'lint_cmake' to check CMake code style
[2.069s] -- Added test 'pep257' to check Python code against some of the docstring style conventions in PEP 257
[2.076s] -- Added test 'uncrustify' to check C / C++ code style
[2.076s] -- Configured uncrustify additional arguments: 
[2.081s] -- Added test 'xmllint' to check XML markup files
[2.098s] -- Configuring done (2.0s)
[2.212s] -- Generating done (0.1s)
[2.241s] -- Build files have been written to: /home/sirapob/torto_ws/build/ydlidar_ros2_driver
[2.270s] Invoked command in '/home/sirapob/torto_ws/build/ydlidar_ros2_driver' returned '0': CMAKE_PREFIX_PATH=${CMAKE_PREFIX_PATH}:/home/sirapob/torto_ws/install/torto_ctrl:/home/sirapob/torto_ws/install/torto_input_handle:/home/sirapob/torto_ws/install/torto_hardware:/opt/ros/jazzy DEBUGINFOD_URLS=https://debuginfod.ubuntu.com /usr/bin/cmake /home/sirapob/torto_ws/src/ydlidar_ros2_driver -DAMENT_CMAKE_SYMLINK_INSTALL=1 -DCMAKE_INSTALL_PREFIX=/home/sirapob/torto_ws/install/ydlidar_ros2_driver
[2.274s] Invoking command in '/home/sirapob/torto_ws/build/ydlidar_ros2_driver': CMAKE_PREFIX_PATH=${CMAKE_PREFIX_PATH}:/home/sirapob/torto_ws/install/torto_ctrl:/home/sirapob/torto_ws/install/torto_input_handle:/home/sirapob/torto_ws/install/torto_hardware:/opt/ros/jazzy DEBUGINFOD_URLS=https://debuginfod.ubuntu.com /usr/bin/cmake --build /home/sirapob/torto_ws/build/ydlidar_ros2_driver -- -j4 -l4
[2.478s] [ 50%] Built target ydlidar_ros2_driver_node
[2.500s] [100%] Built target ydlidar_ros2_driver_client
[2.568s] Invoked command in '/home/sirapob/torto_ws/build/ydlidar_ros2_driver' returned '0': CMAKE_PREFIX_PATH=${CMAKE_PREFIX_PATH}:/home/sirapob/torto_ws/install/torto_ctrl:/home/sirapob/torto_ws/install/torto_input_handle:/home/sirapob/torto_ws/install/torto_hardware:/opt/ros/jazzy DEBUGINFOD_URLS=https://debuginfod.ubuntu.com /usr/bin/cmake --build /home/sirapob/torto_ws/build/ydlidar_ros2_driver -- -j4 -l4
[2.582s] Invoking command in '/home/sirapob/torto_ws/build/ydlidar_ros2_driver': CMAKE_PREFIX_PATH=${CMAKE_PREFIX_PATH}:/home/sirapob/torto_ws/install/torto_ctrl:/home/sirapob/torto_ws/install/torto_input_handle:/home/sirapob/torto_ws/install/torto_hardware:/opt/ros/jazzy DEBUGINFOD_URLS=https://debuginfod.ubuntu.com /usr/bin/cmake --install /home/sirapob/torto_ws/build/ydlidar_ros2_driver
[2.614s] -- Install configuration: ""
[2.614s] -- Execute custom install script
[2.615s] -- Up-to-date symlink: /home/sirapob/torto_ws/install/ydlidar_ros2_driver/lib/ydlidar_ros2_driver/ydlidar_ros2_driver_node
[2.616s] -- Up-to-date symlink: /home/sirapob/torto_ws/install/ydlidar_ros2_driver/lib/ydlidar_ros2_driver/ydlidar_ros2_driver_client
[2.619s] -- Up-to-date symlink: /home/sirapob/torto_ws/install/ydlidar_ros2_driver/share/ydlidar_ros2_driver/launch/ydlidar.py
[2.619s] -- Up-to-date symlink: /home/sirapob/torto_ws/install/ydlidar_ros2_driver/share/ydlidar_ros2_driver/launch/ydlidar_launch.py
[2.619s] -- Up-to-date symlink: /home/sirapob/torto_ws/install/ydlidar_ros2_driver/share/ydlidar_ros2_driver/launch/ydlidar_launch_view.py
[2.619s] -- Up-to-date symlink: /home/sirapob/torto_ws/install/ydlidar_ros2_driver/share/ydlidar_ros2_driver/params/G1.yaml
[2.620s] -- Up-to-date symlink: /home/sirapob/torto_ws/install/ydlidar_ros2_driver/share/ydlidar_ros2_driver/params/G2.yaml
[2.620s] -- Up-to-date symlink: /home/sirapob/torto_ws/install/ydlidar_ros2_driver/share/ydlidar_ros2_driver/params/G6.yaml
[2.620s] -- Up-to-date symlink: /home/sirapob/torto_ws/install/ydlidar_ros2_driver/share/ydlidar_ros2_driver/params/GS2.yaml
[2.620s] -- Up-to-date symlink: /home/sirapob/torto_ws/install/ydlidar_ros2_driver/share/ydlidar_ros2_driver/params/TEA.yaml
[2.620s] -- Up-to-date symlink: /home/sirapob/torto_ws/install/ydlidar_ros2_driver/share/ydlidar_ros2_driver/params/TG.yaml
[2.620s] -- Up-to-date symlink: /home/sirapob/torto_ws/install/ydlidar_ros2_driver/share/ydlidar_ros2_driver/params/TminiPro.yaml
[2.620s] -- Up-to-date symlink: /home/sirapob/torto_ws/install/ydlidar_ros2_driver/share/ydlidar_ros2_driver/params/X2.yaml
[2.620s] -- Up-to-date symlink: /home/sirapob/torto_ws/install/ydlidar_ros2_driver/share/ydlidar_ros2_driver/params/X4-Pro.yaml
[2.620s] -- Up-to-date symlink: /home/sirapob/torto_ws/install/ydlidar_ros2_driver/share/ydlidar_ros2_driver/params/X4.yaml
[2.620s] -- Up-to-date symlink: /home/sirapob/torto_ws/install/ydlidar_ros2_driver/share/ydlidar_ros2_driver/params/ydlidar.yaml
[2.620s] -- Up-to-date symlink: /home/sirapob/torto_ws/install/ydlidar_ros2_driver/share/ydlidar_ros2_driver/startup/initenv.sh
[2.621s] -- Up-to-date symlink: /home/sirapob/torto_ws/install/ydlidar_ros2_driver/share/ydlidar_ros2_driver/config/ydlidar.rviz
[2.621s] -- Up-to-date symlink: /home/sirapob/torto_ws/install/ydlidar_ros2_driver/share/ament_index/resource_index/package_run_dependencies/ydlidar_ros2_driver
[2.621s] -- Up-to-date symlink: /home/sirapob/torto_ws/install/ydlidar_ros2_driver/share/ament_index/resource_index/parent_prefix_path/ydlidar_ros2_driver
[2.621s] -- Up-to-date symlink: /home/sirapob/torto_ws/install/ydlidar_ros2_driver/share/ydlidar_ros2_driver/environment/ament_prefix_path.sh
[2.621s] -- Up-to-date symlink: /home/sirapob/torto_ws/install/ydlidar_ros2_driver/share/ydlidar_ros2_driver/environment/ament_prefix_path.dsv
[2.621s] -- Up-to-date symlink: /home/sirapob/torto_ws/install/ydlidar_ros2_driver/share/ydlidar_ros2_driver/environment/path.sh
[2.622s] -- Up-to-date symlink: /home/sirapob/torto_ws/install/ydlidar_ros2_driver/share/ydlidar_ros2_driver/environment/path.dsv
[2.622s] -- Up-to-date symlink: /home/sirapob/torto_ws/install/ydlidar_ros2_driver/share/ydlidar_ros2_driver/local_setup.bash
[2.624s] -- Up-to-date symlink: /home/sirapob/torto_ws/install/ydlidar_ros2_driver/share/ydlidar_ros2_driver/local_setup.sh
[2.624s] -- Up-to-date symlink: /home/sirapob/torto_ws/install/ydlidar_ros2_driver/share/ydlidar_ros2_driver/local_setup.zsh
[2.624s] -- Up-to-date symlink: /home/sirapob/torto_ws/install/ydlidar_ros2_driver/share/ydlidar_ros2_driver/local_setup.dsv
[2.625s] -- Symlinking: /home/sirapob/torto_ws/install/ydlidar_ros2_driver/share/ydlidar_ros2_driver/package.dsv
[2.645s] -- Up-to-date symlink: /home/sirapob/torto_ws/install/ydlidar_ros2_driver/share/ament_index/resource_index/packages/ydlidar_ros2_driver
[2.646s] -- Up-to-date symlink: /home/sirapob/torto_ws/install/ydlidar_ros2_driver/share/ydlidar_ros2_driver/cmake/ydlidar_ros2_driverConfig.cmake
[2.646s] -- Up-to-date symlink: /home/sirapob/torto_ws/install/ydlidar_ros2_driver/share/ydlidar_ros2_driver/cmake/ydlidar_ros2_driverConfig-version.cmake
[2.646s] -- Up-to-date symlink: /home/sirapob/torto_ws/install/ydlidar_ros2_driver/share/ydlidar_ros2_driver/package.xml
[2.656s] Invoked command in '/home/sirapob/torto_ws/build/ydlidar_ros2_driver' returned '0': CMAKE_PREFIX_PATH=${CMAKE_PREFIX_PATH}:/home/sirapob/torto_ws/install/torto_ctrl:/home/sirapob/torto_ws/install/torto_input_handle:/home/sirapob/torto_ws/install/torto_hardware:/opt/ros/jazzy DEBUGINFOD_URLS=https://debuginfod.ubuntu.com /usr/bin/cmake --install /home/sirapob/torto_ws/build/ydlidar_ros2_driver
