[0.281s] DEBUG:colcon:Command line arguments: ['/usr/bin/colcon', 'build', '--packages-select', 'torto_bringup', '--symlink-install']
[0.281s] DEBUG:colcon:Parsed command line arguments: Namespace(log_base=None, log_level=None, verb_name='build', build_base='build', install_base='install', merge_install=False, symlink_install=True, test_result_base=None, continue_on_error=False, executor='parallel', parallel_workers=4, event_handlers=None, ignore_user_meta=False, metas=['./colcon.meta'], base_paths=['.'], packages_ignore=None, packages_ignore_regex=None, paths=None, packages_up_to=None, packages_up_to_regex=None, packages_above=None, packages_above_and_dependencies=None, packages_above_depth=None, packages_select_by_dep=None, packages_skip_by_dep=None, packages_skip_up_to=None, packages_select_build_failed=False, packages_skip_build_finished=False, packages_select_test_failures=False, packages_skip_test_passed=False, packages_select=['torto_bringup'], packages_skip=None, packages_select_regex=None, packages_skip_regex=None, packages_start=None, packages_end=None, allow_overriding=[], cmake_args=None, cmake_target=None, cmake_target_skip_unavailable=False, cmake_clean_cache=False, cmake_clean_first=False, cmake_force_configure=False, ament_cmake_args=None, catkin_cmake_args=None, catkin_skip_building_tests=False, mixin_files=None, mixin=None, verb_parser=<colcon_mixin.mixin.mixin_argument.MixinArgumentDecorator object at 0xffffa97a9430>, verb_extension=<colcon_core.verb.build.BuildVerb object at 0xffffa97a9190>, main=<bound method BuildVerb.main of <colcon_core.verb.build.BuildVerb object at 0xffffa97a9190>>, mixin_verb=('build',))
[0.414s] Level 1:colcon.colcon_core.package_discovery:discover_packages(colcon_meta) check parameters
[0.415s] Level 1:colcon.colcon_core.package_discovery:discover_packages(recursive) check parameters
[0.415s] Level 1:colcon.colcon_core.package_discovery:discover_packages(ignore) check parameters
[0.415s] Level 1:colcon.colcon_core.package_discovery:discover_packages(path) check parameters
[0.415s] Level 1:colcon.colcon_core.package_discovery:discover_packages(colcon_meta) discover
[0.415s] Level 1:colcon.colcon_core.package_discovery:discover_packages(recursive) discover
[0.415s] INFO:colcon.colcon_core.package_discovery:Crawling recursively for packages in '/home/sirapob/torto_ws'
[0.415s] Level 1:colcon.colcon_core.package_identification:_identify(.) by extensions ['ignore', 'ignore_ament_install']
[0.415s] Level 1:colcon.colcon_core.package_identification:_identify(.) by extension 'ignore'
[0.416s] Level 1:colcon.colcon_core.package_identification:_identify(.) by extension 'ignore_ament_install'
[0.416s] Level 1:colcon.colcon_core.package_identification:_identify(.) by extensions ['colcon_pkg']
[0.416s] Level 1:colcon.colcon_core.package_identification:_identify(.) by extension 'colcon_pkg'
[0.416s] Level 1:colcon.colcon_core.package_identification:_identify(.) by extensions ['colcon_meta']
[0.416s] Level 1:colcon.colcon_core.package_identification:_identify(.) by extension 'colcon_meta'
[0.416s] Level 1:colcon.colcon_core.package_identification:_identify(.) by extensions ['ros']
[0.416s] Level 1:colcon.colcon_core.package_identification:_identify(.) by extension 'ros'
[0.457s] Level 1:colcon.colcon_core.package_identification:_identify(.) by extensions ['cmake', 'python']
[0.457s] Level 1:colcon.colcon_core.package_identification:_identify(.) by extension 'cmake'
[0.457s] Level 1:colcon.colcon_core.package_identification:_identify(.) by extension 'python'
[0.457s] Level 1:colcon.colcon_core.package_identification:_identify(.) by extensions ['python_setup_py']
[0.457s] Level 1:colcon.colcon_core.package_identification:_identify(.) by extension 'python_setup_py'
[0.458s] Level 1:colcon.colcon_core.package_identification:_identify(build) by extensions ['ignore', 'ignore_ament_install']
[0.458s] Level 1:colcon.colcon_core.package_identification:_identify(build) by extension 'ignore'
[0.458s] Level 1:colcon.colcon_core.package_identification:_identify(build) ignored
[0.458s] Level 1:colcon.colcon_core.package_identification:_identify(install) by extensions ['ignore', 'ignore_ament_install']
[0.458s] Level 1:colcon.colcon_core.package_identification:_identify(install) by extension 'ignore'
[0.458s] Level 1:colcon.colcon_core.package_identification:_identify(install) ignored
[0.458s] Level 1:colcon.colcon_core.package_identification:_identify(log) by extensions ['ignore', 'ignore_ament_install']
[0.458s] Level 1:colcon.colcon_core.package_identification:_identify(log) by extension 'ignore'
[0.458s] Level 1:colcon.colcon_core.package_identification:_identify(log) ignored
[0.459s] Level 1:colcon.colcon_core.package_identification:_identify(src) by extensions ['ignore', 'ignore_ament_install']
[0.459s] Level 1:colcon.colcon_core.package_identification:_identify(src) by extension 'ignore'
[0.459s] Level 1:colcon.colcon_core.package_identification:_identify(src) by extension 'ignore_ament_install'
[0.459s] Level 1:colcon.colcon_core.package_identification:_identify(src) by extensions ['colcon_pkg']
[0.459s] Level 1:colcon.colcon_core.package_identification:_identify(src) by extension 'colcon_pkg'
[0.459s] Level 1:colcon.colcon_core.package_identification:_identify(src) by extensions ['colcon_meta']
[0.459s] Level 1:colcon.colcon_core.package_identification:_identify(src) by extension 'colcon_meta'
[0.459s] Level 1:colcon.colcon_core.package_identification:_identify(src) by extensions ['ros']
[0.459s] Level 1:colcon.colcon_core.package_identification:_identify(src) by extension 'ros'
[0.459s] Level 1:colcon.colcon_core.package_identification:_identify(src) by extensions ['cmake', 'python']
[0.459s] Level 1:colcon.colcon_core.package_identification:_identify(src) by extension 'cmake'
[0.459s] Level 1:colcon.colcon_core.package_identification:_identify(src) by extension 'python'
[0.459s] Level 1:colcon.colcon_core.package_identification:_identify(src) by extensions ['python_setup_py']
[0.459s] Level 1:colcon.colcon_core.package_identification:_identify(src) by extension 'python_setup_py'
[0.459s] Level 1:colcon.colcon_core.package_identification:_identify(src/build) by extensions ['ignore', 'ignore_ament_install']
[0.459s] Level 1:colcon.colcon_core.package_identification:_identify(src/build) by extension 'ignore'
[0.460s] Level 1:colcon.colcon_core.package_identification:_identify(src/build) ignored
[0.460s] Level 1:colcon.colcon_core.package_identification:_identify(src/install) by extensions ['ignore', 'ignore_ament_install']
[0.460s] Level 1:colcon.colcon_core.package_identification:_identify(src/install) by extension 'ignore'
[0.460s] Level 1:colcon.colcon_core.package_identification:_identify(src/install) ignored
[0.460s] Level 1:colcon.colcon_core.package_identification:_identify(src/log) by extensions ['ignore', 'ignore_ament_install']
[0.460s] Level 1:colcon.colcon_core.package_identification:_identify(src/log) by extension 'ignore'
[0.460s] Level 1:colcon.colcon_core.package_identification:_identify(src/log) ignored
[0.460s] Level 1:colcon.colcon_core.package_identification:_identify(src/torto_bringup) by extensions ['ignore', 'ignore_ament_install']
[0.460s] Level 1:colcon.colcon_core.package_identification:_identify(src/torto_bringup) by extension 'ignore'
[0.460s] Level 1:colcon.colcon_core.package_identification:_identify(src/torto_bringup) by extension 'ignore_ament_install'
[0.460s] Level 1:colcon.colcon_core.package_identification:_identify(src/torto_bringup) by extensions ['colcon_pkg']
[0.460s] Level 1:colcon.colcon_core.package_identification:_identify(src/torto_bringup) by extension 'colcon_pkg'
[0.460s] Level 1:colcon.colcon_core.package_identification:_identify(src/torto_bringup) by extensions ['colcon_meta']
[0.460s] Level 1:colcon.colcon_core.package_identification:_identify(src/torto_bringup) by extension 'colcon_meta'
[0.460s] Level 1:colcon.colcon_core.package_identification:_identify(src/torto_bringup) by extensions ['ros']
[0.460s] Level 1:colcon.colcon_core.package_identification:_identify(src/torto_bringup) by extension 'ros'
[0.471s] DEBUG:colcon.colcon_core.package_identification:Package 'src/torto_bringup' with type 'ros.ament_cmake' and name 'torto_bringup'
[0.472s] Level 1:colcon.colcon_core.package_identification:_identify(src/torto_ctrl) by extensions ['ignore', 'ignore_ament_install']
[0.472s] Level 1:colcon.colcon_core.package_identification:_identify(src/torto_ctrl) by extension 'ignore'
[0.472s] Level 1:colcon.colcon_core.package_identification:_identify(src/torto_ctrl) by extension 'ignore_ament_install'
[0.472s] Level 1:colcon.colcon_core.package_identification:_identify(src/torto_ctrl) by extensions ['colcon_pkg']
[0.472s] Level 1:colcon.colcon_core.package_identification:_identify(src/torto_ctrl) by extension 'colcon_pkg'
[0.472s] Level 1:colcon.colcon_core.package_identification:_identify(src/torto_ctrl) by extensions ['colcon_meta']
[0.472s] Level 1:colcon.colcon_core.package_identification:_identify(src/torto_ctrl) by extension 'colcon_meta'
[0.472s] Level 1:colcon.colcon_core.package_identification:_identify(src/torto_ctrl) by extensions ['ros']
[0.472s] Level 1:colcon.colcon_core.package_identification:_identify(src/torto_ctrl) by extension 'ros'
[0.474s] DEBUG:colcon.colcon_core.package_identification:Package 'src/torto_ctrl' with type 'ros.ament_python' and name 'torto_ctrl'
[0.474s] Level 1:colcon.colcon_core.package_identification:_identify(src/torto_hardware) by extensions ['ignore', 'ignore_ament_install']
[0.474s] Level 1:colcon.colcon_core.package_identification:_identify(src/torto_hardware) by extension 'ignore'
[0.474s] Level 1:colcon.colcon_core.package_identification:_identify(src/torto_hardware) by extension 'ignore_ament_install'
[0.474s] Level 1:colcon.colcon_core.package_identification:_identify(src/torto_hardware) by extensions ['colcon_pkg']
[0.474s] Level 1:colcon.colcon_core.package_identification:_identify(src/torto_hardware) by extension 'colcon_pkg'
[0.474s] Level 1:colcon.colcon_core.package_identification:_identify(src/torto_hardware) by extensions ['colcon_meta']
[0.474s] Level 1:colcon.colcon_core.package_identification:_identify(src/torto_hardware) by extension 'colcon_meta'
[0.474s] Level 1:colcon.colcon_core.package_identification:_identify(src/torto_hardware) by extensions ['ros']
[0.474s] Level 1:colcon.colcon_core.package_identification:_identify(src/torto_hardware) by extension 'ros'
[0.475s] DEBUG:colcon.colcon_core.package_identification:Package 'src/torto_hardware' with type 'ros.ament_python' and name 'torto_hardware'
[0.475s] Level 1:colcon.colcon_core.package_identification:_identify(src/torto_input_handle) by extensions ['ignore', 'ignore_ament_install']
[0.476s] Level 1:colcon.colcon_core.package_identification:_identify(src/torto_input_handle) by extension 'ignore'
[0.476s] Level 1:colcon.colcon_core.package_identification:_identify(src/torto_input_handle) by extension 'ignore_ament_install'
[0.476s] Level 1:colcon.colcon_core.package_identification:_identify(src/torto_input_handle) by extensions ['colcon_pkg']
[0.476s] Level 1:colcon.colcon_core.package_identification:_identify(src/torto_input_handle) by extension 'colcon_pkg'
[0.476s] Level 1:colcon.colcon_core.package_identification:_identify(src/torto_input_handle) by extensions ['colcon_meta']
[0.476s] Level 1:colcon.colcon_core.package_identification:_identify(src/torto_input_handle) by extension 'colcon_meta'
[0.476s] Level 1:colcon.colcon_core.package_identification:_identify(src/torto_input_handle) by extensions ['ros']
[0.476s] Level 1:colcon.colcon_core.package_identification:_identify(src/torto_input_handle) by extension 'ros'
[0.479s] DEBUG:colcon.colcon_core.package_identification:Package 'src/torto_input_handle' with type 'ros.ament_python' and name 'torto_input_handle'
[0.479s] Level 1:colcon.colcon_core.package_identification:_identify(src/torto_interfaces) by extensions ['ignore', 'ignore_ament_install']
[0.479s] Level 1:colcon.colcon_core.package_identification:_identify(src/torto_interfaces) by extension 'ignore'
[0.479s] Level 1:colcon.colcon_core.package_identification:_identify(src/torto_interfaces) by extension 'ignore_ament_install'
[0.479s] Level 1:colcon.colcon_core.package_identification:_identify(src/torto_interfaces) by extensions ['colcon_pkg']
[0.479s] Level 1:colcon.colcon_core.package_identification:_identify(src/torto_interfaces) by extension 'colcon_pkg'
[0.479s] Level 1:colcon.colcon_core.package_identification:_identify(src/torto_interfaces) by extensions ['colcon_meta']
[0.479s] Level 1:colcon.colcon_core.package_identification:_identify(src/torto_interfaces) by extension 'colcon_meta'
[0.480s] Level 1:colcon.colcon_core.package_identification:_identify(src/torto_interfaces) by extensions ['ros']
[0.480s] Level 1:colcon.colcon_core.package_identification:_identify(src/torto_interfaces) by extension 'ros'
[0.481s] DEBUG:colcon.colcon_core.package_identification:Package 'src/torto_interfaces' with type 'ros.ament_cmake' and name 'torto_interfaces'
[0.481s] Level 1:colcon.colcon_core.package_identification:_identify(src/torto_odometry) by extensions ['ignore', 'ignore_ament_install']
[0.481s] Level 1:colcon.colcon_core.package_identification:_identify(src/torto_odometry) by extension 'ignore'
[0.481s] Level 1:colcon.colcon_core.package_identification:_identify(src/torto_odometry) by extension 'ignore_ament_install'
[0.481s] Level 1:colcon.colcon_core.package_identification:_identify(src/torto_odometry) by extensions ['colcon_pkg']
[0.481s] Level 1:colcon.colcon_core.package_identification:_identify(src/torto_odometry) by extension 'colcon_pkg'
[0.481s] Level 1:colcon.colcon_core.package_identification:_identify(src/torto_odometry) by extensions ['colcon_meta']
[0.481s] Level 1:colcon.colcon_core.package_identification:_identify(src/torto_odometry) by extension 'colcon_meta'
[0.481s] Level 1:colcon.colcon_core.package_identification:_identify(src/torto_odometry) by extensions ['ros']
[0.481s] Level 1:colcon.colcon_core.package_identification:_identify(src/torto_odometry) by extension 'ros'
[0.483s] DEBUG:colcon.colcon_core.package_identification:Package 'src/torto_odometry' with type 'ros.ament_python' and name 'torto_odometry'
[0.483s] Level 1:colcon.colcon_core.package_identification:_identify(src/ydlidar_ros2_driver) by extensions ['ignore', 'ignore_ament_install']
[0.483s] Level 1:colcon.colcon_core.package_identification:_identify(src/ydlidar_ros2_driver) by extension 'ignore'
[0.483s] Level 1:colcon.colcon_core.package_identification:_identify(src/ydlidar_ros2_driver) by extension 'ignore_ament_install'
[0.483s] Level 1:colcon.colcon_core.package_identification:_identify(src/ydlidar_ros2_driver) by extensions ['colcon_pkg']
[0.483s] Level 1:colcon.colcon_core.package_identification:_identify(src/ydlidar_ros2_driver) by extension 'colcon_pkg'
[0.483s] Level 1:colcon.colcon_core.package_identification:_identify(src/ydlidar_ros2_driver) by extensions ['colcon_meta']
[0.483s] Level 1:colcon.colcon_core.package_identification:_identify(src/ydlidar_ros2_driver) by extension 'colcon_meta'
[0.484s] Level 1:colcon.colcon_core.package_identification:_identify(src/ydlidar_ros2_driver) by extensions ['ros']
[0.484s] Level 1:colcon.colcon_core.package_identification:_identify(src/ydlidar_ros2_driver) by extension 'ros'
[0.485s] DEBUG:colcon.colcon_core.package_identification:Package 'src/ydlidar_ros2_driver' with type 'ros.ament_cmake' and name 'ydlidar_ros2_driver'
[0.485s] Level 1:colcon.colcon_core.package_discovery:discover_packages(recursive) using defaults
[0.485s] Level 1:colcon.colcon_core.package_discovery:discover_packages(ignore) discover
[0.485s] Level 1:colcon.colcon_core.package_discovery:discover_packages(ignore) using defaults
[0.485s] Level 1:colcon.colcon_core.package_discovery:discover_packages(path) discover
[0.485s] Level 1:colcon.colcon_core.package_discovery:discover_packages(path) using defaults
[0.528s] INFO:colcon.colcon_core.package_selection:Skipping not selected package 'torto_hardware' in 'src/torto_hardware'
[0.528s] INFO:colcon.colcon_core.package_selection:Skipping not selected package 'torto_input_handle' in 'src/torto_input_handle'
[0.528s] INFO:colcon.colcon_core.package_selection:Skipping not selected package 'torto_interfaces' in 'src/torto_interfaces'
[0.528s] INFO:colcon.colcon_core.package_selection:Skipping not selected package 'torto_odometry' in 'src/torto_odometry'
[0.528s] INFO:colcon.colcon_core.package_selection:Skipping not selected package 'ydlidar_ros2_driver' in 'src/ydlidar_ros2_driver'
[0.528s] INFO:colcon.colcon_core.package_selection:Skipping not selected package 'torto_ctrl' in 'src/torto_ctrl'
[0.529s] Level 1:colcon.colcon_core.package_discovery:discover_packages(prefix_path) check parameters
[0.529s] Level 1:colcon.colcon_core.package_discovery:discover_packages(prefix_path) discover
[0.534s] DEBUG:colcon.colcon_installed_package_information.package_discovery:Found 7 installed packages in /home/sirapob/torto_ws/install
[0.536s] DEBUG:colcon.colcon_installed_package_information.package_discovery:Found 296 installed packages in /opt/ros/jazzy
[0.539s] Level 1:colcon.colcon_core.package_discovery:discover_packages(prefix_path) using defaults
[0.613s] Level 5:colcon.colcon_core.verb:set package 'torto_bringup' build argument 'cmake_args' from command line to 'None'
[0.613s] Level 5:colcon.colcon_core.verb:set package 'torto_bringup' build argument 'cmake_target' from command line to 'None'
[0.613s] Level 5:colcon.colcon_core.verb:set package 'torto_bringup' build argument 'cmake_target_skip_unavailable' from command line to 'False'
[0.613s] Level 5:colcon.colcon_core.verb:set package 'torto_bringup' build argument 'cmake_clean_cache' from command line to 'False'
[0.613s] Level 5:colcon.colcon_core.verb:set package 'torto_bringup' build argument 'cmake_clean_first' from command line to 'False'
[0.613s] Level 5:colcon.colcon_core.verb:set package 'torto_bringup' build argument 'cmake_force_configure' from command line to 'False'
[0.613s] Level 5:colcon.colcon_core.verb:set package 'torto_bringup' build argument 'ament_cmake_args' from command line to 'None'
[0.613s] Level 5:colcon.colcon_core.verb:set package 'torto_bringup' build argument 'catkin_cmake_args' from command line to 'None'
[0.613s] Level 5:colcon.colcon_core.verb:set package 'torto_bringup' build argument 'catkin_skip_building_tests' from command line to 'False'
[0.613s] DEBUG:colcon.colcon_core.verb:Building package 'torto_bringup' with the following arguments: {'ament_cmake_args': None, 'build_base': '/home/sirapob/torto_ws/build/torto_bringup', 'catkin_cmake_args': None, 'catkin_skip_building_tests': False, 'cmake_args': None, 'cmake_clean_cache': False, 'cmake_clean_first': False, 'cmake_force_configure': False, 'cmake_target': None, 'cmake_target_skip_unavailable': False, 'install_base': '/home/sirapob/torto_ws/install/torto_bringup', 'merge_install': False, 'path': '/home/sirapob/torto_ws/src/torto_bringup', 'symlink_install': True, 'test_result_base': None}
[0.613s] INFO:colcon.colcon_core.executor:Executing jobs using 'parallel' executor
[0.615s] DEBUG:colcon.colcon_parallel_executor.executor.parallel:run_until_complete
[0.615s] INFO:colcon.colcon_ros.task.ament_cmake.build:Building ROS package in '/home/sirapob/torto_ws/src/torto_bringup' with build type 'ament_cmake'
[0.615s] INFO:colcon.colcon_cmake.task.cmake.build:Building CMake package in '/home/sirapob/torto_ws/src/torto_bringup'
[0.627s] INFO:colcon.colcon_core.plugin_system:Skipping extension 'colcon_core.shell.bat': Not used on non-Windows systems
[0.627s] INFO:colcon.colcon_core.shell:Skip shell extension 'powershell' for command environment: Not usable outside of PowerShell
[0.627s] DEBUG:colcon.colcon_core.shell:Skip shell extension 'dsv' for command environment
[0.660s] DEBUG:colcon.colcon_core.event_handler.log_command:Invoking command in '/home/sirapob/torto_ws/build/torto_bringup': AMENT_PREFIX_PATH=/home/sirapob/torto_ws/install/torto_ctrl:/home/sirapob/torto_ws/install/torto_odometry:/home/sirapob/torto_ws/install/torto_input_handle:/home/sirapob/torto_ws/install/torto_hardware:/home/sirapob/torto_ws/install/ydlidar_ros2_driver:/home/sirapob/torto_ws/install/torto_interfaces:/home/sirapob/torto_ws/install/lio_sam:/opt/ros/jazzy CMAKE_PREFIX_PATH=/home/sirapob/torto_ws/install/torto_interfaces:/home/sirapob/torto_ws/install/ydlidar_ros2_driver:/home/sirapob/torto_ws/install/lio_sam:/opt/ros/jazzy/opt/gz_math_vendor:/opt/ros/jazzy/opt/gz_utils_vendor:/opt/ros/jazzy/opt/gz_cmake_vendor:/home/sirapob/torto_ws/install/torto_odometry:/home/sirapob/torto_ws/install/torto_ctrl:/home/sirapob/torto_ws/install/torto_input_handle:/home/sirapob/torto_ws/install/torto_hardware:/opt/ros/jazzy DEBUGINFOD_URLS=https://debuginfod.ubuntu.com PYTHONPATH=/home/sirapob/torto_ws/build/torto_ctrl:/home/sirapob/torto_ws/install/torto_ctrl/lib/python3.12/site-packages:/home/sirapob/torto_ws/build/torto_odometry:/home/sirapob/torto_ws/install/torto_odometry/lib/python3.12/site-packages:/home/sirapob/torto_ws/install/torto_interfaces/lib/python3.12/site-packages:/home/sirapob/torto_ws/build/torto_input_handle:/home/sirapob/torto_ws/install/torto_input_handle/lib/python3.12/site-packages:/home/sirapob/torto_ws/build/torto_hardware:/home/sirapob/torto_ws/install/torto_hardware/lib/python3.12/site-packages:/home/sirapob/torto_ws/install/lio_sam/lib/python3.12/site-packages:/opt/ros/jazzy/lib/python3.12/site-packages /usr/bin/cmake /home/sirapob/torto_ws/src/torto_bringup -DAMENT_CMAKE_SYMLINK_INSTALL=1 -DCMAKE_INSTALL_PREFIX=/home/sirapob/torto_ws/install/torto_bringup
[2.932s] DEBUG:colcon.colcon_core.event_handler.log_command:Invoked command in '/home/sirapob/torto_ws/build/torto_bringup' returned '0': AMENT_PREFIX_PATH=/home/sirapob/torto_ws/install/torto_ctrl:/home/sirapob/torto_ws/install/torto_odometry:/home/sirapob/torto_ws/install/torto_input_handle:/home/sirapob/torto_ws/install/torto_hardware:/home/sirapob/torto_ws/install/ydlidar_ros2_driver:/home/sirapob/torto_ws/install/torto_interfaces:/home/sirapob/torto_ws/install/lio_sam:/opt/ros/jazzy CMAKE_PREFIX_PATH=/home/sirapob/torto_ws/install/torto_interfaces:/home/sirapob/torto_ws/install/ydlidar_ros2_driver:/home/sirapob/torto_ws/install/lio_sam:/opt/ros/jazzy/opt/gz_math_vendor:/opt/ros/jazzy/opt/gz_utils_vendor:/opt/ros/jazzy/opt/gz_cmake_vendor:/home/sirapob/torto_ws/install/torto_odometry:/home/sirapob/torto_ws/install/torto_ctrl:/home/sirapob/torto_ws/install/torto_input_handle:/home/sirapob/torto_ws/install/torto_hardware:/opt/ros/jazzy DEBUGINFOD_URLS=https://debuginfod.ubuntu.com PYTHONPATH=/home/sirapob/torto_ws/build/torto_ctrl:/home/sirapob/torto_ws/install/torto_ctrl/lib/python3.12/site-packages:/home/sirapob/torto_ws/build/torto_odometry:/home/sirapob/torto_ws/install/torto_odometry/lib/python3.12/site-packages:/home/sirapob/torto_ws/install/torto_interfaces/lib/python3.12/site-packages:/home/sirapob/torto_ws/build/torto_input_handle:/home/sirapob/torto_ws/install/torto_input_handle/lib/python3.12/site-packages:/home/sirapob/torto_ws/build/torto_hardware:/home/sirapob/torto_ws/install/torto_hardware/lib/python3.12/site-packages:/home/sirapob/torto_ws/install/lio_sam/lib/python3.12/site-packages:/opt/ros/jazzy/lib/python3.12/site-packages /usr/bin/cmake /home/sirapob/torto_ws/src/torto_bringup -DAMENT_CMAKE_SYMLINK_INSTALL=1 -DCMAKE_INSTALL_PREFIX=/home/sirapob/torto_ws/install/torto_bringup
[2.934s] DEBUG:colcon.colcon_core.event_handler.log_command:Invoking command in '/home/sirapob/torto_ws/build/torto_bringup': AMENT_PREFIX_PATH=/home/sirapob/torto_ws/install/torto_ctrl:/home/sirapob/torto_ws/install/torto_odometry:/home/sirapob/torto_ws/install/torto_input_handle:/home/sirapob/torto_ws/install/torto_hardware:/home/sirapob/torto_ws/install/ydlidar_ros2_driver:/home/sirapob/torto_ws/install/torto_interfaces:/home/sirapob/torto_ws/install/lio_sam:/opt/ros/jazzy CMAKE_PREFIX_PATH=/home/sirapob/torto_ws/install/torto_interfaces:/home/sirapob/torto_ws/install/ydlidar_ros2_driver:/home/sirapob/torto_ws/install/lio_sam:/opt/ros/jazzy/opt/gz_math_vendor:/opt/ros/jazzy/opt/gz_utils_vendor:/opt/ros/jazzy/opt/gz_cmake_vendor:/home/sirapob/torto_ws/install/torto_odometry:/home/sirapob/torto_ws/install/torto_ctrl:/home/sirapob/torto_ws/install/torto_input_handle:/home/sirapob/torto_ws/install/torto_hardware:/opt/ros/jazzy DEBUGINFOD_URLS=https://debuginfod.ubuntu.com PYTHONPATH=/home/sirapob/torto_ws/build/torto_ctrl:/home/sirapob/torto_ws/install/torto_ctrl/lib/python3.12/site-packages:/home/sirapob/torto_ws/build/torto_odometry:/home/sirapob/torto_ws/install/torto_odometry/lib/python3.12/site-packages:/home/sirapob/torto_ws/install/torto_interfaces/lib/python3.12/site-packages:/home/sirapob/torto_ws/build/torto_input_handle:/home/sirapob/torto_ws/install/torto_input_handle/lib/python3.12/site-packages:/home/sirapob/torto_ws/build/torto_hardware:/home/sirapob/torto_ws/install/torto_hardware/lib/python3.12/site-packages:/home/sirapob/torto_ws/install/lio_sam/lib/python3.12/site-packages:/opt/ros/jazzy/lib/python3.12/site-packages /usr/bin/cmake --build /home/sirapob/torto_ws/build/torto_bringup -- -j4 -l4
[3.004s] DEBUG:colcon.colcon_core.event_handler.log_command:Invoked command in '/home/sirapob/torto_ws/build/torto_bringup' returned '0': AMENT_PREFIX_PATH=/home/sirapob/torto_ws/install/torto_ctrl:/home/sirapob/torto_ws/install/torto_odometry:/home/sirapob/torto_ws/install/torto_input_handle:/home/sirapob/torto_ws/install/torto_hardware:/home/sirapob/torto_ws/install/ydlidar_ros2_driver:/home/sirapob/torto_ws/install/torto_interfaces:/home/sirapob/torto_ws/install/lio_sam:/opt/ros/jazzy CMAKE_PREFIX_PATH=/home/sirapob/torto_ws/install/torto_interfaces:/home/sirapob/torto_ws/install/ydlidar_ros2_driver:/home/sirapob/torto_ws/install/lio_sam:/opt/ros/jazzy/opt/gz_math_vendor:/opt/ros/jazzy/opt/gz_utils_vendor:/opt/ros/jazzy/opt/gz_cmake_vendor:/home/sirapob/torto_ws/install/torto_odometry:/home/sirapob/torto_ws/install/torto_ctrl:/home/sirapob/torto_ws/install/torto_input_handle:/home/sirapob/torto_ws/install/torto_hardware:/opt/ros/jazzy DEBUGINFOD_URLS=https://debuginfod.ubuntu.com PYTHONPATH=/home/sirapob/torto_ws/build/torto_ctrl:/home/sirapob/torto_ws/install/torto_ctrl/lib/python3.12/site-packages:/home/sirapob/torto_ws/build/torto_odometry:/home/sirapob/torto_ws/install/torto_odometry/lib/python3.12/site-packages:/home/sirapob/torto_ws/install/torto_interfaces/lib/python3.12/site-packages:/home/sirapob/torto_ws/build/torto_input_handle:/home/sirapob/torto_ws/install/torto_input_handle/lib/python3.12/site-packages:/home/sirapob/torto_ws/build/torto_hardware:/home/sirapob/torto_ws/install/torto_hardware/lib/python3.12/site-packages:/home/sirapob/torto_ws/install/lio_sam/lib/python3.12/site-packages:/opt/ros/jazzy/lib/python3.12/site-packages /usr/bin/cmake --build /home/sirapob/torto_ws/build/torto_bringup -- -j4 -l4
[3.023s] DEBUG:colcon.colcon_core.event_handler.log_command:Invoking command in '/home/sirapob/torto_ws/build/torto_bringup': AMENT_PREFIX_PATH=/home/sirapob/torto_ws/install/torto_ctrl:/home/sirapob/torto_ws/install/torto_odometry:/home/sirapob/torto_ws/install/torto_input_handle:/home/sirapob/torto_ws/install/torto_hardware:/home/sirapob/torto_ws/install/ydlidar_ros2_driver:/home/sirapob/torto_ws/install/torto_interfaces:/home/sirapob/torto_ws/install/lio_sam:/opt/ros/jazzy CMAKE_PREFIX_PATH=/home/sirapob/torto_ws/install/torto_interfaces:/home/sirapob/torto_ws/install/ydlidar_ros2_driver:/home/sirapob/torto_ws/install/lio_sam:/opt/ros/jazzy/opt/gz_math_vendor:/opt/ros/jazzy/opt/gz_utils_vendor:/opt/ros/jazzy/opt/gz_cmake_vendor:/home/sirapob/torto_ws/install/torto_odometry:/home/sirapob/torto_ws/install/torto_ctrl:/home/sirapob/torto_ws/install/torto_input_handle:/home/sirapob/torto_ws/install/torto_hardware:/opt/ros/jazzy DEBUGINFOD_URLS=https://debuginfod.ubuntu.com PYTHONPATH=/home/sirapob/torto_ws/build/torto_ctrl:/home/sirapob/torto_ws/install/torto_ctrl/lib/python3.12/site-packages:/home/sirapob/torto_ws/build/torto_odometry:/home/sirapob/torto_ws/install/torto_odometry/lib/python3.12/site-packages:/home/sirapob/torto_ws/install/torto_interfaces/lib/python3.12/site-packages:/home/sirapob/torto_ws/build/torto_input_handle:/home/sirapob/torto_ws/install/torto_input_handle/lib/python3.12/site-packages:/home/sirapob/torto_ws/build/torto_hardware:/home/sirapob/torto_ws/install/torto_hardware/lib/python3.12/site-packages:/home/sirapob/torto_ws/install/lio_sam/lib/python3.12/site-packages:/opt/ros/jazzy/lib/python3.12/site-packages /usr/bin/cmake --install /home/sirapob/torto_ws/build/torto_bringup
[3.330s] Level 1:colcon.colcon_core.environment:create_environment_scripts_only(torto_bringup)
[3.331s] DEBUG:colcon.colcon_core.event_handler.log_command:Invoked command in '/home/sirapob/torto_ws/build/torto_bringup' returned '0': AMENT_PREFIX_PATH=/home/sirapob/torto_ws/install/torto_ctrl:/home/sirapob/torto_ws/install/torto_odometry:/home/sirapob/torto_ws/install/torto_input_handle:/home/sirapob/torto_ws/install/torto_hardware:/home/sirapob/torto_ws/install/ydlidar_ros2_driver:/home/sirapob/torto_ws/install/torto_interfaces:/home/sirapob/torto_ws/install/lio_sam:/opt/ros/jazzy CMAKE_PREFIX_PATH=/home/sirapob/torto_ws/install/torto_interfaces:/home/sirapob/torto_ws/install/ydlidar_ros2_driver:/home/sirapob/torto_ws/install/lio_sam:/opt/ros/jazzy/opt/gz_math_vendor:/opt/ros/jazzy/opt/gz_utils_vendor:/opt/ros/jazzy/opt/gz_cmake_vendor:/home/sirapob/torto_ws/install/torto_odometry:/home/sirapob/torto_ws/install/torto_ctrl:/home/sirapob/torto_ws/install/torto_input_handle:/home/sirapob/torto_ws/install/torto_hardware:/opt/ros/jazzy DEBUGINFOD_URLS=https://debuginfod.ubuntu.com PYTHONPATH=/home/sirapob/torto_ws/build/torto_ctrl:/home/sirapob/torto_ws/install/torto_ctrl/lib/python3.12/site-packages:/home/sirapob/torto_ws/build/torto_odometry:/home/sirapob/torto_ws/install/torto_odometry/lib/python3.12/site-packages:/home/sirapob/torto_ws/install/torto_interfaces/lib/python3.12/site-packages:/home/sirapob/torto_ws/build/torto_input_handle:/home/sirapob/torto_ws/install/torto_input_handle/lib/python3.12/site-packages:/home/sirapob/torto_ws/build/torto_hardware:/home/sirapob/torto_ws/install/torto_hardware/lib/python3.12/site-packages:/home/sirapob/torto_ws/install/lio_sam/lib/python3.12/site-packages:/opt/ros/jazzy/lib/python3.12/site-packages /usr/bin/cmake --install /home/sirapob/torto_ws/build/torto_bringup
[3.345s] Level 1:colcon.colcon_core.environment:checking '/home/sirapob/torto_ws/install/torto_bringup' for CMake module files
[3.346s] Level 1:colcon.colcon_core.environment:checking '/home/sirapob/torto_ws/install/torto_bringup' for CMake config files
[3.347s] Level 1:colcon.colcon_core.shell:create_environment_hook('torto_bringup', 'cmake_prefix_path')
[3.347s] INFO:colcon.colcon_core.shell:Creating environment hook '/home/sirapob/torto_ws/install/torto_bringup/share/torto_bringup/hook/cmake_prefix_path.ps1'
[3.349s] INFO:colcon.colcon_core.shell:Creating environment descriptor '/home/sirapob/torto_ws/install/torto_bringup/share/torto_bringup/hook/cmake_prefix_path.dsv'
[3.350s] INFO:colcon.colcon_core.shell:Creating environment hook '/home/sirapob/torto_ws/install/torto_bringup/share/torto_bringup/hook/cmake_prefix_path.sh'
[3.352s] Level 1:colcon.colcon_core.environment:checking '/home/sirapob/torto_ws/install/torto_bringup/bin'
[3.352s] Level 1:colcon.colcon_core.environment:checking '/home/sirapob/torto_ws/install/torto_bringup/lib/pkgconfig/torto_bringup.pc'
[3.353s] Level 1:colcon.colcon_core.environment:checking '/home/sirapob/torto_ws/install/torto_bringup/lib/python3.12/site-packages'
[3.353s] Level 1:colcon.colcon_core.environment:checking '/home/sirapob/torto_ws/install/torto_bringup/bin'
[3.354s] INFO:colcon.colcon_core.shell:Creating package script '/home/sirapob/torto_ws/install/torto_bringup/share/torto_bringup/package.ps1'
[3.355s] INFO:colcon.colcon_core.shell:Creating package descriptor '/home/sirapob/torto_ws/install/torto_bringup/share/torto_bringup/package.dsv'
[3.356s] INFO:colcon.colcon_core.shell:Creating package script '/home/sirapob/torto_ws/install/torto_bringup/share/torto_bringup/package.sh'
[3.361s] INFO:colcon.colcon_core.shell:Creating package script '/home/sirapob/torto_ws/install/torto_bringup/share/torto_bringup/package.bash'
[3.363s] INFO:colcon.colcon_core.shell:Creating package script '/home/sirapob/torto_ws/install/torto_bringup/share/torto_bringup/package.zsh'
[3.364s] Level 1:colcon.colcon_core.environment:create_file_with_runtime_dependencies(/home/sirapob/torto_ws/install/torto_bringup/share/colcon-core/packages/torto_bringup)
[3.365s] Level 1:colcon.colcon_core.environment:create_environment_scripts_only(torto_bringup)
[3.366s] Level 1:colcon.colcon_core.environment:checking '/home/sirapob/torto_ws/install/torto_bringup' for CMake module files
[3.366s] Level 1:colcon.colcon_core.environment:checking '/home/sirapob/torto_ws/install/torto_bringup' for CMake config files
[3.367s] Level 1:colcon.colcon_core.shell:create_environment_hook('torto_bringup', 'cmake_prefix_path')
[3.367s] INFO:colcon.colcon_core.shell:Creating environment hook '/home/sirapob/torto_ws/install/torto_bringup/share/torto_bringup/hook/cmake_prefix_path.ps1'
[3.368s] INFO:colcon.colcon_core.shell:Creating environment descriptor '/home/sirapob/torto_ws/install/torto_bringup/share/torto_bringup/hook/cmake_prefix_path.dsv'
[3.369s] INFO:colcon.colcon_core.shell:Creating environment hook '/home/sirapob/torto_ws/install/torto_bringup/share/torto_bringup/hook/cmake_prefix_path.sh'
[3.370s] Level 1:colcon.colcon_core.environment:checking '/home/sirapob/torto_ws/install/torto_bringup/bin'
[3.370s] Level 1:colcon.colcon_core.environment:checking '/home/sirapob/torto_ws/install/torto_bringup/lib/pkgconfig/torto_bringup.pc'
[3.370s] Level 1:colcon.colcon_core.environment:checking '/home/sirapob/torto_ws/install/torto_bringup/lib/python3.12/site-packages'
[3.370s] Level 1:colcon.colcon_core.environment:checking '/home/sirapob/torto_ws/install/torto_bringup/bin'
[3.371s] INFO:colcon.colcon_core.shell:Creating package script '/home/sirapob/torto_ws/install/torto_bringup/share/torto_bringup/package.ps1'
[3.371s] INFO:colcon.colcon_core.shell:Creating package descriptor '/home/sirapob/torto_ws/install/torto_bringup/share/torto_bringup/package.dsv'
[3.373s] INFO:colcon.colcon_core.shell:Creating package script '/home/sirapob/torto_ws/install/torto_bringup/share/torto_bringup/package.sh'
[3.375s] INFO:colcon.colcon_core.shell:Creating package script '/home/sirapob/torto_ws/install/torto_bringup/share/torto_bringup/package.bash'
[3.376s] INFO:colcon.colcon_core.shell:Creating package script '/home/sirapob/torto_ws/install/torto_bringup/share/torto_bringup/package.zsh'
[3.378s] Level 1:colcon.colcon_core.environment:create_file_with_runtime_dependencies(/home/sirapob/torto_ws/install/torto_bringup/share/colcon-core/packages/torto_bringup)
[3.379s] DEBUG:colcon.colcon_parallel_executor.executor.parallel:closing loop
[3.379s] DEBUG:colcon.colcon_parallel_executor.executor.parallel:loop closed
[3.380s] DEBUG:colcon.colcon_parallel_executor.executor.parallel:run_until_complete finished with '0'
[3.380s] DEBUG:colcon.colcon_core.event_reactor:joining thread
[3.392s] INFO:colcon.colcon_core.plugin_system:Skipping extension 'colcon_notification.desktop_notification.terminal_notifier': Not used on non-Darwin systems
[3.392s] INFO:colcon.colcon_core.plugin_system:Skipping extension 'colcon_notification.desktop_notification.win32': Not used on non-Windows systems
[3.392s] INFO:colcon.colcon_notification.desktop_notification:Sending desktop notification using 'notify2'
[3.394s] DEBUG:colcon.colcon_notification.desktop_notification.notify2:Failed to initialize notify2: org.freedesktop.DBus.Error.ServiceUnknown: The name org.freedesktop.Notifications was not provided by any .service files
[3.394s] DEBUG:colcon.colcon_core.event_reactor:joined thread
[3.394s] INFO:colcon.colcon_core.shell:Creating prefix script '/home/sirapob/torto_ws/install/local_setup.ps1'
[3.402s] INFO:colcon.colcon_core.shell:Creating prefix util module '/home/sirapob/torto_ws/install/_local_setup_util_ps1.py'
[3.405s] INFO:colcon.colcon_core.shell:Creating prefix chain script '/home/sirapob/torto_ws/install/setup.ps1'
[3.407s] INFO:colcon.colcon_core.shell:Creating prefix script '/home/sirapob/torto_ws/install/local_setup.sh'
[3.409s] INFO:colcon.colcon_core.shell:Creating prefix util module '/home/sirapob/torto_ws/install/_local_setup_util_sh.py'
[3.411s] INFO:colcon.colcon_core.shell:Creating prefix chain script '/home/sirapob/torto_ws/install/setup.sh'
[3.414s] INFO:colcon.colcon_core.shell:Creating prefix script '/home/sirapob/torto_ws/install/local_setup.bash'
[3.416s] INFO:colcon.colcon_core.shell:Creating prefix chain script '/home/sirapob/torto_ws/install/setup.bash'
[3.417s] INFO:colcon.colcon_core.shell:Creating prefix script '/home/sirapob/torto_ws/install/local_setup.zsh'
[3.419s] INFO:colcon.colcon_core.shell:Creating prefix chain script '/home/sirapob/torto_ws/install/setup.zsh'
