[0.035s] Invoking command in '/home/sirapob/torto_ws/build/lio_sam': CMAKE_PREFIX_PATH=${CMAKE_PREFIX_PATH}:/home/sirapob/torto_ws/install/torto_ctrl:/home/sirapob/torto_ws/install/torto_input_handle:/home/sirapob/torto_ws/install/torto_hardware:/opt/ros/jazzy DEBUGINFOD_URLS=https://debuginfod.ubuntu.com /usr/bin/cmake /home/sirapob/torto_ws/src/lio_sam_ros2 -DAMENT_CMAKE_SYMLINK_INSTALL=1 -DCMAKE_INSTALL_PREFIX=/home/sirapob/torto_ws/install/lio_sam
[0.495s] -- The C compiler identification is GNU 13.3.0
[0.495s] -- The CXX compiler identification is GNU 13.3.0
[0.495s] -- Detecting C compiler ABI info
[0.518s] -- Detecting C compiler ABI info - done
[0.536s] -- Check for working C compiler: /usr/bin/cc - skipped
[0.536s] -- Detecting C compile features
[0.538s] -- Detecting C compile features - done
[0.571s] -- Detecting CXX compiler ABI info
[0.866s] -- Detecting CXX compiler ABI info - done
[0.882s] -- Check for working CXX compiler: /usr/bin/c++ - skipped
[0.883s] -- Detecting CXX compile features
[0.884s] -- Detecting CXX compile features - done
[0.889s] -- Found ament_cmake: 2.5.3 (/opt/ros/jazzy/share/ament_cmake/cmake)
[1.238s] -- Found Python3: /usr/bin/python3 (found version "3.12.3") found components: Interpreter 
[1.407s] -- Override CMake install command with custom implementation using symlinks instead of copying resources
[1.464s] -- Found rosidl_default_generators: 1.6.0 (/opt/ros/jazzy/share/rosidl_default_generators/cmake)
[1.476s] -- Using all available rosidl_typesupport_c: rosidl_typesupport_fastrtps_c;rosidl_typesupport_introspection_c
[1.578s] -- Using all available rosidl_typesupport_cpp: rosidl_typesupport_fastrtps_cpp;rosidl_typesupport_introspection_cpp
[1.655s] -- Found rosidl_adapter: 4.6.5 (/opt/ros/jazzy/share/rosidl_adapter/cmake)
[1.664s] -- Found rclcpp: 28.1.6 (/opt/ros/jazzy/share/rclcpp/cmake)
[1.840s] -- Found rmw_implementation_cmake: 7.3.1 (/opt/ros/jazzy/share/rmw_implementation_cmake/cmake)
[1.846s] -- Found rmw_fastrtps_cpp: 8.4.1 (/opt/ros/jazzy/share/rmw_fastrtps_cpp/cmake)
[2.028s] -- Found OpenSSL: /usr/lib/aarch64-linux-gnu/libcrypto.so (found version "3.0.13")  
[2.066s] -- Found FastRTPS: /opt/ros/jazzy/include (Required is at least version "2.13") 
[2.118s] -- Using RMW implementation 'rmw_fastrtps_cpp' as default
[2.308s] -- Found rclpy: 7.1.3 (/opt/ros/jazzy/share/rclpy/cmake)
[2.311s] -- Found cv_bridge: 4.1.0 (/opt/ros/jazzy/share/cv_bridge/cmake)
[2.456s] -- Found nav_msgs: 5.3.5 (/opt/ros/jazzy/share/nav_msgs/cmake)
[2.505s] -- Found visualization_msgs: 5.3.5 (/opt/ros/jazzy/share/visualization_msgs/cmake)
[2.556s] -- Found pcl_conversions: 2.6.2 (/opt/ros/jazzy/share/pcl_conversions/cmake)
[2.683s] [33mCMake Warning (dev) at /usr/lib/aarch64-linux-gnu/cmake/pcl/Modules/FindFLANN.cmake:45 (find_package):
[2.683s]   Policy CMP0144 is not set: find_package uses upper-case <PACKAGENAME>_ROOT
[2.683s]   variables.  Run "cmake --help-policy CMP0144" for policy details.  Use the
[2.683s]   cmake_policy command to set the policy and suppress this warning.
[2.684s] 
[2.684s]   CMake variable FLANN_ROOT is set to:
[2.684s] 
[2.684s]     /usr
[2.684s] 
[2.684s]   For compatibility, find_package is ignoring the variable, but code in a
[2.684s]   .cmake module might still use it.
[2.684s] Call Stack (most recent call first):
[2.684s]   /usr/lib/aarch64-linux-gnu/cmake/pcl/PCLConfig.cmake:261 (find_package)
[2.685s]   /usr/lib/aarch64-linux-gnu/cmake/pcl/PCLConfig.cmake:306 (find_flann)
[2.685s]   /usr/lib/aarch64-linux-gnu/cmake/pcl/PCLConfig.cmake:570 (find_external_library)
[2.685s]   /opt/ros/jazzy/share/pcl_conversions/cmake/ament_cmake_export_dependencies-extras.cmake:21 (find_package)
[2.685s]   /opt/ros/jazzy/share/pcl_conversions/cmake/pcl_conversionsConfig.cmake:41 (include)
[2.685s]   CMakeLists.txt:20 (find_package)
[2.685s] This warning is for project developers.  Use -Wno-dev to suppress it.
[2.685s] [0m
[2.693s] -- Found flann version 1.9.2
[4.053s] -- Found OpenMP_CXX: -fopenmp (found version "4.5") 
[4.053s] -- Found OpenMP: TRUE (found version "4.5") found components: CXX 
[7.919s] -- Checking for module 'libusb-1.0'
[7.966s] --   Found libusb-1.0, version 1.0.27
[8.060s] -- Found libusb: /usr/lib/aarch64-linux-gnu/libusb-1.0.so  
[8.062s] -- OpenNI found (version: 1.5.4.0, include: /usr/include/ni, lib: /usr/lib/libOpenNI.so;libusb::libusb)
[8.219s] -- OpenNI2 found (version: 2.2.0.33, include: /usr/include/openni2, lib: /usr/lib/aarch64-linux-gnu/libOpenNI2.so;libusb::libusb)
[8.225s] -- Could NOT find Pcap (missing: PCAP_LIBRARIES PCAP_INCLUDE_DIRS) 
[8.241s] -- Found ZLIB: /usr/lib/aarch64-linux-gnu/libz.so (found version "1.3")  
[8.269s] -- Found PNG: /usr/lib/aarch64-linux-gnu/libpng.so (found version "1.6.43") 
[9.162s] -- OpenNI found (version: 1.5.4.0, include: /usr/include/ni, lib: /usr/lib/libOpenNI.so;libusb::libusb)
[9.174s] -- OpenNI2 found (version: 2.2.0.33, include: /usr/include/openni2, lib: /usr/lib/aarch64-linux-gnu/libOpenNI2.so;libusb::libusb)
[9.887s] -- Found Qhull version 8.0.2
[10.645s] -- OpenNI found (version: 1.5.4.0, include: /usr/include/ni, lib: /usr/lib/libOpenNI.so;libusb::libusb)
[11.247s] -- Found PCL_COMMON: /usr/lib/aarch64-linux-gnu/libpcl_common.so  
[11.248s] -- Found PCL_KDTREE: /usr/lib/aarch64-linux-gnu/libpcl_kdtree.so  
[11.250s] -- Found PCL_OCTREE: /usr/lib/aarch64-linux-gnu/libpcl_octree.so  
[11.251s] -- Found PCL_SEARCH: /usr/lib/aarch64-linux-gnu/libpcl_search.so  
[11.253s] -- Found PCL_SAMPLE_CONSENSUS: /usr/lib/aarch64-linux-gnu/libpcl_sample_consensus.so  
[11.254s] -- Found PCL_FILTERS: /usr/lib/aarch64-linux-gnu/libpcl_filters.so  
[11.255s] -- Found PCL_2D: /usr/include/pcl-1.14  
[11.255s] -- Found PCL_GEOMETRY: /usr/include/pcl-1.14  
[11.256s] -- Found PCL_IO: /usr/lib/aarch64-linux-gnu/libpcl_io.so  
[11.258s] -- Found PCL_FEATURES: /usr/lib/aarch64-linux-gnu/libpcl_features.so  
[11.259s] -- Found PCL_ML: /usr/lib/aarch64-linux-gnu/libpcl_ml.so  
[11.261s] -- Found PCL_SEGMENTATION: /usr/lib/aarch64-linux-gnu/libpcl_segmentation.so  
[11.262s] -- Found PCL_VISUALIZATION: /usr/lib/aarch64-linux-gnu/libpcl_visualization.so  
[11.264s] -- Found PCL_SURFACE: /usr/lib/aarch64-linux-gnu/libpcl_surface.so  
[11.265s] -- Found PCL_REGISTRATION: /usr/lib/aarch64-linux-gnu/libpcl_registration.so  
[11.267s] -- Found PCL_KEYPOINTS: /usr/lib/aarch64-linux-gnu/libpcl_keypoints.so  
[11.268s] -- Found PCL_TRACKING: /usr/lib/aarch64-linux-gnu/libpcl_tracking.so  
[11.270s] -- Found PCL_RECOGNITION: /usr/lib/aarch64-linux-gnu/libpcl_recognition.so  
[11.272s] -- Found PCL_STEREO: /usr/lib/aarch64-linux-gnu/libpcl_stereo.so  
[11.273s] -- Found PCL_APPS: /usr/lib/aarch64-linux-gnu/libpcl_apps.so  
[11.275s] -- Found PCL_IN_HAND_SCANNER: /usr/include/pcl-1.14  
[11.275s] -- Found PCL_MODELER: /usr/include/pcl-1.14  
[11.276s] -- Found PCL_POINT_CLOUD_EDITOR: /usr/include/pcl-1.14  
[11.277s] -- Found PCL_OUTOFCORE: /usr/lib/aarch64-linux-gnu/libpcl_outofcore.so  
[11.279s] -- Found PCL_PEOPLE: /usr/lib/aarch64-linux-gnu/libpcl_people.so  
[11.285s] -- Found tf2: 0.36.8 (/opt/ros/jazzy/share/tf2/cmake)
[11.292s] -- Found tf2_geometry_msgs: 0.36.8 (/opt/ros/jazzy/share/tf2_geometry_msgs/cmake)
[11.306s] -- Found eigen3_cmake_module: 0.3.0 (/opt/ros/jazzy/share/eigen3_cmake_module/cmake)
[11.308s] -- Found Eigen3: TRUE (found version "3.4.0") 
[11.308s] -- Ensuring Eigen3 include directory is part of orocos-kdl CMake target
[11.475s] -- Found tf2_sensor_msgs: 0.36.8 (/opt/ros/jazzy/share/tf2_sensor_msgs/cmake)
[11.483s] -- Found tf2_eigen: 0.36.8 (/opt/ros/jazzy/share/tf2_eigen/cmake)
[11.494s] -- Found OpenCV: /usr (found version "4.6.0") 
[11.494s] [33mCMake Warning (dev) at CMakeLists.txt:29 (find_package):
[11.494s]   Policy CMP0074 is not set: find_package uses <PackageName>_ROOT variables.
[11.494s]   Run "cmake --help-policy CMP0074" for policy details.  Use the cmake_policy
[11.494s]   command to set the policy and suppress this warning.
[11.495s] 
[11.495s]   CMake variable PCL_ROOT is set to:
[11.495s] 
[11.495s]     /usr
[11.495s] 
[11.495s]   For compatibility, CMake is ignoring the variable.
[11.495s] This warning is for project developers.  Use -Wno-dev to suppress it.
[11.495s] [0m
[11.581s] -- Found Boost: /usr/lib/aarch64-linux-gnu/cmake/Boost-1.83.0/BoostConfig.cmake (found suitable version "1.83.0", minimum required is "1.65") found components: serialization system filesystem thread program_options date_time timer chrono regex 
[11.587s] -- GTSAM include directory:  /opt/ros/jazzy/lib/cmake/GTSAM/../../../include
[11.596s] [31mCMake Error at CMakeLists.txt:31 (find_package):
[11.597s]   By not providing "FindEigen.cmake" in CMAKE_MODULE_PATH this project has
[11.597s]   asked CMake to find a package configuration file provided by "Eigen", but
[11.597s]   CMake did not find one.
[11.597s] 
[11.597s]   Could not find a package configuration file provided by "Eigen" with any of
[11.597s]   the following names:
[11.597s] 
[11.597s]     EigenConfig.cmake
[11.597s]     eigen-config.cmake
[11.598s] 
[11.598s]   Add the installation prefix of "Eigen" to CMAKE_PREFIX_PATH or set
[11.598s]   "Eigen_DIR" to a directory containing one of the above files.  If "Eigen"
[11.598s]   provides a separate development package or SDK, be sure it has been
[11.598s]   installed.
[11.598s] 
[11.598s] [0m
[11.598s] -- Configuring incomplete, errors occurred!
[11.646s] Invoked command in '/home/sirapob/torto_ws/build/lio_sam' returned '1': CMAKE_PREFIX_PATH=${CMAKE_PREFIX_PATH}:/home/sirapob/torto_ws/install/torto_ctrl:/home/sirapob/torto_ws/install/torto_input_handle:/home/sirapob/torto_ws/install/torto_hardware:/opt/ros/jazzy DEBUGINFOD_URLS=https://debuginfod.ubuntu.com /usr/bin/cmake /home/sirapob/torto_ws/src/lio_sam_ros2 -DAMENT_CMAKE_SYMLINK_INSTALL=1 -DCMAKE_INSTALL_PREFIX=/home/sirapob/torto_ws/install/lio_sam
