[0.149s] DEBUG:colcon:Command line arguments: ['/usr/bin/colcon', 'build', '--packages-select', 'torto_hardware', '--symlink-install']
[0.149s] DEBUG:colcon:Parsed command line arguments: Namespace(log_base=None, log_level=None, verb_name='build', build_base='build', install_base='install', merge_install=False, symlink_install=True, test_result_base=None, continue_on_error=False, executor='parallel', parallel_workers=4, event_handlers=None, ignore_user_meta=False, metas=['./colcon.meta'], base_paths=['.'], packages_ignore=None, packages_ignore_regex=None, paths=None, packages_up_to=None, packages_up_to_regex=None, packages_above=None, packages_above_and_dependencies=None, packages_above_depth=None, packages_select_by_dep=None, packages_skip_by_dep=None, packages_skip_up_to=None, packages_select_build_failed=False, packages_skip_build_finished=False, packages_select_test_failures=False, packages_skip_test_passed=False, packages_select=['torto_hardware'], packages_skip=None, packages_select_regex=None, packages_skip_regex=None, packages_start=None, packages_end=None, allow_overriding=[], cmake_args=None, cmake_target=None, cmake_target_skip_unavailable=False, cmake_clean_cache=False, cmake_clean_first=False, cmake_force_configure=False, ament_cmake_args=None, catkin_cmake_args=None, catkin_skip_building_tests=False, mixin_files=None, mixin=None, verb_parser=<colcon_mixin.mixin.mixin_argument.MixinArgumentDecorator object at 0xffff828a4c20>, verb_extension=<colcon_core.verb.build.BuildVerb object at 0xffff828a49e0>, main=<bound method BuildVerb.main of <colcon_core.verb.build.BuildVerb object at 0xffff828a49e0>>, mixin_verb=('build',))
[0.205s] Level 1:colcon.colcon_core.package_discovery:discover_packages(colcon_meta) check parameters
[0.205s] Level 1:colcon.colcon_core.package_discovery:discover_packages(recursive) check parameters
[0.205s] Level 1:colcon.colcon_core.package_discovery:discover_packages(ignore) check parameters
[0.205s] Level 1:colcon.colcon_core.package_discovery:discover_packages(path) check parameters
[0.205s] Level 1:colcon.colcon_core.package_discovery:discover_packages(colcon_meta) discover
[0.205s] Level 1:colcon.colcon_core.package_discovery:discover_packages(recursive) discover
[0.205s] INFO:colcon.colcon_core.package_discovery:Crawling recursively for packages in '/home/sirapob/torto_ws'
[0.205s] Level 1:colcon.colcon_core.package_identification:_identify(.) by extensions ['ignore', 'ignore_ament_install']
[0.205s] Level 1:colcon.colcon_core.package_identification:_identify(.) by extension 'ignore'
[0.205s] Level 1:colcon.colcon_core.package_identification:_identify(.) by extension 'ignore_ament_install'
[0.206s] Level 1:colcon.colcon_core.package_identification:_identify(.) by extensions ['colcon_pkg']
[0.206s] Level 1:colcon.colcon_core.package_identification:_identify(.) by extension 'colcon_pkg'
[0.206s] Level 1:colcon.colcon_core.package_identification:_identify(.) by extensions ['colcon_meta']
[0.206s] Level 1:colcon.colcon_core.package_identification:_identify(.) by extension 'colcon_meta'
[0.206s] Level 1:colcon.colcon_core.package_identification:_identify(.) by extensions ['ros']
[0.206s] Level 1:colcon.colcon_core.package_identification:_identify(.) by extension 'ros'
[0.244s] Level 1:colcon.colcon_core.package_identification:_identify(.) by extensions ['cmake', 'python']
[0.244s] Level 1:colcon.colcon_core.package_identification:_identify(.) by extension 'cmake'
[0.244s] Level 1:colcon.colcon_core.package_identification:_identify(.) by extension 'python'
[0.244s] Level 1:colcon.colcon_core.package_identification:_identify(.) by extensions ['python_setup_py']
[0.244s] Level 1:colcon.colcon_core.package_identification:_identify(.) by extension 'python_setup_py'
[0.244s] Level 1:colcon.colcon_core.package_identification:_identify(build) by extensions ['ignore', 'ignore_ament_install']
[0.244s] Level 1:colcon.colcon_core.package_identification:_identify(build) by extension 'ignore'
[0.245s] Level 1:colcon.colcon_core.package_identification:_identify(build) ignored
[0.245s] Level 1:colcon.colcon_core.package_identification:_identify(install) by extensions ['ignore', 'ignore_ament_install']
[0.245s] Level 1:colcon.colcon_core.package_identification:_identify(install) by extension 'ignore'
[0.245s] Level 1:colcon.colcon_core.package_identification:_identify(install) ignored
[0.245s] Level 1:colcon.colcon_core.package_identification:_identify(log) by extensions ['ignore', 'ignore_ament_install']
[0.245s] Level 1:colcon.colcon_core.package_identification:_identify(log) by extension 'ignore'
[0.245s] Level 1:colcon.colcon_core.package_identification:_identify(log) ignored
[0.245s] Level 1:colcon.colcon_core.package_identification:_identify(src) by extensions ['ignore', 'ignore_ament_install']
[0.245s] Level 1:colcon.colcon_core.package_identification:_identify(src) by extension 'ignore'
[0.245s] Level 1:colcon.colcon_core.package_identification:_identify(src) by extension 'ignore_ament_install'
[0.245s] Level 1:colcon.colcon_core.package_identification:_identify(src) by extensions ['colcon_pkg']
[0.245s] Level 1:colcon.colcon_core.package_identification:_identify(src) by extension 'colcon_pkg'
[0.246s] Level 1:colcon.colcon_core.package_identification:_identify(src) by extensions ['colcon_meta']
[0.246s] Level 1:colcon.colcon_core.package_identification:_identify(src) by extension 'colcon_meta'
[0.246s] Level 1:colcon.colcon_core.package_identification:_identify(src) by extensions ['ros']
[0.246s] Level 1:colcon.colcon_core.package_identification:_identify(src) by extension 'ros'
[0.246s] Level 1:colcon.colcon_core.package_identification:_identify(src) by extensions ['cmake', 'python']
[0.246s] Level 1:colcon.colcon_core.package_identification:_identify(src) by extension 'cmake'
[0.246s] Level 1:colcon.colcon_core.package_identification:_identify(src) by extension 'python'
[0.246s] Level 1:colcon.colcon_core.package_identification:_identify(src) by extensions ['python_setup_py']
[0.246s] Level 1:colcon.colcon_core.package_identification:_identify(src) by extension 'python_setup_py'
[0.246s] Level 1:colcon.colcon_core.package_identification:_identify(src/torto_ctrl) by extensions ['ignore', 'ignore_ament_install']
[0.246s] Level 1:colcon.colcon_core.package_identification:_identify(src/torto_ctrl) by extension 'ignore'
[0.246s] Level 1:colcon.colcon_core.package_identification:_identify(src/torto_ctrl) by extension 'ignore_ament_install'
[0.246s] Level 1:colcon.colcon_core.package_identification:_identify(src/torto_ctrl) by extensions ['colcon_pkg']
[0.246s] Level 1:colcon.colcon_core.package_identification:_identify(src/torto_ctrl) by extension 'colcon_pkg'
[0.246s] Level 1:colcon.colcon_core.package_identification:_identify(src/torto_ctrl) by extensions ['colcon_meta']
[0.246s] Level 1:colcon.colcon_core.package_identification:_identify(src/torto_ctrl) by extension 'colcon_meta'
[0.246s] Level 1:colcon.colcon_core.package_identification:_identify(src/torto_ctrl) by extensions ['ros']
[0.246s] Level 1:colcon.colcon_core.package_identification:_identify(src/torto_ctrl) by extension 'ros'
[0.250s] DEBUG:colcon.colcon_core.package_identification:Package 'src/torto_ctrl' with type 'ros.ament_python' and name 'torto_ctrl'
[0.250s] Level 1:colcon.colcon_core.package_identification:_identify(src/torto_hardware) by extensions ['ignore', 'ignore_ament_install']
[0.250s] Level 1:colcon.colcon_core.package_identification:_identify(src/torto_hardware) by extension 'ignore'
[0.250s] Level 1:colcon.colcon_core.package_identification:_identify(src/torto_hardware) by extension 'ignore_ament_install'
[0.250s] Level 1:colcon.colcon_core.package_identification:_identify(src/torto_hardware) by extensions ['colcon_pkg']
[0.250s] Level 1:colcon.colcon_core.package_identification:_identify(src/torto_hardware) by extension 'colcon_pkg'
[0.250s] Level 1:colcon.colcon_core.package_identification:_identify(src/torto_hardware) by extensions ['colcon_meta']
[0.250s] Level 1:colcon.colcon_core.package_identification:_identify(src/torto_hardware) by extension 'colcon_meta'
[0.250s] Level 1:colcon.colcon_core.package_identification:_identify(src/torto_hardware) by extensions ['ros']
[0.250s] Level 1:colcon.colcon_core.package_identification:_identify(src/torto_hardware) by extension 'ros'
[0.251s] DEBUG:colcon.colcon_core.package_identification:Package 'src/torto_hardware' with type 'ros.ament_python' and name 'torto_hardware'
[0.251s] Level 1:colcon.colcon_core.package_identification:_identify(src/torto_input_handle) by extensions ['ignore', 'ignore_ament_install']
[0.251s] Level 1:colcon.colcon_core.package_identification:_identify(src/torto_input_handle) by extension 'ignore'
[0.251s] Level 1:colcon.colcon_core.package_identification:_identify(src/torto_input_handle) by extension 'ignore_ament_install'
[0.251s] Level 1:colcon.colcon_core.package_identification:_identify(src/torto_input_handle) by extensions ['colcon_pkg']
[0.251s] Level 1:colcon.colcon_core.package_identification:_identify(src/torto_input_handle) by extension 'colcon_pkg'
[0.251s] Level 1:colcon.colcon_core.package_identification:_identify(src/torto_input_handle) by extensions ['colcon_meta']
[0.251s] Level 1:colcon.colcon_core.package_identification:_identify(src/torto_input_handle) by extension 'colcon_meta'
[0.251s] Level 1:colcon.colcon_core.package_identification:_identify(src/torto_input_handle) by extensions ['ros']
[0.251s] Level 1:colcon.colcon_core.package_identification:_identify(src/torto_input_handle) by extension 'ros'
[0.252s] DEBUG:colcon.colcon_core.package_identification:Package 'src/torto_input_handle' with type 'ros.ament_python' and name 'torto_input_handle'
[0.252s] Level 1:colcon.colcon_core.package_identification:_identify(src/torto_interfaces) by extensions ['ignore', 'ignore_ament_install']
[0.252s] Level 1:colcon.colcon_core.package_identification:_identify(src/torto_interfaces) by extension 'ignore'
[0.252s] Level 1:colcon.colcon_core.package_identification:_identify(src/torto_interfaces) by extension 'ignore_ament_install'
[0.252s] Level 1:colcon.colcon_core.package_identification:_identify(src/torto_interfaces) by extensions ['colcon_pkg']
[0.252s] Level 1:colcon.colcon_core.package_identification:_identify(src/torto_interfaces) by extension 'colcon_pkg'
[0.252s] Level 1:colcon.colcon_core.package_identification:_identify(src/torto_interfaces) by extensions ['colcon_meta']
[0.252s] Level 1:colcon.colcon_core.package_identification:_identify(src/torto_interfaces) by extension 'colcon_meta'
[0.252s] Level 1:colcon.colcon_core.package_identification:_identify(src/torto_interfaces) by extensions ['ros']
[0.252s] Level 1:colcon.colcon_core.package_identification:_identify(src/torto_interfaces) by extension 'ros'
[0.253s] DEBUG:colcon.colcon_core.package_identification:Package 'src/torto_interfaces' with type 'ros.ament_cmake' and name 'torto_interfaces'
[0.253s] Level 1:colcon.colcon_core.package_identification:_identify(src/ydlidar_ros2_driver) by extensions ['ignore', 'ignore_ament_install']
[0.253s] Level 1:colcon.colcon_core.package_identification:_identify(src/ydlidar_ros2_driver) by extension 'ignore'
[0.253s] Level 1:colcon.colcon_core.package_identification:_identify(src/ydlidar_ros2_driver) by extension 'ignore_ament_install'
[0.253s] Level 1:colcon.colcon_core.package_identification:_identify(src/ydlidar_ros2_driver) by extensions ['colcon_pkg']
[0.253s] Level 1:colcon.colcon_core.package_identification:_identify(src/ydlidar_ros2_driver) by extension 'colcon_pkg'
[0.253s] Level 1:colcon.colcon_core.package_identification:_identify(src/ydlidar_ros2_driver) by extensions ['colcon_meta']
[0.253s] Level 1:colcon.colcon_core.package_identification:_identify(src/ydlidar_ros2_driver) by extension 'colcon_meta'
[0.253s] Level 1:colcon.colcon_core.package_identification:_identify(src/ydlidar_ros2_driver) by extensions ['ros']
[0.253s] Level 1:colcon.colcon_core.package_identification:_identify(src/ydlidar_ros2_driver) by extension 'ros'
[0.254s] DEBUG:colcon.colcon_core.package_identification:Package 'src/ydlidar_ros2_driver' with type 'ros.ament_cmake' and name 'ydlidar_ros2_driver'
[0.254s] Level 1:colcon.colcon_core.package_discovery:discover_packages(recursive) using defaults
[0.254s] Level 1:colcon.colcon_core.package_discovery:discover_packages(ignore) discover
[0.254s] Level 1:colcon.colcon_core.package_discovery:discover_packages(ignore) using defaults
[0.254s] Level 1:colcon.colcon_core.package_discovery:discover_packages(path) discover
[0.254s] Level 1:colcon.colcon_core.package_discovery:discover_packages(path) using defaults
[0.278s] INFO:colcon.colcon_core.package_selection:Skipping not selected package 'torto_input_handle' in 'src/torto_input_handle'
[0.278s] INFO:colcon.colcon_core.package_selection:Skipping not selected package 'torto_interfaces' in 'src/torto_interfaces'
[0.279s] INFO:colcon.colcon_core.package_selection:Skipping not selected package 'ydlidar_ros2_driver' in 'src/ydlidar_ros2_driver'
[0.279s] INFO:colcon.colcon_core.package_selection:Skipping not selected package 'torto_ctrl' in 'src/torto_ctrl'
[0.279s] Level 1:colcon.colcon_core.package_discovery:discover_packages(prefix_path) check parameters
[0.279s] Level 1:colcon.colcon_core.package_discovery:discover_packages(prefix_path) discover
[0.282s] DEBUG:colcon.colcon_installed_package_information.package_discovery:Found 5 installed packages in /home/sirapob/torto_ws/install
[0.284s] DEBUG:colcon.colcon_installed_package_information.package_discovery:Found 294 installed packages in /opt/ros/jazzy
[0.285s] Level 1:colcon.colcon_core.package_discovery:discover_packages(prefix_path) using defaults
[0.345s] Level 5:colcon.colcon_core.verb:set package 'torto_hardware' build argument 'cmake_args' from command line to 'None'
[0.345s] Level 5:colcon.colcon_core.verb:set package 'torto_hardware' build argument 'cmake_target' from command line to 'None'
[0.345s] Level 5:colcon.colcon_core.verb:set package 'torto_hardware' build argument 'cmake_target_skip_unavailable' from command line to 'False'
[0.346s] Level 5:colcon.colcon_core.verb:set package 'torto_hardware' build argument 'cmake_clean_cache' from command line to 'False'
[0.346s] Level 5:colcon.colcon_core.verb:set package 'torto_hardware' build argument 'cmake_clean_first' from command line to 'False'
[0.346s] Level 5:colcon.colcon_core.verb:set package 'torto_hardware' build argument 'cmake_force_configure' from command line to 'False'
[0.346s] Level 5:colcon.colcon_core.verb:set package 'torto_hardware' build argument 'ament_cmake_args' from command line to 'None'
[0.346s] Level 5:colcon.colcon_core.verb:set package 'torto_hardware' build argument 'catkin_cmake_args' from command line to 'None'
[0.346s] Level 5:colcon.colcon_core.verb:set package 'torto_hardware' build argument 'catkin_skip_building_tests' from command line to 'False'
[0.346s] DEBUG:colcon.colcon_core.verb:Building package 'torto_hardware' with the following arguments: {'ament_cmake_args': None, 'build_base': '/home/sirapob/torto_ws/build/torto_hardware', 'catkin_cmake_args': None, 'catkin_skip_building_tests': False, 'cmake_args': None, 'cmake_clean_cache': False, 'cmake_clean_first': False, 'cmake_force_configure': False, 'cmake_target': None, 'cmake_target_skip_unavailable': False, 'install_base': '/home/sirapob/torto_ws/install/torto_hardware', 'merge_install': False, 'path': '/home/sirapob/torto_ws/src/torto_hardware', 'symlink_install': True, 'test_result_base': None}
[0.346s] INFO:colcon.colcon_core.executor:Executing jobs using 'parallel' executor
[0.347s] DEBUG:colcon.colcon_parallel_executor.executor.parallel:run_until_complete
[0.348s] INFO:colcon.colcon_ros.task.ament_python.build:Building ROS package in '/home/sirapob/torto_ws/src/torto_hardware' with build type 'ament_python'
[0.348s] Level 1:colcon.colcon_core.shell:create_environment_hook('torto_hardware', 'ament_prefix_path')
[0.350s] INFO:colcon.colcon_core.plugin_system:Skipping extension 'colcon_core.shell.bat': Not used on non-Windows systems
[0.351s] INFO:colcon.colcon_core.shell:Creating environment hook '/home/sirapob/torto_ws/install/torto_hardware/share/torto_hardware/hook/ament_prefix_path.ps1'
[0.352s] INFO:colcon.colcon_core.shell:Creating environment descriptor '/home/sirapob/torto_ws/install/torto_hardware/share/torto_hardware/hook/ament_prefix_path.dsv'
[0.358s] INFO:colcon.colcon_core.shell:Creating environment hook '/home/sirapob/torto_ws/install/torto_hardware/share/torto_hardware/hook/ament_prefix_path.sh'
[0.359s] INFO:colcon.colcon_core.shell:Skip shell extension 'powershell' for command environment: Not usable outside of PowerShell
[0.359s] DEBUG:colcon.colcon_core.shell:Skip shell extension 'dsv' for command environment
[0.688s] INFO:colcon.colcon_core.task.python.build:Building Python package in '/home/sirapob/torto_ws/src/torto_hardware'
[0.689s] INFO:colcon.colcon_core.shell:Skip shell extension 'powershell' for command environment: Not usable outside of PowerShell
[0.689s] DEBUG:colcon.colcon_core.shell:Skip shell extension 'dsv' for command environment
[1.551s] DEBUG:colcon.colcon_core.task.python.build:While undoing a previous installation files outside the Python library path are being ignored: /home/sirapob/torto_ws/install/torto_hardware/share/ament_index/resource_index/packages/torto_hardware
[1.551s] DEBUG:colcon.colcon_core.task.python.build:While undoing a previous installation files outside the Python library path are being ignored: /home/sirapob/torto_ws/install/torto_hardware/share/torto_hardware/package.xml
[1.551s] DEBUG:colcon.colcon_core.task.python.build:While undoing a previous installation files outside the Python library path are being ignored: /home/sirapob/torto_ws/install/torto_hardware/lib/torto_hardware/arduino_serial_node
[1.551s] DEBUG:colcon.colcon_core.task.python.build:While undoing a previous installation files outside the Python library path are being ignored: /home/sirapob/torto_ws/install/torto_hardware/lib/torto_hardware/lidar_scan2cloud_node
[1.555s] DEBUG:colcon.colcon_core.event_handler.log_command:Invoking command in '/home/sirapob/torto_ws/build/torto_hardware': DEBUGINFOD_URLS=https://debuginfod.ubuntu.com PYTHONPATH=/home/sirapob/torto_ws/build/torto_hardware/prefix_override:/usr/lib/python3/dist-packages/colcon_core/task/python/colcon_distutils_commands:/home/sirapob/torto_ws/install/torto_hardware/lib/python3.12/site-packages:${PYTHONPATH} /usr/bin/python3 -W ignore:setup.py install is deprecated -W ignore:easy_install command is deprecated setup.py develop --editable --build-directory /home/sirapob/torto_ws/build/torto_hardware/build --no-deps symlink_data --force
[2.480s] Level 1:colcon.colcon_core.shell:create_environment_hook('torto_hardware', 'pythonpath_develop')
[2.480s] INFO:colcon.colcon_core.shell:Creating environment hook '/home/sirapob/torto_ws/build/torto_hardware/share/torto_hardware/hook/pythonpath_develop.ps1'
[2.481s] DEBUG:colcon.colcon_core.event_handler.log_command:Invoked command in '/home/sirapob/torto_ws/build/torto_hardware' returned '0': DEBUGINFOD_URLS=https://debuginfod.ubuntu.com PYTHONPATH=/home/sirapob/torto_ws/build/torto_hardware/prefix_override:/usr/lib/python3/dist-packages/colcon_core/task/python/colcon_distutils_commands:/home/sirapob/torto_ws/install/torto_hardware/lib/python3.12/site-packages:${PYTHONPATH} /usr/bin/python3 -W ignore:setup.py install is deprecated -W ignore:easy_install command is deprecated setup.py develop --editable --build-directory /home/sirapob/torto_ws/build/torto_hardware/build --no-deps symlink_data --force
[2.482s] INFO:colcon.colcon_core.shell:Creating environment descriptor '/home/sirapob/torto_ws/build/torto_hardware/share/torto_hardware/hook/pythonpath_develop.dsv'
[2.488s] INFO:colcon.colcon_core.shell:Creating environment hook '/home/sirapob/torto_ws/build/torto_hardware/share/torto_hardware/hook/pythonpath_develop.sh'
[2.492s] Level 1:colcon.colcon_core.environment:checking '/home/sirapob/torto_ws/install/torto_hardware' for CMake module files
[2.493s] Level 1:colcon.colcon_core.environment:checking '/home/sirapob/torto_ws/install/torto_hardware' for CMake config files
[2.494s] Level 1:colcon.colcon_core.environment:checking '/home/sirapob/torto_ws/install/torto_hardware/lib'
[2.494s] Level 1:colcon.colcon_core.environment:checking '/home/sirapob/torto_ws/install/torto_hardware/bin'
[2.494s] Level 1:colcon.colcon_core.environment:checking '/home/sirapob/torto_ws/install/torto_hardware/lib/pkgconfig/torto_hardware.pc'
[2.494s] Level 1:colcon.colcon_core.environment:checking '/home/sirapob/torto_ws/install/torto_hardware/lib/python3.12/site-packages'
[2.495s] Level 1:colcon.colcon_core.shell:create_environment_hook('torto_hardware', 'pythonpath')
[2.495s] INFO:colcon.colcon_core.shell:Creating environment hook '/home/sirapob/torto_ws/install/torto_hardware/share/torto_hardware/hook/pythonpath.ps1'
[2.496s] INFO:colcon.colcon_core.shell:Creating environment descriptor '/home/sirapob/torto_ws/install/torto_hardware/share/torto_hardware/hook/pythonpath.dsv'
[2.496s] INFO:colcon.colcon_core.shell:Creating environment hook '/home/sirapob/torto_ws/install/torto_hardware/share/torto_hardware/hook/pythonpath.sh'
[2.497s] Level 1:colcon.colcon_core.environment:checking '/home/sirapob/torto_ws/install/torto_hardware/bin'
[2.498s] Level 1:colcon.colcon_core.environment:create_environment_scripts_only(torto_hardware)
[2.498s] INFO:colcon.colcon_core.shell:Creating package script '/home/sirapob/torto_ws/install/torto_hardware/share/torto_hardware/package.ps1'
[2.499s] INFO:colcon.colcon_core.shell:Creating package descriptor '/home/sirapob/torto_ws/install/torto_hardware/share/torto_hardware/package.dsv'
[2.500s] INFO:colcon.colcon_core.shell:Creating package script '/home/sirapob/torto_ws/install/torto_hardware/share/torto_hardware/package.sh'
[2.501s] INFO:colcon.colcon_core.shell:Creating package script '/home/sirapob/torto_ws/install/torto_hardware/share/torto_hardware/package.bash'
[2.502s] INFO:colcon.colcon_core.shell:Creating package script '/home/sirapob/torto_ws/install/torto_hardware/share/torto_hardware/package.zsh'
[2.503s] Level 1:colcon.colcon_core.environment:create_file_with_runtime_dependencies(/home/sirapob/torto_ws/install/torto_hardware/share/colcon-core/packages/torto_hardware)
[2.504s] DEBUG:colcon.colcon_parallel_executor.executor.parallel:closing loop
[2.505s] DEBUG:colcon.colcon_parallel_executor.executor.parallel:loop closed
[2.505s] DEBUG:colcon.colcon_parallel_executor.executor.parallel:run_until_complete finished with '0'
[2.505s] DEBUG:colcon.colcon_core.event_reactor:joining thread
[2.513s] INFO:colcon.colcon_core.plugin_system:Skipping extension 'colcon_notification.desktop_notification.terminal_notifier': Not used on non-Darwin systems
[2.513s] INFO:colcon.colcon_core.plugin_system:Skipping extension 'colcon_notification.desktop_notification.win32': Not used on non-Windows systems
[2.513s] INFO:colcon.colcon_notification.desktop_notification:Sending desktop notification using 'notify2'
[2.515s] DEBUG:colcon.colcon_notification.desktop_notification.notify2:Failed to initialize notify2: org.freedesktop.DBus.Error.ServiceUnknown: The name org.freedesktop.Notifications was not provided by any .service files
[2.515s] DEBUG:colcon.colcon_core.event_reactor:joined thread
[2.516s] INFO:colcon.colcon_core.shell:Creating prefix script '/home/sirapob/torto_ws/install/local_setup.ps1'
[2.517s] INFO:colcon.colcon_core.shell:Creating prefix util module '/home/sirapob/torto_ws/install/_local_setup_util_ps1.py'
[2.534s] INFO:colcon.colcon_core.shell:Creating prefix chain script '/home/sirapob/torto_ws/install/setup.ps1'
[2.536s] INFO:colcon.colcon_core.shell:Creating prefix script '/home/sirapob/torto_ws/install/local_setup.sh'
[2.537s] INFO:colcon.colcon_core.shell:Creating prefix util module '/home/sirapob/torto_ws/install/_local_setup_util_sh.py'
[2.538s] INFO:colcon.colcon_core.shell:Creating prefix chain script '/home/sirapob/torto_ws/install/setup.sh'
[2.539s] INFO:colcon.colcon_core.shell:Creating prefix script '/home/sirapob/torto_ws/install/local_setup.bash'
[2.540s] INFO:colcon.colcon_core.shell:Creating prefix chain script '/home/sirapob/torto_ws/install/setup.bash'
[2.541s] INFO:colcon.colcon_core.shell:Creating prefix script '/home/sirapob/torto_ws/install/local_setup.zsh'
[2.542s] INFO:colcon.colcon_core.shell:Creating prefix chain script '/home/sirapob/torto_ws/install/setup.zsh'
