[0.027s] Invoking command in '/home/sirapob/torto_ws/build/ydlidar_ros2_driver': CMAKE_PREFIX_PATH=${CMAKE_PREFIX_PATH}:/home/sirapob/torto_ws/install/torto_odometry:/home/sirapob/torto_ws/install/torto_ctrl:/home/sirapob/torto_ws/install/torto_input_handle:/home/sirapob/torto_ws/install/torto_hardware:/opt/ros/jazzy DEBUGINFOD_URLS=https://debuginfod.ubuntu.com /usr/bin/cmake /home/sirapob/torto_ws/src/ydlidar_ros2_driver -DAMENT_CMAKE_SYMLINK_INSTALL=1 -DCMAKE_INSTALL_PREFIX=/home/sirapob/torto_ws/install/ydlidar_ros2_driver
[0.106s] -- Found ament_cmake: 2.5.3 (/opt/ros/jazzy/share/ament_cmake/cmake)
[0.878s] -- Override CMake install command with custom implementation using symlinks instead of copying resources
[0.892s] -- Found rclcpp: 28.1.6 (/opt/ros/jazzy/share/rclcpp/cmake)
[0.952s] -- Found rosidl_generator_c: 4.6.5 (/opt/ros/jazzy/share/rosidl_generator_c/cmake)
[0.972s] -- Found rosidl_generator_cpp: 4.6.5 (/opt/ros/jazzy/share/rosidl_generator_cpp/cmake)
[1.004s] -- Using all available rosidl_typesupport_c: rosidl_typesupport_fastrtps_c;rosidl_typesupport_introspection_c
[1.037s] -- Using all available rosidl_typesupport_cpp: rosidl_typesupport_fastrtps_cpp;rosidl_typesupport_introspection_cpp
[1.177s] -- Found rmw_implementation_cmake: 7.3.1 (/opt/ros/jazzy/share/rmw_implementation_cmake/cmake)
[1.181s] -- Found rmw_fastrtps_cpp: 8.4.1 (/opt/ros/jazzy/share/rmw_fastrtps_cpp/cmake)
[1.299s] -- Using RMW implementation 'rmw_fastrtps_cpp' as default
[1.462s] -- Found sensor_msgs: 5.3.5 (/opt/ros/jazzy/share/sensor_msgs/cmake)
[1.597s] -- Found visualization_msgs: 5.3.5 (/opt/ros/jazzy/share/visualization_msgs/cmake)
[1.639s] -- Found std_srvs: 5.3.5 (/opt/ros/jazzy/share/std_srvs/cmake)
[1.678s] -- Found ament_lint_auto: 0.17.1 (/opt/ros/jazzy/share/ament_lint_auto/cmake)
[1.923s] -- Added test 'copyright' to check source files copyright and LICENSE
[1.928s] -- Added test 'cppcheck' to perform static code analysis on C / C++ code
[1.929s] -- Configured cppcheck include dirs: /home/sirapob/torto_ws/src/ydlidar_ros2_driver/src
[1.929s] -- Configured cppcheck exclude dirs and/or files: 
[1.935s] -- Added test 'cpplint' to check C / C++ code against the Google style
[1.936s] -- Configured cpplint exclude dirs and/or files: 
[1.936s] -- Added test 'flake8' to check Python code syntax and style conventions
[1.936s] -- Configured 'flake8' exclude dirs and/or files: 
[1.938s] -- Added test 'lint_cmake' to check CMake code style
[1.939s] -- Added test 'pep257' to check Python code against some of the docstring style conventions in PEP 257
[1.944s] -- Added test 'uncrustify' to check C / C++ code style
[1.944s] -- Configured uncrustify additional arguments: 
[1.949s] -- Added test 'xmllint' to check XML markup files
[1.949s] -- Configuring done (1.9s)
[2.040s] -- Generating done (0.1s)
[2.065s] -- Build files have been written to: /home/sirapob/torto_ws/build/ydlidar_ros2_driver
[2.094s] Invoked command in '/home/sirapob/torto_ws/build/ydlidar_ros2_driver' returned '0': CMAKE_PREFIX_PATH=${CMAKE_PREFIX_PATH}:/home/sirapob/torto_ws/install/torto_odometry:/home/sirapob/torto_ws/install/torto_ctrl:/home/sirapob/torto_ws/install/torto_input_handle:/home/sirapob/torto_ws/install/torto_hardware:/opt/ros/jazzy DEBUGINFOD_URLS=https://debuginfod.ubuntu.com /usr/bin/cmake /home/sirapob/torto_ws/src/ydlidar_ros2_driver -DAMENT_CMAKE_SYMLINK_INSTALL=1 -DCMAKE_INSTALL_PREFIX=/home/sirapob/torto_ws/install/ydlidar_ros2_driver
[2.095s] Invoking command in '/home/sirapob/torto_ws/build/ydlidar_ros2_driver': CMAKE_PREFIX_PATH=${CMAKE_PREFIX_PATH}:/home/sirapob/torto_ws/install/torto_odometry:/home/sirapob/torto_ws/install/torto_ctrl:/home/sirapob/torto_ws/install/torto_input_handle:/home/sirapob/torto_ws/install/torto_hardware:/opt/ros/jazzy DEBUGINFOD_URLS=https://debuginfod.ubuntu.com /usr/bin/cmake --build /home/sirapob/torto_ws/build/ydlidar_ros2_driver -- -j4 -l4
[2.271s] [ 50%] Built target ydlidar_ros2_driver_client
[2.280s] [100%] Built target ydlidar_ros2_driver_node
[2.316s] Invoked command in '/home/sirapob/torto_ws/build/ydlidar_ros2_driver' returned '0': CMAKE_PREFIX_PATH=${CMAKE_PREFIX_PATH}:/home/sirapob/torto_ws/install/torto_odometry:/home/sirapob/torto_ws/install/torto_ctrl:/home/sirapob/torto_ws/install/torto_input_handle:/home/sirapob/torto_ws/install/torto_hardware:/opt/ros/jazzy DEBUGINFOD_URLS=https://debuginfod.ubuntu.com /usr/bin/cmake --build /home/sirapob/torto_ws/build/ydlidar_ros2_driver -- -j4 -l4
[2.319s] Invoking command in '/home/sirapob/torto_ws/build/ydlidar_ros2_driver': CMAKE_PREFIX_PATH=${CMAKE_PREFIX_PATH}:/home/sirapob/torto_ws/install/torto_odometry:/home/sirapob/torto_ws/install/torto_ctrl:/home/sirapob/torto_ws/install/torto_input_handle:/home/sirapob/torto_ws/install/torto_hardware:/opt/ros/jazzy DEBUGINFOD_URLS=https://debuginfod.ubuntu.com /usr/bin/cmake --install /home/sirapob/torto_ws/build/ydlidar_ros2_driver
[2.340s] -- Install configuration: ""
[2.341s] -- Execute custom install script
[2.342s] -- Up-to-date symlink: /home/sirapob/torto_ws/install/ydlidar_ros2_driver/lib/ydlidar_ros2_driver/ydlidar_ros2_driver_node
[2.342s] -- Up-to-date symlink: /home/sirapob/torto_ws/install/ydlidar_ros2_driver/lib/ydlidar_ros2_driver/ydlidar_ros2_driver_client
[2.343s] -- Up-to-date symlink: /home/sirapob/torto_ws/install/ydlidar_ros2_driver/share/ydlidar_ros2_driver/launch/ydlidar.py
[2.351s] -- Up-to-date symlink: /home/sirapob/torto_ws/install/ydlidar_ros2_driver/share/ydlidar_ros2_driver/launch/ydlidar_launch.py
[2.353s] -- Up-to-date symlink: /home/sirapob/torto_ws/install/ydlidar_ros2_driver/share/ydlidar_ros2_driver/launch/ydlidar_launch_view.py
[2.353s] -- Up-to-date symlink: /home/sirapob/torto_ws/install/ydlidar_ros2_driver/share/ydlidar_ros2_driver/params/G1.yaml
[2.360s] -- Up-to-date symlink: /home/sirapob/torto_ws/install/ydlidar_ros2_driver/share/ydlidar_ros2_driver/params/G2.yaml
[2.360s] -- Up-to-date symlink: /home/sirapob/torto_ws/install/ydlidar_ros2_driver/share/ydlidar_ros2_driver/params/G6.yaml
[2.361s] -- Up-to-date symlink: /home/sirapob/torto_ws/install/ydlidar_ros2_driver/share/ydlidar_ros2_driver/params/GS2.yaml
[2.361s] -- Up-to-date symlink: /home/sirapob/torto_ws/install/ydlidar_ros2_driver/share/ydlidar_ros2_driver/params/TEA.yaml
[2.361s] -- Up-to-date symlink: /home/sirapob/torto_ws/install/ydlidar_ros2_driver/share/ydlidar_ros2_driver/params/TG.yaml
[2.361s] -- Up-to-date symlink: /home/sirapob/torto_ws/install/ydlidar_ros2_driver/share/ydlidar_ros2_driver/params/TminiPro.yaml
[2.361s] -- Up-to-date symlink: /home/sirapob/torto_ws/install/ydlidar_ros2_driver/share/ydlidar_ros2_driver/params/X2.yaml
[2.362s] -- Up-to-date symlink: /home/sirapob/torto_ws/install/ydlidar_ros2_driver/share/ydlidar_ros2_driver/params/X4-Pro.yaml
[2.363s] -- Up-to-date symlink: /home/sirapob/torto_ws/install/ydlidar_ros2_driver/share/ydlidar_ros2_driver/params/X4.yaml
[2.363s] -- Up-to-date symlink: /home/sirapob/torto_ws/install/ydlidar_ros2_driver/share/ydlidar_ros2_driver/params/ydlidar.yaml
[2.364s] -- Up-to-date symlink: /home/sirapob/torto_ws/install/ydlidar_ros2_driver/share/ydlidar_ros2_driver/startup/initenv.sh
[2.365s] -- Up-to-date symlink: /home/sirapob/torto_ws/install/ydlidar_ros2_driver/share/ydlidar_ros2_driver/config/ydlidar.rviz
[2.366s] -- Up-to-date symlink: /home/sirapob/torto_ws/install/ydlidar_ros2_driver/share/ament_index/resource_index/package_run_dependencies/ydlidar_ros2_driver
[2.369s] -- Up-to-date symlink: /home/sirapob/torto_ws/install/ydlidar_ros2_driver/share/ament_index/resource_index/parent_prefix_path/ydlidar_ros2_driver
[2.369s] -- Up-to-date symlink: /home/sirapob/torto_ws/install/ydlidar_ros2_driver/share/ydlidar_ros2_driver/environment/ament_prefix_path.sh
[2.369s] -- Up-to-date symlink: /home/sirapob/torto_ws/install/ydlidar_ros2_driver/share/ydlidar_ros2_driver/environment/ament_prefix_path.dsv
[2.369s] -- Up-to-date symlink: /home/sirapob/torto_ws/install/ydlidar_ros2_driver/share/ydlidar_ros2_driver/environment/path.sh
[2.369s] -- Up-to-date symlink: /home/sirapob/torto_ws/install/ydlidar_ros2_driver/share/ydlidar_ros2_driver/environment/path.dsv
[2.369s] -- Up-to-date symlink: /home/sirapob/torto_ws/install/ydlidar_ros2_driver/share/ydlidar_ros2_driver/local_setup.bash
[2.370s] -- Up-to-date symlink: /home/sirapob/torto_ws/install/ydlidar_ros2_driver/share/ydlidar_ros2_driver/local_setup.sh
[2.370s] -- Up-to-date symlink: /home/sirapob/torto_ws/install/ydlidar_ros2_driver/share/ydlidar_ros2_driver/local_setup.zsh
[2.371s] -- Up-to-date symlink: /home/sirapob/torto_ws/install/ydlidar_ros2_driver/share/ydlidar_ros2_driver/local_setup.dsv
[2.373s] -- Symlinking: /home/sirapob/torto_ws/install/ydlidar_ros2_driver/share/ydlidar_ros2_driver/package.dsv
[2.400s] -- Up-to-date symlink: /home/sirapob/torto_ws/install/ydlidar_ros2_driver/share/ament_index/resource_index/packages/ydlidar_ros2_driver
[2.400s] -- Up-to-date symlink: /home/sirapob/torto_ws/install/ydlidar_ros2_driver/share/ydlidar_ros2_driver/cmake/ydlidar_ros2_driverConfig.cmake
[2.401s] -- Up-to-date symlink: /home/sirapob/torto_ws/install/ydlidar_ros2_driver/share/ydlidar_ros2_driver/cmake/ydlidar_ros2_driverConfig-version.cmake
[2.401s] -- Up-to-date symlink: /home/sirapob/torto_ws/install/ydlidar_ros2_driver/share/ydlidar_ros2_driver/package.xml
[2.409s] Invoked command in '/home/sirapob/torto_ws/build/ydlidar_ros2_driver' returned '0': CMAKE_PREFIX_PATH=${CMAKE_PREFIX_PATH}:/home/sirapob/torto_ws/install/torto_odometry:/home/sirapob/torto_ws/install/torto_ctrl:/home/sirapob/torto_ws/install/torto_input_handle:/home/sirapob/torto_ws/install/torto_hardware:/opt/ros/jazzy DEBUGINFOD_URLS=https://debuginfod.ubuntu.com /usr/bin/cmake --install /home/sirapob/torto_ws/build/ydlidar_ros2_driver
