[1.167s] Invoking command in '/home/sirapob/torto_ws/src/torto_ctrl': DEBUGINFOD_URLS=https://debuginfod.ubuntu.com PYTHONPATH=/home/sirapob/torto_ws/build/torto_ctrl/prefix_override:/usr/lib/python3/dist-packages/colcon_core/task/python/colcon_distutils_commands:/home/sirapob/torto_ws/install/torto_ctrl/lib/python3.12/site-packages:${PYTHONPATH} /usr/bin/python3 -W ignore:setup.py install is deprecated -W ignore:easy_install command is deprecated setup.py egg_info --egg-base ../../build/torto_ctrl build --build-base /home/sirapob/torto_ws/build/torto_ctrl/build install --record /home/sirapob/torto_ws/build/torto_ctrl/install.log --single-version-externally-managed install_data
[1.518s] running egg_info
[1.542s] writing ../../build/torto_ctrl/torto_ctrl.egg-info/PKG-INFO
[1.542s] writing dependency_links to ../../build/torto_ctrl/torto_ctrl.egg-info/dependency_links.txt
[1.549s] writing requirements to ../../build/torto_ctrl/torto_ctrl.egg-info/requires.txt
[1.549s] writing top-level names to ../../build/torto_ctrl/torto_ctrl.egg-info/top_level.txt
[1.602s] reading manifest file '../../build/torto_ctrl/torto_ctrl.egg-info/SOURCES.txt'
[1.603s] writing manifest file '../../build/torto_ctrl/torto_ctrl.egg-info/SOURCES.txt'
[1.603s] running build
[1.604s] running build_py
[1.604s] copying torto_ctrl/test.py -> /home/sirapob/torto_ws/build/torto_ctrl/build/lib/torto_ctrl
[1.604s] running install
[1.614s] running install_lib
[1.640s] copying /home/sirapob/torto_ws/build/torto_ctrl/build/lib/torto_ctrl/test.py -> /home/sirapob/torto_ws/install/torto_ctrl/lib/python3.12/site-packages/torto_ctrl
[1.641s] byte-compiling /home/sirapob/torto_ws/install/torto_ctrl/lib/python3.12/site-packages/torto_ctrl/inverse__kinematic.py to inverse__kinematic.cpython-312.pyc
[1.641s]   File "/home/sirapob/torto_ws/install/torto_ctrl/lib/python3.12/site-packages/torto_ctrl/inverse__kinematic.py", line 22
[1.641s]     if leg = FR:
[1.642s]        ^^^^^^^^
[1.642s] SyntaxError: invalid syntax. Maybe you meant '==' or ':=' instead of '='?
[1.642s] 
[1.642s] byte-compiling /home/sirapob/torto_ws/install/torto_ctrl/lib/python3.12/site-packages/torto_ctrl/test.py to test.cpython-312.pyc
[1.642s] running install_data
[1.642s] running install_egg_info
[1.669s] removing '/home/sirapob/torto_ws/install/torto_ctrl/lib/python3.12/site-packages/torto_ctrl-0.0.0-py3.12.egg-info' (and everything under it)
[1.669s] Copying ../../build/torto_ctrl/torto_ctrl.egg-info to /home/sirapob/torto_ws/install/torto_ctrl/lib/python3.12/site-packages/torto_ctrl-0.0.0-py3.12.egg-info
[1.670s] running install_scripts
[1.845s] writing list of installed files to '/home/sirapob/torto_ws/build/torto_ctrl/install.log'
[1.924s] Invoked command in '/home/sirapob/torto_ws/src/torto_ctrl' returned '0': DEBUGINFOD_URLS=https://debuginfod.ubuntu.com PYTHONPATH=/home/sirapob/torto_ws/build/torto_ctrl/prefix_override:/usr/lib/python3/dist-packages/colcon_core/task/python/colcon_distutils_commands:/home/sirapob/torto_ws/install/torto_ctrl/lib/python3.12/site-packages:${PYTHONPATH} /usr/bin/python3 -W ignore:setup.py install is deprecated -W ignore:easy_install command is deprecated setup.py egg_info --egg-base ../../build/torto_ctrl build --build-base /home/sirapob/torto_ws/build/torto_ctrl/build install --record /home/sirapob/torto_ws/build/torto_ctrl/install.log --single-version-externally-managed install_data
