[1.166s] Invoking command in '/home/sirapob/torto_ws/src/torto_ctrl': DEBUGINFOD_URLS=https://debuginfod.ubuntu.com PYTHONPATH=/home/sirapob/torto_ws/build/torto_ctrl/prefix_override:/usr/lib/python3/dist-packages/colcon_core/task/python/colcon_distutils_commands:/home/sirapob/torto_ws/install/torto_ctrl/lib/python3.12/site-packages:${PYTHONPATH} /usr/bin/python3 -W ignore:setup.py install is deprecated -W ignore:easy_install command is deprecated setup.py egg_info --egg-base ../../build/torto_ctrl build --build-base /home/sirapob/torto_ws/build/torto_ctrl/build install --record /home/sirapob/torto_ws/build/torto_ctrl/install.log --single-version-externally-managed install_data
[1.516s] running egg_info
[1.540s] writing ../../build/torto_ctrl/torto_ctrl.egg-info/PKG-INFO
[1.541s] writing dependency_links to ../../build/torto_ctrl/torto_ctrl.egg-info/dependency_links.txt
[1.548s] writing requirements to ../../build/torto_ctrl/torto_ctrl.egg-info/requires.txt
[1.549s] writing top-level names to ../../build/torto_ctrl/torto_ctrl.egg-info/top_level.txt
[1.604s] reading manifest file '../../build/torto_ctrl/torto_ctrl.egg-info/SOURCES.txt'
[1.605s] writing manifest file '../../build/torto_ctrl/torto_ctrl.egg-info/SOURCES.txt'
[1.605s] running build
[1.605s] running build_py
[1.606s] creating /home/sirapob/torto_ws/build/torto_ctrl/build/lib/torto_ctrl/kinematic_model
[1.606s] copying torto_ctrl/kinematic_model/__init__.py -> /home/sirapob/torto_ws/build/torto_ctrl/build/lib/torto_ctrl/kinematic_model
[1.606s] copying torto_ctrl/kinematic_model/transformation_model.py -> /home/sirapob/torto_ws/build/torto_ctrl/build/lib/torto_ctrl/kinematic_model
[1.606s] copying torto_ctrl/kinematic_model/test.py -> /home/sirapob/torto_ws/build/torto_ctrl/build/lib/torto_ctrl/kinematic_model
[1.606s] copying torto_ctrl/kinematic_model/transform_RT.py -> /home/sirapob/torto_ws/build/torto_ctrl/build/lib/torto_ctrl/kinematic_model
[1.607s] copying torto_ctrl/kinematic_model/inverse_kinematic.py -> /home/sirapob/torto_ws/build/torto_ctrl/build/lib/torto_ctrl/kinematic_model
[1.607s] running install
[1.618s] running install_lib
[1.643s] creating /home/sirapob/torto_ws/install/torto_ctrl/lib/python3.12/site-packages/torto_ctrl/kinematic_model
[1.643s] copying /home/sirapob/torto_ws/build/torto_ctrl/build/lib/torto_ctrl/kinematic_model/__init__.py -> /home/sirapob/torto_ws/install/torto_ctrl/lib/python3.12/site-packages/torto_ctrl/kinematic_model
[1.643s] copying /home/sirapob/torto_ws/build/torto_ctrl/build/lib/torto_ctrl/kinematic_model/transformation_model.py -> /home/sirapob/torto_ws/install/torto_ctrl/lib/python3.12/site-packages/torto_ctrl/kinematic_model
[1.643s] copying /home/sirapob/torto_ws/build/torto_ctrl/build/lib/torto_ctrl/kinematic_model/test.py -> /home/sirapob/torto_ws/install/torto_ctrl/lib/python3.12/site-packages/torto_ctrl/kinematic_model
[1.644s] copying /home/sirapob/torto_ws/build/torto_ctrl/build/lib/torto_ctrl/kinematic_model/transform_RT.py -> /home/sirapob/torto_ws/install/torto_ctrl/lib/python3.12/site-packages/torto_ctrl/kinematic_model
[1.644s] copying /home/sirapob/torto_ws/build/torto_ctrl/build/lib/torto_ctrl/kinematic_model/inverse_kinematic.py -> /home/sirapob/torto_ws/install/torto_ctrl/lib/python3.12/site-packages/torto_ctrl/kinematic_model
[1.645s] byte-compiling /home/sirapob/torto_ws/install/torto_ctrl/lib/python3.12/site-packages/torto_ctrl/kinematic_model/__init__.py to __init__.cpython-312.pyc
[1.645s] byte-compiling /home/sirapob/torto_ws/install/torto_ctrl/lib/python3.12/site-packages/torto_ctrl/kinematic_model/transformation_model.py to transformation_model.cpython-312.pyc
[1.647s] byte-compiling /home/sirapob/torto_ws/install/torto_ctrl/lib/python3.12/site-packages/torto_ctrl/kinematic_model/test.py to test.cpython-312.pyc
[1.647s] byte-compiling /home/sirapob/torto_ws/install/torto_ctrl/lib/python3.12/site-packages/torto_ctrl/kinematic_model/transform_RT.py to transform_RT.cpython-312.pyc
[1.648s] byte-compiling /home/sirapob/torto_ws/install/torto_ctrl/lib/python3.12/site-packages/torto_ctrl/kinematic_model/inverse_kinematic.py to inverse_kinematic.cpython-312.pyc
[1.649s] running install_data
[1.649s] running install_egg_info
[1.676s] removing '/home/sirapob/torto_ws/install/torto_ctrl/lib/python3.12/site-packages/torto_ctrl-0.0.0-py3.12.egg-info' (and everything under it)
[1.676s] Copying ../../build/torto_ctrl/torto_ctrl.egg-info to /home/sirapob/torto_ws/install/torto_ctrl/lib/python3.12/site-packages/torto_ctrl-0.0.0-py3.12.egg-info
[1.677s] running install_scripts
[1.852s] writing list of installed files to '/home/sirapob/torto_ws/build/torto_ctrl/install.log'
[1.930s] Invoked command in '/home/sirapob/torto_ws/src/torto_ctrl' returned '0': DEBUGINFOD_URLS=https://debuginfod.ubuntu.com PYTHONPATH=/home/sirapob/torto_ws/build/torto_ctrl/prefix_override:/usr/lib/python3/dist-packages/colcon_core/task/python/colcon_distutils_commands:/home/sirapob/torto_ws/install/torto_ctrl/lib/python3.12/site-packages:${PYTHONPATH} /usr/bin/python3 -W ignore:setup.py install is deprecated -W ignore:easy_install command is deprecated setup.py egg_info --egg-base ../../build/torto_ctrl build --build-base /home/sirapob/torto_ws/build/torto_ctrl/build install --record /home/sirapob/torto_ws/build/torto_ctrl/install.log --single-version-externally-managed install_data
