[0.149s] DEBUG:colcon:Command line arguments: ['/usr/bin/colcon', 'build', '--symlink-install']
[0.149s] DEBUG:colcon:Parsed command line arguments: Namespace(log_base=None, log_level=None, verb_name='build', build_base='build', install_base='install', merge_install=False, symlink_install=True, test_result_base=None, continue_on_error=False, executor='parallel', parallel_workers=4, event_handlers=None, ignore_user_meta=False, metas=['./colcon.meta'], base_paths=['.'], packages_ignore=None, packages_ignore_regex=None, paths=None, packages_up_to=None, packages_up_to_regex=None, packages_above=None, packages_above_and_dependencies=None, packages_above_depth=None, packages_select_by_dep=None, packages_skip_by_dep=None, packages_skip_up_to=None, packages_select_build_failed=False, packages_skip_build_finished=False, packages_select_test_failures=False, packages_skip_test_passed=False, packages_select=None, packages_skip=None, packages_select_regex=None, packages_skip_regex=None, packages_start=None, packages_end=None, allow_overriding=[], cmake_args=None, cmake_target=None, cmake_target_skip_unavailable=False, cmake_clean_cache=False, cmake_clean_first=False, cmake_force_configure=False, ament_cmake_args=None, catkin_cmake_args=None, catkin_skip_building_tests=False, mixin_files=None, mixin=None, verb_parser=<colcon_mixin.mixin.mixin_argument.MixinArgumentDecorator object at 0xffff8286cd70>, verb_extension=<colcon_core.verb.build.BuildVerb object at 0xffff8286cb00>, main=<bound method BuildVerb.main of <colcon_core.verb.build.BuildVerb object at 0xffff8286cb00>>, mixin_verb=('build',))
[0.207s] Level 1:colcon.colcon_core.package_discovery:discover_packages(colcon_meta) check parameters
[0.207s] Level 1:colcon.colcon_core.package_discovery:discover_packages(recursive) check parameters
[0.207s] Level 1:colcon.colcon_core.package_discovery:discover_packages(ignore) check parameters
[0.207s] Level 1:colcon.colcon_core.package_discovery:discover_packages(path) check parameters
[0.207s] Level 1:colcon.colcon_core.package_discovery:discover_packages(colcon_meta) discover
[0.207s] Level 1:colcon.colcon_core.package_discovery:discover_packages(recursive) discover
[0.207s] INFO:colcon.colcon_core.package_discovery:Crawling recursively for packages in '/home/sirapob/torto_ws'
[0.207s] Level 1:colcon.colcon_core.package_identification:_identify(.) by extensions ['ignore', 'ignore_ament_install']
[0.207s] Level 1:colcon.colcon_core.package_identification:_identify(.) by extension 'ignore'
[0.207s] Level 1:colcon.colcon_core.package_identification:_identify(.) by extension 'ignore_ament_install'
[0.208s] Level 1:colcon.colcon_core.package_identification:_identify(.) by extensions ['colcon_pkg']
[0.208s] Level 1:colcon.colcon_core.package_identification:_identify(.) by extension 'colcon_pkg'
[0.208s] Level 1:colcon.colcon_core.package_identification:_identify(.) by extensions ['colcon_meta']
[0.208s] Level 1:colcon.colcon_core.package_identification:_identify(.) by extension 'colcon_meta'
[0.208s] Level 1:colcon.colcon_core.package_identification:_identify(.) by extensions ['ros']
[0.208s] Level 1:colcon.colcon_core.package_identification:_identify(.) by extension 'ros'
[0.246s] Level 1:colcon.colcon_core.package_identification:_identify(.) by extensions ['cmake', 'python']
[0.246s] Level 1:colcon.colcon_core.package_identification:_identify(.) by extension 'cmake'
[0.246s] Level 1:colcon.colcon_core.package_identification:_identify(.) by extension 'python'
[0.246s] Level 1:colcon.colcon_core.package_identification:_identify(.) by extensions ['python_setup_py']
[0.246s] Level 1:colcon.colcon_core.package_identification:_identify(.) by extension 'python_setup_py'
[0.247s] Level 1:colcon.colcon_core.package_identification:_identify(build) by extensions ['ignore', 'ignore_ament_install']
[0.247s] Level 1:colcon.colcon_core.package_identification:_identify(build) by extension 'ignore'
[0.247s] Level 1:colcon.colcon_core.package_identification:_identify(build) ignored
[0.247s] Level 1:colcon.colcon_core.package_identification:_identify(install) by extensions ['ignore', 'ignore_ament_install']
[0.247s] Level 1:colcon.colcon_core.package_identification:_identify(install) by extension 'ignore'
[0.247s] Level 1:colcon.colcon_core.package_identification:_identify(install) ignored
[0.247s] Level 1:colcon.colcon_core.package_identification:_identify(log) by extensions ['ignore', 'ignore_ament_install']
[0.247s] Level 1:colcon.colcon_core.package_identification:_identify(log) by extension 'ignore'
[0.247s] Level 1:colcon.colcon_core.package_identification:_identify(log) ignored
[0.247s] Level 1:colcon.colcon_core.package_identification:_identify(src) by extensions ['ignore', 'ignore_ament_install']
[0.248s] Level 1:colcon.colcon_core.package_identification:_identify(src) by extension 'ignore'
[0.248s] Level 1:colcon.colcon_core.package_identification:_identify(src) by extension 'ignore_ament_install'
[0.248s] Level 1:colcon.colcon_core.package_identification:_identify(src) by extensions ['colcon_pkg']
[0.248s] Level 1:colcon.colcon_core.package_identification:_identify(src) by extension 'colcon_pkg'
[0.248s] Level 1:colcon.colcon_core.package_identification:_identify(src) by extensions ['colcon_meta']
[0.248s] Level 1:colcon.colcon_core.package_identification:_identify(src) by extension 'colcon_meta'
[0.248s] Level 1:colcon.colcon_core.package_identification:_identify(src) by extensions ['ros']
[0.248s] Level 1:colcon.colcon_core.package_identification:_identify(src) by extension 'ros'
[0.248s] Level 1:colcon.colcon_core.package_identification:_identify(src) by extensions ['cmake', 'python']
[0.248s] Level 1:colcon.colcon_core.package_identification:_identify(src) by extension 'cmake'
[0.248s] Level 1:colcon.colcon_core.package_identification:_identify(src) by extension 'python'
[0.248s] Level 1:colcon.colcon_core.package_identification:_identify(src) by extensions ['python_setup_py']
[0.248s] Level 1:colcon.colcon_core.package_identification:_identify(src) by extension 'python_setup_py'
[0.248s] Level 1:colcon.colcon_core.package_identification:_identify(src/torto_ctrl) by extensions ['ignore', 'ignore_ament_install']
[0.248s] Level 1:colcon.colcon_core.package_identification:_identify(src/torto_ctrl) by extension 'ignore'
[0.248s] Level 1:colcon.colcon_core.package_identification:_identify(src/torto_ctrl) by extension 'ignore_ament_install'
[0.248s] Level 1:colcon.colcon_core.package_identification:_identify(src/torto_ctrl) by extensions ['colcon_pkg']
[0.249s] Level 1:colcon.colcon_core.package_identification:_identify(src/torto_ctrl) by extension 'colcon_pkg'
[0.249s] Level 1:colcon.colcon_core.package_identification:_identify(src/torto_ctrl) by extensions ['colcon_meta']
[0.249s] Level 1:colcon.colcon_core.package_identification:_identify(src/torto_ctrl) by extension 'colcon_meta'
[0.249s] Level 1:colcon.colcon_core.package_identification:_identify(src/torto_ctrl) by extensions ['ros']
[0.249s] Level 1:colcon.colcon_core.package_identification:_identify(src/torto_ctrl) by extension 'ros'
[0.252s] DEBUG:colcon.colcon_core.package_identification:Package 'src/torto_ctrl' with type 'ros.ament_python' and name 'torto_ctrl'
[0.252s] Level 1:colcon.colcon_core.package_identification:_identify(src/torto_hardware) by extensions ['ignore', 'ignore_ament_install']
[0.252s] Level 1:colcon.colcon_core.package_identification:_identify(src/torto_hardware) by extension 'ignore'
[0.252s] Level 1:colcon.colcon_core.package_identification:_identify(src/torto_hardware) by extension 'ignore_ament_install'
[0.252s] Level 1:colcon.colcon_core.package_identification:_identify(src/torto_hardware) by extensions ['colcon_pkg']
[0.252s] Level 1:colcon.colcon_core.package_identification:_identify(src/torto_hardware) by extension 'colcon_pkg'
[0.252s] Level 1:colcon.colcon_core.package_identification:_identify(src/torto_hardware) by extensions ['colcon_meta']
[0.253s] Level 1:colcon.colcon_core.package_identification:_identify(src/torto_hardware) by extension 'colcon_meta'
[0.253s] Level 1:colcon.colcon_core.package_identification:_identify(src/torto_hardware) by extensions ['ros']
[0.253s] Level 1:colcon.colcon_core.package_identification:_identify(src/torto_hardware) by extension 'ros'
[0.253s] DEBUG:colcon.colcon_core.package_identification:Package 'src/torto_hardware' with type 'ros.ament_python' and name 'torto_hardware'
[0.253s] Level 1:colcon.colcon_core.package_identification:_identify(src/torto_input_handle) by extensions ['ignore', 'ignore_ament_install']
[0.254s] Level 1:colcon.colcon_core.package_identification:_identify(src/torto_input_handle) by extension 'ignore'
[0.254s] Level 1:colcon.colcon_core.package_identification:_identify(src/torto_input_handle) by extension 'ignore_ament_install'
[0.254s] Level 1:colcon.colcon_core.package_identification:_identify(src/torto_input_handle) by extensions ['colcon_pkg']
[0.254s] Level 1:colcon.colcon_core.package_identification:_identify(src/torto_input_handle) by extension 'colcon_pkg'
[0.254s] Level 1:colcon.colcon_core.package_identification:_identify(src/torto_input_handle) by extensions ['colcon_meta']
[0.254s] Level 1:colcon.colcon_core.package_identification:_identify(src/torto_input_handle) by extension 'colcon_meta'
[0.254s] Level 1:colcon.colcon_core.package_identification:_identify(src/torto_input_handle) by extensions ['ros']
[0.254s] Level 1:colcon.colcon_core.package_identification:_identify(src/torto_input_handle) by extension 'ros'
[0.254s] DEBUG:colcon.colcon_core.package_identification:Package 'src/torto_input_handle' with type 'ros.ament_python' and name 'torto_input_handle'
[0.255s] Level 1:colcon.colcon_core.package_identification:_identify(src/torto_interfaces) by extensions ['ignore', 'ignore_ament_install']
[0.255s] Level 1:colcon.colcon_core.package_identification:_identify(src/torto_interfaces) by extension 'ignore'
[0.255s] Level 1:colcon.colcon_core.package_identification:_identify(src/torto_interfaces) by extension 'ignore_ament_install'
[0.255s] Level 1:colcon.colcon_core.package_identification:_identify(src/torto_interfaces) by extensions ['colcon_pkg']
[0.255s] Level 1:colcon.colcon_core.package_identification:_identify(src/torto_interfaces) by extension 'colcon_pkg'
[0.255s] Level 1:colcon.colcon_core.package_identification:_identify(src/torto_interfaces) by extensions ['colcon_meta']
[0.255s] Level 1:colcon.colcon_core.package_identification:_identify(src/torto_interfaces) by extension 'colcon_meta'
[0.255s] Level 1:colcon.colcon_core.package_identification:_identify(src/torto_interfaces) by extensions ['ros']
[0.255s] Level 1:colcon.colcon_core.package_identification:_identify(src/torto_interfaces) by extension 'ros'
[0.256s] DEBUG:colcon.colcon_core.package_identification:Package 'src/torto_interfaces' with type 'ros.ament_cmake' and name 'torto_interfaces'
[0.256s] Level 1:colcon.colcon_core.package_identification:_identify(src/ydlidar_ros2_driver) by extensions ['ignore', 'ignore_ament_install']
[0.256s] Level 1:colcon.colcon_core.package_identification:_identify(src/ydlidar_ros2_driver) by extension 'ignore'
[0.256s] Level 1:colcon.colcon_core.package_identification:_identify(src/ydlidar_ros2_driver) by extension 'ignore_ament_install'
[0.256s] Level 1:colcon.colcon_core.package_identification:_identify(src/ydlidar_ros2_driver) by extensions ['colcon_pkg']
[0.256s] Level 1:colcon.colcon_core.package_identification:_identify(src/ydlidar_ros2_driver) by extension 'colcon_pkg'
[0.256s] Level 1:colcon.colcon_core.package_identification:_identify(src/ydlidar_ros2_driver) by extensions ['colcon_meta']
[0.256s] Level 1:colcon.colcon_core.package_identification:_identify(src/ydlidar_ros2_driver) by extension 'colcon_meta'
[0.256s] Level 1:colcon.colcon_core.package_identification:_identify(src/ydlidar_ros2_driver) by extensions ['ros']
[0.256s] Level 1:colcon.colcon_core.package_identification:_identify(src/ydlidar_ros2_driver) by extension 'ros'
[0.257s] DEBUG:colcon.colcon_core.package_identification:Package 'src/ydlidar_ros2_driver' with type 'ros.ament_cmake' and name 'ydlidar_ros2_driver'
[0.257s] Level 1:colcon.colcon_core.package_discovery:discover_packages(recursive) using defaults
[0.257s] Level 1:colcon.colcon_core.package_discovery:discover_packages(ignore) discover
[0.257s] Level 1:colcon.colcon_core.package_discovery:discover_packages(ignore) using defaults
[0.257s] Level 1:colcon.colcon_core.package_discovery:discover_packages(path) discover
[0.257s] Level 1:colcon.colcon_core.package_discovery:discover_packages(path) using defaults
[0.281s] Level 1:colcon.colcon_core.package_discovery:discover_packages(prefix_path) check parameters
[0.281s] Level 1:colcon.colcon_core.package_discovery:discover_packages(prefix_path) discover
[0.283s] WARNING:colcon.colcon_ros.prefix_path.ament:The path '/home/sirapob/torto_ws/install/torto_ydlidar' in the environment variable AMENT_PREFIX_PATH doesn't exist
[0.284s] DEBUG:colcon.colcon_installed_package_information.package_discovery:Found 5 installed packages in /home/sirapob/torto_ws/install
[0.286s] DEBUG:colcon.colcon_installed_package_information.package_discovery:Found 294 installed packages in /opt/ros/jazzy
[0.289s] Level 1:colcon.colcon_core.package_discovery:discover_packages(prefix_path) using defaults
[0.349s] Level 5:colcon.colcon_core.verb:set package 'torto_hardware' build argument 'cmake_args' from command line to 'None'
[0.349s] Level 5:colcon.colcon_core.verb:set package 'torto_hardware' build argument 'cmake_target' from command line to 'None'
[0.349s] Level 5:colcon.colcon_core.verb:set package 'torto_hardware' build argument 'cmake_target_skip_unavailable' from command line to 'False'
[0.349s] Level 5:colcon.colcon_core.verb:set package 'torto_hardware' build argument 'cmake_clean_cache' from command line to 'False'
[0.349s] Level 5:colcon.colcon_core.verb:set package 'torto_hardware' build argument 'cmake_clean_first' from command line to 'False'
[0.349s] Level 5:colcon.colcon_core.verb:set package 'torto_hardware' build argument 'cmake_force_configure' from command line to 'False'
[0.349s] Level 5:colcon.colcon_core.verb:set package 'torto_hardware' build argument 'ament_cmake_args' from command line to 'None'
[0.349s] Level 5:colcon.colcon_core.verb:set package 'torto_hardware' build argument 'catkin_cmake_args' from command line to 'None'
[0.349s] Level 5:colcon.colcon_core.verb:set package 'torto_hardware' build argument 'catkin_skip_building_tests' from command line to 'False'
[0.349s] DEBUG:colcon.colcon_core.verb:Building package 'torto_hardware' with the following arguments: {'ament_cmake_args': None, 'build_base': '/home/sirapob/torto_ws/build/torto_hardware', 'catkin_cmake_args': None, 'catkin_skip_building_tests': False, 'cmake_args': None, 'cmake_clean_cache': False, 'cmake_clean_first': False, 'cmake_force_configure': False, 'cmake_target': None, 'cmake_target_skip_unavailable': False, 'install_base': '/home/sirapob/torto_ws/install/torto_hardware', 'merge_install': False, 'path': '/home/sirapob/torto_ws/src/torto_hardware', 'symlink_install': True, 'test_result_base': None}
[0.349s] Level 5:colcon.colcon_core.verb:set package 'torto_input_handle' build argument 'cmake_args' from command line to 'None'
[0.349s] Level 5:colcon.colcon_core.verb:set package 'torto_input_handle' build argument 'cmake_target' from command line to 'None'
[0.350s] Level 5:colcon.colcon_core.verb:set package 'torto_input_handle' build argument 'cmake_target_skip_unavailable' from command line to 'False'
[0.350s] Level 5:colcon.colcon_core.verb:set package 'torto_input_handle' build argument 'cmake_clean_cache' from command line to 'False'
[0.350s] Level 5:colcon.colcon_core.verb:set package 'torto_input_handle' build argument 'cmake_clean_first' from command line to 'False'
[0.350s] Level 5:colcon.colcon_core.verb:set package 'torto_input_handle' build argument 'cmake_force_configure' from command line to 'False'
[0.350s] Level 5:colcon.colcon_core.verb:set package 'torto_input_handle' build argument 'ament_cmake_args' from command line to 'None'
[0.350s] Level 5:colcon.colcon_core.verb:set package 'torto_input_handle' build argument 'catkin_cmake_args' from command line to 'None'
[0.350s] Level 5:colcon.colcon_core.verb:set package 'torto_input_handle' build argument 'catkin_skip_building_tests' from command line to 'False'
[0.350s] DEBUG:colcon.colcon_core.verb:Building package 'torto_input_handle' with the following arguments: {'ament_cmake_args': None, 'build_base': '/home/sirapob/torto_ws/build/torto_input_handle', 'catkin_cmake_args': None, 'catkin_skip_building_tests': False, 'cmake_args': None, 'cmake_clean_cache': False, 'cmake_clean_first': False, 'cmake_force_configure': False, 'cmake_target': None, 'cmake_target_skip_unavailable': False, 'install_base': '/home/sirapob/torto_ws/install/torto_input_handle', 'merge_install': False, 'path': '/home/sirapob/torto_ws/src/torto_input_handle', 'symlink_install': True, 'test_result_base': None}
[0.350s] Level 5:colcon.colcon_core.verb:set package 'torto_interfaces' build argument 'cmake_args' from command line to 'None'
[0.350s] Level 5:colcon.colcon_core.verb:set package 'torto_interfaces' build argument 'cmake_target' from command line to 'None'
[0.350s] Level 5:colcon.colcon_core.verb:set package 'torto_interfaces' build argument 'cmake_target_skip_unavailable' from command line to 'False'
[0.350s] Level 5:colcon.colcon_core.verb:set package 'torto_interfaces' build argument 'cmake_clean_cache' from command line to 'False'
[0.350s] Level 5:colcon.colcon_core.verb:set package 'torto_interfaces' build argument 'cmake_clean_first' from command line to 'False'
[0.350s] Level 5:colcon.colcon_core.verb:set package 'torto_interfaces' build argument 'cmake_force_configure' from command line to 'False'
[0.350s] Level 5:colcon.colcon_core.verb:set package 'torto_interfaces' build argument 'ament_cmake_args' from command line to 'None'
[0.350s] Level 5:colcon.colcon_core.verb:set package 'torto_interfaces' build argument 'catkin_cmake_args' from command line to 'None'
[0.350s] Level 5:colcon.colcon_core.verb:set package 'torto_interfaces' build argument 'catkin_skip_building_tests' from command line to 'False'
[0.350s] DEBUG:colcon.colcon_core.verb:Building package 'torto_interfaces' with the following arguments: {'ament_cmake_args': None, 'build_base': '/home/sirapob/torto_ws/build/torto_interfaces', 'catkin_cmake_args': None, 'catkin_skip_building_tests': False, 'cmake_args': None, 'cmake_clean_cache': False, 'cmake_clean_first': False, 'cmake_force_configure': False, 'cmake_target': None, 'cmake_target_skip_unavailable': False, 'install_base': '/home/sirapob/torto_ws/install/torto_interfaces', 'merge_install': False, 'path': '/home/sirapob/torto_ws/src/torto_interfaces', 'symlink_install': True, 'test_result_base': None}
[0.351s] Level 5:colcon.colcon_core.verb:set package 'ydlidar_ros2_driver' build argument 'cmake_args' from command line to 'None'
[0.351s] Level 5:colcon.colcon_core.verb:set package 'ydlidar_ros2_driver' build argument 'cmake_target' from command line to 'None'
[0.351s] Level 5:colcon.colcon_core.verb:set package 'ydlidar_ros2_driver' build argument 'cmake_target_skip_unavailable' from command line to 'False'
[0.351s] Level 5:colcon.colcon_core.verb:set package 'ydlidar_ros2_driver' build argument 'cmake_clean_cache' from command line to 'False'
[0.351s] Level 5:colcon.colcon_core.verb:set package 'ydlidar_ros2_driver' build argument 'cmake_clean_first' from command line to 'False'
[0.351s] Level 5:colcon.colcon_core.verb:set package 'ydlidar_ros2_driver' build argument 'cmake_force_configure' from command line to 'False'
[0.351s] Level 5:colcon.colcon_core.verb:set package 'ydlidar_ros2_driver' build argument 'ament_cmake_args' from command line to 'None'
[0.351s] Level 5:colcon.colcon_core.verb:set package 'ydlidar_ros2_driver' build argument 'catkin_cmake_args' from command line to 'None'
[0.351s] Level 5:colcon.colcon_core.verb:set package 'ydlidar_ros2_driver' build argument 'catkin_skip_building_tests' from command line to 'False'
[0.351s] DEBUG:colcon.colcon_core.verb:Building package 'ydlidar_ros2_driver' with the following arguments: {'ament_cmake_args': None, 'build_base': '/home/sirapob/torto_ws/build/ydlidar_ros2_driver', 'catkin_cmake_args': None, 'catkin_skip_building_tests': False, 'cmake_args': None, 'cmake_clean_cache': False, 'cmake_clean_first': False, 'cmake_force_configure': False, 'cmake_target': None, 'cmake_target_skip_unavailable': False, 'install_base': '/home/sirapob/torto_ws/install/ydlidar_ros2_driver', 'merge_install': False, 'path': '/home/sirapob/torto_ws/src/ydlidar_ros2_driver', 'symlink_install': True, 'test_result_base': None}
[0.351s] Level 5:colcon.colcon_core.verb:set package 'torto_ctrl' build argument 'cmake_args' from command line to 'None'
[0.351s] Level 5:colcon.colcon_core.verb:set package 'torto_ctrl' build argument 'cmake_target' from command line to 'None'
[0.351s] Level 5:colcon.colcon_core.verb:set package 'torto_ctrl' build argument 'cmake_target_skip_unavailable' from command line to 'False'
[0.351s] Level 5:colcon.colcon_core.verb:set package 'torto_ctrl' build argument 'cmake_clean_cache' from command line to 'False'
[0.351s] Level 5:colcon.colcon_core.verb:set package 'torto_ctrl' build argument 'cmake_clean_first' from command line to 'False'
[0.351s] Level 5:colcon.colcon_core.verb:set package 'torto_ctrl' build argument 'cmake_force_configure' from command line to 'False'
[0.351s] Level 5:colcon.colcon_core.verb:set package 'torto_ctrl' build argument 'ament_cmake_args' from command line to 'None'
[0.351s] Level 5:colcon.colcon_core.verb:set package 'torto_ctrl' build argument 'catkin_cmake_args' from command line to 'None'
[0.351s] Level 5:colcon.colcon_core.verb:set package 'torto_ctrl' build argument 'catkin_skip_building_tests' from command line to 'False'
[0.351s] DEBUG:colcon.colcon_core.verb:Building package 'torto_ctrl' with the following arguments: {'ament_cmake_args': None, 'build_base': '/home/sirapob/torto_ws/build/torto_ctrl', 'catkin_cmake_args': None, 'catkin_skip_building_tests': False, 'cmake_args': None, 'cmake_clean_cache': False, 'cmake_clean_first': False, 'cmake_force_configure': False, 'cmake_target': None, 'cmake_target_skip_unavailable': False, 'install_base': '/home/sirapob/torto_ws/install/torto_ctrl', 'merge_install': False, 'path': '/home/sirapob/torto_ws/src/torto_ctrl', 'symlink_install': True, 'test_result_base': None}
[0.352s] INFO:colcon.colcon_core.executor:Executing jobs using 'parallel' executor
[0.353s] DEBUG:colcon.colcon_parallel_executor.executor.parallel:run_until_complete
[0.353s] INFO:colcon.colcon_ros.task.ament_cmake.build:Building ROS package in '/home/sirapob/torto_ws/src/torto_interfaces' with build type 'ament_cmake'
[0.353s] INFO:colcon.colcon_cmake.task.cmake.build:Building CMake package in '/home/sirapob/torto_ws/src/torto_interfaces'
[0.356s] INFO:colcon.colcon_core.plugin_system:Skipping extension 'colcon_core.shell.bat': Not used on non-Windows systems
[0.356s] INFO:colcon.colcon_core.shell:Skip shell extension 'powershell' for command environment: Not usable outside of PowerShell
[0.356s] DEBUG:colcon.colcon_core.shell:Skip shell extension 'dsv' for command environment
[0.361s] INFO:colcon.colcon_ros.task.ament_python.build:Building ROS package in '/home/sirapob/torto_ws/src/torto_hardware' with build type 'ament_python'
[0.362s] Level 1:colcon.colcon_core.shell:create_environment_hook('torto_hardware', 'ament_prefix_path')
[0.362s] INFO:colcon.colcon_core.shell:Creating environment hook '/home/sirapob/torto_ws/install/torto_hardware/share/torto_hardware/hook/ament_prefix_path.ps1'
[0.367s] INFO:colcon.colcon_core.shell:Creating environment descriptor '/home/sirapob/torto_ws/install/torto_hardware/share/torto_hardware/hook/ament_prefix_path.dsv'
[0.368s] INFO:colcon.colcon_core.shell:Creating environment hook '/home/sirapob/torto_ws/install/torto_hardware/share/torto_hardware/hook/ament_prefix_path.sh'
[0.369s] INFO:colcon.colcon_core.shell:Skip shell extension 'powershell' for command environment: Not usable outside of PowerShell
[0.369s] DEBUG:colcon.colcon_core.shell:Skip shell extension 'dsv' for command environment
[0.374s] INFO:colcon.colcon_ros.task.ament_python.build:Building ROS package in '/home/sirapob/torto_ws/src/torto_input_handle' with build type 'ament_python'
[0.374s] Level 1:colcon.colcon_core.shell:create_environment_hook('torto_input_handle', 'ament_prefix_path')
[0.375s] INFO:colcon.colcon_core.shell:Creating environment hook '/home/sirapob/torto_ws/install/torto_input_handle/share/torto_input_handle/hook/ament_prefix_path.ps1'
[0.375s] INFO:colcon.colcon_core.shell:Creating environment descriptor '/home/sirapob/torto_ws/install/torto_input_handle/share/torto_input_handle/hook/ament_prefix_path.dsv'
[0.376s] INFO:colcon.colcon_core.shell:Creating environment hook '/home/sirapob/torto_ws/install/torto_input_handle/share/torto_input_handle/hook/ament_prefix_path.sh'
[0.377s] INFO:colcon.colcon_core.shell:Skip shell extension 'powershell' for command environment: Not usable outside of PowerShell
[0.377s] DEBUG:colcon.colcon_core.shell:Skip shell extension 'dsv' for command environment
[0.383s] INFO:colcon.colcon_ros.task.ament_cmake.build:Building ROS package in '/home/sirapob/torto_ws/src/ydlidar_ros2_driver' with build type 'ament_cmake'
[0.383s] INFO:colcon.colcon_cmake.task.cmake.build:Building CMake package in '/home/sirapob/torto_ws/src/ydlidar_ros2_driver'
[0.384s] INFO:colcon.colcon_core.shell:Skip shell extension 'powershell' for command environment: Not usable outside of PowerShell
[0.384s] DEBUG:colcon.colcon_core.shell:Skip shell extension 'dsv' for command environment
[0.396s] DEBUG:colcon.colcon_core.event_handler.log_command:Invoking command in '/home/sirapob/torto_ws/build/torto_interfaces': CMAKE_PREFIX_PATH=${CMAKE_PREFIX_PATH}:/home/sirapob/torto_ws/install/torto_ydlidar:/home/sirapob/torto_ws/install/torto_ctrl:/home/sirapob/torto_ws/install/torto_input_handle:/home/sirapob/torto_ws/install/torto_hardware:/opt/ros/jazzy DEBUGINFOD_URLS=https://debuginfod.ubuntu.com /usr/bin/cmake --build /home/sirapob/torto_ws/build/torto_interfaces -- -j4 -l4
[0.865s] INFO:colcon.colcon_core.task.python.build:Building Python package in '/home/sirapob/torto_ws/src/torto_hardware'
[0.865s] INFO:colcon.colcon_core.shell:Skip shell extension 'powershell' for command environment: Not usable outside of PowerShell
[0.865s] DEBUG:colcon.colcon_core.shell:Skip shell extension 'dsv' for command environment
[1.316s] INFO:colcon.colcon_core.task.python.build:Building Python package in '/home/sirapob/torto_ws/src/torto_input_handle'
[1.316s] INFO:colcon.colcon_core.shell:Skip shell extension 'powershell' for command environment: Not usable outside of PowerShell
[1.316s] DEBUG:colcon.colcon_core.shell:Skip shell extension 'dsv' for command environment
[1.332s] DEBUG:colcon.colcon_core.event_handler.log_command:Invoked command in '/home/sirapob/torto_ws/build/torto_interfaces' returned '0': CMAKE_PREFIX_PATH=${CMAKE_PREFIX_PATH}:/home/sirapob/torto_ws/install/torto_ydlidar:/home/sirapob/torto_ws/install/torto_ctrl:/home/sirapob/torto_ws/install/torto_input_handle:/home/sirapob/torto_ws/install/torto_hardware:/opt/ros/jazzy DEBUGINFOD_URLS=https://debuginfod.ubuntu.com /usr/bin/cmake --build /home/sirapob/torto_ws/build/torto_interfaces -- -j4 -l4
[1.349s] DEBUG:colcon.colcon_core.event_handler.log_command:Invoking command in '/home/sirapob/torto_ws/build/torto_interfaces': CMAKE_PREFIX_PATH=${CMAKE_PREFIX_PATH}:/home/sirapob/torto_ws/install/torto_ydlidar:/home/sirapob/torto_ws/install/torto_ctrl:/home/sirapob/torto_ws/install/torto_input_handle:/home/sirapob/torto_ws/install/torto_hardware:/opt/ros/jazzy DEBUGINFOD_URLS=https://debuginfod.ubuntu.com /usr/bin/cmake --install /home/sirapob/torto_ws/build/torto_interfaces
[1.362s] DEBUG:colcon.colcon_core.event_handler.log_command:Invoking command in '/home/sirapob/torto_ws/build/ydlidar_ros2_driver': CMAKE_PREFIX_PATH=${CMAKE_PREFIX_PATH}:/home/sirapob/torto_ws/install/torto_ydlidar:/home/sirapob/torto_ws/install/torto_ctrl:/home/sirapob/torto_ws/install/torto_input_handle:/home/sirapob/torto_ws/install/torto_hardware:/opt/ros/jazzy DEBUGINFOD_URLS=https://debuginfod.ubuntu.com /usr/bin/cmake --build /home/sirapob/torto_ws/build/ydlidar_ros2_driver -- -j4 -l4
[1.596s] Level 1:colcon.colcon_core.environment:create_environment_scripts_only(torto_interfaces)
[1.600s] DEBUG:colcon.colcon_core.event_handler.log_command:Invoked command in '/home/sirapob/torto_ws/build/torto_interfaces' returned '0': CMAKE_PREFIX_PATH=${CMAKE_PREFIX_PATH}:/home/sirapob/torto_ws/install/torto_ydlidar:/home/sirapob/torto_ws/install/torto_ctrl:/home/sirapob/torto_ws/install/torto_input_handle:/home/sirapob/torto_ws/install/torto_hardware:/opt/ros/jazzy DEBUGINFOD_URLS=https://debuginfod.ubuntu.com /usr/bin/cmake --install /home/sirapob/torto_ws/build/torto_interfaces
[1.613s] Level 1:colcon.colcon_core.environment:checking '/home/sirapob/torto_ws/install/torto_interfaces' for CMake module files
[1.618s] Level 1:colcon.colcon_core.environment:checking '/home/sirapob/torto_ws/install/torto_interfaces' for CMake config files
[1.619s] Level 1:colcon.colcon_core.shell:create_environment_hook('torto_interfaces', 'cmake_prefix_path')
[1.619s] INFO:colcon.colcon_core.shell:Creating environment hook '/home/sirapob/torto_ws/install/torto_interfaces/share/torto_interfaces/hook/cmake_prefix_path.ps1'
[1.623s] INFO:colcon.colcon_core.shell:Creating environment descriptor '/home/sirapob/torto_ws/install/torto_interfaces/share/torto_interfaces/hook/cmake_prefix_path.dsv'
[1.628s] INFO:colcon.colcon_core.shell:Creating environment hook '/home/sirapob/torto_ws/install/torto_interfaces/share/torto_interfaces/hook/cmake_prefix_path.sh'
[1.633s] Level 1:colcon.colcon_core.environment:checking '/home/sirapob/torto_ws/install/torto_interfaces/lib'
[1.635s] Level 1:colcon.colcon_core.shell:create_environment_hook('torto_interfaces', 'ld_library_path_lib')
[1.636s] INFO:colcon.colcon_core.shell:Creating environment hook '/home/sirapob/torto_ws/install/torto_interfaces/share/torto_interfaces/hook/ld_library_path_lib.ps1'
[1.637s] INFO:colcon.colcon_core.shell:Creating environment descriptor '/home/sirapob/torto_ws/install/torto_interfaces/share/torto_interfaces/hook/ld_library_path_lib.dsv'
[1.641s] INFO:colcon.colcon_core.shell:Creating environment hook '/home/sirapob/torto_ws/install/torto_interfaces/share/torto_interfaces/hook/ld_library_path_lib.sh'
[1.642s] Level 1:colcon.colcon_core.environment:checking '/home/sirapob/torto_ws/install/torto_interfaces/bin'
[1.642s] Level 1:colcon.colcon_core.environment:checking '/home/sirapob/torto_ws/install/torto_interfaces/lib/pkgconfig/torto_interfaces.pc'
[1.642s] Level 1:colcon.colcon_core.environment:checking '/home/sirapob/torto_ws/install/torto_interfaces/lib/python3.12/site-packages'
[1.643s] Level 1:colcon.colcon_core.shell:create_environment_hook('torto_interfaces', 'pythonpath')
[1.643s] INFO:colcon.colcon_core.shell:Creating environment hook '/home/sirapob/torto_ws/install/torto_interfaces/share/torto_interfaces/hook/pythonpath.ps1'
[1.648s] INFO:colcon.colcon_core.shell:Creating environment descriptor '/home/sirapob/torto_ws/install/torto_interfaces/share/torto_interfaces/hook/pythonpath.dsv'
[1.651s] INFO:colcon.colcon_core.shell:Creating environment hook '/home/sirapob/torto_ws/install/torto_interfaces/share/torto_interfaces/hook/pythonpath.sh'
[1.653s] Level 1:colcon.colcon_core.environment:checking '/home/sirapob/torto_ws/install/torto_interfaces/bin'
[1.657s] INFO:colcon.colcon_core.shell:Creating package script '/home/sirapob/torto_ws/install/torto_interfaces/share/torto_interfaces/package.ps1'
[1.660s] INFO:colcon.colcon_core.shell:Creating package descriptor '/home/sirapob/torto_ws/install/torto_interfaces/share/torto_interfaces/package.dsv'
[1.665s] INFO:colcon.colcon_core.shell:Creating package script '/home/sirapob/torto_ws/install/torto_interfaces/share/torto_interfaces/package.sh'
[1.671s] INFO:colcon.colcon_core.shell:Creating package script '/home/sirapob/torto_ws/install/torto_interfaces/share/torto_interfaces/package.bash'
[1.672s] INFO:colcon.colcon_core.shell:Creating package script '/home/sirapob/torto_ws/install/torto_interfaces/share/torto_interfaces/package.zsh'
[1.679s] Level 1:colcon.colcon_core.environment:create_file_with_runtime_dependencies(/home/sirapob/torto_ws/install/torto_interfaces/share/colcon-core/packages/torto_interfaces)
[1.689s] Level 1:colcon.colcon_core.environment:create_environment_scripts_only(torto_interfaces)
[1.693s] Level 1:colcon.colcon_core.environment:checking '/home/sirapob/torto_ws/install/torto_interfaces' for CMake module files
[1.697s] Level 1:colcon.colcon_core.environment:checking '/home/sirapob/torto_ws/install/torto_interfaces' for CMake config files
[1.699s] Level 1:colcon.colcon_core.shell:create_environment_hook('torto_interfaces', 'cmake_prefix_path')
[1.699s] INFO:colcon.colcon_core.shell:Creating environment hook '/home/sirapob/torto_ws/install/torto_interfaces/share/torto_interfaces/hook/cmake_prefix_path.ps1'
[1.706s] INFO:colcon.colcon_core.shell:Creating environment descriptor '/home/sirapob/torto_ws/install/torto_interfaces/share/torto_interfaces/hook/cmake_prefix_path.dsv'
[1.716s] INFO:colcon.colcon_core.shell:Creating environment hook '/home/sirapob/torto_ws/install/torto_interfaces/share/torto_interfaces/hook/cmake_prefix_path.sh'
[1.718s] Level 1:colcon.colcon_core.environment:checking '/home/sirapob/torto_ws/install/torto_interfaces/lib'
[1.718s] Level 1:colcon.colcon_core.shell:create_environment_hook('torto_interfaces', 'ld_library_path_lib')
[1.723s] INFO:colcon.colcon_core.shell:Creating environment hook '/home/sirapob/torto_ws/install/torto_interfaces/share/torto_interfaces/hook/ld_library_path_lib.ps1'
[1.725s] INFO:colcon.colcon_core.shell:Creating environment descriptor '/home/sirapob/torto_ws/install/torto_interfaces/share/torto_interfaces/hook/ld_library_path_lib.dsv'
[1.733s] INFO:colcon.colcon_core.shell:Creating environment hook '/home/sirapob/torto_ws/install/torto_interfaces/share/torto_interfaces/hook/ld_library_path_lib.sh'
[1.734s] Level 1:colcon.colcon_core.environment:checking '/home/sirapob/torto_ws/install/torto_interfaces/bin'
[1.734s] Level 1:colcon.colcon_core.environment:checking '/home/sirapob/torto_ws/install/torto_interfaces/lib/pkgconfig/torto_interfaces.pc'
[1.735s] Level 1:colcon.colcon_core.environment:checking '/home/sirapob/torto_ws/install/torto_interfaces/lib/python3.12/site-packages'
[1.735s] Level 1:colcon.colcon_core.shell:create_environment_hook('torto_interfaces', 'pythonpath')
[1.735s] INFO:colcon.colcon_core.shell:Creating environment hook '/home/sirapob/torto_ws/install/torto_interfaces/share/torto_interfaces/hook/pythonpath.ps1'
[1.739s] INFO:colcon.colcon_core.shell:Creating environment descriptor '/home/sirapob/torto_ws/install/torto_interfaces/share/torto_interfaces/hook/pythonpath.dsv'
[1.741s] INFO:colcon.colcon_core.shell:Creating environment hook '/home/sirapob/torto_ws/install/torto_interfaces/share/torto_interfaces/hook/pythonpath.sh'
[1.743s] Level 1:colcon.colcon_core.environment:checking '/home/sirapob/torto_ws/install/torto_interfaces/bin'
[1.743s] INFO:colcon.colcon_core.shell:Creating package script '/home/sirapob/torto_ws/install/torto_interfaces/share/torto_interfaces/package.ps1'
[1.745s] INFO:colcon.colcon_core.shell:Creating package descriptor '/home/sirapob/torto_ws/install/torto_interfaces/share/torto_interfaces/package.dsv'
[1.746s] INFO:colcon.colcon_core.shell:Creating package script '/home/sirapob/torto_ws/install/torto_interfaces/share/torto_interfaces/package.sh'
[1.747s] INFO:colcon.colcon_core.shell:Creating package script '/home/sirapob/torto_ws/install/torto_interfaces/share/torto_interfaces/package.bash'
[1.749s] INFO:colcon.colcon_core.shell:Creating package script '/home/sirapob/torto_ws/install/torto_interfaces/share/torto_interfaces/package.zsh'
[1.750s] Level 1:colcon.colcon_core.environment:create_file_with_runtime_dependencies(/home/sirapob/torto_ws/install/torto_interfaces/share/colcon-core/packages/torto_interfaces)
[1.752s] INFO:colcon.colcon_ros.task.ament_python.build:Building ROS package in '/home/sirapob/torto_ws/src/torto_ctrl' with build type 'ament_python'
[1.753s] Level 1:colcon.colcon_core.shell:create_environment_hook('torto_ctrl', 'ament_prefix_path')
[1.753s] INFO:colcon.colcon_core.shell:Creating environment hook '/home/sirapob/torto_ws/install/torto_ctrl/share/torto_ctrl/hook/ament_prefix_path.ps1'
[1.756s] INFO:colcon.colcon_core.shell:Creating environment descriptor '/home/sirapob/torto_ws/install/torto_ctrl/share/torto_ctrl/hook/ament_prefix_path.dsv'
[1.760s] INFO:colcon.colcon_core.shell:Creating environment hook '/home/sirapob/torto_ws/install/torto_ctrl/share/torto_ctrl/hook/ament_prefix_path.sh'
[1.765s] INFO:colcon.colcon_core.shell:Skip shell extension 'powershell' for command environment: Not usable outside of PowerShell
[1.765s] DEBUG:colcon.colcon_core.shell:Skip shell extension 'dsv' for command environment
[1.772s] DEBUG:colcon.colcon_core.event_handler.log_command:Invoked command in '/home/sirapob/torto_ws/build/ydlidar_ros2_driver' returned '0': CMAKE_PREFIX_PATH=${CMAKE_PREFIX_PATH}:/home/sirapob/torto_ws/install/torto_ydlidar:/home/sirapob/torto_ws/install/torto_ctrl:/home/sirapob/torto_ws/install/torto_input_handle:/home/sirapob/torto_ws/install/torto_hardware:/opt/ros/jazzy DEBUGINFOD_URLS=https://debuginfod.ubuntu.com /usr/bin/cmake --build /home/sirapob/torto_ws/build/ydlidar_ros2_driver -- -j4 -l4
[1.774s] DEBUG:colcon.colcon_core.event_handler.log_command:Invoking command in '/home/sirapob/torto_ws/build/ydlidar_ros2_driver': CMAKE_PREFIX_PATH=${CMAKE_PREFIX_PATH}:/home/sirapob/torto_ws/install/torto_ydlidar:/home/sirapob/torto_ws/install/torto_ctrl:/home/sirapob/torto_ws/install/torto_input_handle:/home/sirapob/torto_ws/install/torto_hardware:/opt/ros/jazzy DEBUGINFOD_URLS=https://debuginfod.ubuntu.com /usr/bin/cmake --install /home/sirapob/torto_ws/build/ydlidar_ros2_driver
[2.195s] INFO:colcon.colcon_core.task.python.build:Building Python package in '/home/sirapob/torto_ws/src/torto_ctrl'
[2.196s] INFO:colcon.colcon_core.shell:Skip shell extension 'powershell' for command environment: Not usable outside of PowerShell
[2.196s] DEBUG:colcon.colcon_core.shell:Skip shell extension 'dsv' for command environment
[2.202s] Level 1:colcon.colcon_core.environment:create_environment_scripts_only(ydlidar_ros2_driver)
[2.203s] Level 1:colcon.colcon_core.environment:checking '/home/sirapob/torto_ws/install/ydlidar_ros2_driver' for CMake module files
[2.205s] Level 1:colcon.colcon_core.environment:checking '/home/sirapob/torto_ws/install/ydlidar_ros2_driver' for CMake config files
[2.205s] DEBUG:colcon.colcon_core.event_handler.log_command:Invoked command in '/home/sirapob/torto_ws/build/ydlidar_ros2_driver' returned '0': CMAKE_PREFIX_PATH=${CMAKE_PREFIX_PATH}:/home/sirapob/torto_ws/install/torto_ydlidar:/home/sirapob/torto_ws/install/torto_ctrl:/home/sirapob/torto_ws/install/torto_input_handle:/home/sirapob/torto_ws/install/torto_hardware:/opt/ros/jazzy DEBUGINFOD_URLS=https://debuginfod.ubuntu.com /usr/bin/cmake --install /home/sirapob/torto_ws/build/ydlidar_ros2_driver
[2.206s] Level 1:colcon.colcon_core.shell:create_environment_hook('ydlidar_ros2_driver', 'cmake_prefix_path')
[2.206s] INFO:colcon.colcon_core.shell:Creating environment hook '/home/sirapob/torto_ws/install/ydlidar_ros2_driver/share/ydlidar_ros2_driver/hook/cmake_prefix_path.ps1'
[2.208s] INFO:colcon.colcon_core.shell:Creating environment descriptor '/home/sirapob/torto_ws/install/ydlidar_ros2_driver/share/ydlidar_ros2_driver/hook/cmake_prefix_path.dsv'
[2.210s] INFO:colcon.colcon_core.shell:Creating environment hook '/home/sirapob/torto_ws/install/ydlidar_ros2_driver/share/ydlidar_ros2_driver/hook/cmake_prefix_path.sh'
[2.212s] Level 1:colcon.colcon_core.environment:checking '/home/sirapob/torto_ws/install/ydlidar_ros2_driver/lib'
[2.212s] Level 1:colcon.colcon_core.environment:checking '/home/sirapob/torto_ws/install/ydlidar_ros2_driver/bin'
[2.212s] Level 1:colcon.colcon_core.environment:checking '/home/sirapob/torto_ws/install/ydlidar_ros2_driver/lib/pkgconfig/ydlidar_ros2_driver.pc'
[2.212s] Level 1:colcon.colcon_core.environment:checking '/home/sirapob/torto_ws/install/ydlidar_ros2_driver/lib/python3.12/site-packages'
[2.213s] Level 1:colcon.colcon_core.environment:checking '/home/sirapob/torto_ws/install/ydlidar_ros2_driver/bin'
[2.213s] INFO:colcon.colcon_core.shell:Creating package script '/home/sirapob/torto_ws/install/ydlidar_ros2_driver/share/ydlidar_ros2_driver/package.ps1'
[2.214s] INFO:colcon.colcon_core.shell:Creating package descriptor '/home/sirapob/torto_ws/install/ydlidar_ros2_driver/share/ydlidar_ros2_driver/package.dsv'
[2.215s] INFO:colcon.colcon_core.shell:Creating package script '/home/sirapob/torto_ws/install/ydlidar_ros2_driver/share/ydlidar_ros2_driver/package.sh'
[2.215s] INFO:colcon.colcon_core.shell:Creating package script '/home/sirapob/torto_ws/install/ydlidar_ros2_driver/share/ydlidar_ros2_driver/package.bash'
[2.217s] INFO:colcon.colcon_core.shell:Creating package script '/home/sirapob/torto_ws/install/ydlidar_ros2_driver/share/ydlidar_ros2_driver/package.zsh'
[2.218s] Level 1:colcon.colcon_core.environment:create_file_with_runtime_dependencies(/home/sirapob/torto_ws/install/ydlidar_ros2_driver/share/colcon-core/packages/ydlidar_ros2_driver)
[2.222s] Level 1:colcon.colcon_core.environment:create_environment_scripts_only(ydlidar_ros2_driver)
[2.222s] Level 1:colcon.colcon_core.environment:checking '/home/sirapob/torto_ws/install/ydlidar_ros2_driver' for CMake module files
[2.223s] Level 1:colcon.colcon_core.environment:checking '/home/sirapob/torto_ws/install/ydlidar_ros2_driver' for CMake config files
[2.223s] Level 1:colcon.colcon_core.shell:create_environment_hook('ydlidar_ros2_driver', 'cmake_prefix_path')
[2.223s] INFO:colcon.colcon_core.shell:Creating environment hook '/home/sirapob/torto_ws/install/ydlidar_ros2_driver/share/ydlidar_ros2_driver/hook/cmake_prefix_path.ps1'
[2.224s] INFO:colcon.colcon_core.shell:Creating environment descriptor '/home/sirapob/torto_ws/install/ydlidar_ros2_driver/share/ydlidar_ros2_driver/hook/cmake_prefix_path.dsv'
[2.225s] INFO:colcon.colcon_core.shell:Creating environment hook '/home/sirapob/torto_ws/install/ydlidar_ros2_driver/share/ydlidar_ros2_driver/hook/cmake_prefix_path.sh'
[2.227s] Level 1:colcon.colcon_core.environment:checking '/home/sirapob/torto_ws/install/ydlidar_ros2_driver/lib'
[2.227s] Level 1:colcon.colcon_core.environment:checking '/home/sirapob/torto_ws/install/ydlidar_ros2_driver/bin'
[2.228s] Level 1:colcon.colcon_core.environment:checking '/home/sirapob/torto_ws/install/ydlidar_ros2_driver/lib/pkgconfig/ydlidar_ros2_driver.pc'
[2.228s] Level 1:colcon.colcon_core.environment:checking '/home/sirapob/torto_ws/install/ydlidar_ros2_driver/lib/python3.12/site-packages'
[2.228s] Level 1:colcon.colcon_core.environment:checking '/home/sirapob/torto_ws/install/ydlidar_ros2_driver/bin'
[2.229s] INFO:colcon.colcon_core.shell:Creating package script '/home/sirapob/torto_ws/install/ydlidar_ros2_driver/share/ydlidar_ros2_driver/package.ps1'
[2.230s] INFO:colcon.colcon_core.shell:Creating package descriptor '/home/sirapob/torto_ws/install/ydlidar_ros2_driver/share/ydlidar_ros2_driver/package.dsv'
[2.231s] INFO:colcon.colcon_core.shell:Creating package script '/home/sirapob/torto_ws/install/ydlidar_ros2_driver/share/ydlidar_ros2_driver/package.sh'
[2.232s] INFO:colcon.colcon_core.shell:Creating package script '/home/sirapob/torto_ws/install/ydlidar_ros2_driver/share/ydlidar_ros2_driver/package.bash'
[2.233s] INFO:colcon.colcon_core.shell:Creating package script '/home/sirapob/torto_ws/install/ydlidar_ros2_driver/share/ydlidar_ros2_driver/package.zsh'
[2.236s] Level 1:colcon.colcon_core.environment:create_file_with_runtime_dependencies(/home/sirapob/torto_ws/install/ydlidar_ros2_driver/share/colcon-core/packages/ydlidar_ros2_driver)
[2.608s] DEBUG:colcon.colcon_core.event_handler.log_command:Invoking command in '/home/sirapob/torto_ws/build/torto_hardware': DEBUGINFOD_URLS=https://debuginfod.ubuntu.com PYTHONPATH=/home/sirapob/torto_ws/build/torto_hardware/prefix_override:/usr/lib/python3/dist-packages/colcon_core/task/python/colcon_distutils_commands:/home/sirapob/torto_ws/install/torto_hardware/lib/python3.12/site-packages:${PYTHONPATH} /usr/bin/python3 -W ignore:setup.py install is deprecated -W ignore:easy_install command is deprecated setup.py develop --editable --build-directory /home/sirapob/torto_ws/build/torto_hardware/build --no-deps symlink_data
[2.635s] DEBUG:colcon.colcon_core.event_handler.log_command:Invoking command in '/home/sirapob/torto_ws/build/torto_input_handle': DEBUGINFOD_URLS=https://debuginfod.ubuntu.com PYTHONPATH=/home/sirapob/torto_ws/build/torto_input_handle/prefix_override:/usr/lib/python3/dist-packages/colcon_core/task/python/colcon_distutils_commands:/home/sirapob/torto_ws/install/torto_input_handle/lib/python3.12/site-packages:${PYTHONPATH} /usr/bin/python3 -W ignore:setup.py install is deprecated -W ignore:easy_install command is deprecated setup.py develop --editable --build-directory /home/sirapob/torto_ws/build/torto_input_handle/build --no-deps symlink_data
[3.247s] DEBUG:colcon.colcon_core.event_handler.log_command:Invoking command in '/home/sirapob/torto_ws/build/torto_ctrl': CMAKE_PREFIX_PATH=/home/sirapob/torto_ws/install/torto_interfaces:/home/sirapob/torto_ws/install/ydlidar_ros2_driver:/opt/ros/jazzy/opt/gz_math_vendor:/opt/ros/jazzy/opt/gz_utils_vendor:/opt/ros/jazzy/opt/gz_cmake_vendor DEBUGINFOD_URLS=https://debuginfod.ubuntu.com PYTHONPATH=/home/sirapob/torto_ws/build/torto_ctrl/prefix_override:/usr/lib/python3/dist-packages/colcon_core/task/python/colcon_distutils_commands:/home/sirapob/torto_ws/install/torto_ctrl/lib/python3.12/site-packages:/home/sirapob/torto_ws/install/torto_interfaces/lib/python3.12/site-packages:/home/sirapob/torto_ws/build/torto_ydlidar:/home/sirapob/torto_ws/install/torto_ydlidar/lib/python3.12/site-packages:/home/sirapob/torto_ws/build/torto_ctrl:/home/sirapob/torto_ws/install/torto_ctrl/lib/python3.12/site-packages:/home/sirapob/torto_ws/build/torto_input_handle:/home/sirapob/torto_ws/install/torto_input_handle/lib/python3.12/site-packages:/home/sirapob/torto_ws/build/torto_hardware:/home/sirapob/torto_ws/install/torto_hardware/lib/python3.12/site-packages:/opt/ros/jazzy/lib/python3.12/site-packages /usr/bin/python3 -W ignore:setup.py install is deprecated -W ignore:easy_install command is deprecated setup.py develop --editable --build-directory /home/sirapob/torto_ws/build/torto_ctrl/build --no-deps symlink_data
[3.669s] Level 1:colcon.colcon_core.shell:create_environment_hook('torto_hardware', 'pythonpath_develop')
[3.670s] INFO:colcon.colcon_core.shell:Creating environment hook '/home/sirapob/torto_ws/build/torto_hardware/share/torto_hardware/hook/pythonpath_develop.ps1'
[3.671s] INFO:colcon.colcon_core.shell:Creating environment descriptor '/home/sirapob/torto_ws/build/torto_hardware/share/torto_hardware/hook/pythonpath_develop.dsv'
[3.672s] DEBUG:colcon.colcon_core.event_handler.log_command:Invoked command in '/home/sirapob/torto_ws/build/torto_hardware' returned '0': DEBUGINFOD_URLS=https://debuginfod.ubuntu.com PYTHONPATH=/home/sirapob/torto_ws/build/torto_hardware/prefix_override:/usr/lib/python3/dist-packages/colcon_core/task/python/colcon_distutils_commands:/home/sirapob/torto_ws/install/torto_hardware/lib/python3.12/site-packages:${PYTHONPATH} /usr/bin/python3 -W ignore:setup.py install is deprecated -W ignore:easy_install command is deprecated setup.py develop --editable --build-directory /home/sirapob/torto_ws/build/torto_hardware/build --no-deps symlink_data
[3.680s] INFO:colcon.colcon_core.shell:Creating environment hook '/home/sirapob/torto_ws/build/torto_hardware/share/torto_hardware/hook/pythonpath_develop.sh'
[3.681s] Level 1:colcon.colcon_core.environment:checking '/home/sirapob/torto_ws/install/torto_hardware' for CMake module files
[3.682s] Level 1:colcon.colcon_core.environment:checking '/home/sirapob/torto_ws/install/torto_hardware' for CMake config files
[3.683s] Level 1:colcon.colcon_core.environment:checking '/home/sirapob/torto_ws/install/torto_hardware/lib'
[3.683s] Level 1:colcon.colcon_core.environment:checking '/home/sirapob/torto_ws/install/torto_hardware/bin'
[3.683s] Level 1:colcon.colcon_core.environment:checking '/home/sirapob/torto_ws/install/torto_hardware/lib/pkgconfig/torto_hardware.pc'
[3.684s] Level 1:colcon.colcon_core.environment:checking '/home/sirapob/torto_ws/install/torto_hardware/lib/python3.12/site-packages'
[3.684s] Level 1:colcon.colcon_core.shell:create_environment_hook('torto_hardware', 'pythonpath')
[3.684s] INFO:colcon.colcon_core.shell:Creating environment hook '/home/sirapob/torto_ws/install/torto_hardware/share/torto_hardware/hook/pythonpath.ps1'
[3.686s] INFO:colcon.colcon_core.shell:Creating environment descriptor '/home/sirapob/torto_ws/install/torto_hardware/share/torto_hardware/hook/pythonpath.dsv'
[3.687s] INFO:colcon.colcon_core.shell:Creating environment hook '/home/sirapob/torto_ws/install/torto_hardware/share/torto_hardware/hook/pythonpath.sh'
[3.691s] Level 1:colcon.colcon_core.environment:checking '/home/sirapob/torto_ws/install/torto_hardware/bin'
[3.691s] Level 1:colcon.colcon_core.environment:create_environment_scripts_only(torto_hardware)
[3.692s] INFO:colcon.colcon_core.shell:Creating package script '/home/sirapob/torto_ws/install/torto_hardware/share/torto_hardware/package.ps1'
[3.693s] INFO:colcon.colcon_core.shell:Creating package descriptor '/home/sirapob/torto_ws/install/torto_hardware/share/torto_hardware/package.dsv'
[3.694s] INFO:colcon.colcon_core.shell:Creating package script '/home/sirapob/torto_ws/install/torto_hardware/share/torto_hardware/package.sh'
[3.696s] INFO:colcon.colcon_core.shell:Creating package script '/home/sirapob/torto_ws/install/torto_hardware/share/torto_hardware/package.bash'
[3.699s] INFO:colcon.colcon_core.shell:Creating package script '/home/sirapob/torto_ws/install/torto_hardware/share/torto_hardware/package.zsh'
[3.700s] Level 1:colcon.colcon_core.environment:create_file_with_runtime_dependencies(/home/sirapob/torto_ws/install/torto_hardware/share/colcon-core/packages/torto_hardware)
[3.717s] Level 1:colcon.colcon_core.shell:create_environment_hook('torto_input_handle', 'pythonpath_develop')
[3.717s] INFO:colcon.colcon_core.shell:Creating environment hook '/home/sirapob/torto_ws/build/torto_input_handle/share/torto_input_handle/hook/pythonpath_develop.ps1'
[3.718s] INFO:colcon.colcon_core.shell:Creating environment descriptor '/home/sirapob/torto_ws/build/torto_input_handle/share/torto_input_handle/hook/pythonpath_develop.dsv'
[3.719s] DEBUG:colcon.colcon_core.event_handler.log_command:Invoked command in '/home/sirapob/torto_ws/build/torto_input_handle' returned '0': DEBUGINFOD_URLS=https://debuginfod.ubuntu.com PYTHONPATH=/home/sirapob/torto_ws/build/torto_input_handle/prefix_override:/usr/lib/python3/dist-packages/colcon_core/task/python/colcon_distutils_commands:/home/sirapob/torto_ws/install/torto_input_handle/lib/python3.12/site-packages:${PYTHONPATH} /usr/bin/python3 -W ignore:setup.py install is deprecated -W ignore:easy_install command is deprecated setup.py develop --editable --build-directory /home/sirapob/torto_ws/build/torto_input_handle/build --no-deps symlink_data
[3.725s] INFO:colcon.colcon_core.shell:Creating environment hook '/home/sirapob/torto_ws/build/torto_input_handle/share/torto_input_handle/hook/pythonpath_develop.sh'
[3.727s] Level 1:colcon.colcon_core.environment:checking '/home/sirapob/torto_ws/install/torto_input_handle' for CMake module files
[3.728s] Level 1:colcon.colcon_core.environment:checking '/home/sirapob/torto_ws/install/torto_input_handle' for CMake config files
[3.729s] Level 1:colcon.colcon_core.environment:checking '/home/sirapob/torto_ws/install/torto_input_handle/lib'
[3.729s] Level 1:colcon.colcon_core.environment:checking '/home/sirapob/torto_ws/install/torto_input_handle/bin'
[3.729s] Level 1:colcon.colcon_core.environment:checking '/home/sirapob/torto_ws/install/torto_input_handle/lib/pkgconfig/torto_input_handle.pc'
[3.730s] Level 1:colcon.colcon_core.environment:checking '/home/sirapob/torto_ws/install/torto_input_handle/lib/python3.12/site-packages'
[3.730s] Level 1:colcon.colcon_core.shell:create_environment_hook('torto_input_handle', 'pythonpath')
[3.730s] INFO:colcon.colcon_core.shell:Creating environment hook '/home/sirapob/torto_ws/install/torto_input_handle/share/torto_input_handle/hook/pythonpath.ps1'
[3.731s] INFO:colcon.colcon_core.shell:Creating environment descriptor '/home/sirapob/torto_ws/install/torto_input_handle/share/torto_input_handle/hook/pythonpath.dsv'
[3.732s] INFO:colcon.colcon_core.shell:Creating environment hook '/home/sirapob/torto_ws/install/torto_input_handle/share/torto_input_handle/hook/pythonpath.sh'
[3.733s] Level 1:colcon.colcon_core.environment:checking '/home/sirapob/torto_ws/install/torto_input_handle/bin'
[3.734s] Level 1:colcon.colcon_core.environment:create_environment_scripts_only(torto_input_handle)
[3.734s] INFO:colcon.colcon_core.shell:Creating package script '/home/sirapob/torto_ws/install/torto_input_handle/share/torto_input_handle/package.ps1'
[3.735s] INFO:colcon.colcon_core.shell:Creating package descriptor '/home/sirapob/torto_ws/install/torto_input_handle/share/torto_input_handle/package.dsv'
[3.737s] INFO:colcon.colcon_core.shell:Creating package script '/home/sirapob/torto_ws/install/torto_input_handle/share/torto_input_handle/package.sh'
[3.738s] INFO:colcon.colcon_core.shell:Creating package script '/home/sirapob/torto_ws/install/torto_input_handle/share/torto_input_handle/package.bash'
[3.743s] INFO:colcon.colcon_core.shell:Creating package script '/home/sirapob/torto_ws/install/torto_input_handle/share/torto_input_handle/package.zsh'
[3.744s] Level 1:colcon.colcon_core.environment:create_file_with_runtime_dependencies(/home/sirapob/torto_ws/install/torto_input_handle/share/colcon-core/packages/torto_input_handle)
[4.284s] Level 1:colcon.colcon_core.shell:create_environment_hook('torto_ctrl', 'pythonpath_develop')
[4.284s] INFO:colcon.colcon_core.shell:Creating environment hook '/home/sirapob/torto_ws/build/torto_ctrl/share/torto_ctrl/hook/pythonpath_develop.ps1'
[4.285s] DEBUG:colcon.colcon_core.event_handler.log_command:Invoked command in '/home/sirapob/torto_ws/build/torto_ctrl' returned '0': CMAKE_PREFIX_PATH=/home/sirapob/torto_ws/install/torto_interfaces:/home/sirapob/torto_ws/install/ydlidar_ros2_driver:/opt/ros/jazzy/opt/gz_math_vendor:/opt/ros/jazzy/opt/gz_utils_vendor:/opt/ros/jazzy/opt/gz_cmake_vendor DEBUGINFOD_URLS=https://debuginfod.ubuntu.com PYTHONPATH=/home/sirapob/torto_ws/build/torto_ctrl/prefix_override:/usr/lib/python3/dist-packages/colcon_core/task/python/colcon_distutils_commands:/home/sirapob/torto_ws/install/torto_ctrl/lib/python3.12/site-packages:/home/sirapob/torto_ws/install/torto_interfaces/lib/python3.12/site-packages:/home/sirapob/torto_ws/build/torto_ydlidar:/home/sirapob/torto_ws/install/torto_ydlidar/lib/python3.12/site-packages:/home/sirapob/torto_ws/build/torto_ctrl:/home/sirapob/torto_ws/install/torto_ctrl/lib/python3.12/site-packages:/home/sirapob/torto_ws/build/torto_input_handle:/home/sirapob/torto_ws/install/torto_input_handle/lib/python3.12/site-packages:/home/sirapob/torto_ws/build/torto_hardware:/home/sirapob/torto_ws/install/torto_hardware/lib/python3.12/site-packages:/opt/ros/jazzy/lib/python3.12/site-packages /usr/bin/python3 -W ignore:setup.py install is deprecated -W ignore:easy_install command is deprecated setup.py develop --editable --build-directory /home/sirapob/torto_ws/build/torto_ctrl/build --no-deps symlink_data
[4.285s] INFO:colcon.colcon_core.shell:Creating environment descriptor '/home/sirapob/torto_ws/build/torto_ctrl/share/torto_ctrl/hook/pythonpath_develop.dsv'
[4.291s] INFO:colcon.colcon_core.shell:Creating environment hook '/home/sirapob/torto_ws/build/torto_ctrl/share/torto_ctrl/hook/pythonpath_develop.sh'
[4.293s] Level 1:colcon.colcon_core.environment:checking '/home/sirapob/torto_ws/install/torto_ctrl' for CMake module files
[4.293s] Level 1:colcon.colcon_core.environment:checking '/home/sirapob/torto_ws/install/torto_ctrl' for CMake config files
[4.294s] Level 1:colcon.colcon_core.environment:checking '/home/sirapob/torto_ws/install/torto_ctrl/lib'
[4.294s] Level 1:colcon.colcon_core.environment:checking '/home/sirapob/torto_ws/install/torto_ctrl/bin'
[4.294s] Level 1:colcon.colcon_core.environment:checking '/home/sirapob/torto_ws/install/torto_ctrl/lib/pkgconfig/torto_ctrl.pc'
[4.295s] Level 1:colcon.colcon_core.environment:checking '/home/sirapob/torto_ws/install/torto_ctrl/lib/python3.12/site-packages'
[4.295s] Level 1:colcon.colcon_core.shell:create_environment_hook('torto_ctrl', 'pythonpath')
[4.295s] INFO:colcon.colcon_core.shell:Creating environment hook '/home/sirapob/torto_ws/install/torto_ctrl/share/torto_ctrl/hook/pythonpath.ps1'
[4.296s] INFO:colcon.colcon_core.shell:Creating environment descriptor '/home/sirapob/torto_ws/install/torto_ctrl/share/torto_ctrl/hook/pythonpath.dsv'
[4.297s] INFO:colcon.colcon_core.shell:Creating environment hook '/home/sirapob/torto_ws/install/torto_ctrl/share/torto_ctrl/hook/pythonpath.sh'
[4.298s] Level 1:colcon.colcon_core.environment:checking '/home/sirapob/torto_ws/install/torto_ctrl/bin'
[4.298s] Level 1:colcon.colcon_core.environment:create_environment_scripts_only(torto_ctrl)
[4.299s] INFO:colcon.colcon_core.shell:Creating package script '/home/sirapob/torto_ws/install/torto_ctrl/share/torto_ctrl/package.ps1'
[4.299s] INFO:colcon.colcon_core.shell:Creating package descriptor '/home/sirapob/torto_ws/install/torto_ctrl/share/torto_ctrl/package.dsv'
[4.300s] INFO:colcon.colcon_core.shell:Creating package script '/home/sirapob/torto_ws/install/torto_ctrl/share/torto_ctrl/package.sh'
[4.301s] INFO:colcon.colcon_core.shell:Creating package script '/home/sirapob/torto_ws/install/torto_ctrl/share/torto_ctrl/package.bash'
[4.302s] INFO:colcon.colcon_core.shell:Creating package script '/home/sirapob/torto_ws/install/torto_ctrl/share/torto_ctrl/package.zsh'
[4.303s] Level 1:colcon.colcon_core.environment:create_file_with_runtime_dependencies(/home/sirapob/torto_ws/install/torto_ctrl/share/colcon-core/packages/torto_ctrl)
[4.304s] DEBUG:colcon.colcon_parallel_executor.executor.parallel:closing loop
[4.304s] DEBUG:colcon.colcon_parallel_executor.executor.parallel:loop closed
[4.305s] DEBUG:colcon.colcon_parallel_executor.executor.parallel:run_until_complete finished with '0'
[4.305s] DEBUG:colcon.colcon_core.event_reactor:joining thread
[4.314s] INFO:colcon.colcon_core.plugin_system:Skipping extension 'colcon_notification.desktop_notification.terminal_notifier': Not used on non-Darwin systems
[4.314s] INFO:colcon.colcon_core.plugin_system:Skipping extension 'colcon_notification.desktop_notification.win32': Not used on non-Windows systems
[4.314s] INFO:colcon.colcon_notification.desktop_notification:Sending desktop notification using 'notify2'
[4.315s] DEBUG:colcon.colcon_notification.desktop_notification.notify2:Failed to initialize notify2: org.freedesktop.DBus.Error.ServiceUnknown: The name org.freedesktop.Notifications was not provided by any .service files
[4.315s] DEBUG:colcon.colcon_core.event_reactor:joined thread
[4.316s] INFO:colcon.colcon_core.shell:Creating prefix script '/home/sirapob/torto_ws/install/local_setup.ps1'
[4.317s] INFO:colcon.colcon_core.shell:Creating prefix util module '/home/sirapob/torto_ws/install/_local_setup_util_ps1.py'
[4.323s] INFO:colcon.colcon_core.shell:Creating prefix chain script '/home/sirapob/torto_ws/install/setup.ps1'
[4.325s] INFO:colcon.colcon_core.shell:Creating prefix script '/home/sirapob/torto_ws/install/local_setup.sh'
[4.326s] INFO:colcon.colcon_core.shell:Creating prefix util module '/home/sirapob/torto_ws/install/_local_setup_util_sh.py'
[4.328s] INFO:colcon.colcon_core.shell:Creating prefix chain script '/home/sirapob/torto_ws/install/setup.sh'
[4.329s] INFO:colcon.colcon_core.shell:Creating prefix script '/home/sirapob/torto_ws/install/local_setup.bash'
[4.330s] INFO:colcon.colcon_core.shell:Creating prefix chain script '/home/sirapob/torto_ws/install/setup.bash'
[4.332s] INFO:colcon.colcon_core.shell:Creating prefix script '/home/sirapob/torto_ws/install/local_setup.zsh'
[4.333s] INFO:colcon.colcon_core.shell:Creating prefix chain script '/home/sirapob/torto_ws/install/setup.zsh'
