[0.018s] Invoking command in '/home/sirapob/torto_ws/build/lio_sam': CMAKE_PREFIX_PATH=${CMAKE_PREFIX_PATH}:/home/sirapob/torto_ws/install/torto_ctrl:/home/sirapob/torto_ws/install/torto_input_handle:/home/sirapob/torto_ws/install/torto_hardware:/opt/ros/jazzy DEBUGINFOD_URLS=https://debuginfod.ubuntu.com /usr/bin/cmake /home/sirapob/torto_ws/src/lio_sam_ros2 -DAMENT_CMAKE_SYMLINK_INSTALL=1 -DCMAKE_INSTALL_PREFIX=/home/sirapob/torto_ws/install/lio_sam
[0.043s] -- Found ament_cmake: 2.5.3 (/opt/ros/jazzy/share/ament_cmake/cmake)
[0.374s] -- Override CMake install command with custom implementation using symlinks instead of copying resources
[0.384s] -- Found rosidl_default_generators: 1.6.0 (/opt/ros/jazzy/share/rosidl_default_generators/cmake)
[0.388s] -- Using all available rosidl_typesupport_c: rosidl_typesupport_fastrtps_c;rosidl_typesupport_introspection_c
[0.435s] -- Using all available rosidl_typesupport_cpp: rosidl_typesupport_fastrtps_cpp;rosidl_typesupport_introspection_cpp
[0.474s] -- Found rosidl_adapter: 4.6.5 (/opt/ros/jazzy/share/rosidl_adapter/cmake)
[0.476s] -- Found rclcpp: 28.1.6 (/opt/ros/jazzy/share/rclcpp/cmake)
[0.565s] -- Found rmw_implementation_cmake: 7.3.1 (/opt/ros/jazzy/share/rmw_implementation_cmake/cmake)
[0.568s] -- Found rmw_fastrtps_cpp: 8.4.1 (/opt/ros/jazzy/share/rmw_fastrtps_cpp/cmake)
[0.664s] -- Using RMW implementation 'rmw_fastrtps_cpp' as default
[0.746s] -- Found rclpy: 7.1.3 (/opt/ros/jazzy/share/rclpy/cmake)
[0.746s] -- Found cv_bridge: 4.1.0 (/opt/ros/jazzy/share/cv_bridge/cmake)
[0.834s] -- Found nav_msgs: 5.3.5 (/opt/ros/jazzy/share/nav_msgs/cmake)
[0.866s] -- Found visualization_msgs: 5.3.5 (/opt/ros/jazzy/share/visualization_msgs/cmake)
[0.902s] -- Found pcl_conversions: 2.6.2 (/opt/ros/jazzy/share/pcl_conversions/cmake)
[0.970s] [33mCMake Warning (dev) at /usr/lib/aarch64-linux-gnu/cmake/pcl/Modules/FindFLANN.cmake:45 (find_package):
[0.970s]   Policy CMP0144 is not set: find_package uses upper-case <PACKAGENAME>_ROOT
[0.970s]   variables.  Run "cmake --help-policy CMP0144" for policy details.  Use the
[0.970s]   cmake_policy command to set the policy and suppress this warning.
[0.970s] 
[0.970s]   CMake variable FLANN_ROOT is set to:
[0.970s] 
[0.970s]     /usr
[0.970s] 
[0.971s]   For compatibility, find_package is ignoring the variable, but code in a
[0.971s]   .cmake module might still use it.
[0.971s] Call Stack (most recent call first):
[0.971s]   /usr/lib/aarch64-linux-gnu/cmake/pcl/PCLConfig.cmake:261 (find_package)
[0.971s]   /usr/lib/aarch64-linux-gnu/cmake/pcl/PCLConfig.cmake:306 (find_flann)
[0.971s]   /usr/lib/aarch64-linux-gnu/cmake/pcl/PCLConfig.cmake:570 (find_external_library)
[0.971s]   /opt/ros/jazzy/share/pcl_conversions/cmake/ament_cmake_export_dependencies-extras.cmake:21 (find_package)
[0.971s]   /opt/ros/jazzy/share/pcl_conversions/cmake/pcl_conversionsConfig.cmake:41 (include)
[0.971s]   CMakeLists.txt:20 (find_package)
[0.971s] This warning is for project developers.  Use -Wno-dev to suppress it.
[0.971s] [0m
[0.972s] -- Found flann version 1.9.2
[1.598s] -- OpenNI found (version: 1.5.4.0, include: /usr/include/ni, lib: /usr/lib/libOpenNI.so;libusb::libusb)
[1.609s] -- OpenNI2 found (version: 2.2.0.33, include: /usr/include/openni2, lib: /usr/lib/aarch64-linux-gnu/libOpenNI2.so;libusb::libusb)
[1.613s] -- Could NOT find Pcap (missing: PCAP_LIBRARIES PCAP_INCLUDE_DIRS) 
[2.255s] -- OpenNI found (version: 1.5.4.0, include: /usr/include/ni, lib: /usr/lib/libOpenNI.so;libusb::libusb)
[2.266s] -- OpenNI2 found (version: 2.2.0.33, include: /usr/include/openni2, lib: /usr/lib/aarch64-linux-gnu/libOpenNI2.so;libusb::libusb)
[2.851s] -- Found Qhull version 8.0.2
[3.465s] -- OpenNI found (version: 1.5.4.0, include: /usr/include/ni, lib: /usr/lib/libOpenNI.so;libusb::libusb)
[4.063s] -- Found tf2: 0.36.8 (/opt/ros/jazzy/share/tf2/cmake)
[4.068s] -- Found tf2_geometry_msgs: 0.36.8 (/opt/ros/jazzy/share/tf2_geometry_msgs/cmake)
[4.072s] -- Found eigen3_cmake_module: 0.3.0 (/opt/ros/jazzy/share/eigen3_cmake_module/cmake)
[4.075s] -- Ensuring Eigen3 include directory is part of orocos-kdl CMake target
[4.209s] -- Found tf2_sensor_msgs: 0.36.8 (/opt/ros/jazzy/share/tf2_sensor_msgs/cmake)
[4.214s] -- Found tf2_eigen: 0.36.8 (/opt/ros/jazzy/share/tf2_eigen/cmake)
[4.225s] [33mCMake Warning (dev) at CMakeLists.txt:29 (find_package):
[4.225s]   Policy CMP0074 is not set: find_package uses <PackageName>_ROOT variables.
[4.225s]   Run "cmake --help-policy CMP0074" for policy details.  Use the cmake_policy
[4.225s]   command to set the policy and suppress this warning.
[4.225s] 
[4.225s]   CMake variable PCL_ROOT is set to:
[4.225s] 
[4.225s]     /usr
[4.225s] 
[4.226s]   For compatibility, CMake is ignoring the variable.
[4.226s] This warning is for project developers.  Use -Wno-dev to suppress it.
[4.226s] [0m
[4.261s] -- GTSAM include directory:  /opt/ros/jazzy/lib/cmake/GTSAM/../../../include
[4.270s] [31mCMake Error at CMakeLists.txt:31 (find_package):
[4.270s]   By not providing "FindEigen.cmake" in CMAKE_MODULE_PATH this project has
[4.270s]   asked CMake to find a package configuration file provided by "Eigen", but
[4.270s]   CMake did not find one.
[4.271s] 
[4.271s]   Could not find a package configuration file provided by "Eigen" with any of
[4.271s]   the following names:
[4.271s] 
[4.271s]     EigenConfig.cmake
[4.271s]     eigen-config.cmake
[4.271s] 
[4.271s]   Add the installation prefix of "Eigen" to CMAKE_PREFIX_PATH or set
[4.271s]   "Eigen_DIR" to a directory containing one of the above files.  If "Eigen"
[4.271s]   provides a separate development package or SDK, be sure it has been
[4.271s]   installed.
[4.272s] 
[4.272s] [0m
[4.272s] -- Configuring incomplete, errors occurred!
[4.313s] Invoked command in '/home/sirapob/torto_ws/build/lio_sam' returned '1': CMAKE_PREFIX_PATH=${CMAKE_PREFIX_PATH}:/home/sirapob/torto_ws/install/torto_ctrl:/home/sirapob/torto_ws/install/torto_input_handle:/home/sirapob/torto_ws/install/torto_hardware:/opt/ros/jazzy DEBUGINFOD_URLS=https://debuginfod.ubuntu.com /usr/bin/cmake /home/sirapob/torto_ws/src/lio_sam_ros2 -DAMENT_CMAKE_SYMLINK_INSTALL=1 -DCMAKE_INSTALL_PREFIX=/home/sirapob/torto_ws/install/lio_sam
