[0.031s] Invoking command in '/home/sirapob/torto_ws/build/torto_interfaces': CMAKE_PREFIX_PATH=${CMAKE_PREFIX_PATH}:/home/sirapob/torto_ws/install/torto_ctrl:/home/sirapob/torto_ws/install/torto_input_handle:/home/sirapob/torto_ws/install/torto_hardware:/opt/ros/jazzy DEBUGINFOD_URLS=https://debuginfod.ubuntu.com /usr/bin/cmake /home/sirapob/torto_ws/src/torto_interfaces -DAMENT_CMAKE_SYMLINK_INSTALL=1 -DCMAKE_INSTALL_PREFIX=/home/sirapob/torto_ws/install/torto_interfaces
[0.096s] -- Found ament_cmake: 2.5.2 (/opt/ros/jazzy/share/ament_cmake/cmake)
[0.150s] -- Found Python3: /usr/bin/python3 (found version "3.12.3") found components: Interpreter 
[0.316s] -- Override CMake install command with custom implementation using symlinks instead of copying resources
[0.359s] -- Found rosidl_default_generators: 1.6.0 (/opt/ros/jazzy/share/rosidl_default_generators/cmake)
[0.368s] -- Using all available rosidl_typesupport_c: rosidl_typesupport_fastrtps_c;rosidl_typesupport_introspection_c
[0.449s] -- Using all available rosidl_typesupport_cpp: rosidl_typesupport_fastrtps_cpp;rosidl_typesupport_introspection_cpp
[0.521s] -- Found rosidl_adapter: 4.6.4 (/opt/ros/jazzy/share/rosidl_adapter/cmake)
[0.825s] [31mCMake Error at /opt/ros/jazzy/share/rosidl_adapter/cmake/rosidl_adapt_interfaces.cmake:57 (message):
[0.826s]   execute_process(/usr/bin/python3 -m rosidl_adapter --package-name
[0.826s]   torto_interfaces --arguments-file
[0.826s]   /home/sirapob/torto_ws/build/torto_interfaces/rosidl_adapter__arguments__torto_interfaces.json
[0.826s]   --output-dir
[0.826s]   /home/sirapob/torto_ws/build/torto_interfaces/rosidl_adapter/torto_interfaces
[0.826s]   --output-file
[0.826s]   /home/sirapob/torto_ws/build/torto_interfaces/rosidl_adapter/torto_interfaces.idls)
[0.826s]   returned error code 1:
[0.826s] 
[0.827s]   Error processing 'float64 Vx' of 'torto_interfaces/TortoCtrlParams': ''Vx'
[0.827s]   is an invalid field name.  It should have the pattern
[0.827s]   '^(?!.*__)(?!.*_$)[a-z][a-z0-9_]*$''
[0.827s] 
[0.827s]   Traceback (most recent call last):
[0.827s] 
[0.827s]     File "<frozen runpy>", line 198, in _run_module_as_main
[0.827s]     File "<frozen runpy>", line 88, in _run_code
[0.827s]     File "/opt/ros/jazzy/lib/python3.12/site-packages/rosidl_adapter/__main__.py", line 19, in <module>
[0.827s]       sys.exit(main())
[0.827s]                ^^^^^^
[0.827s]     File "/opt/ros/jazzy/lib/python3.12/site-packages/rosidl_adapter/main.py", line 53, in main
[0.828s]       abs_idl_file = convert_to_idl(
[0.828s]                      ^^^^^^^^^^^^^^^
[0.828s]     File "/opt/ros/jazzy/lib/python3.12/site-packages/rosidl_adapter/__init__.py", line 19, in convert_to_idl
[0.828s]       return convert_msg_to_idl(
[0.828s]              ^^^^^^^^^^^^^^^^^^^
[0.828s]     File "/opt/ros/jazzy/lib/python3.12/site-packages/rosidl_adapter/msg/__init__.py", line 28, in convert_msg_to_idl
[0.828s]       msg = parse_message_string(package_name, input_file.stem, content)
[0.828s]             ^^^^^^^^^^^^^^^^^^^^^^^^^^^^^^^^^^^^^^^^^^^^^^^^^^^^^^^^^^^^
[0.828s]     File "/opt/ros/jazzy/lib/python3.12/site-packages/rosidl_adapter/parser.py", line 520, in parse_message_string
[0.828s]       fields.append(Field(
[0.828s]                     ^^^^^^
[0.828s]     File "/opt/ros/jazzy/lib/python3.12/site-packages/rosidl_adapter/parser.py", line 355, in __init__
[0.829s]       raise NameError(
[0.829s] 
[0.829s]   NameError: 'Vx' is an invalid field name.  It should have the pattern
[0.829s]   '^(?!.*__)(?!.*_$)[a-z][a-z0-9_]*$'
[0.829s] 
[0.829s] Call Stack (most recent call first):
[0.829s]   /opt/ros/jazzy/share/rosidl_cmake/cmake/rosidl_generate_interfaces.cmake:132 (rosidl_adapt_interfaces)
[0.829s]   CMakeLists.txt:12 (rosidl_generate_interfaces)
[0.829s] 
[0.829s] [0m
[0.829s] -- Configuring incomplete, errors occurred!
[0.844s] Invoked command in '/home/sirapob/torto_ws/build/torto_interfaces' returned '1': CMAKE_PREFIX_PATH=${CMAKE_PREFIX_PATH}:/home/sirapob/torto_ws/install/torto_ctrl:/home/sirapob/torto_ws/install/torto_input_handle:/home/sirapob/torto_ws/install/torto_hardware:/opt/ros/jazzy DEBUGINFOD_URLS=https://debuginfod.ubuntu.com /usr/bin/cmake /home/sirapob/torto_ws/src/torto_interfaces -DAMENT_CMAKE_SYMLINK_INSTALL=1 -DCMAKE_INSTALL_PREFIX=/home/sirapob/torto_ws/install/torto_interfaces
