running egg_info
creating ../build/torto_ctrl/torto_ctrl.egg-info
writing ../build/torto_ctrl/torto_ctrl.egg-info/PKG-INFO
writing dependency_links to ../build/torto_ctrl/torto_ctrl.egg-info/dependency_links.txt
writing requirements to ../build/torto_ctrl/torto_ctrl.egg-info/requires.txt
writing top-level names to ../build/torto_ctrl/torto_ctrl.egg-info/top_level.txt
writing manifest file '../build/torto_ctrl/torto_ctrl.egg-info/SOURCES.txt'
reading manifest file '../build/torto_ctrl/torto_ctrl.egg-info/SOURCES.txt'
writing manifest file '../build/torto_ctrl/torto_ctrl.egg-info/SOURCES.txt'
running build
running build_py
creating /home/sirapob/torto_ws/build/torto_ctrl/build
creating /home/sirapob/torto_ws/build/torto_ctrl/build/lib
creating /home/sirapob/torto_ws/build/torto_ctrl/build/lib/torto_ctrl
copying torto_ctrl/__init__.py -> /home/sirapob/torto_ws/build/torto_ctrl/build/lib/torto_ctrl
running install
running install_lib
creating /home/sirapob/torto_ws/install/torto_ctrl/lib/python3.12/site-packages/torto_ctrl
copying /home/sirapob/torto_ws/build/torto_ctrl/build/lib/torto_ctrl/__init__.py -> /home/sirapob/torto_ws/install/torto_ctrl/lib/python3.12/site-packages/torto_ctrl
byte-compiling /home/sirapob/torto_ws/install/torto_ctrl/lib/python3.12/site-packages/torto_ctrl/__init__.py to __init__.cpython-312.pyc
running install_data
creating /home/sirapob/torto_ws/install/torto_ctrl/share/ament_index
creating /home/sirapob/torto_ws/install/torto_ctrl/share/ament_index/resource_index
creating /home/sirapob/torto_ws/install/torto_ctrl/share/ament_index/resource_index/packages
copying resource/torto_ctrl -> /home/sirapob/torto_ws/install/torto_ctrl/share/ament_index/resource_index/packages
copying package.xml -> /home/sirapob/torto_ws/install/torto_ctrl/share/torto_ctrl
running install_egg_info
Copying ../build/torto_ctrl/torto_ctrl.egg-info to /home/sirapob/torto_ws/install/torto_ctrl/lib/python3.12/site-packages/torto_ctrl-0.0.0-py3.12.egg-info
running install_scripts
writing list of installed files to '/home/sirapob/torto_ws/build/torto_ctrl/install.log'
