[1.551s] Invoking command in '/home/sirapob/torto_ws/torto_ctrl': DEBUGINFOD_URLS=https://debuginfod.ubuntu.com PYTHONPATH=/home/sirapob/torto_ws/build/torto_ctrl/prefix_override:/usr/lib/python3/dist-packages/colcon_core/task/python/colcon_distutils_commands:/home/sirapob/torto_ws/install/torto_ctrl/lib/python3.12/site-packages:${PYTHONPATH} /usr/bin/python3 -W ignore:setup.py install is deprecated -W ignore:easy_install command is deprecated setup.py egg_info --egg-base ../build/torto_ctrl build --build-base /home/sirapob/torto_ws/build/torto_ctrl/build install --record /home/sirapob/torto_ws/build/torto_ctrl/install.log --single-version-externally-managed install_data
[1.918s] running egg_info
[1.918s] creating ../build/torto_ctrl/torto_ctrl.egg-info
[1.943s] writing ../build/torto_ctrl/torto_ctrl.egg-info/PKG-INFO
[1.944s] writing dependency_links to ../build/torto_ctrl/torto_ctrl.egg-info/dependency_links.txt
[1.944s] writing requirements to ../build/torto_ctrl/torto_ctrl.egg-info/requires.txt
[1.944s] writing top-level names to ../build/torto_ctrl/torto_ctrl.egg-info/top_level.txt
[1.944s] writing manifest file '../build/torto_ctrl/torto_ctrl.egg-info/SOURCES.txt'
[1.993s] reading manifest file '../build/torto_ctrl/torto_ctrl.egg-info/SOURCES.txt'
[1.994s] writing manifest file '../build/torto_ctrl/torto_ctrl.egg-info/SOURCES.txt'
[1.994s] running build
[1.995s] running build_py
[1.995s] creating /home/sirapob/torto_ws/build/torto_ctrl/build
[1.995s] creating /home/sirapob/torto_ws/build/torto_ctrl/build/lib
[1.995s] creating /home/sirapob/torto_ws/build/torto_ctrl/build/lib/torto_ctrl
[1.995s] copying torto_ctrl/__init__.py -> /home/sirapob/torto_ws/build/torto_ctrl/build/lib/torto_ctrl
[1.995s] running install
[2.005s] running install_lib
[2.030s] creating /home/sirapob/torto_ws/install/torto_ctrl/lib/python3.12/site-packages/torto_ctrl
[2.030s] copying /home/sirapob/torto_ws/build/torto_ctrl/build/lib/torto_ctrl/__init__.py -> /home/sirapob/torto_ws/install/torto_ctrl/lib/python3.12/site-packages/torto_ctrl
[2.031s] byte-compiling /home/sirapob/torto_ws/install/torto_ctrl/lib/python3.12/site-packages/torto_ctrl/__init__.py to __init__.cpython-312.pyc
[2.031s] running install_data
[2.031s] creating /home/sirapob/torto_ws/install/torto_ctrl/share/ament_index
[2.032s] creating /home/sirapob/torto_ws/install/torto_ctrl/share/ament_index/resource_index
[2.032s] creating /home/sirapob/torto_ws/install/torto_ctrl/share/ament_index/resource_index/packages
[2.032s] copying resource/torto_ctrl -> /home/sirapob/torto_ws/install/torto_ctrl/share/ament_index/resource_index/packages
[2.032s] copying package.xml -> /home/sirapob/torto_ws/install/torto_ctrl/share/torto_ctrl
[2.032s] running install_egg_info
[2.059s] Copying ../build/torto_ctrl/torto_ctrl.egg-info to /home/sirapob/torto_ws/install/torto_ctrl/lib/python3.12/site-packages/torto_ctrl-0.0.0-py3.12.egg-info
[2.060s] running install_scripts
[2.233s] writing list of installed files to '/home/sirapob/torto_ws/build/torto_ctrl/install.log'
[2.312s] Invoked command in '/home/sirapob/torto_ws/torto_ctrl' returned '0': DEBUGINFOD_URLS=https://debuginfod.ubuntu.com PYTHONPATH=/home/sirapob/torto_ws/build/torto_ctrl/prefix_override:/usr/lib/python3/dist-packages/colcon_core/task/python/colcon_distutils_commands:/home/sirapob/torto_ws/install/torto_ctrl/lib/python3.12/site-packages:${PYTHONPATH} /usr/bin/python3 -W ignore:setup.py install is deprecated -W ignore:easy_install command is deprecated setup.py egg_info --egg-base ../build/torto_ctrl build --build-base /home/sirapob/torto_ws/build/torto_ctrl/build install --record /home/sirapob/torto_ws/build/torto_ctrl/install.log --single-version-externally-managed install_data
