[1.271s] Invoking command in '/home/sirapob/torto_ws/build/torto_ctrl': DEBUGINFOD_URLS=https://debuginfod.ubuntu.com PYTHONPATH=/home/sirapob/torto_ws/build/torto_ctrl/prefix_override:/usr/lib/python3/dist-packages/colcon_core/task/python/colcon_distutils_commands:/home/sirapob/torto_ws/install/torto_ctrl/lib/python3.12/site-packages:/home/sirapob/torto_ws/install/torto_interfaces/lib/python3.12/site-packages:/home/sirapob/torto_ws/build/torto_ctrl:/home/sirapob/torto_ws/install/torto_ctrl/lib/python3.12/site-packages:/home/sirapob/torto_ws/build/torto_hardware:/home/sirapob/torto_ws/install/torto_hardware/lib/python3.12/site-packages:/opt/ros/jazzy/lib/python3.12/site-packages /usr/bin/python3 -W ignore:setup.py install is deprecated -W ignore:easy_install command is deprecated setup.py develop --uninstall --editable --build-directory /home/sirapob/torto_ws/build/torto_ctrl/build
[1.717s] running develop
[1.983s] Removing /home/sirapob/torto_ws/install/torto_ctrl/lib/python3.12/site-packages/torto-ctrl.egg-link (link to .)
[2.079s] Invoked command in '/home/sirapob/torto_ws/build/torto_ctrl' returned '0': DEBUGINFOD_URLS=https://debuginfod.ubuntu.com PYTHONPATH=/home/sirapob/torto_ws/build/torto_ctrl/prefix_override:/usr/lib/python3/dist-packages/colcon_core/task/python/colcon_distutils_commands:/home/sirapob/torto_ws/install/torto_ctrl/lib/python3.12/site-packages:/home/sirapob/torto_ws/install/torto_interfaces/lib/python3.12/site-packages:/home/sirapob/torto_ws/build/torto_ctrl:/home/sirapob/torto_ws/install/torto_ctrl/lib/python3.12/site-packages:/home/sirapob/torto_ws/build/torto_hardware:/home/sirapob/torto_ws/install/torto_hardware/lib/python3.12/site-packages:/opt/ros/jazzy/lib/python3.12/site-packages /usr/bin/python3 -W ignore:setup.py install is deprecated -W ignore:easy_install command is deprecated setup.py develop --uninstall --editable --build-directory /home/sirapob/torto_ws/build/torto_ctrl/build
[2.081s] Invoking command in '/home/sirapob/torto_ws/src/torto_ctrl': DEBUGINFOD_URLS=https://debuginfod.ubuntu.com PYTHONPATH=/home/sirapob/torto_ws/build/torto_ctrl/prefix_override:/usr/lib/python3/dist-packages/colcon_core/task/python/colcon_distutils_commands:/home/sirapob/torto_ws/install/torto_ctrl/lib/python3.12/site-packages:/home/sirapob/torto_ws/install/torto_interfaces/lib/python3.12/site-packages:/home/sirapob/torto_ws/build/torto_ctrl:/home/sirapob/torto_ws/install/torto_ctrl/lib/python3.12/site-packages:/home/sirapob/torto_ws/build/torto_hardware:/home/sirapob/torto_ws/install/torto_hardware/lib/python3.12/site-packages:/opt/ros/jazzy/lib/python3.12/site-packages /usr/bin/python3 -W ignore:setup.py install is deprecated -W ignore:easy_install command is deprecated setup.py egg_info --egg-base ../../build/torto_ctrl build --build-base /home/sirapob/torto_ws/build/torto_ctrl/build install --record /home/sirapob/torto_ws/build/torto_ctrl/install.log --single-version-externally-managed install_data --force
[2.455s] running egg_info
[2.480s] writing ../../build/torto_ctrl/torto_ctrl.egg-info/PKG-INFO
[2.481s] writing dependency_links to ../../build/torto_ctrl/torto_ctrl.egg-info/dependency_links.txt
[2.487s] writing entry points to ../../build/torto_ctrl/torto_ctrl.egg-info/entry_points.txt
[2.488s] writing requirements to ../../build/torto_ctrl/torto_ctrl.egg-info/requires.txt
[2.490s] writing top-level names to ../../build/torto_ctrl/torto_ctrl.egg-info/top_level.txt
[2.545s] reading manifest file '../../build/torto_ctrl/torto_ctrl.egg-info/SOURCES.txt'
[2.552s] writing manifest file '../../build/torto_ctrl/torto_ctrl.egg-info/SOURCES.txt'
[2.552s] running build
[2.552s] running build_py
[2.552s] copying torto_ctrl/torto_controller_node.py -> /home/sirapob/torto_ws/build/torto_ctrl/build/lib/torto_ctrl
[2.553s] copying torto_ctrl/kinematic_model/adaptive_limb.py -> /home/sirapob/torto_ws/build/torto_ctrl/build/lib/torto_ctrl/kinematic_model
[2.553s] copying torto_ctrl/kinematic_model/transform_RT.py -> /home/sirapob/torto_ws/build/torto_ctrl/build/lib/torto_ctrl/kinematic_model
[2.553s] copying torto_ctrl/kinematic_model/inverse_kinematic.py -> /home/sirapob/torto_ws/build/torto_ctrl/build/lib/torto_ctrl/kinematic_model
[2.553s] copying torto_ctrl/kinematic_model/transformationBody_model.py -> /home/sirapob/torto_ws/build/torto_ctrl/build/lib/torto_ctrl/kinematic_model
[2.554s] running install
[2.565s] running install_lib
[2.591s] copying /home/sirapob/torto_ws/build/torto_ctrl/build/lib/torto_ctrl/__init__.py -> /home/sirapob/torto_ws/install/torto_ctrl/lib/python3.12/site-packages/torto_ctrl
[2.591s] copying /home/sirapob/torto_ws/build/torto_ctrl/build/lib/torto_ctrl/torto_controller_node.py -> /home/sirapob/torto_ws/install/torto_ctrl/lib/python3.12/site-packages/torto_ctrl
[2.592s] creating /home/sirapob/torto_ws/install/torto_ctrl/lib/python3.12/site-packages/torto_ctrl/kinematic_model
[2.592s] copying /home/sirapob/torto_ws/build/torto_ctrl/build/lib/torto_ctrl/kinematic_model/__init__.py -> /home/sirapob/torto_ws/install/torto_ctrl/lib/python3.12/site-packages/torto_ctrl/kinematic_model
[2.592s] copying /home/sirapob/torto_ws/build/torto_ctrl/build/lib/torto_ctrl/kinematic_model/transformation_model.py -> /home/sirapob/torto_ws/install/torto_ctrl/lib/python3.12/site-packages/torto_ctrl/kinematic_model
[2.598s] copying /home/sirapob/torto_ws/build/torto_ctrl/build/lib/torto_ctrl/kinematic_model/test.py -> /home/sirapob/torto_ws/install/torto_ctrl/lib/python3.12/site-packages/torto_ctrl/kinematic_model
[2.598s] copying /home/sirapob/torto_ws/build/torto_ctrl/build/lib/torto_ctrl/kinematic_model/adaptive_limb.py -> /home/sirapob/torto_ws/install/torto_ctrl/lib/python3.12/site-packages/torto_ctrl/kinematic_model
[2.599s] copying /home/sirapob/torto_ws/build/torto_ctrl/build/lib/torto_ctrl/kinematic_model/transform_RT.py -> /home/sirapob/torto_ws/install/torto_ctrl/lib/python3.12/site-packages/torto_ctrl/kinematic_model
[2.599s] copying /home/sirapob/torto_ws/build/torto_ctrl/build/lib/torto_ctrl/kinematic_model/inverse_kinematic.py -> /home/sirapob/torto_ws/install/torto_ctrl/lib/python3.12/site-packages/torto_ctrl/kinematic_model
[2.599s] copying /home/sirapob/torto_ws/build/torto_ctrl/build/lib/torto_ctrl/kinematic_model/transformationBody_model.py -> /home/sirapob/torto_ws/install/torto_ctrl/lib/python3.12/site-packages/torto_ctrl/kinematic_model
[2.600s] byte-compiling /home/sirapob/torto_ws/install/torto_ctrl/lib/python3.12/site-packages/torto_ctrl/__init__.py to __init__.cpython-312.pyc
[2.600s] byte-compiling /home/sirapob/torto_ws/install/torto_ctrl/lib/python3.12/site-packages/torto_ctrl/torto_controller_node.py to torto_controller_node.cpython-312.pyc
[2.602s] byte-compiling /home/sirapob/torto_ws/install/torto_ctrl/lib/python3.12/site-packages/torto_ctrl/kinematic_model/__init__.py to __init__.cpython-312.pyc
[2.602s] byte-compiling /home/sirapob/torto_ws/install/torto_ctrl/lib/python3.12/site-packages/torto_ctrl/kinematic_model/transformation_model.py to transformation_model.cpython-312.pyc
[2.604s] byte-compiling /home/sirapob/torto_ws/install/torto_ctrl/lib/python3.12/site-packages/torto_ctrl/kinematic_model/test.py to test.cpython-312.pyc
[2.605s] byte-compiling /home/sirapob/torto_ws/install/torto_ctrl/lib/python3.12/site-packages/torto_ctrl/kinematic_model/adaptive_limb.py to adaptive_limb.cpython-312.pyc
[2.605s] byte-compiling /home/sirapob/torto_ws/install/torto_ctrl/lib/python3.12/site-packages/torto_ctrl/kinematic_model/transform_RT.py to transform_RT.cpython-312.pyc
[2.606s] byte-compiling /home/sirapob/torto_ws/install/torto_ctrl/lib/python3.12/site-packages/torto_ctrl/kinematic_model/inverse_kinematic.py to inverse_kinematic.cpython-312.pyc
[2.608s] byte-compiling /home/sirapob/torto_ws/install/torto_ctrl/lib/python3.12/site-packages/torto_ctrl/kinematic_model/transformationBody_model.py to transformationBody_model.cpython-312.pyc
[2.609s] running install_data
[2.609s] copying resource/torto_ctrl -> /home/sirapob/torto_ws/install/torto_ctrl/share/ament_index/resource_index/packages
[2.610s] copying package.xml -> /home/sirapob/torto_ws/install/torto_ctrl/share/torto_ctrl
[2.610s] running install_egg_info
[2.638s] Copying ../../build/torto_ctrl/torto_ctrl.egg-info to /home/sirapob/torto_ws/install/torto_ctrl/lib/python3.12/site-packages/torto_ctrl-0.0.0-py3.12.egg-info
[2.645s] running install_scripts
[2.824s] Installing torto_controller_node script to /home/sirapob/torto_ws/install/torto_ctrl/lib/torto_ctrl
[2.824s] writing list of installed files to '/home/sirapob/torto_ws/build/torto_ctrl/install.log'
[2.901s] Invoked command in '/home/sirapob/torto_ws/src/torto_ctrl' returned '0': DEBUGINFOD_URLS=https://debuginfod.ubuntu.com PYTHONPATH=/home/sirapob/torto_ws/build/torto_ctrl/prefix_override:/usr/lib/python3/dist-packages/colcon_core/task/python/colcon_distutils_commands:/home/sirapob/torto_ws/install/torto_ctrl/lib/python3.12/site-packages:/home/sirapob/torto_ws/install/torto_interfaces/lib/python3.12/site-packages:/home/sirapob/torto_ws/build/torto_ctrl:/home/sirapob/torto_ws/install/torto_ctrl/lib/python3.12/site-packages:/home/sirapob/torto_ws/build/torto_hardware:/home/sirapob/torto_ws/install/torto_hardware/lib/python3.12/site-packages:/opt/ros/jazzy/lib/python3.12/site-packages /usr/bin/python3 -W ignore:setup.py install is deprecated -W ignore:easy_install command is deprecated setup.py egg_info --egg-base ../../build/torto_ctrl build --build-base /home/sirapob/torto_ws/build/torto_ctrl/build install --record /home/sirapob/torto_ws/build/torto_ctrl/install.log --single-version-externally-managed install_data --force
