[0.045s] Invoking command in '/home/sirapob/torto_ws/src/build/torto_interfaces': CMAKE_PREFIX_PATH=${CMAKE_PREFIX_PATH}:/home/sirapob/torto_ws/install/torto_ctrl:/home/sirapob/torto_ws/install/torto_input_handle:/home/sirapob/torto_ws/install/torto_hardware:/opt/ros/jazzy DEBUGINFOD_URLS=https://debuginfod.ubuntu.com /usr/bin/cmake /home/sirapob/torto_ws/src/torto_interfaces -DAMENT_CMAKE_SYMLINK_INSTALL=1 -DCMAKE_INSTALL_PREFIX=/home/sirapob/torto_ws/src/install/torto_interfaces
[0.653s] -- The C compiler identification is GNU 13.3.0
[1.327s] -- The CXX compiler identification is GNU 13.3.0
[1.381s] -- Detecting C compiler ABI info
[1.606s] -- Detecting C compiler ABI info - done
[1.621s] -- Check for working C compiler: /usr/bin/cc - skipped
[1.665s] -- Detecting C compile features
[1.666s] -- Detecting C compile features - done
[1.695s] -- Detecting CXX compiler ABI info
[1.959s] -- Detecting CXX compiler ABI info - done
[1.975s] -- Check for working CXX compiler: /usr/bin/c++ - skipped
[1.976s] -- Detecting CXX compile features
[1.977s] -- Detecting CXX compile features - done
[1.982s] -- Found ament_cmake: 2.5.3 (/opt/ros/jazzy/share/ament_cmake/cmake)
[2.321s] -- Found Python3: /usr/bin/python3 (found version "3.12.3") found components: Interpreter 
[2.521s] -- Override CMake install command with custom implementation using symlinks instead of copying resources
[2.650s] -- Found rosidl_default_generators: 1.6.0 (/opt/ros/jazzy/share/rosidl_default_generators/cmake)
[2.674s] -- Using all available rosidl_typesupport_c: rosidl_typesupport_fastrtps_c;rosidl_typesupport_introspection_c
[2.836s] -- Using all available rosidl_typesupport_cpp: rosidl_typesupport_fastrtps_cpp;rosidl_typesupport_introspection_cpp
[2.952s] -- Found rosidl_adapter: 4.6.5 (/opt/ros/jazzy/share/rosidl_adapter/cmake)
[5.007s] -- Found ament_cmake_ros: 0.12.0 (/opt/ros/jazzy/share/ament_cmake_ros/cmake)
[6.586s] -- Using all available rosidl_typesupport_c: rosidl_typesupport_fastrtps_c;rosidl_typesupport_introspection_c
[8.505s] -- Using all available rosidl_typesupport_cpp: rosidl_typesupport_fastrtps_cpp;rosidl_typesupport_introspection_cpp
[8.523s] -- Found python_cmake_module: 0.11.1 (/opt/ros/jazzy/share/python_cmake_module/cmake)
[8.968s] -- Found PythonExtra: /usr/bin/python3  
[10.400s] -- Found Python3: /usr/bin/python3 (found version "3.12.3") found components: Interpreter Development NumPy Development.Module Development.Embed 
[10.550s] -- Configuring done (10.5s)
[10.642s] -- Generating done (0.1s)
[10.666s] -- Build files have been written to: /home/sirapob/torto_ws/src/build/torto_interfaces
[10.680s] Invoked command in '/home/sirapob/torto_ws/src/build/torto_interfaces' returned '0': CMAKE_PREFIX_PATH=${CMAKE_PREFIX_PATH}:/home/sirapob/torto_ws/install/torto_ctrl:/home/sirapob/torto_ws/install/torto_input_handle:/home/sirapob/torto_ws/install/torto_hardware:/opt/ros/jazzy DEBUGINFOD_URLS=https://debuginfod.ubuntu.com /usr/bin/cmake /home/sirapob/torto_ws/src/torto_interfaces -DAMENT_CMAKE_SYMLINK_INSTALL=1 -DCMAKE_INSTALL_PREFIX=/home/sirapob/torto_ws/src/install/torto_interfaces
[10.683s] Invoking command in '/home/sirapob/torto_ws/src/build/torto_interfaces': CMAKE_PREFIX_PATH=${CMAKE_PREFIX_PATH}:/home/sirapob/torto_ws/install/torto_ctrl:/home/sirapob/torto_ws/install/torto_input_handle:/home/sirapob/torto_ws/install/torto_hardware:/opt/ros/jazzy DEBUGINFOD_URLS=https://debuginfod.ubuntu.com /usr/bin/cmake --build /home/sirapob/torto_ws/src/build/torto_interfaces -- -j4 -l4
[10.830s] [  2%] [34m[1mGenerating type hashes for ROS interfaces[0m
[10.884s] [  2%] Built target ament_cmake_python_symlink_torto_interfaces
[11.894s] [  2%] Built target torto_interfaces__rosidl_generator_type_description
[11.952s] [  4%] [34m[1mGenerating C code for ROS interfaces[0m
[12.003s] [  6%] [34m[1mGenerating C++ code for ROS interfaces[0m
[12.052s] running egg_info
[12.060s] creating torto_interfaces.egg-info
[12.176s] writing torto_interfaces.egg-info/PKG-INFO
[12.177s] writing dependency_links to torto_interfaces.egg-info/dependency_links.txt
[12.178s] writing top-level names to torto_interfaces.egg-info/top_level.txt
[12.179s] writing manifest file 'torto_interfaces.egg-info/SOURCES.txt'
[12.673s] reading manifest file 'torto_interfaces.egg-info/SOURCES.txt'
[12.673s] writing manifest file 'torto_interfaces.egg-info/SOURCES.txt'
[12.993s] [  6%] Built target ament_cmake_python_build_torto_interfaces_egg
[13.597s] [  6%] Built target torto_interfaces__cpp
[13.983s] [  9%] [32mBuilding C object CMakeFiles/torto_interfaces__rosidl_generator_c.dir/rosidl_generator_c/torto_interfaces/msg/detail/torto_joint_angles__description.c.o[0m
[13.989s] [ 11%] [32mBuilding C object CMakeFiles/torto_interfaces__rosidl_generator_c.dir/rosidl_generator_c/torto_interfaces/msg/detail/torto_ctrl_params__description.c.o[0m
[13.999s] [ 13%] [32mBuilding C object CMakeFiles/torto_interfaces__rosidl_generator_c.dir/rosidl_generator_c/torto_interfaces/msg/detail/torto_joint_angles__functions.c.o[0m
[14.020s] [ 15%] [32mBuilding C object CMakeFiles/torto_interfaces__rosidl_generator_c.dir/rosidl_generator_c/torto_interfaces/msg/detail/torto_joint_angles__type_support.c.o[0m
[14.126s] [ 18%] [32mBuilding C object CMakeFiles/torto_interfaces__rosidl_generator_c.dir/rosidl_generator_c/torto_interfaces/msg/detail/torto_ctrl_params__functions.c.o[0m
[14.185s] [ 20%] [32mBuilding C object CMakeFiles/torto_interfaces__rosidl_generator_c.dir/rosidl_generator_c/torto_interfaces/msg/detail/torto_ctrl_params__type_support.c.o[0m
[14.337s] [ 22%] [32m[1mLinking C shared library libtorto_interfaces__rosidl_generator_c.so[0m
[14.595s] [ 22%] Built target torto_interfaces__rosidl_generator_c
[14.646s] [ 25%] [34m[1mGenerating C type support for eProsima Fast-RTPS[0m
[14.647s] [ 27%] [34m[1mGenerating C++ type support for eProsima Fast-RTPS[0m
[14.668s] [ 29%] [34m[1mGenerating C++ introspection for ROS interfaces[0m
[14.676s] [ 31%] [34m[1mGenerating C introspection for ROS interfaces[0m
[15.939s] [ 34%] [32mBuilding CXX object CMakeFiles/torto_interfaces__rosidl_typesupport_introspection_cpp.dir/rosidl_typesupport_introspection_cpp/torto_interfaces/msg/detail/torto_joint_angles__type_support.cpp.o[0m
[16.133s] [ 36%] [32mBuilding CXX object CMakeFiles/torto_interfaces__rosidl_typesupport_fastrtps_c.dir/rosidl_typesupport_fastrtps_c/torto_interfaces/msg/detail/torto_joint_angles__type_support_c.cpp.o[0m
[16.432s] [ 38%] [32mBuilding C object CMakeFiles/torto_interfaces__rosidl_typesupport_introspection_c.dir/rosidl_typesupport_introspection_c/torto_interfaces/msg/detail/torto_joint_angles__type_support.c.o[0m
[16.654s] [ 40%] [32mBuilding C object CMakeFiles/torto_interfaces__rosidl_typesupport_introspection_c.dir/rosidl_typesupport_introspection_c/torto_interfaces/msg/detail/torto_ctrl_params__type_support.c.o[0m
[16.858s] [ 43%] [32m[1mLinking C shared library libtorto_interfaces__rosidl_typesupport_introspection_c.so[0m
[17.025s] [ 43%] Built target torto_interfaces__rosidl_typesupport_introspection_c
[17.085s] [ 45%] [34m[1mGenerating C++ type support dispatch for ROS interfaces[0m
[17.274s] [ 47%] [32mBuilding CXX object CMakeFiles/torto_interfaces__rosidl_typesupport_fastrtps_cpp.dir/rosidl_typesupport_fastrtps_cpp/torto_interfaces/msg/detail/dds_fastrtps/torto_joint_angles__type_support.cpp.o[0m
[17.804s] [ 50%] [32mBuilding CXX object CMakeFiles/torto_interfaces__rosidl_typesupport_introspection_cpp.dir/rosidl_typesupport_introspection_cpp/torto_interfaces/msg/detail/torto_ctrl_params__type_support.cpp.o[0m
[18.226s] [ 52%] [32mBuilding CXX object CMakeFiles/torto_interfaces__rosidl_typesupport_fastrtps_c.dir/rosidl_typesupport_fastrtps_c/torto_interfaces/msg/detail/torto_ctrl_params__type_support_c.cpp.o[0m
[18.830s] [ 54%] [32mBuilding CXX object CMakeFiles/torto_interfaces__rosidl_typesupport_cpp.dir/rosidl_typesupport_cpp/torto_interfaces/msg/torto_joint_angles__type_support.cpp.o[0m
[19.460s] [ 56%] [32m[1mLinking CXX shared library libtorto_interfaces__rosidl_typesupport_introspection_cpp.so[0m
[19.710s] [ 56%] Built target torto_interfaces__rosidl_typesupport_introspection_cpp
[19.763s] [ 59%] [34m[1mGenerating C type support dispatch for ROS interfaces[0m
[19.805s] [ 61%] [32mBuilding CXX object CMakeFiles/torto_interfaces__rosidl_typesupport_cpp.dir/rosidl_typesupport_cpp/torto_interfaces/msg/torto_ctrl_params__type_support.cpp.o[0m
[20.012s] [ 63%] [32mBuilding CXX object CMakeFiles/torto_interfaces__rosidl_typesupport_fastrtps_cpp.dir/rosidl_typesupport_fastrtps_cpp/torto_interfaces/msg/detail/dds_fastrtps/torto_ctrl_params__type_support.cpp.o[0m
[20.204s] [ 65%] [32m[1mLinking CXX shared library libtorto_interfaces__rosidl_typesupport_fastrtps_c.so[0m
[20.501s] [ 65%] Built target torto_interfaces__rosidl_typesupport_fastrtps_c
[20.803s] [ 68%] [32m[1mLinking CXX shared library libtorto_interfaces__rosidl_typesupport_cpp.so[0m
[21.037s] [ 68%] Built target torto_interfaces__rosidl_typesupport_cpp
[21.342s] [ 72%] [32mBuilding CXX object CMakeFiles/torto_interfaces__rosidl_typesupport_c.dir/rosidl_typesupport_c/torto_interfaces/msg/torto_joint_angles__type_support.cpp.o[0m
[21.344s] [ 72%] [32mBuilding CXX object CMakeFiles/torto_interfaces__rosidl_typesupport_c.dir/rosidl_typesupport_c/torto_interfaces/msg/torto_ctrl_params__type_support.cpp.o[0m
[21.490s] [ 75%] [32m[1mLinking CXX shared library libtorto_interfaces__rosidl_typesupport_fastrtps_cpp.so[0m
[21.506s] [ 77%] [32m[1mLinking CXX shared library libtorto_interfaces__rosidl_typesupport_c.so[0m
[21.614s] [ 77%] Built target torto_interfaces__rosidl_typesupport_c
[21.658s] [ 77%] Built target torto_interfaces__rosidl_typesupport_fastrtps_cpp
[21.701s] [ 77%] Built target torto_interfaces
[21.744s] [ 79%] [34m[1mGenerating Python code for ROS interfaces[0m
[22.725s] [ 79%] Built target torto_interfaces__py
[22.769s] [ 84%] [32mBuilding C object CMakeFiles/torto_interfaces__rosidl_generator_py.dir/rosidl_generator_py/torto_interfaces/msg/_torto_joint_angles_s.c.o[0m
[22.769s] [ 84%] [32mBuilding C object CMakeFiles/torto_interfaces__rosidl_generator_py.dir/rosidl_generator_py/torto_interfaces/msg/_torto_ctrl_params_s.c.o[0m
[23.153s] [ 86%] [32m[1mLinking C shared library libtorto_interfaces__rosidl_generator_py.so[0m
[23.276s] [ 86%] Built target torto_interfaces__rosidl_generator_py
[23.370s] [ 88%] [32mBuilding C object CMakeFiles/torto_interfaces_s__rosidl_typesupport_fastrtps_c.dir/rosidl_generator_py/torto_interfaces/_torto_interfaces_s.ep.rosidl_typesupport_fastrtps_c.c.o[0m
[23.387s] [ 90%] [32mBuilding C object CMakeFiles/torto_interfaces_s__rosidl_typesupport_introspection_c.dir/rosidl_generator_py/torto_interfaces/_torto_interfaces_s.ep.rosidl_typesupport_introspection_c.c.o[0m
[23.396s] [ 93%] [32mBuilding C object CMakeFiles/torto_interfaces_s__rosidl_typesupport_c.dir/rosidl_generator_py/torto_interfaces/_torto_interfaces_s.ep.rosidl_typesupport_c.c.o[0m
[23.682s] [ 95%] [32m[1mLinking C shared module rosidl_generator_py/torto_interfaces/torto_interfaces_s__rosidl_typesupport_introspection_c.so[0m
[23.783s] [ 97%] [32m[1mLinking C shared module rosidl_generator_py/torto_interfaces/torto_interfaces_s__rosidl_typesupport_fastrtps_c.so[0m
[23.877s] [100%] [32m[1mLinking C shared module rosidl_generator_py/torto_interfaces/torto_interfaces_s__rosidl_typesupport_c.so[0m
[23.890s] [100%] Built target torto_interfaces_s__rosidl_typesupport_introspection_c
[23.949s] [100%] Built target torto_interfaces_s__rosidl_typesupport_fastrtps_c
[23.988s] [100%] Built target torto_interfaces_s__rosidl_typesupport_c
