[0.323s] DEBUG:colcon:Command line arguments: ['/usr/bin/colcon', 'build', '--symlink-install']
[0.323s] DEBUG:colcon:Parsed command line arguments: Namespace(log_base=None, log_level=None, verb_name='build', build_base='build', install_base='install', merge_install=False, symlink_install=True, test_result_base=None, continue_on_error=False, executor='parallel', parallel_workers=4, event_handlers=None, ignore_user_meta=False, metas=['./colcon.meta'], base_paths=['.'], packages_ignore=None, packages_ignore_regex=None, paths=None, packages_up_to=None, packages_up_to_regex=None, packages_above=None, packages_above_and_dependencies=None, packages_above_depth=None, packages_select_by_dep=None, packages_skip_by_dep=None, packages_skip_up_to=None, packages_select_build_failed=False, packages_skip_build_finished=False, packages_select_test_failures=False, packages_skip_test_passed=False, packages_select=None, packages_skip=None, packages_select_regex=None, packages_skip_regex=None, packages_start=None, packages_end=None, allow_overriding=[], cmake_args=None, cmake_target=None, cmake_target_skip_unavailable=False, cmake_clean_cache=False, cmake_clean_first=False, cmake_force_configure=False, ament_cmake_args=None, catkin_cmake_args=None, catkin_skip_building_tests=False, mixin_files=None, mixin=None, verb_parser=<colcon_mixin.mixin.mixin_argument.MixinArgumentDecorator object at 0xffff821e6d80>, verb_extension=<colcon_core.verb.build.BuildVerb object at 0xffff8239b620>, main=<bound method BuildVerb.main of <colcon_core.verb.build.BuildVerb object at 0xffff8239b620>>, mixin_verb=('build',))
[0.452s] Level 1:colcon.colcon_core.package_discovery:discover_packages(colcon_meta) check parameters
[0.452s] Level 1:colcon.colcon_core.package_discovery:discover_packages(recursive) check parameters
[0.452s] Level 1:colcon.colcon_core.package_discovery:discover_packages(ignore) check parameters
[0.452s] Level 1:colcon.colcon_core.package_discovery:discover_packages(path) check parameters
[0.453s] Level 1:colcon.colcon_core.package_discovery:discover_packages(colcon_meta) discover
[0.453s] Level 1:colcon.colcon_core.package_discovery:discover_packages(recursive) discover
[0.453s] INFO:colcon.colcon_core.package_discovery:Crawling recursively for packages in '/home/sirapob/torto_ws'
[0.453s] Level 1:colcon.colcon_core.package_identification:_identify(.) by extensions ['ignore', 'ignore_ament_install']
[0.453s] Level 1:colcon.colcon_core.package_identification:_identify(.) by extension 'ignore'
[0.453s] Level 1:colcon.colcon_core.package_identification:_identify(.) by extension 'ignore_ament_install'
[0.453s] Level 1:colcon.colcon_core.package_identification:_identify(.) by extensions ['colcon_pkg']
[0.453s] Level 1:colcon.colcon_core.package_identification:_identify(.) by extension 'colcon_pkg'
[0.453s] Level 1:colcon.colcon_core.package_identification:_identify(.) by extensions ['colcon_meta']
[0.453s] Level 1:colcon.colcon_core.package_identification:_identify(.) by extension 'colcon_meta'
[0.453s] Level 1:colcon.colcon_core.package_identification:_identify(.) by extensions ['ros']
[0.453s] Level 1:colcon.colcon_core.package_identification:_identify(.) by extension 'ros'
[0.516s] Level 1:colcon.colcon_core.package_identification:_identify(.) by extensions ['cmake', 'python']
[0.516s] Level 1:colcon.colcon_core.package_identification:_identify(.) by extension 'cmake'
[0.516s] Level 1:colcon.colcon_core.package_identification:_identify(.) by extension 'python'
[0.516s] Level 1:colcon.colcon_core.package_identification:_identify(.) by extensions ['python_setup_py']
[0.516s] Level 1:colcon.colcon_core.package_identification:_identify(.) by extension 'python_setup_py'
[0.516s] Level 1:colcon.colcon_core.package_identification:_identify(build) by extensions ['ignore', 'ignore_ament_install']
[0.516s] Level 1:colcon.colcon_core.package_identification:_identify(build) by extension 'ignore'
[0.517s] Level 1:colcon.colcon_core.package_identification:_identify(build) ignored
[0.517s] Level 1:colcon.colcon_core.package_identification:_identify(install) by extensions ['ignore', 'ignore_ament_install']
[0.517s] Level 1:colcon.colcon_core.package_identification:_identify(install) by extension 'ignore'
[0.517s] Level 1:colcon.colcon_core.package_identification:_identify(install) ignored
[0.517s] Level 1:colcon.colcon_core.package_identification:_identify(log) by extensions ['ignore', 'ignore_ament_install']
[0.517s] Level 1:colcon.colcon_core.package_identification:_identify(log) by extension 'ignore'
[0.517s] Level 1:colcon.colcon_core.package_identification:_identify(log) ignored
[0.517s] Level 1:colcon.colcon_core.package_identification:_identify(src) by extensions ['ignore', 'ignore_ament_install']
[0.518s] Level 1:colcon.colcon_core.package_identification:_identify(src) by extension 'ignore'
[0.518s] Level 1:colcon.colcon_core.package_identification:_identify(src) by extension 'ignore_ament_install'
[0.518s] Level 1:colcon.colcon_core.package_identification:_identify(src) by extensions ['colcon_pkg']
[0.518s] Level 1:colcon.colcon_core.package_identification:_identify(src) by extension 'colcon_pkg'
[0.518s] Level 1:colcon.colcon_core.package_identification:_identify(src) by extensions ['colcon_meta']
[0.518s] Level 1:colcon.colcon_core.package_identification:_identify(src) by extension 'colcon_meta'
[0.518s] Level 1:colcon.colcon_core.package_identification:_identify(src) by extensions ['ros']
[0.518s] Level 1:colcon.colcon_core.package_identification:_identify(src) by extension 'ros'
[0.518s] Level 1:colcon.colcon_core.package_identification:_identify(src) by extensions ['cmake', 'python']
[0.518s] Level 1:colcon.colcon_core.package_identification:_identify(src) by extension 'cmake'
[0.518s] Level 1:colcon.colcon_core.package_identification:_identify(src) by extension 'python'
[0.518s] Level 1:colcon.colcon_core.package_identification:_identify(src) by extensions ['python_setup_py']
[0.518s] Level 1:colcon.colcon_core.package_identification:_identify(src) by extension 'python_setup_py'
[0.518s] Level 1:colcon.colcon_core.package_identification:_identify(src/torto_hardware) by extensions ['ignore', 'ignore_ament_install']
[0.519s] Level 1:colcon.colcon_core.package_identification:_identify(src/torto_hardware) by extension 'ignore'
[0.519s] Level 1:colcon.colcon_core.package_identification:_identify(src/torto_hardware) by extension 'ignore_ament_install'
[0.519s] Level 1:colcon.colcon_core.package_identification:_identify(src/torto_hardware) by extensions ['colcon_pkg']
[0.519s] Level 1:colcon.colcon_core.package_identification:_identify(src/torto_hardware) by extension 'colcon_pkg'
[0.519s] Level 1:colcon.colcon_core.package_identification:_identify(src/torto_hardware) by extensions ['colcon_meta']
[0.519s] Level 1:colcon.colcon_core.package_identification:_identify(src/torto_hardware) by extension 'colcon_meta'
[0.519s] Level 1:colcon.colcon_core.package_identification:_identify(src/torto_hardware) by extensions ['ros']
[0.519s] Level 1:colcon.colcon_core.package_identification:_identify(src/torto_hardware) by extension 'ros'
[0.524s] DEBUG:colcon.colcon_core.package_identification:Package 'src/torto_hardware' with type 'ros.ament_python' and name 'torto_hardware'
[0.524s] Level 1:colcon.colcon_core.package_discovery:discover_packages(recursive) using defaults
[0.524s] Level 1:colcon.colcon_core.package_discovery:discover_packages(ignore) discover
[0.524s] Level 1:colcon.colcon_core.package_discovery:discover_packages(ignore) using defaults
[0.524s] Level 1:colcon.colcon_core.package_discovery:discover_packages(path) discover
[0.524s] Level 1:colcon.colcon_core.package_discovery:discover_packages(path) using defaults
[0.572s] Level 1:colcon.colcon_core.package_discovery:discover_packages(prefix_path) check parameters
[0.572s] Level 1:colcon.colcon_core.package_discovery:discover_packages(prefix_path) discover
[0.577s] DEBUG:colcon.colcon_installed_package_information.package_discovery:Found 1 installed packages in /home/sirapob/torto_ws/install
[0.579s] DEBUG:colcon.colcon_installed_package_information.package_discovery:Found 285 installed packages in /opt/ros/jazzy
[0.580s] Level 1:colcon.colcon_core.package_discovery:discover_packages(prefix_path) using defaults
[0.651s] Level 5:colcon.colcon_core.verb:set package 'torto_hardware' build argument 'cmake_args' from command line to 'None'
[0.651s] Level 5:colcon.colcon_core.verb:set package 'torto_hardware' build argument 'cmake_target' from command line to 'None'
[0.651s] Level 5:colcon.colcon_core.verb:set package 'torto_hardware' build argument 'cmake_target_skip_unavailable' from command line to 'False'
[0.651s] Level 5:colcon.colcon_core.verb:set package 'torto_hardware' build argument 'cmake_clean_cache' from command line to 'False'
[0.651s] Level 5:colcon.colcon_core.verb:set package 'torto_hardware' build argument 'cmake_clean_first' from command line to 'False'
[0.651s] Level 5:colcon.colcon_core.verb:set package 'torto_hardware' build argument 'cmake_force_configure' from command line to 'False'
[0.651s] Level 5:colcon.colcon_core.verb:set package 'torto_hardware' build argument 'ament_cmake_args' from command line to 'None'
[0.651s] Level 5:colcon.colcon_core.verb:set package 'torto_hardware' build argument 'catkin_cmake_args' from command line to 'None'
[0.651s] Level 5:colcon.colcon_core.verb:set package 'torto_hardware' build argument 'catkin_skip_building_tests' from command line to 'False'
[0.651s] DEBUG:colcon.colcon_core.verb:Building package 'torto_hardware' with the following arguments: {'ament_cmake_args': None, 'build_base': '/home/sirapob/torto_ws/build/torto_hardware', 'catkin_cmake_args': None, 'catkin_skip_building_tests': False, 'cmake_args': None, 'cmake_clean_cache': False, 'cmake_clean_first': False, 'cmake_force_configure': False, 'cmake_target': None, 'cmake_target_skip_unavailable': False, 'install_base': '/home/sirapob/torto_ws/install/torto_hardware', 'merge_install': False, 'path': '/home/sirapob/torto_ws/src/torto_hardware', 'symlink_install': True, 'test_result_base': None}
[0.651s] INFO:colcon.colcon_core.executor:Executing jobs using 'parallel' executor
[0.653s] DEBUG:colcon.colcon_parallel_executor.executor.parallel:run_until_complete
[0.653s] INFO:colcon.colcon_ros.task.ament_python.build:Building ROS package in '/home/sirapob/torto_ws/src/torto_hardware' with build type 'ament_python'
[0.653s] Level 1:colcon.colcon_core.shell:create_environment_hook('torto_hardware', 'ament_prefix_path')
[0.668s] INFO:colcon.colcon_core.plugin_system:Skipping extension 'colcon_core.shell.bat': Not used on non-Windows systems
[0.668s] INFO:colcon.colcon_core.shell:Creating environment hook '/home/sirapob/torto_ws/install/torto_hardware/share/torto_hardware/hook/ament_prefix_path.ps1'
[0.670s] INFO:colcon.colcon_core.shell:Creating environment descriptor '/home/sirapob/torto_ws/install/torto_hardware/share/torto_hardware/hook/ament_prefix_path.dsv'
[0.672s] INFO:colcon.colcon_core.shell:Creating environment hook '/home/sirapob/torto_ws/install/torto_hardware/share/torto_hardware/hook/ament_prefix_path.sh'
[0.674s] INFO:colcon.colcon_core.shell:Skip shell extension 'powershell' for command environment: Not usable outside of PowerShell
[0.674s] DEBUG:colcon.colcon_core.shell:Skip shell extension 'dsv' for command environment
[1.016s] INFO:colcon.colcon_core.task.python.build:Building Python package in '/home/sirapob/torto_ws/src/torto_hardware'
[1.016s] INFO:colcon.colcon_core.shell:Skip shell extension 'powershell' for command environment: Not usable outside of PowerShell
[1.016s] DEBUG:colcon.colcon_core.shell:Skip shell extension 'dsv' for command environment
[2.366s] DEBUG:colcon.colcon_core.event_handler.log_command:Invoking command in '/home/sirapob/torto_ws/build/torto_hardware': DEBUGINFOD_URLS=https://debuginfod.ubuntu.com PYTHONPATH=/home/sirapob/torto_ws/build/torto_hardware/prefix_override:/usr/lib/python3/dist-packages/colcon_core/task/python/colcon_distutils_commands:/home/sirapob/torto_ws/install/torto_hardware/lib/python3.12/site-packages:${PYTHONPATH} /usr/bin/python3 -W ignore:setup.py install is deprecated -W ignore:easy_install command is deprecated setup.py develop --editable --build-directory /home/sirapob/torto_ws/build/torto_hardware/build --no-deps symlink_data
[3.297s] Level 1:colcon.colcon_core.shell:create_environment_hook('torto_hardware', 'pythonpath_develop')
[3.297s] INFO:colcon.colcon_core.shell:Creating environment hook '/home/sirapob/torto_ws/build/torto_hardware/share/torto_hardware/hook/pythonpath_develop.ps1'
[3.298s] DEBUG:colcon.colcon_core.event_handler.log_command:Invoked command in '/home/sirapob/torto_ws/build/torto_hardware' returned '0': DEBUGINFOD_URLS=https://debuginfod.ubuntu.com PYTHONPATH=/home/sirapob/torto_ws/build/torto_hardware/prefix_override:/usr/lib/python3/dist-packages/colcon_core/task/python/colcon_distutils_commands:/home/sirapob/torto_ws/install/torto_hardware/lib/python3.12/site-packages:${PYTHONPATH} /usr/bin/python3 -W ignore:setup.py install is deprecated -W ignore:easy_install command is deprecated setup.py develop --editable --build-directory /home/sirapob/torto_ws/build/torto_hardware/build --no-deps symlink_data
[3.298s] INFO:colcon.colcon_core.shell:Creating environment descriptor '/home/sirapob/torto_ws/build/torto_hardware/share/torto_hardware/hook/pythonpath_develop.dsv'
[3.304s] INFO:colcon.colcon_core.shell:Creating environment hook '/home/sirapob/torto_ws/build/torto_hardware/share/torto_hardware/hook/pythonpath_develop.sh'
[3.316s] Level 1:colcon.colcon_core.environment:checking '/home/sirapob/torto_ws/install/torto_hardware' for CMake module files
[3.317s] Level 1:colcon.colcon_core.environment:checking '/home/sirapob/torto_ws/install/torto_hardware' for CMake config files
[3.318s] Level 1:colcon.colcon_core.environment:checking '/home/sirapob/torto_ws/install/torto_hardware/lib'
[3.318s] Level 1:colcon.colcon_core.environment:checking '/home/sirapob/torto_ws/install/torto_hardware/bin'
[3.319s] Level 1:colcon.colcon_core.environment:checking '/home/sirapob/torto_ws/install/torto_hardware/lib/pkgconfig/torto_hardware.pc'
[3.319s] Level 1:colcon.colcon_core.environment:checking '/home/sirapob/torto_ws/install/torto_hardware/lib/python3.12/site-packages'
[3.319s] Level 1:colcon.colcon_core.shell:create_environment_hook('torto_hardware', 'pythonpath')
[3.319s] INFO:colcon.colcon_core.shell:Creating environment hook '/home/sirapob/torto_ws/install/torto_hardware/share/torto_hardware/hook/pythonpath.ps1'
[3.320s] INFO:colcon.colcon_core.shell:Creating environment descriptor '/home/sirapob/torto_ws/install/torto_hardware/share/torto_hardware/hook/pythonpath.dsv'
[3.321s] INFO:colcon.colcon_core.shell:Creating environment hook '/home/sirapob/torto_ws/install/torto_hardware/share/torto_hardware/hook/pythonpath.sh'
[3.322s] Level 1:colcon.colcon_core.environment:checking '/home/sirapob/torto_ws/install/torto_hardware/bin'
[3.322s] Level 1:colcon.colcon_core.environment:create_environment_scripts_only(torto_hardware)
[3.323s] INFO:colcon.colcon_core.shell:Creating package script '/home/sirapob/torto_ws/install/torto_hardware/share/torto_hardware/package.ps1'
[3.324s] INFO:colcon.colcon_core.shell:Creating package descriptor '/home/sirapob/torto_ws/install/torto_hardware/share/torto_hardware/package.dsv'
[3.326s] INFO:colcon.colcon_core.shell:Creating package script '/home/sirapob/torto_ws/install/torto_hardware/share/torto_hardware/package.sh'
[3.331s] INFO:colcon.colcon_core.shell:Creating package script '/home/sirapob/torto_ws/install/torto_hardware/share/torto_hardware/package.bash'
[3.334s] INFO:colcon.colcon_core.shell:Creating package script '/home/sirapob/torto_ws/install/torto_hardware/share/torto_hardware/package.zsh'
[3.336s] Level 1:colcon.colcon_core.environment:create_file_with_runtime_dependencies(/home/sirapob/torto_ws/install/torto_hardware/share/colcon-core/packages/torto_hardware)
[3.338s] DEBUG:colcon.colcon_parallel_executor.executor.parallel:closing loop
[3.339s] DEBUG:colcon.colcon_parallel_executor.executor.parallel:loop closed
[3.339s] DEBUG:colcon.colcon_parallel_executor.executor.parallel:run_until_complete finished with '0'
[3.339s] DEBUG:colcon.colcon_core.event_reactor:joining thread
[3.353s] INFO:colcon.colcon_core.plugin_system:Skipping extension 'colcon_notification.desktop_notification.terminal_notifier': Not used on non-Darwin systems
[3.353s] INFO:colcon.colcon_core.plugin_system:Skipping extension 'colcon_notification.desktop_notification.win32': Not used on non-Windows systems
[3.353s] INFO:colcon.colcon_notification.desktop_notification:Sending desktop notification using 'notify2'
[3.355s] DEBUG:colcon.colcon_notification.desktop_notification.notify2:Failed to initialize notify2: org.freedesktop.DBus.Error.ServiceUnknown: The name org.freedesktop.Notifications was not provided by any .service files
[3.355s] DEBUG:colcon.colcon_core.event_reactor:joined thread
[3.355s] INFO:colcon.colcon_core.shell:Creating prefix script '/home/sirapob/torto_ws/install/local_setup.ps1'
[3.357s] INFO:colcon.colcon_core.shell:Creating prefix util module '/home/sirapob/torto_ws/install/_local_setup_util_ps1.py'
[3.360s] INFO:colcon.colcon_core.shell:Creating prefix chain script '/home/sirapob/torto_ws/install/setup.ps1'
[3.362s] INFO:colcon.colcon_core.shell:Creating prefix script '/home/sirapob/torto_ws/install/local_setup.sh'
[3.364s] INFO:colcon.colcon_core.shell:Creating prefix util module '/home/sirapob/torto_ws/install/_local_setup_util_sh.py'
[3.365s] INFO:colcon.colcon_core.shell:Creating prefix chain script '/home/sirapob/torto_ws/install/setup.sh'
[3.367s] INFO:colcon.colcon_core.shell:Creating prefix script '/home/sirapob/torto_ws/install/local_setup.bash'
[3.369s] INFO:colcon.colcon_core.shell:Creating prefix chain script '/home/sirapob/torto_ws/install/setup.bash'
[3.371s] INFO:colcon.colcon_core.shell:Creating prefix script '/home/sirapob/torto_ws/install/local_setup.zsh'
[3.374s] INFO:colcon.colcon_core.shell:Creating prefix chain script '/home/sirapob/torto_ws/install/setup.zsh'
