[1.864s] Invoking command in '/home/sirapob/torto_ws/build/torto_hardware': DEBUGINFOD_URLS=https://debuginfod.ubuntu.com PYTHONPATH=/home/sirapob/torto_ws/build/torto_hardware/prefix_override:/usr/lib/python3/dist-packages/colcon_core/task/python/colcon_distutils_commands:/home/sirapob/torto_ws/install/torto_hardware/lib/python3.12/site-packages:${PYTHONPATH} /usr/bin/python3 -W ignore:setup.py install is deprecated -W ignore:easy_install command is deprecated setup.py develop --uninstall --editable --build-directory /home/sirapob/torto_ws/build/torto_hardware/build
[2.293s] running develop
[2.582s] Removing /home/sirapob/torto_ws/install/torto_hardware/lib/python3.12/site-packages/torto-hardware.egg-link (link to .)
[2.675s] Invoked command in '/home/sirapob/torto_ws/build/torto_hardware' returned '0': DEBUGINFOD_URLS=https://debuginfod.ubuntu.com PYTHONPATH=/home/sirapob/torto_ws/build/torto_hardware/prefix_override:/usr/lib/python3/dist-packages/colcon_core/task/python/colcon_distutils_commands:/home/sirapob/torto_ws/install/torto_hardware/lib/python3.12/site-packages:${PYTHONPATH} /usr/bin/python3 -W ignore:setup.py install is deprecated -W ignore:easy_install command is deprecated setup.py develop --uninstall --editable --build-directory /home/sirapob/torto_ws/build/torto_hardware/build
[2.677s] Invoking command in '/home/sirapob/torto_ws/src/torto_hardware': DEBUGINFOD_URLS=https://debuginfod.ubuntu.com PYTHONPATH=/home/sirapob/torto_ws/build/torto_hardware/prefix_override:/usr/lib/python3/dist-packages/colcon_core/task/python/colcon_distutils_commands:/home/sirapob/torto_ws/install/torto_hardware/lib/python3.12/site-packages:${PYTHONPATH} /usr/bin/python3 -W ignore:setup.py install is deprecated -W ignore:easy_install command is deprecated setup.py egg_info --egg-base ../../build/torto_hardware build --build-base /home/sirapob/torto_ws/build/torto_hardware/build install --record /home/sirapob/torto_ws/build/torto_hardware/install.log --single-version-externally-managed install_data --force
[3.047s] running egg_info
[3.072s] writing ../../build/torto_hardware/torto_hardware.egg-info/PKG-INFO
[3.073s] writing dependency_links to ../../build/torto_hardware/torto_hardware.egg-info/dependency_links.txt
[3.079s] writing entry points to ../../build/torto_hardware/torto_hardware.egg-info/entry_points.txt
[3.080s] writing requirements to ../../build/torto_hardware/torto_hardware.egg-info/requires.txt
[3.081s] writing top-level names to ../../build/torto_hardware/torto_hardware.egg-info/top_level.txt
[3.140s] reading manifest file '../../build/torto_hardware/torto_hardware.egg-info/SOURCES.txt'
[3.147s] writing manifest file '../../build/torto_hardware/torto_hardware.egg-info/SOURCES.txt'
[3.148s] running build
[3.148s] running build_py
[3.149s] copying torto_hardware/arduino_serial_node.py -> /home/sirapob/torto_ws/build/torto_hardware/build/lib/torto_hardware
[3.149s] running install
[3.159s] running install_lib
[3.188s] creating /home/sirapob/torto_ws/install/torto_hardware/lib/python3.12/site-packages/torto_hardware
[3.189s] copying /home/sirapob/torto_ws/build/torto_hardware/build/lib/torto_hardware/__init__.py -> /home/sirapob/torto_ws/install/torto_hardware/lib/python3.12/site-packages/torto_hardware
[3.189s] copying /home/sirapob/torto_ws/build/torto_hardware/build/lib/torto_hardware/inverse__kinematic.py -> /home/sirapob/torto_ws/install/torto_hardware/lib/python3.12/site-packages/torto_hardware
[3.196s] copying /home/sirapob/torto_ws/build/torto_hardware/build/lib/torto_hardware/arduino_serial_node.py -> /home/sirapob/torto_ws/install/torto_hardware/lib/python3.12/site-packages/torto_hardware
[3.196s] copying /home/sirapob/torto_ws/build/torto_hardware/build/lib/torto_hardware/servo_calibration.py -> /home/sirapob/torto_ws/install/torto_hardware/lib/python3.12/site-packages/torto_hardware
[3.198s] byte-compiling /home/sirapob/torto_ws/install/torto_hardware/lib/python3.12/site-packages/torto_hardware/__init__.py to __init__.cpython-312.pyc
[3.198s] byte-compiling /home/sirapob/torto_ws/install/torto_hardware/lib/python3.12/site-packages/torto_hardware/inverse__kinematic.py to inverse__kinematic.cpython-312.pyc
[3.200s] byte-compiling /home/sirapob/torto_ws/install/torto_hardware/lib/python3.12/site-packages/torto_hardware/arduino_serial_node.py to arduino_serial_node.cpython-312.pyc
[3.202s] byte-compiling /home/sirapob/torto_ws/install/torto_hardware/lib/python3.12/site-packages/torto_hardware/servo_calibration.py to servo_calibration.cpython-312.pyc
[3.202s] running install_data
[3.203s] copying resource/torto_hardware -> /home/sirapob/torto_ws/install/torto_hardware/share/ament_index/resource_index/packages
[3.203s] copying package.xml -> /home/sirapob/torto_ws/install/torto_hardware/share/torto_hardware
[3.203s] running install_egg_info
[3.233s] Copying ../../build/torto_hardware/torto_hardware.egg-info to /home/sirapob/torto_ws/install/torto_hardware/lib/python3.12/site-packages/torto_hardware-0.0.0-py3.12.egg-info
[3.241s] running install_scripts
[3.429s] Installing arduino_serial_node script to /home/sirapob/torto_ws/install/torto_hardware/lib/torto_hardware
[3.430s] writing list of installed files to '/home/sirapob/torto_ws/build/torto_hardware/install.log'
[3.515s] Invoked command in '/home/sirapob/torto_ws/src/torto_hardware' returned '0': DEBUGINFOD_URLS=https://debuginfod.ubuntu.com PYTHONPATH=/home/sirapob/torto_ws/build/torto_hardware/prefix_override:/usr/lib/python3/dist-packages/colcon_core/task/python/colcon_distutils_commands:/home/sirapob/torto_ws/install/torto_hardware/lib/python3.12/site-packages:${PYTHONPATH} /usr/bin/python3 -W ignore:setup.py install is deprecated -W ignore:easy_install command is deprecated setup.py egg_info --egg-base ../../build/torto_hardware build --build-base /home/sirapob/torto_ws/build/torto_hardware/build install --record /home/sirapob/torto_ws/build/torto_hardware/install.log --single-version-externally-managed install_data --force
