[1.189s] Invoking command in '/home/sirapob/torto_ws/src/torto_ctrl': DEBUGINFOD_URLS=https://debuginfod.ubuntu.com PYTHONPATH=/home/sirapob/torto_ws/build/torto_ctrl/prefix_override:/usr/lib/python3/dist-packages/colcon_core/task/python/colcon_distutils_commands:/home/sirapob/torto_ws/install/torto_ctrl/lib/python3.12/site-packages:${PYTHONPATH} /usr/bin/python3 -W ignore:setup.py install is deprecated -W ignore:easy_install command is deprecated setup.py egg_info --egg-base ../../build/torto_ctrl build --build-base /home/sirapob/torto_ws/build/torto_ctrl/build install --record /home/sirapob/torto_ws/build/torto_ctrl/install.log --single-version-externally-managed install_data
[1.544s] running egg_info
[1.569s] writing ../../build/torto_ctrl/torto_ctrl.egg-info/PKG-INFO
[1.569s] writing dependency_links to ../../build/torto_ctrl/torto_ctrl.egg-info/dependency_links.txt
[1.576s] writing requirements to ../../build/torto_ctrl/torto_ctrl.egg-info/requires.txt
[1.576s] writing top-level names to ../../build/torto_ctrl/torto_ctrl.egg-info/top_level.txt
[1.633s] reading manifest file '../../build/torto_ctrl/torto_ctrl.egg-info/SOURCES.txt'
[1.634s] writing manifest file '../../build/torto_ctrl/torto_ctrl.egg-info/SOURCES.txt'
[1.635s] running build
[1.635s] running build_py
[1.635s] copying torto_ctrl/inverse__kinematic.py -> /home/sirapob/torto_ws/build/torto_ctrl/build/lib/torto_ctrl
[1.635s] copying torto_ctrl/transformation_kinematic.py -> /home/sirapob/torto_ws/build/torto_ctrl/build/lib/torto_ctrl
[1.636s] running install
[1.645s] running install_lib
[1.671s] copying /home/sirapob/torto_ws/build/torto_ctrl/build/lib/torto_ctrl/inverse__kinematic.py -> /home/sirapob/torto_ws/install/torto_ctrl/lib/python3.12/site-packages/torto_ctrl
[1.672s] copying /home/sirapob/torto_ws/build/torto_ctrl/build/lib/torto_ctrl/transformation_kinematic.py -> /home/sirapob/torto_ws/install/torto_ctrl/lib/python3.12/site-packages/torto_ctrl
[1.672s] byte-compiling /home/sirapob/torto_ws/install/torto_ctrl/lib/python3.12/site-packages/torto_ctrl/inverse__kinematic.py to inverse__kinematic.cpython-312.pyc
[1.674s] byte-compiling /home/sirapob/torto_ws/install/torto_ctrl/lib/python3.12/site-packages/torto_ctrl/transformation_kinematic.py to transformation_kinematic.cpython-312.pyc
[1.675s] running install_data
[1.675s] running install_egg_info
[1.703s] removing '/home/sirapob/torto_ws/install/torto_ctrl/lib/python3.12/site-packages/torto_ctrl-0.0.0-py3.12.egg-info' (and everything under it)
[1.703s] Copying ../../build/torto_ctrl/torto_ctrl.egg-info to /home/sirapob/torto_ws/install/torto_ctrl/lib/python3.12/site-packages/torto_ctrl-0.0.0-py3.12.egg-info
[1.705s] running install_scripts
[1.882s] writing list of installed files to '/home/sirapob/torto_ws/build/torto_ctrl/install.log'
[1.963s] Invoked command in '/home/sirapob/torto_ws/src/torto_ctrl' returned '0': DEBUGINFOD_URLS=https://debuginfod.ubuntu.com PYTHONPATH=/home/sirapob/torto_ws/build/torto_ctrl/prefix_override:/usr/lib/python3/dist-packages/colcon_core/task/python/colcon_distutils_commands:/home/sirapob/torto_ws/install/torto_ctrl/lib/python3.12/site-packages:${PYTHONPATH} /usr/bin/python3 -W ignore:setup.py install is deprecated -W ignore:easy_install command is deprecated setup.py egg_info --egg-base ../../build/torto_ctrl build --build-base /home/sirapob/torto_ws/build/torto_ctrl/build install --record /home/sirapob/torto_ws/build/torto_ctrl/install.log --single-version-externally-managed install_data
