[2.878s] Invoking command in '/home/sirapob/torto_ws/src/build/torto_hardware': DEBUGINFOD_URLS=https://debuginfod.ubuntu.com PYTHONPATH=/home/sirapob/torto_ws/src/build/torto_hardware/prefix_override:/usr/lib/python3/dist-packages/colcon_core/task/python/colcon_distutils_commands:/home/sirapob/torto_ws/src/install/torto_hardware/lib/python3.12/site-packages:${PYTHONPATH} /usr/bin/python3 -W ignore:setup.py install is deprecated -W ignore:easy_install command is deprecated setup.py develop --editable --build-directory /home/sirapob/torto_ws/src/build/torto_hardware/build --no-deps symlink_data
[3.549s] running develop
[3.939s] running egg_info
[3.939s] creating torto_hardware.egg-info
[3.988s] writing torto_hardware.egg-info/PKG-INFO
[3.988s] writing dependency_links to torto_hardware.egg-info/dependency_links.txt
[3.988s] writing entry points to torto_hardware.egg-info/entry_points.txt
[3.988s] writing requirements to torto_hardware.egg-info/requires.txt
[3.988s] writing top-level names to torto_hardware.egg-info/top_level.txt
[3.988s] writing manifest file 'torto_hardware.egg-info/SOURCES.txt'
[4.061s] reading manifest file 'torto_hardware.egg-info/SOURCES.txt'
[4.061s] writing manifest file 'torto_hardware.egg-info/SOURCES.txt'
[4.102s] running build_ext
[4.104s] Creating /home/sirapob/torto_ws/src/install/torto_hardware/lib/python3.12/site-packages/torto-hardware.egg-link (link to .)
[4.105s] Installing arduino_serial_node script to /home/sirapob/torto_ws/src/install/torto_hardware/lib/torto_hardware
[4.106s] Installing lidar_scan2cloud_node script to /home/sirapob/torto_ws/src/install/torto_hardware/lib/torto_hardware
[4.106s] 
[4.106s] Installed /home/sirapob/torto_ws/src/build/torto_hardware
[4.106s] running symlink_data
[4.106s] creating /home/sirapob/torto_ws/src/install/torto_hardware/share/ament_index
[4.106s] creating /home/sirapob/torto_ws/src/install/torto_hardware/share/ament_index/resource_index
[4.106s] creating /home/sirapob/torto_ws/src/install/torto_hardware/share/ament_index/resource_index/packages
[4.121s] symbolically linking /home/sirapob/torto_ws/src/build/torto_hardware/resource/torto_hardware -> /home/sirapob/torto_ws/src/install/torto_hardware/share/ament_index/resource_index/packages
[4.121s] symbolically linking /home/sirapob/torto_ws/src/build/torto_hardware/package.xml -> /home/sirapob/torto_ws/src/install/torto_hardware/share/torto_hardware
[4.261s] Invoked command in '/home/sirapob/torto_ws/src/build/torto_hardware' returned '0': DEBUGINFOD_URLS=https://debuginfod.ubuntu.com PYTHONPATH=/home/sirapob/torto_ws/src/build/torto_hardware/prefix_override:/usr/lib/python3/dist-packages/colcon_core/task/python/colcon_distutils_commands:/home/sirapob/torto_ws/src/install/torto_hardware/lib/python3.12/site-packages:${PYTHONPATH} /usr/bin/python3 -W ignore:setup.py install is deprecated -W ignore:easy_install command is deprecated setup.py develop --editable --build-directory /home/sirapob/torto_ws/src/build/torto_hardware/build --no-deps symlink_data
